src/components/dashboard/TripHistory.tsx(38,31): error TS1320: Type of 'await' operand must either be a valid promise or must not contain a callable 'then' member.
src/components/debug/DebugInfo.tsx(22,33): error TS1320: Type of 'await' operand must either be a valid promise or must not contain a callable 'then' member.
src/components/filtering/AdvancedFilterControls.tsx(74,14): error TS2345: Argument of type '(options: FilterOptions) => void' is not assignable to parameter of type '(...args: unknown[]) => unknown'.
src/components/forms/analytics/FormAnalyticsDashboard.tsx(76,62): error TS1320: Type of 'await' operand must either be a valid promise or must not contain a callable 'then' member.
src/components/forms/DynamicFormRenderer.tsx(130,26): error TS2352: Conversion of type 'Record<string, unknown>' to type 'FormSubmissionData' may be a mistake because neither type sufficiently overlaps with the other. If this was intentional, convert the expression to 'unknown' first.
src/components/forms/FieldRenderer.tsx(304,11): error TS2322: Type 'unknown' is not assignable to type 'DateRangeValue | undefined'.
src/components/forms/FieldRenderer.tsx(316,11): error TS2322: Type 'unknown' is not assignable to type 'Airport | undefined'.
src/components/forms/FieldRenderer.tsx(339,11): error TS2322: Type 'unknown' is not assignable to type 'AddressValue | undefined'.
src/components/forms/fields/DynamicFieldRenderer.tsx(311,13): error TS2322: Type '{ value: string; onChange: (newValue: string) => void; placeholder: string | undefined; disabled: boolean; error: string | undefined; minDate: number | undefined; maxDate: number | undefined; }' is not assignable to type 'IntrinsicAttributes & DateFieldProps'.
src/components/forms/fields/DynamicFieldRenderer.tsx(337,13): error TS2322: Type '{ value: string; onChange: (newValue: string) => void; placeholder: string | undefined; disabled: boolean; error: string | undefined; defaultCountry: string | undefined; }' is not assignable to type 'IntrinsicAttributes & PhoneInputFieldProps'.
src/components/forms/fields/DynamicFieldRenderer.tsx(371,13): error TS2322: Type '{ value: { street: string; city: string; state: string; zipCode: string; country: string; }; onChange: (newValue: unknown) => void; disabled: boolean; error: string | undefined; config: { includeCity?: boolean | undefined; includeState?: boolean | undefined; includeCountry?: boolean | undefined; includePostalCode?: ...' is not assignable to type 'IntrinsicAttributes & AddressGroupFieldProps'.
src/components/forms/FlightRuleForm.test.tsx(113,52): error TS2322: Type '{ origin: string[]; destination: string; earliestOutbound: Date; latestReturn: Date; cabinClass: string; budget: number; }' is not assignable to type 'Partial<{ origin: string[]; destination: string; budget: number; cabinClass: "economy" | "premium_economy" | "business" | "first" | "any"; earliestOutbound: Date; latestReturn: Date; paymentMethodId?: string | undefined; autoBookEnabled?: boolean | undefined; }>'.
src/components/forms/FlightRuleForm.test.tsx(139,52): error TS2322: Type '{ origin: string[]; destination: string; earliestOutbound: Date; latestReturn: Date; cabinClass: string; budget: number; }' is not assignable to type 'Partial<{ origin: string[]; destination: string; budget: number; cabinClass: "economy" | "premium_economy" | "business" | "first" | "any"; earliestOutbound: Date; latestReturn: Date; paymentMethodId?: string | undefined; autoBookEnabled?: boolean | undefined; }>'.
src/components/personalization/GreetingBanner.tsx(42,11): error TS2353: Object literal may only specify known properties, and 'abTestVariant' does not exist in type '{ variant?: string | undefined; hasPersonalData?: boolean | undefined; interactionType?: string | undefined; }'.
src/components/personalization/GreetingBanner.tsx(83,13): error TS2353: Object literal may only specify known properties, and 'abTestVariant' does not exist in type '{ variant?: string | undefined; hasPersonalData?: boolean | undefined; interactionType?: string | undefined; }'.
src/components/trip/Pools/__tests__/PoolLayout.test.tsx(34,12): error TS7053: Element implicitly has an 'any' type because expression of type 'string' can't be used to index type '{ manual: string[]; }'.
src/components/trip/sections/BookingMethodSection.tsx(20,29): error TS2322: Type 'Control<BookingMethodFormData>' is not assignable to type 'Control<{ earliestDeparture: Date; latestDeparture: Date; min_duration: number; max_duration: number; max_price: number; nonstop_required: boolean; baggage_included_required: boolean; ... 6 more ...; auto_book_consent?: boolean | undefined; }>'.
src/components/trip/sections/DateRangeSection.tsx(23,9): error TS2322: Type 'Control<DateRangeFormData>' is not assignable to type 'Control<TripDateFormData>'.
src/components/trip/sections/DateRangeSection.tsx(30,9): error TS2322: Type 'Control<DateRangeFormData>' is not assignable to type 'Control<TripDateFormData>'.
src/components/trip/sections/DestinationSection.tsx(36,15): error TS2322: Type '{} | undefined' is not assignable to type 'string | undefined'.
src/components/trip/sections/DestinationSection.tsx(67,16): error TS2322: Type '{ disabled: boolean; className: string; onChange: (...event: any[]) => void; onBlur: Noop; value: unknown; name: "destination_other"; ref: RefCallBack; placeholder: string; }' is not assignable to type 'Omit<DetailedHTMLProps<InputHTMLAttributes<HTMLInputElement>, HTMLInputElement>, "ref">'.
src/components/trip/sections/EnhancedDestinationSection.tsx(50,17): error TS2322: Type '{}' is not assignable to type 'string'.
src/components/trip/sections/EnhancedDestinationSection.tsx(77,18): error TS2322: Type '{ disabled: boolean; onChange: (...event: any[]) => void; onBlur: Noop; value: unknown; name: "destination_other"; ref: RefCallBack; placeholder: string; className: string; }' is not assignable to type 'Omit<DetailedHTMLProps<InputHTMLAttributes<HTMLInputElement>, HTMLInputElement>, "ref">'.
src/components/trip/sections/TripSummaryChips.tsx(53,21): error TS2488: Type 'string[] | undefined' must have a '[Symbol.iterator]()' method that returns an iterator.
src/components/trip/TripNumberField.tsx(58,18): error TS2322: Type '{ onChange: (...event: any[]) => void; onBlur: Noop; value: unknown; disabled?: boolean | undefined; name: string; ref: RefCallBack; type: "number"; placeholder: string; className: string; }' is not assignable to type 'Omit<DetailedHTMLProps<InputHTMLAttributes<HTMLInputElement>, HTMLInputElement>, "ref">'.
src/components/trip/TripNumberField.tsx(66,16): error TS2322: Type '{ onChange: (...event: any[]) => void; onBlur: Noop; value: unknown; disabled?: boolean | undefined; name: string; ref: RefCallBack; type: "number"; placeholder: string; }' is not assignable to type 'Omit<DetailedHTMLProps<InputHTMLAttributes<HTMLInputElement>, HTMLInputElement>, "ref">'.
src/components/trip/TripRequestForm.tsx(176,7): error TS2322: Type 'string | undefined' is not assignable to type 'string'.
src/components/wallet/PaymentMethodList.tsx(183,25): error TS2322: Type '{ paymentMethod: { id: string; last4: string; brand: string; nickname: string | undefined; isDefault: boolean; }; onUpdateNickname: (id: string, nickname?: string | undefined) => void; onSetDefault: (id: string) => void; }' is not assignable to type 'IntrinsicAttributes'.
src/context/PersonalizationContext.tsx(38,29): error TS2322: Type 'unknown' is not assignable to type 'Record<string, unknown> | undefined'.
src/context/PersonalizationContext.tsx(50,38): error TS2322: Type '{ personalizationData: PersonalizationData | null | undefined; isLoading: boolean; error: Error | null; trackEvent: (eventType: string, context?: unknown) => void; refetch: (options?: RefetchOptions) => Promise<...>; }' is not assignable to type 'PersonalizationContextType'.
src/context/WalletProvider.tsx(23,44): error TS2339: Property 'children' does not exist on type '{}'.
src/contexts/PersonalizationContext.tsx(173,38): error TS2322: Type '{ personalizationData: PersonalizationData | null; loading: boolean; error: PersonalizationError | null; refreshPersonalizationData: () => Promise<void>; isPersonalizationEnabled: { ...; }; abTestVariant: string | null; experimentConfig: Record<...> | null; trackPersonalizationEvent: (eventType: "exposure" | "conver...' is not assignable to type 'PersonalizationContextType'.
src/contexts/WalletContext.tsx(8,3): error TS2440: Import declaration conflicts with local declaration of 'PaymentMethodError'.
src/contexts/WalletContext.tsx(190,11): error TS2769: No overload matches this call.
src/flightSearchV2/useFlightOffers.test.ts(29,86): error TS2345: Argument of type 'boolean' is not assignable to parameter of type '{ data: boolean; isLoading: boolean; isError: boolean; error: null; }'.
src/hooks/__tests__/useFormAnalytics.test.ts(45,67): error TS2769: No overload matches this call.
src/hooks/useDuffelFlights.ts(101,64): error TS2345: Argument of type '{ maxPrice?: number; cabinClass?: "economy" | "premium_economy" | "business" | "first"; maxResults?: number; autoSearch?: boolean; }' is not assignable to parameter of type 'DuffelSearchRequest'.
src/hooks/useDuffelPayment.ts(65,59): error TS2345: Argument of type '{ amount: number; currency: string; metadata: { payment_type: string; integration_version: string; duffel_offer_id?: string | undefined; flight_route?: string | undefined; passenger_name?: string | undefined; }; }' is not assignable to parameter of type 'number'.
src/hooks/useDuffelPayment.ts(76,25): error TS2339: Property 'payment_intent_id' does not exist on type 'PaymentIntent'.
src/hooks/useDynamicForm.ts(146,5): error TS2339: Property 'reloadConfiguration' does not exist on type 'UseFormConfigurationReturn'.
src/hooks/useDynamicForm.ts(262,9): error TS2739: Type '{ submittedAt: string; userAgent: string; timezone: string; formTitle: any; submissionId: `${string}-${string}-${string}-${string}-${string}`; }' is missing the following properties from type '{ [key: string]: unknown; submittedAt: string; userAgent: string; formVersion: number; instanceId: string; }': formVersion, instanceId
src/hooks/useDynamicForm.ts(329,41): error TS7006: Parameter 'f' implicitly has an 'any' type.
src/hooks/useDynamicForm.ts(391,5): error TS2322: Type '(formData: Record<string, unknown>) => Promise<ValidationResult>' is not assignable to type '(formData?: Record<string, unknown> | FormData | undefined) => Promise<ValidationResult>'.
src/hooks/useFeatureFlag.ts(82,20): error TS2345: Argument of type 'FeatureFlag' is not assignable to parameter of type 'string'.
src/hooks/useFormState.ts(34,20): error TS2345: Argument of type '(prevState: FormState) => { values: { [x: string]: unknown; }; errors: FieldErrors<Record<string, unknown>>; isSubmitting: boolean; isValid: boolean; touched: Record<string, boolean>; }' is not assignable to parameter of type 'SetStateAction<FormState>'.
src/hooks/useFormValidation.ts(63,37): error TS2345: Argument of type 'DynamicFormConfig' is not assignable to parameter of type 'FormConfiguration'.
src/hooks/useFormValidation.ts(153,55): error TS2345: Argument of type 'DynamicFormConfig' is not assignable to parameter of type 'FormConfiguration'.
src/hooks/useFormValidation.ts(293,13): error TS2339: Property 'required' does not exist on type 'FieldConfiguration'.
src/hooks/useFormValidation.ts(293,45): error TS2339: Property 'required' does not exist on type 'FieldConfiguration'.
src/hooks/useNetworkStatus.ts(61,7): error TS2722: Cannot invoke an object which is possibly 'undefined'.
src/hooks/useNetworkStatus.ts(72,9): error TS2722: Cannot invoke an object which is possibly 'undefined'.
src/hooks/usePersonalization.ts(77,27): error TS1320: Type of 'await' operand must either be a valid promise or must not contain a callable 'then' member.
src/hooks/usePersonalization.ts(104,25): error TS1320: Type of 'await' operand must either be a valid promise or must not contain a callable 'then' member.
src/hooks/useTripOffers.ts(182,16): error TS2345: Argument of type '{ pool1: ScoredOffer[]; pool2: ScoredOffer[]; pool3: ScoredOffer[]; }' is not assignable to parameter of type 'SetStateAction<{ pool1: ScoredOffer[]; pool2: ScoredOffer[]; pool3: ScoredOffer[]; }>'.
src/hooks/useTripOffers.ts(187,9): error TS2322: Type '{ budget: number; pool1: ScoredOffer[]; pool2: ScoredOffer[]; pool3: ScoredOffer[]; }' is not assignable to type '{ pool1: ScoredOffer[]; pool2: ScoredOffer[]; pool3: ScoredOffer[]; budget: number; }'.
src/integrations/supabase/client.ts(141,19): error TS2322: Type '{ select: () => ...; eq: () => ...; neq: () => ...; gt: () => ...; gte: () => ...; lt: () => ...; lte: () => ...; like: () => ...; ilike: () => ...; is: () => ...; in: () => ...; contains: () => ...; containedBy: () => ...; rangeGt: () => ...; rangeGte: () => ...; ... 20 more ...; finally: (onFinally?: any) => Promi...' is not assignable to type 'MockQueryChain | PostgrestQueryBuilder<any, Table, TableName, Table extends { Relationships: infer R; } ? R : unknown> | PostgrestQueryBuilder<...>'.
src/lib/errors/handler.ts(337,5): error TS2322: Type 'unknown' is not assignable to type 'boolean'.
src/lib/feature-flags/useFeatureFlag.ts(51,40): error TS2345: Argument of type 'FeatureFlag' is not assignable to parameter of type 'string'.
src/lib/filtering/__tests__/AirlineFilter.test.ts(199,14): error TS2532: Object is possibly 'undefined'.
src/lib/filtering/__tests__/AirlineFilter.test.ts(199,14): error TS2571: Object is of type 'unknown'.
src/lib/filtering/__tests__/integration-simple.test.ts(34,3): error TS2322: Type '{ id: string; provider: "Amadeus" | "Duffel"; totalBasePrice: number; currency: string; itineraries: unknown[]; carryOnIncluded: true; carryOnFee: number; totalPriceWithCarryOn: number; stopsCount: number; validatingAirlines: string[]; rawData: RawOffer; }[]' is not assignable to type 'FlightOffer[]'.
src/lib/filtering/adapters/ProviderAdapters.ts(149,7): error TS2322: Type 'AmadeusRawOffer' is not assignable to type 'Record<string, unknown>'.
src/lib/filtering/adapters/ProviderAdapters.ts(260,5): error TS2322: Type '{ departure: Airport; arrival: Airport; carrierCode: string; flightNumber: string; aircraft: { code: string | undefined; } | undefined; duration: string; numberOfStops: number; }[]' is not assignable to type 'Segment[]'.
src/lib/filtering/adapters/ProviderAdapters.ts(310,7): error TS2322: Type 'DuffelRawOffer' is not assignable to type 'Record<string, unknown>'.
src/lib/filtering/adapters/ProviderAdapters.ts(426,5): error TS2322: Type '{ departure: Airport; arrival: Airport; carrierCode: string; flightNumber: string; aircraft: { code: string | undefined; } | undefined; duration: string; numberOfStops: number; }[]' is not assignable to type 'Segment[]'.
src/lib/filtering/FilterFactory.ts(259,32): error TS2769: No overload matches this call.
src/lib/filtering/FilterFactory.ts(260,32): error TS2769: No overload matches this call.
src/lib/filtering/FilterFactory.ts(286,32): error TS2365: Operator '<' cannot be applied to types '{}' and 'number'.
src/lib/filtering/FilterFactory.ts(342,43): error TS2345: Argument of type 'unknown[]' is not assignable to parameter of type 'FlightOffer[]'.
src/lib/filtering/filters/RoundTripFilter.ts(198,43): error TS2339: Property 'length' does not exist on type '{}'.
src/lib/filtering/filters/RoundTripFilter.ts(199,101): error TS2339: Property 'length' does not exist on type '{}'.
src/lib/filtering/filters/RoundTripFilter.ts(285,7): error TS2322: Type 'boolean | undefined' is not assignable to type 'boolean'.
src/lib/personalization/abTesting.ts(299,42): error TS7006: Parameter 'e' implicitly has an 'any' type.
src/lib/personalization/abTesting.ts(300,42): error TS7006: Parameter 'e' implicitly has an 'any' type.
src/lib/personalization/abTesting.ts(301,40): error TS7006: Parameter 'e' implicitly has an 'any' type.
src/lib/personalization/voiceAndTone.ts(149,28): error TS7053: Element implicitly has an 'any' type because expression of type 'GreetingContext' can't be used to index type '{ dashboard: { withFirstName: string[]; withFirstNameAndTrip: string[]; generic: string[]; }; bookingConfirmation: { withFirstName: string[]; withFirstNameAndTrip: string[]; generic: string[]; }; profile: { ...; }; error: { ...; }; }'.
src/lib/privacy/consentService.ts(270,10): error TS2769: No overload matches this call.
src/lib/repositories/tripRequestRepository.ts(146,90): error TS2345: Argument of type 'number | undefined' is not assignable to parameter of type 'number'.
src/main.tsx(45,33): error TS2345: Argument of type '() => JSX.Element' is not assignable to parameter of type '{ children: ReactNode; }'.
src/main.tsx(46,56): error TS2604: JSX element type 'WrappedApp' does not have any construct or call signatures.
src/main.tsx(46,56): error TS2786: 'WrappedApp' cannot be used as a JSX component.
src/pages/Dashboard.tsx(119,11): error TS2769: No overload matches this call.
src/pages/Dashboard.tsx(215,9): error TS1320: Type of 'await' operand must either be a valid promise or must not contain a callable 'then' member.
src/pages/Dashboard.tsx(245,31): error TS1320: Type of 'await' operand must either be a valid promise or must not contain a callable 'then' member.
src/pages/Dashboard.tsx(265,27): error TS1320: Type of 'await' operand must either be a valid promise or must not contain a callable 'then' member.
src/pages/DuffelTest.tsx(30,51): error TS2345: Argument of type '{ title: "mr"; given_name: string; family_name: string; born_on: string; gender: "male"; email: string; phone_number: string; }' is not assignable to parameter of type 'DuffelTraveler | (() => DuffelTraveler)'.
src/pages/Profile.tsx(87,9): error TS2322: Type 'ProfileCompletenessScore | { overall: number; categories: { basic_info: number; contact_info: number; travel_documents: number; preferences: number; verification: number; }; missing_fields: string[]; recommendations: Record<...>[]; }' is not assignable to type 'ProfileCompletenessScore'.
src/pages/Profile.tsx(248,9): error TS2322: Type 'ProfileCompletenessScore | { overall: number; categories: { basic_info: number; contact_info: number; travel_documents: number; preferences: number; verification: number; }; missing_fields: string[]; recommendations: Record<...>[]; }' is not assignable to type 'ProfileCompletenessScore'.
src/pages/TripConfirm.tsx(257,9): error TS2769: No overload matches this call.
src/pages/TripOffersV2Enhanced.tsx(295,56): error TS2345: Argument of type 'ScoredOffer' is not assignable to parameter of type 'Record<string, unknown>'.
src/pages/TripOffersWithPools.tsx(34,9): error TS2322: Type 'TripDetails | undefined' is not assignable to type 'TripDetails | null'.
src/services/api/paymentMethodsApiKMS.ts(33,31): error TS1320: Type of 'await' operand must either be a valid promise or must not contain a callable 'then' member.
src/services/api/paymentMethodsApiKMS.ts(112,25): error TS1320: Type of 'await' operand must either be a valid promise or must not contain a callable 'then' member.
src/services/api/profileApiKMS.ts(99,9): error TS2322: Type 'string' is not assignable to type 'Record<string, any> & string & { theme?: "light" | "system" | "dark" | undefined; notifications?: { email?: boolean | undefined; push?: boolean | undefined; marketing?: boolean | undefined; } | undefined; privacy?: { ...; } | undefined; } & { ...; } & string[]'.
src/services/api/profileApiKMS.ts(114,11): error TS2322: Type 'string' is not assignable to type 'Record<string, any> & string & { theme?: "light" | "system" | "dark" | undefined; notifications?: { email?: boolean | undefined; push?: boolean | undefined; marketing?: boolean | undefined; } | undefined; privacy?: { ...; } | undefined; } & { ...; } & string[]'.
src/services/campaignService.ts(9,29): error TS1320: Type of 'await' operand must either be a valid promise or must not contain a callable 'then' member.
src/services/campaignService.ts(82,23): error TS1320: Type of 'await' operand must either be a valid promise or must not contain a callable 'then' member.
src/services/campaignService.ts(135,7): error TS2739: Type 'Record<string, unknown>' is missing the following properties from type 'CampaignCriteria': destination, departure_dates, max_price, direct_flights_only
src/services/campaignService.ts(136,7): error TS2322: Type 'Record<string, unknown>[]' is not assignable to type '{ timestamp: string; price: number; currency: string; offerId?: string | undefined; }[]'.
src/services/currencyService.ts(344,23): error TS1320: Type of 'await' operand must either be a valid promise or must not contain a callable 'then' member.
src/services/duffelService.ts(302,5): error TS2322: Type 'string' is not assignable to type '"ms" | "mr" | "mrs" | "miss" | "dr"'.
src/services/duffelService.ts(303,5): error TS2322: Type 'string' is not assignable to type '"male" | "female"'.
src/services/flightApi.client.ts(28,21): error TS7053: Element implicitly has an 'any' type because expression of type '0' can't be used to index type '{}'.
src/services/flightApi.client.ts(29,26): error TS7053: Element implicitly has an 'any' type because expression of type '1' can't be used to index type '{}'.
src/services/flightApi.client.ts(35,14): error TS7053: Element implicitly has an 'any' type because expression of type '0' can't be used to index type '{}'.
src/services/flightApi.client.ts(36,28): error TS2339: Property 'total' does not exist on type '{}'.
src/services/form-config.service.ts(207,25): error TS1320: Type of 'await' operand must either be a valid promise or must not contain a callable 'then' member.
src/services/stripeService.ts(135,9): error TS2322: Type 'PaymentMethodParams' is not assignable to type 'string | Omit<CreatePaymentMethodCardData, "type"> | undefined'.
src/services/stripeWalletService.ts(10,3): error TS2322: Type '"2024-06-20"' is not assignable to type '"2025-06-30.basil"'.
src/services/stripeWalletService.ts(280,35): error TS2339: Property 'id' does not exist on type 'never'.
src/services/tripOffersService.ts(129,44): error TS1320: Type of 'await' operand must either be a valid promise or must not contain a callable 'then' member.
src/services/tripOffersService.ts(142,54): error TS1320: Type of 'await' operand must either be a valid promise or must not contain a callable 'then' member.
src/services/tripService.ts(35,5): error TS2322: Type 'string | null' is not assignable to type 'string'.
src/services/tripService.ts(55,5): error TS2769: No overload matches this call.
src/services/typedSupabaseService.ts(306,29): error TS1320: Type of 'await' operand must either be a valid promise or must not contain a callable 'then' member.
src/stores/useFormStore.ts(425,46): error TS2352: Conversion of type 'Map<string, FormConfiguration>' to type '[string, FormConfiguration][]' may be a mistake because neither type sufficiently overlaps with the other. If this was intentional, convert the expression to 'unknown' first.
src/stores/useFormStore.ts(426,45): error TS2352: Conversion of type 'Map<string, { configId: string; values: Record<string, unknown>; errors: Record<string, string>; touched: Record<string, boolean>; isSubmitting: boolean; }>' to type '[string, { configId: string; values: Record<string, unknown>; errors: Record<string, string>; touched: Record<string, boolean>; isSubmitting: boolean; }][]' may be a mistake because neither type sufficiently overlaps with the other. If this was intentional, convert the expression to 'unknown' first.
src/tests/components/dashboard/TripHistory.test.tsx(43,48): error TS2345: Argument of type '(tableName: string) => { select: ReturnType<typeof vi.fn>; eq: ReturnType<typeof vi.fn>; order: typeof mockOrder; }' is not assignable to parameter of type 'NormalizedProcedure<{ <TableName extends string, Table extends any>(relation: TableName): PostgrestQueryBuilder<any, Table, TableName, Table extends { Relationships: infer R; } ? R : unknown>; <ViewName extends string, View extends any>(relation: ViewName): PostgrestQueryBuilder<...>; }> & NormalizedProcedure<...>'.
src/tests/components/dashboard/TripHistory.test.tsx(139,56): error TS2344: Type 'ComponentType<{ to: string; children: ReactNode; }>' does not satisfy the constraint 'Procedure'.
src/tests/components/profile/SimpleProfileStatus.test.tsx(93,5): error TS2322: Type 'unknown[]' is not assignable to type 'ProfileRecommendation[]'.
src/tests/components/TripRequestForm.best-practices.test.tsx(268,32): error TS2345: Argument of type 'Mock<Procedure>' is not assignable to parameter of type '{ mock: { calls: [unknown[]][]; }; }'.
src/tests/components/TripRequestForm.best-practices.test.tsx(356,34): error TS2554: Expected 0 arguments, but got 1.
src/tests/components/TripRequestForm.best-practices.test.tsx(361,49): error TS2339: Property 'checked' does not exist on type 'HTMLElement'.
src/tests/components/TripRequestForm.test.tsx(406,43): error TS2345: Argument of type '{ data: { id: string; brand: string; last4: string; is_default: true; nickname: string; exp_month: number; exp_year: number; created_at: string; }[]; isLoading: false; refetch: Mock<Procedure>; }' is not assignable to parameter of type 'UsePaymentMethodsReturn'.
src/tests/hooks/useTripOffers.test.ts(541,7): error TS2578: Unused '@ts-expect-error' directive.
src/tests/hooks/useTripOffersLegacy.helpers.test.ts(51,9): error TS2322: Type 'null' is not assignable to type 'string | undefined'.
src/tests/hooks/useTripOffersLegacy.helpers.test.ts(62,9): error TS2322: Type 'null' is not assignable to type 'string | undefined'.
src/tests/payment-architecture.test.ts(193,79): error TS2322: Type 'string | undefined' is not assignable to type 'string'.
src/tests/serverActions/getFlightOffers.refactored.test.ts(19,7): error TS2322: Type 'MockSupabaseClient' is not assignable to type 'SupabaseClient<Database, "public", any> | MockSupabaseClient'.
src/tests/serverActions/getFlightOffers.refactored.test.ts(43,42): error TS2345: Argument of type 'Record<string, unknown>' is not assignable to parameter of type '{ airline: string; auto_book: boolean; baggage_included: boolean; booking_url: string | null; carrier_code: string | null; created_at: string; departure_date: string; departure_time: string; ... 11 more ...; trip_request_id: string; }'.
src/tests/serverActions/getFlightOffers.refactored.test.ts(72,44): error TS2345: Argument of type 'Record<string, unknown>[]' is not assignable to parameter of type '{ airline: string; auto_book: boolean; baggage_included: boolean; booking_url: string | null; carrier_code: string | null; created_at: string; departure_date: string; departure_time: string; ... 11 more ...; trip_request_id: string; }[]'.
src/tests/unit/database/profileCompleteness.trigger.test.ts(222,59): error TS7006: Parameter 'r' implicitly has an 'any' type.
src/tests/unit/database/profileCompleteness.trigger.test.ts(223,61): error TS7006: Parameter 'r' implicitly has an 'any' type.
src/tests/unit/database/profileCompleteness.trigger.test.ts(224,58): error TS7006: Parameter 'r' implicitly has an 'any' type.
src/tests/unit/services/profileCompletenessService.enhanced.test.ts(172,9): error TS2322: Type 'string | null' is not assignable to type 'string | undefined'.
src/tests/unit/services/profileCompletenessService.enhanced.test.ts(174,9): error TS2322: Type 'string | null' is not assignable to type 'string | undefined'.
src/tests/unit/services/profileCompletenessService.enhanced.test.ts(175,9): error TS2322: Type 'Record<string, unknown> | null' is not assignable to type 'Record<string, unknown> | undefined'.
src/tests/utils/formTestHelpers.tsx(315,24): error TS2345: Argument of type 'HTMLElement | null' is not assignable to parameter of type 'Element | Node | Window | Document'.
src/tests/utils/formTestHelpers.tsx(318,24): error TS2345: Argument of type 'HTMLElement | null' is not assignable to parameter of type 'Element | Node | Window | Document'.
src/tests/utils/formTestUtils.tsx(234,38): error TS2345: Argument of type '{}' is not assignable to parameter of type 'ZodType<any, any, any>'.
src/tests/utils/supabaseMocks.ts(133,35): error TS7053: Element implicitly has an 'any' type because expression of type 'string' can't be used to index type '{ SUPABASE_URL: string; SUPABASE_ANON_KEY: string; SUPABASE_SERVICE_ROLE_KEY: string; AMADEUS_CLIENT_ID: string; AMADEUS_CLIENT_SECRET: string; AMADEUS_BASE_URL: string; RESEND_API_KEY: string; STRIPE_SECRET_KEY: string; TWILIO_ACCOUNT_SID: string; }'.
src/tests/utils/test-wrapper.tsx(5,10): error TS2305: Module '"@/hooks/useFormAnalytics"' has no exported member 'FormAnalyticsProvider'.
src/tests/utils/test-wrapper.tsx(44,32): error TS2322: Type '{ children: Element; config: { environment: "test"; version: string; autoBookingEnabled: boolean; priceConstraints: { minimumPrice: number; maximumPrice: number; currency: string; }; allowedCabinClasses: string[]; features: { ...; }; }; }' is not assignable to type 'IntrinsicAttributes & { children: ReactNode; }'.
src/utils/authTest.ts(9,74): error TS2339: Property 'getSettings' does not exist on type '{ getUser: () => Promise<{ data: { user: null; }; error: null; }>; getSession: () => Promise<{ data: { session: null; }; error: null; }>; onAuthStateChange: (callback: any) => { data: { ...; }; error: null; }; signOut: () => Promise<...>; signInWithPassword: (credentials: any) => Promise<...>; signInWithOAuth: (opti...'.
src/utils/authTest.ts(55,4): error TS2352: Conversion of type 'Window & typeof globalThis' to type 'WindowWithTestAuth' may be a mistake because neither type sufficiently overlaps with the other. If this was intentional, convert the expression to 'unknown' first.
src/utils/devAuth.ts(51,4): error TS2352: Conversion of type 'Window & typeof globalThis' to type 'Record<string, unknown>' may be a mistake because neither type sufficiently overlaps with the other. If this was intentional, convert the expression to 'unknown' first.
