src/components/AuthGuard.tsx(25,52): error TS2339: Property 'onAuthStateChange' does not exist on type '{ getUser: () => Promise<{ data: { user: null; }; error: null; }>; getSession: () => Promise<{ data: { session: null; }; error: null; }>; } | SupabaseAuthClient'.
  Property 'onAuthStateChange' does not exist on type '{ getUser: () => Promise<{ data: { user: null; }; error: null; }>; getSession: () => Promise<{ data: { session: null; }; error: null; }>; }'.
src/components/dashboard/TripHistory.tsx(42,10): error TS2339: Property 'order' does not exist on type '{ then: (callback: (result: { data: unknown[]; error: null; }) => void) => Promise<{ data: unknown[]; error: null; }>; not: (column: string, value: unknown) => { then: (callback: (result: { data: unknown[]; error: null; }) => void) => Promise<...>; }; single: () => Promise<...>; } | PostgrestFilterBuilder<...>'.
  Property 'order' does not exist on type '{ then: (callback: (result: { data: unknown[]; error: null; }) => void) => Promise<{ data: unknown[]; error: null; }>; not: (column: string, value: unknown) => { then: (callback: (result: { data: unknown[]; error: null; }) => void) => Promise<...>; }; single: () => Promise<...>; }'.
src/components/debug/DebugInfo.tsx(25,12): error TS2339: Property 'order' does not exist on type '{ eq: (column: string, value: unknown) => { then: (callback: (result: { data: unknown[]; error: null; }) => void) => Promise<{ data: unknown[]; error: null; }>; not: (column: string, value: unknown) => { then: (callback: (result: { data: unknown[]; error: null; }) => void) => Promise<...>; }; single: () => Promise<....'.
  Property 'order' does not exist on type '{ eq: (column: string, value: unknown) => { then: (callback: (result: { data: unknown[]; error: null; }) => void) => Promise<{ data: unknown[]; error: null; }>; not: (column: string, value: unknown) => { then: (callback: (result: { data: unknown[]; error: null; }) => void) => Promise<...>; }; single: () => Promise<....'.
src/components/filtering/AdvancedFilterControls.tsx(74,14): error TS2345: Argument of type '(options: FilterOptions) => void' is not assignable to parameter of type '(...args: unknown[]) => unknown'.
  Types of parameters 'options' and 'args' are incompatible.
    Type 'unknown' is not assignable to type 'FilterOptions'.
src/components/forms/analytics/FormAnalyticsDashboard.tsx(79,10): error TS2339: Property 'gte' does not exist on type '{ eq: (column: string, value: unknown) => { then: (callback: (result: { data: unknown[]; error: null; }) => void) => Promise<{ data: unknown[]; error: null; }>; not: (column: string, value: unknown) => { then: (callback: (result: { data: unknown[]; error: null; }) => void) => Promise<...>; }; single: () => Promise<....'.
  Property 'gte' does not exist on type '{ eq: (column: string, value: unknown) => { then: (callback: (result: { data: unknown[]; error: null; }) => void) => Promise<{ data: unknown[]; error: null; }>; not: (column: string, value: unknown) => { then: (callback: (result: { data: unknown[]; error: null; }) => void) => Promise<...>; }; single: () => Promise<....'.
src/components/forms/DynamicFormRenderer.tsx(130,26): error TS2352: Conversion of type 'Record<string, unknown>' to type 'FormSubmissionData' may be a mistake because neither type sufficiently overlaps with the other. If this was intentional, convert the expression to 'unknown' first.
  Type 'Record<string, unknown>' is missing the following properties from type 'FormSubmissionData': formId, formName, data, metadata
src/components/forms/FieldRenderer.tsx(304,11): error TS2322: Type 'unknown' is not assignable to type 'DateRangeValue | undefined'.
src/components/forms/FieldRenderer.tsx(316,11): error TS2322: Type 'unknown' is not assignable to type 'Airport | undefined'.
src/components/forms/FieldRenderer.tsx(339,11): error TS2322: Type 'unknown' is not assignable to type 'AddressValue | undefined'.
src/components/forms/fields/DynamicFieldRenderer.tsx(311,13): error TS2322: Type '{ value: string; onChange: (newValue: unknown) => void; placeholder: string | undefined; disabled: boolean; error: string | undefined; minDate: number | undefined; maxDate: number | undefined; }' is not assignable to type 'IntrinsicAttributes & DateFieldProps'.
  Property 'minDate' does not exist on type 'IntrinsicAttributes & DateFieldProps'.
src/components/forms/fields/DynamicFieldRenderer.tsx(337,13): error TS2322: Type '{ value: string; onChange: (newValue: unknown) => void; placeholder: string | undefined; disabled: boolean; error: string | undefined; defaultCountry: string | undefined; }' is not assignable to type 'IntrinsicAttributes & PhoneInputFieldProps'.
  Property 'defaultCountry' does not exist on type 'IntrinsicAttributes & PhoneInputFieldProps'.
src/components/forms/fields/DynamicFieldRenderer.tsx(344,1): error TS2739: Type 'Record<string, unknown>' is missing the following properties from type 'Airport': code, name
src/components/forms/fields/DynamicFieldRenderer.tsx(367,1): error TS2739: Type 'Record<string, unknown>' is missing the following properties from type 'AddressValue': street, city, state, zipCode, country
src/components/forms/fields/DynamicFieldRenderer.tsx(534,19): error TS2322: Type 'unknown' is not assignable to type 'Key | null | undefined'.
src/components/forms/fields/DynamicFieldRenderer.tsx(538,19): error TS2322: Type 'unknown' is not assignable to type 'ReactNode'.
src/components/forms/fields/DynamicFieldRenderer.tsx(555,16): error TS2322: Type 'string | number | boolean' is not assignable to type 'Key | null | undefined'.
  Type 'false' is not assignable to type 'Key | null | undefined'.
src/components/forms/FlightRuleForm.test.tsx(113,52): error TS2322: Type '{ origin: string[]; destination: string; earliestOutbound: Date; latestReturn: Date; cabinClass: string; budget: number; }' is not assignable to type 'Partial<{ origin: string[]; destination: string; budget: number; cabinClass: "economy" | "premium_economy" | "business" | "first" | "any"; earliestOutbound: Date; latestReturn: Date; paymentMethodId?: string | undefined; autoBookEnabled?: boolean | undefined; }>'.
  Types of property 'cabinClass' are incompatible.
    Type 'string' is not assignable to type '"economy" | "premium_economy" | "business" | "first" | "any" | undefined'.
src/components/forms/FlightRuleForm.test.tsx(139,52): error TS2322: Type '{ origin: string[]; destination: string; earliestOutbound: Date; latestReturn: Date; cabinClass: string; budget: number; }' is not assignable to type 'Partial<{ origin: string[]; destination: string; budget: number; cabinClass: "economy" | "premium_economy" | "business" | "first" | "any"; earliestOutbound: Date; latestReturn: Date; paymentMethodId?: string | undefined; autoBookEnabled?: boolean | undefined; }>'.
  Types of property 'cabinClass' are incompatible.
    Type 'string' is not assignable to type '"economy" | "premium_economy" | "business" | "first" | "any" | undefined'.
src/components/navigation/TopNavigation.tsx(66,54): error TS2339: Property 'onAuthStateChange' does not exist on type '{ getUser: () => Promise<{ data: { user: null; }; error: null; }>; getSession: () => Promise<{ data: { session: null; }; error: null; }>; } | SupabaseAuthClient'.
  Property 'onAuthStateChange' does not exist on type '{ getUser: () => Promise<{ data: { user: null; }; error: null; }>; getSession: () => Promise<{ data: { session: null; }; error: null; }>; }'.
src/components/navigation/TopNavigation.tsx(66,73): error TS7006: Parameter 'event' implicitly has an 'any' type.
src/components/navigation/TopNavigation.tsx(66,80): error TS7006: Parameter 'session' implicitly has an 'any' type.
src/components/navigation/TopNavigation.tsx(75,25): error TS2339: Property 'signOut' does not exist on type '{ getUser: () => Promise<{ data: { user: null; }; error: null; }>; getSession: () => Promise<{ data: { session: null; }; error: null; }>; } | SupabaseAuthClient'.
  Property 'signOut' does not exist on type '{ getUser: () => Promise<{ data: { user: null; }; error: null; }>; getSession: () => Promise<{ data: { session: null; }; error: null; }>; }'.
src/components/personalization/GreetingBanner.tsx(42,11): error TS2353: Object literal may only specify known properties, and 'abTestVariant' does not exist in type '{ variant?: string | undefined; hasPersonalData?: boolean | undefined; interactionType?: string | undefined; }'.
src/components/personalization/GreetingBanner.tsx(83,13): error TS2353: Object literal may only specify known properties, and 'abTestVariant' does not exist in type '{ variant?: string | undefined; hasPersonalData?: boolean | undefined; interactionType?: string | undefined; }'.
src/components/trip/Pools/__tests__/PoolLayout.test.tsx(34,12): error TS7053: Element implicitly has an 'any' type because expression of type 'string' can't be used to index type '{ manual: string[]; }'.
  No index signature with a parameter of type 'string' was found on type '{ manual: string[]; }'.
src/components/trip/sections/BookingMethodSection.tsx(20,29): error TS2322: Type 'Control<BookingMethodFormData>' is not assignable to type 'Control<{ earliestDeparture: Date; latestDeparture: Date; min_duration: number; max_duration: number; max_price: number; nonstop_required: boolean; baggage_included_required: boolean; ... 6 more ...; auto_book_consent?: boolean | undefined; }>'.
  The types of '_subjects.state' are incompatible between these types.
    Type 'FormStateSubjectRef<BookingMethodFormData>' is not assignable to type 'FormStateSubjectRef<{ earliestDeparture: Date; latestDeparture: Date; min_duration: number; max_duration: number; max_price: number; nonstop_required: boolean; baggage_included_required: boolean; ... 6 more ...; auto_book_consent?: boolean | undefined; }>'.
      Type 'FormStateSubjectRef<BookingMethodFormData>' is not assignable to type '{ readonly observers: Observer<Partial<FormState<{ earliestDeparture: Date; latestDeparture: Date; min_duration: number; max_duration: number; max_price: number; nonstop_required: boolean; baggage_included_required: boolean; ... 6 more ...; auto_book_consent?: boolean | undefined; }>> & { ...; }>[]; subscribe: (valu...'.
        Types of property 'observers' are incompatible.
          Type 'Observer<Partial<FormState<BookingMethodFormData>> & { name?: string | undefined; values?: BookingMethodFormData | undefined; type?: EventType | undefined; }>[]' is not assignable to type 'Observer<Partial<FormState<{ earliestDeparture: Date; latestDeparture: Date; min_duration: number; max_duration: number; max_price: number; nonstop_required: boolean; baggage_included_required: boolean; ... 6 more ...; auto_book_consent?: boolean | undefined; }>> & { ...; }>[]'.
            Type 'Observer<Partial<FormState<BookingMethodFormData>> & { name?: string | undefined; values?: BookingMethodFormData | undefined; type?: EventType | undefined; }>' is not assignable to type 'Observer<Partial<FormState<{ earliestDeparture: Date; latestDeparture: Date; min_duration: number; max_duration: number; max_price: number; nonstop_required: boolean; baggage_included_required: boolean; ... 6 more ...; auto_book_consent?: boolean | undefined; }>> & { ...; }>'.
              Type 'Partial<FormState<{ earliestDeparture: Date; latestDeparture: Date; min_duration: number; max_duration: number; max_price: number; nonstop_required: boolean; baggage_included_required: boolean; ... 6 more ...; auto_book_consent?: boolean | undefined; }>> & { ...; }' is not assignable to type 'Partial<FormState<BookingMethodFormData>> & { name?: string | undefined; values?: BookingMethodFormData | undefined; type?: EventType | undefined; }'.
                Type 'Partial<FormState<{ earliestDeparture: Date; latestDeparture: Date; min_duration: number; max_duration: number; max_price: number; nonstop_required: boolean; baggage_included_required: boolean; ... 6 more ...; auto_book_consent?: boolean | undefined; }>> & { ...; }' is not assignable to type 'Partial<FormState<BookingMethodFormData>>'.
                  Types of property 'dirtyFields' are incompatible.
                    Type 'Partial<Readonly<{ earliestDeparture?: boolean | undefined; latestDeparture?: boolean | undefined; min_duration?: boolean | undefined; max_duration?: boolean | undefined; max_price?: boolean | undefined; ... 8 more ...; auto_book_consent?: boolean | undefined; }>> | undefined' is not assignable to type 'Partial<Readonly<{ [x: string]: boolean; auto_book_enabled?: boolean | undefined; }>> | undefined'.
                      Type 'Partial<Readonly<{ earliestDeparture?: boolean | undefined; latestDeparture?: boolean | undefined; min_duration?: boolean | undefined; max_duration?: boolean | undefined; max_price?: boolean | undefined; ... 8 more ...; auto_book_consent?: boolean | undefined; }>>' is not assignable to type 'Partial<Readonly<{ [x: string]: boolean; auto_book_enabled?: boolean | undefined; }>>'.
                        Property 'nyc_airports' is incompatible with index signature.
                          Type 'boolean[]' is not assignable to type 'boolean | undefined'.
src/components/trip/sections/DateRangeSection.tsx(23,9): error TS2322: Type 'Control<DateRangeFormData>' is not assignable to type 'Control<TripDateFormData>'.
  The types of '_subjects.state' are incompatible between these types.
    Type 'FormStateSubjectRef<DateRangeFormData>' is not assignable to type 'FormStateSubjectRef<TripDateFormData>'.
      Type 'FormStateSubjectRef<DateRangeFormData>' is not assignable to type '{ readonly observers: Observer<Partial<FormState<TripDateFormData>> & { name?: string | undefined; values?: TripDateFormData | undefined; type?: EventType | undefined; }>[]; subscribe: (value: Observer<...>) => Subscription; unsubscribe: Noop; }'.
        Types of property 'subscribe' are incompatible.
          Type '(value: Observer<Partial<FormState<DateRangeFormData>> & { name?: string | undefined; values?: DateRangeFormData | undefined; type?: EventType | undefined; }>) => Subscription' is not assignable to type '(value: Observer<Partial<FormState<TripDateFormData>> & { name?: string | undefined; values?: TripDateFormData | undefined; type?: EventType | undefined; }>) => Subscription'.
            Types of parameters 'value' and 'value' are incompatible.
              Type 'Observer<Partial<FormState<TripDateFormData>> & { name?: string | undefined; values?: TripDateFormData | undefined; type?: EventType | undefined; }>' is not assignable to type 'Observer<Partial<FormState<DateRangeFormData>> & { name?: string | undefined; values?: DateRangeFormData | undefined; type?: EventType | undefined; }>'.
                Type 'Partial<FormState<DateRangeFormData>> & { name?: string | undefined; values?: DateRangeFormData | undefined; type?: EventType | undefined; }' is not assignable to type 'Partial<FormState<TripDateFormData>> & { name?: string | undefined; values?: TripDateFormData | undefined; type?: EventType | undefined; }'.
                  Type 'Partial<FormState<DateRangeFormData>> & { name?: string | undefined; values?: DateRangeFormData | undefined; type?: EventType | undefined; }' is not assignable to type 'Partial<FormState<TripDateFormData>>'.
                    Types of property 'defaultValues' are incompatible.
                      Type 'Readonly<{ [x: string]: unknown; earliestDeparture?: string | Date | undefined; latestDeparture?: string | Date | undefined; }> | undefined' is not assignable to type 'Readonly<{ [x: string]: unknown; earliestDeparture?: Date | undefined; latestDeparture?: Date | undefined; }> | undefined'.
                        Type 'Readonly<{ [x: string]: unknown; earliestDeparture?: string | Date | undefined; latestDeparture?: string | Date | undefined; }>' is not assignable to type 'Readonly<{ [x: string]: unknown; earliestDeparture?: Date | undefined; latestDeparture?: Date | undefined; }>'.
                          Types of property 'earliestDeparture' are incompatible.
                            Type 'string | Date | undefined' is not assignable to type 'Date | undefined'.
                              Type 'string' is not assignable to type 'Date'.
src/components/trip/sections/DateRangeSection.tsx(30,9): error TS2322: Type 'Control<DateRangeFormData>' is not assignable to type 'Control<TripDateFormData>'.
  The types of '_subjects.state' are incompatible between these types.
    Type 'FormStateSubjectRef<DateRangeFormData>' is not assignable to type 'FormStateSubjectRef<TripDateFormData>'.
      Type 'FormStateSubjectRef<DateRangeFormData>' is not assignable to type '{ readonly observers: Observer<Partial<FormState<TripDateFormData>> & { name?: string | undefined; values?: TripDateFormData | undefined; type?: EventType | undefined; }>[]; subscribe: (value: Observer<...>) => Subscription; unsubscribe: Noop; }'.
        Types of property 'subscribe' are incompatible.
          Type '(value: Observer<Partial<FormState<DateRangeFormData>> & { name?: string | undefined; values?: DateRangeFormData | undefined; type?: EventType | undefined; }>) => Subscription' is not assignable to type '(value: Observer<Partial<FormState<TripDateFormData>> & { name?: string | undefined; values?: TripDateFormData | undefined; type?: EventType | undefined; }>) => Subscription'.
            Types of parameters 'value' and 'value' are incompatible.
              Type 'Observer<Partial<FormState<TripDateFormData>> & { name?: string | undefined; values?: TripDateFormData | undefined; type?: EventType | undefined; }>' is not assignable to type 'Observer<Partial<FormState<DateRangeFormData>> & { name?: string | undefined; values?: DateRangeFormData | undefined; type?: EventType | undefined; }>'.
                Type 'Partial<FormState<DateRangeFormData>> & { name?: string | undefined; values?: DateRangeFormData | undefined; type?: EventType | undefined; }' is not assignable to type 'Partial<FormState<TripDateFormData>> & { name?: string | undefined; values?: TripDateFormData | undefined; type?: EventType | undefined; }'.
                  Type 'Partial<FormState<DateRangeFormData>> & { name?: string | undefined; values?: DateRangeFormData | undefined; type?: EventType | undefined; }' is not assignable to type 'Partial<FormState<TripDateFormData>>'.
                    Types of property 'defaultValues' are incompatible.
                      Type 'Readonly<{ [x: string]: unknown; earliestDeparture?: string | Date | undefined; latestDeparture?: string | Date | undefined; }> | undefined' is not assignable to type 'Readonly<{ [x: string]: unknown; earliestDeparture?: Date | undefined; latestDeparture?: Date | undefined; }> | undefined'.
                        Type 'Readonly<{ [x: string]: unknown; earliestDeparture?: string | Date | undefined; latestDeparture?: string | Date | undefined; }>' is not assignable to type 'Readonly<{ [x: string]: unknown; earliestDeparture?: Date | undefined; latestDeparture?: Date | undefined; }>'.
                          Types of property 'earliestDeparture' are incompatible.
                            Type 'string | Date | undefined' is not assignable to type 'Date | undefined'.
                              Type 'string' is not assignable to type 'Date'.
src/components/trip/sections/DestinationSection.tsx(36,15): error TS2322: Type '{} | undefined' is not assignable to type 'string | undefined'.
  Type '{}' is not assignable to type 'string'.
src/components/trip/sections/DestinationSection.tsx(67,16): error TS2322: Type '{ disabled: boolean; className: string; onChange: (...event: any[]) => void; onBlur: Noop; value: unknown; name: "destination_other"; ref: RefCallBack; placeholder: string; }' is not assignable to type 'Omit<DetailedHTMLProps<InputHTMLAttributes<HTMLInputElement>, HTMLInputElement>, "ref">'.
  Types of property 'value' are incompatible.
    Type 'unknown' is not assignable to type 'string | number | readonly string[] | undefined'.
src/components/trip/sections/EnhancedDestinationSection.tsx(50,17): error TS2322: Type '{}' is not assignable to type 'string'.
src/components/trip/sections/EnhancedDestinationSection.tsx(77,18): error TS2322: Type '{ disabled: boolean; onChange: (...event: any[]) => void; onBlur: Noop; value: unknown; name: "destination_other"; ref: RefCallBack; placeholder: string; className: string; }' is not assignable to type 'Omit<DetailedHTMLProps<InputHTMLAttributes<HTMLInputElement>, HTMLInputElement>, "ref">'.
  Types of property 'value' are incompatible.
    Type 'unknown' is not assignable to type 'string | number | readonly string[] | undefined'.
src/components/trip/sections/TripSummaryChips.tsx(52,7): error TS18048: 'watchedFields.nyc_airports.length' is possibly 'undefined'.
src/components/trip/sections/TripSummaryChips.tsx(53,21): error TS2488: Type 'string[] | undefined' must have a '[Symbol.iterator]()' method that returns an iterator.
src/components/trip/StickyFormActions.tsx(64,20): error TS18048: 'watchedFields.nyc_airports.length' is possibly 'undefined'.
src/components/trip/StickyFormActions.tsx(65,9): error TS18048: 'watchedFields.nyc_airports' is possibly 'undefined'.
src/components/trip/TripNumberField.tsx(58,18): error TS2322: Type '{ onChange: (...event: any[]) => void; onBlur: Noop; value: unknown; disabled?: boolean | undefined; name: string; ref: RefCallBack; type: "number"; placeholder: string; className: string; }' is not assignable to type 'Omit<DetailedHTMLProps<InputHTMLAttributes<HTMLInputElement>, HTMLInputElement>, "ref">'.
  Types of property 'value' are incompatible.
    Type 'unknown' is not assignable to type 'string | number | readonly string[] | undefined'.
src/components/trip/TripNumberField.tsx(66,16): error TS2322: Type '{ onChange: (...event: any[]) => void; onBlur: Noop; value: unknown; disabled?: boolean | undefined; name: string; ref: RefCallBack; type: "number"; placeholder: string; }' is not assignable to type 'Omit<DetailedHTMLProps<InputHTMLAttributes<HTMLInputElement>, HTMLInputElement>, "ref">'.
  Types of property 'value' are incompatible.
    Type 'unknown' is not assignable to type 'string | number | readonly string[] | undefined'.
src/components/trip/TripRequestForm.tsx(176,7): error TS2322: Type 'string | undefined' is not assignable to type 'string'.
  Type 'undefined' is not assignable to type 'string'.
src/components/trip/TripRequestForm.tsx(568,25): error TS2322: Type 'Control<{ earliestDeparture: Date; latestDeparture: Date; min_duration: number; max_duration: number; max_price: number; nonstop_required: boolean; baggage_included_required: boolean; ... 6 more ...; auto_book_consent?: boolean | undefined; }, any, { ...; }>' is not assignable to type 'Control<TripFormData>'.
  The types of '_subjects.state' are incompatible between these types.
    Type 'FormStateSubjectRef<{ earliestDeparture: Date; latestDeparture: Date; min_duration: number; max_duration: number; max_price: number; nonstop_required: boolean; baggage_included_required: boolean; ... 6 more ...; auto_book_consent?: boolean | undefined; }>' is not assignable to type 'FormStateSubjectRef<TripFormData>'.
      Type 'FormStateSubjectRef<{ earliestDeparture: Date; latestDeparture: Date; min_duration: number; max_duration: number; max_price: number; nonstop_required: boolean; baggage_included_required: boolean; ... 6 more ...; auto_book_consent?: boolean | undefined; }>' is not assignable to type '{ readonly observers: Observer<Partial<FormState<TripFormData>> & { name?: string | undefined; values?: TripFormData | undefined; type?: EventType | undefined; }>[]; subscribe: (value: Observer<...>) => Subscription; unsubscribe: Noop; }'.
        Types of property 'observers' are incompatible.
          Type 'Observer<Partial<FormState<{ earliestDeparture: Date; latestDeparture: Date; min_duration: number; max_duration: number; max_price: number; nonstop_required: boolean; baggage_included_required: boolean; ... 6 more ...; auto_book_consent?: boolean | undefined; }>> & { ...; }>[]' is not assignable to type 'Observer<Partial<FormState<TripFormData>> & { name?: string | undefined; values?: TripFormData | undefined; type?: EventType | undefined; }>[]'.
            Type 'Observer<Partial<FormState<{ earliestDeparture: Date; latestDeparture: Date; min_duration: number; max_duration: number; max_price: number; nonstop_required: boolean; baggage_included_required: boolean; ... 6 more ...; auto_book_consent?: boolean | undefined; }>> & { ...; }>' is not assignable to type 'Observer<Partial<FormState<TripFormData>> & { name?: string | undefined; values?: TripFormData | undefined; type?: EventType | undefined; }>'.
              Type 'Partial<FormState<TripFormData>> & { name?: string | undefined; values?: TripFormData | undefined; type?: EventType | undefined; }' is not assignable to type 'Partial<FormState<{ earliestDeparture: Date; latestDeparture: Date; min_duration: number; max_duration: number; max_price: number; nonstop_required: boolean; baggage_included_required: boolean; ... 6 more ...; auto_book_consent?: boolean | undefined; }>> & { ...; }'.
                Type 'Partial<FormState<TripFormData>> & { name?: string | undefined; values?: TripFormData | undefined; type?: EventType | undefined; }' is not assignable to type '{ name?: string | undefined; values?: { earliestDeparture: Date; latestDeparture: Date; min_duration: number; max_duration: number; max_price: number; nonstop_required: boolean; ... 7 more ...; auto_book_consent?: boolean | undefined; } | undefined; type?: EventType | undefined; }'.
                  Types of property 'values' are incompatible.
                    Type 'TripFormData | undefined' is not assignable to type '{ earliestDeparture: Date; latestDeparture: Date; min_duration: number; max_duration: number; max_price: number; nonstop_required: boolean; baggage_included_required: boolean; ... 6 more ...; auto_book_consent?: boolean | undefined; } | undefined'.
                      Type 'TripFormData' is not assignable to type '{ earliestDeparture: Date; latestDeparture: Date; min_duration: number; max_duration: number; max_price: number; nonstop_required: boolean; baggage_included_required: boolean; ... 6 more ...; auto_book_consent?: boolean | undefined; }'.
                        Types of property 'earliestDeparture' are incompatible.
                          Type 'Date | undefined' is not assignable to type 'Date'.
                            Type 'undefined' is not assignable to type 'Date'.
src/components/wallet/PaymentMethodList.tsx(183,25): error TS2322: Type '{ paymentMethod: { id: string; last4: string; brand: string; nickname: string | undefined; isDefault: boolean; }; onUpdateNickname: (id: string, nickname?: string | undefined) => void; onSetDefault: (id: string) => void; }' is not assignable to type 'IntrinsicAttributes'.
  Property 'paymentMethod' does not exist on type 'IntrinsicAttributes'.
src/context/PersonalizationContext.tsx(38,29): error TS2322: Type 'unknown' is not assignable to type 'Record<string, unknown> | undefined'.
src/context/PersonalizationContext.tsx(50,38): error TS2322: Type '{ personalizationData: PersonalizationData | null | undefined; isLoading: boolean; error: Error | null; trackEvent: (eventType: string, context?: unknown) => void; refetch: (options?: RefetchOptions) => Promise<...>; }' is not assignable to type 'PersonalizationContextType'.
  Types of property 'personalizationData' are incompatible.
    Type 'PersonalizationData | null | undefined' is not assignable to type 'PersonalizationData | null'.
      Type 'undefined' is not assignable to type 'PersonalizationData | null'.
src/context/WalletProvider.tsx(23,44): error TS2339: Property 'children' does not exist on type '{}'.
src/contexts/PersonalizationContext.tsx(173,38): error TS2322: Type '{ personalizationData: PersonalizationData | null; loading: boolean; error: PersonalizationError | null; refreshPersonalizationData: () => Promise<void>; isPersonalizationEnabled: { ...; }; abTestVariant: string | null; experimentConfig: Record<...> | null; trackPersonalizationEvent: (eventType: "exposure" | "conver...' is not assignable to type 'PersonalizationContextType'.
  Types of property 'isPersonalizationEnabled' are incompatible.
    Type '{ data: boolean; isLoading: boolean; isError: boolean; error: null; }' is not assignable to type 'boolean'.
src/contexts/WalletContext.tsx(8,3): error TS2440: Import declaration conflicts with local declaration of 'PaymentMethodError'.
src/contexts/WalletContext.tsx(189,8): error TS2339: Property 'channel' does not exist on type 'SupabaseClient<Database, "public", any> | MockSupabaseClient'.
  Property 'channel' does not exist on type 'MockSupabaseClient'.
src/contexts/WalletContext.tsx(196,10): error TS7006: Parameter 'payload' implicitly has an 'any' type.
src/contexts/WalletContext.tsx(205,16): error TS2339: Property 'removeChannel' does not exist on type 'SupabaseClient<Database, "public", any> | MockSupabaseClient'.
  Property 'removeChannel' does not exist on type 'MockSupabaseClient'.
src/flightSearchV2/useFlightOffers.test.ts(29,86): error TS2345: Argument of type 'boolean' is not assignable to parameter of type '{ data: boolean; isLoading: boolean; isError: boolean; error: null; }'.
src/hooks/__tests__/useFormAnalytics.test.ts(38,67): error TS2769: No overload matches this call.
  Overload 1 of 2, '(callback: () => void): void', gave the following error.
    Argument of type '(value: unknown) => void' is not assignable to parameter of type '() => void'.
      Target signature provides too few arguments. Expected 1 or more, but got 0.
  Overload 2 of 2, '(callback: VoidFunction): void', gave the following error.
    Argument of type '(value: unknown) => void' is not assignable to parameter of type 'VoidFunction'.
      Target signature provides too few arguments. Expected 1 or more, but got 0.
src/hooks/__tests__/useFormAnalytics.test.ts(57,11): error TS2339: Property 'rpc' does not exist on type 'SupabaseClient<Database, "public", any> | MockSupabaseClient'.
  Property 'rpc' does not exist on type 'MockSupabaseClient'.
src/hooks/__tests__/useFormAnalytics.test.ts(61,3): error TS2304: Cannot find name 'afterEach'.
src/hooks/__tests__/useFormAnalytics.test.ts(90,21): error TS2339: Property 'rpc' does not exist on type 'SupabaseClient<Database, "public", any> | MockSupabaseClient'.
  Property 'rpc' does not exist on type 'MockSupabaseClient'.
src/hooks/__tests__/useFormAnalytics.test.ts(93,21): error TS2339: Property 'rpc' does not exist on type 'SupabaseClient<Database, "public", any> | MockSupabaseClient'.
  Property 'rpc' does not exist on type 'MockSupabaseClient'.
src/hooks/__tests__/useFormAnalytics.test.ts(128,21): error TS2339: Property 'rpc' does not exist on type 'SupabaseClient<Database, "public", any> | MockSupabaseClient'.
  Property 'rpc' does not exist on type 'MockSupabaseClient'.
src/hooks/__tests__/useFormAnalytics.test.ts(148,21): error TS2339: Property 'rpc' does not exist on type 'SupabaseClient<Database, "public", any> | MockSupabaseClient'.
  Property 'rpc' does not exist on type 'MockSupabaseClient'.
src/hooks/__tests__/useFormAnalytics.test.ts(159,11): error TS2339: Property 'rpc' does not exist on type 'SupabaseClient<Database, "public", any> | MockSupabaseClient'.
  Property 'rpc' does not exist on type 'MockSupabaseClient'.
src/hooks/__tests__/useFormAnalytics.test.ts(176,21): error TS2339: Property 'rpc' does not exist on type 'SupabaseClient<Database, "public", any> | MockSupabaseClient'.
  Property 'rpc' does not exist on type 'MockSupabaseClient'.
src/hooks/__tests__/useFormAnalytics.test.ts(182,5): error TS2571: Object is of type 'unknown'.
src/hooks/__tests__/useFormAnalytics.test.ts(182,15): error TS2339: Property 'rpc' does not exist on type 'SupabaseClient<Database, "public", any> | MockSupabaseClient'.
  Property 'rpc' does not exist on type 'MockSupabaseClient'.
src/hooks/__tests__/useFormAnalytics.test.ts(198,21): error TS2339: Property 'rpc' does not exist on type 'SupabaseClient<Database, "public", any> | MockSupabaseClient'.
  Property 'rpc' does not exist on type 'MockSupabaseClient'.
src/hooks/__tests__/useFormAnalytics.test.ts(214,15): error TS2339: Property 'rpc' does not exist on type 'SupabaseClient<Database, "public", any> | MockSupabaseClient'.
  Property 'rpc' does not exist on type 'MockSupabaseClient'.
src/hooks/__tests__/useFormAnalytics.test.ts(251,21): error TS2339: Property 'rpc' does not exist on type 'SupabaseClient<Database, "public", any> | MockSupabaseClient'.
  Property 'rpc' does not exist on type 'MockSupabaseClient'.
src/hooks/useConditionalLogic.ts(10,3): error TS2305: Module '"@/types/dynamic-forms"' has no exported member 'DynamicFormConfig'.
src/hooks/useConditionalLogic.ts(69,29): error TS7006: Parameter 'section' implicitly has an 'any' type.
src/hooks/useConditionalLogic.ts(70,30): error TS7006: Parameter 'field' implicitly has an 'any' type.
src/hooks/useConditionalLogic.ts(76,29): error TS7006: Parameter 'section' implicitly has an 'any' type.
src/hooks/useConditionalLogic.ts(77,30): error TS7006: Parameter 'field' implicitly has an 'any' type.
src/hooks/useConditionalLogic.ts(110,29): error TS7006: Parameter 'section' implicitly has an 'any' type.
src/hooks/useConditionalLogic.ts(111,30): error TS7006: Parameter 'field' implicitly has an 'any' type.
src/hooks/useConditionalLogic.ts(130,29): error TS7006: Parameter 'section' implicitly has an 'any' type.
src/hooks/useConditionalLogic.ts(148,29): error TS7006: Parameter 'section' implicitly has an 'any' type.
src/hooks/useConditionalLogic.ts(153,32): error TS7006: Parameter 'field' implicitly has an 'any' type.
src/hooks/useConditionalLogic.ts(171,35): error TS7006: Parameter 'section' implicitly has an 'any' type.
src/hooks/useCurrentUser.ts(48,54): error TS2339: Property 'onAuthStateChange' does not exist on type '{ getUser: () => Promise<{ data: { user: null; }; error: null; }>; getSession: () => Promise<{ data: { session: null; }; error: null; }>; } | SupabaseAuthClient'.
  Property 'onAuthStateChange' does not exist on type '{ getUser: () => Promise<{ data: { user: null; }; error: null; }>; getSession: () => Promise<{ data: { session: null; }; error: null; }>; }'.
src/hooks/useCurrentUser.ts(49,8): error TS7006: Parameter '_event' implicitly has an 'any' type.
src/hooks/useCurrentUser.ts(49,16): error TS7006: Parameter 'session' implicitly has an 'any' type.
src/hooks/useDuffelFlights.ts(101,64): error TS2345: Argument of type '{ maxPrice?: number; cabinClass?: "economy" | "premium_economy" | "business" | "first"; maxResults?: number; autoSearch?: boolean; }' is not assignable to parameter of type 'DuffelSearchRequest'.
  Property 'tripRequestId' is missing in type '{ maxPrice?: number; cabinClass?: "economy" | "premium_economy" | "business" | "first"; maxResults?: number; autoSearch?: boolean; }' but required in type 'DuffelSearchRequest'.
src/hooks/useDuffelFlights.ts(155,10): error TS2339: Property 'eq' does not exist on type '{ then: (callback: (result: { data: unknown[]; error: null; }) => void) => Promise<{ data: unknown[]; error: null; }>; not: (column: string, value: unknown) => { then: (callback: (result: { data: unknown[]; error: null; }) => void) => Promise<...>; }; single: () => Promise<...>; } | PostgrestFilterBuilder<...>'.
  Property 'eq' does not exist on type '{ then: (callback: (result: { data: unknown[]; error: null; }) => void) => Promise<{ data: unknown[]; error: null; }>; not: (column: string, value: unknown) => { then: (callback: (result: { data: unknown[]; error: null; }) => void) => Promise<...>; }; single: () => Promise<...>; }'.
src/hooks/useDuffelFlights.ts(166,71): error TS7006: Parameter 'offer' implicitly has an 'any' type.
src/hooks/useDuffelPayment.ts(7,10): error TS2614: Module '"@/services/api/paymentApi"' has no exported member 'createStripePaymentIntent'. Did you mean to use 'import createStripePaymentIntent from "@/services/api/paymentApi"' instead?
src/hooks/useDynamicForm.ts(16,3): error TS2305: Module '"@/types/dynamic-forms"' has no exported member 'DynamicFormConfig'.
src/hooks/useDynamicForm.ts(17,3): error TS2724: '"@/types/dynamic-forms"' has no exported member named 'FormSubmission'. Did you mean 'FormSubmissionData'?
src/hooks/useDynamicForm.ts(25,10): error TS2305: Module '"@/lib/form-validation"' has no exported member 'generateValidationSchema'.
src/hooks/useDynamicForm.ts(26,10): error TS2614: Module '"@/services/form-config.service"' has no exported member 'formConfigService'. Did you mean to use 'import formConfigService from "@/services/form-config.service"' instead?
src/hooks/useDynamicForm.ts(134,5): error TS2339: Property 'reloadConfiguration' does not exist on type 'UseFormConfigurationReturn'.
src/hooks/useDynamicForm.ts(157,28): error TS2339: Property 'getValue' does not exist on type 'UseFormReturn<Record<string, unknown>, any, Record<string, unknown>>'.
src/hooks/useDynamicForm.ts(203,108): error TS2448: Block-scoped variable 'trackFieldInteraction' used before its declaration.
src/hooks/useDynamicForm.ts(203,108): error TS2454: Variable 'trackFieldInteraction' is used before being assigned.
src/hooks/useDynamicForm.ts(268,119): error TS2448: Block-scoped variable 'trackFormEvent' used before its declaration.
src/hooks/useDynamicForm.ts(268,119): error TS2454: Variable 'trackFormEvent' is used before being assigned.
src/hooks/useDynamicForm.ts(278,71): error TS2448: Block-scoped variable 'trackFormEvent' used before its declaration.
src/hooks/useDynamicForm.ts(278,71): error TS2454: Variable 'trackFormEvent' is used before being assigned.
src/hooks/useDynamicForm.ts(314,41): error TS7006: Parameter 'f' implicitly has an 'any' type.
src/hooks/useDynamicForm.ts(376,5): error TS2322: Type '(formData: Record<string, unknown>) => Promise<ValidationResult>' is not assignable to type '(formData?: FormData | undefined) => Promise<ValidationResult>'.
  Types of parameters 'formData' and 'formData' are incompatible.
    Type 'FormData | undefined' is not assignable to type 'Record<string, unknown>'.
      Type 'undefined' is not assignable to type 'Record<string, unknown>'.
src/hooks/useFeatureFlag.ts(5,45): error TS2307: Cannot find module '@shared/featureFlag' or its corresponding type declarations.
src/hooks/useFormAnalytics.ts(81,42): error TS2339: Property 'rpc' does not exist on type 'SupabaseClient<Database, "public", any> | MockSupabaseClient'.
  Property 'rpc' does not exist on type 'MockSupabaseClient'.
src/hooks/useFormConfiguration.ts(8,10): error TS2614: Module '"@/services/form-config.service"' has no exported member 'formConfigService'. Did you mean to use 'import formConfigService from "@/services/form-config.service"' instead?
src/hooks/useFormState.ts(34,20): error TS2345: Argument of type '(prevState: FormState) => { values: { [x: string]: unknown; }; errors: FieldErrors<Record<string, unknown>>; isSubmitting: boolean; isValid: boolean; touched: Record<string, boolean>; }' is not assignable to parameter of type 'SetStateAction<FormState>'.
  Type '(prevState: FormState) => { values: { [x: string]: unknown; }; errors: FieldErrors<Record<string, unknown>>; isSubmitting: boolean; isValid: boolean; touched: Record<string, boolean>; }' is not assignable to type '(prevState: FormState) => FormState'.
    Call signature return types '{ values: { [x: string]: unknown; }; errors: FieldErrors<Record<string, unknown>>; isSubmitting: boolean; isValid: boolean; touched: Record<string, boolean>; }' and 'FormState' are incompatible.
      The types of 'errors' are incompatible between these types.
        Type 'FieldErrors<Record<string, unknown>>' is not assignable to type 'Record<string, string>'.
          'string' index signatures are incompatible.
            Type 'Merge<FieldError, FieldErrorsImpl<{}>> | undefined' is not assignable to type 'string'.
              Type 'undefined' is not assignable to type 'string'.
src/hooks/useFormValidation.ts(11,3): error TS2305: Module '"@/types/dynamic-forms"' has no exported member 'DynamicFormConfig'.
src/hooks/useFormValidation.ts(14,10): error TS2305: Module '"@/lib/form-validation"' has no exported member 'generateValidationSchema'.
src/hooks/useFormValidation.ts(14,36): error TS2305: Module '"@/lib/form-validation"' has no exported member 'validateFormData'.
src/hooks/useFormValidation.ts(70,41): error TS7006: Parameter 'f' implicitly has an 'any' type.
src/hooks/useFormValidation.ts(235,25): error TS2339: Property 'email' does not exist on type 'ZodType<unknown, ZodTypeDef, unknown>'.
src/hooks/useFormValidation.ts(238,25): error TS2339: Property 'min' does not exist on type 'ZodType<unknown, ZodTypeDef, unknown>'.
src/hooks/useFormValidation.ts(241,25): error TS2339: Property 'max' does not exist on type 'ZodType<unknown, ZodTypeDef, unknown>'.
src/hooks/useFormValidation.ts(244,25): error TS2339: Property 'regex' does not exist on type 'ZodType<unknown, ZodTypeDef, unknown>'.
src/hooks/useFormValidation.ts(251,25): error TS2339: Property 'min' does not exist on type 'ZodType<unknown, ZodTypeDef, unknown>'.
src/hooks/useFormValidation.ts(254,25): error TS2339: Property 'max' does not exist on type 'ZodType<unknown, ZodTypeDef, unknown>'.
src/hooks/useFormValidation.ts(287,13): error TS2339: Property 'required' does not exist on type 'FieldConfiguration'.
src/hooks/useFormValidation.ts(348,40): error TS2769: No overload matches this call.
  Overload 1 of 4, '(value: string | number | Date): Date', gave the following error.
    Argument of type '{}' is not assignable to parameter of type 'string | number | Date'.
  Overload 2 of 4, '(value: string | number): Date', gave the following error.
    Argument of type '{}' is not assignable to parameter of type 'string | number'.
src/hooks/useFormValidation.ts(348,63): error TS2769: No overload matches this call.
  Overload 1 of 4, '(value: string | number | Date): Date', gave the following error.
    Argument of type '{}' is not assignable to parameter of type 'string | number | Date'.
  Overload 2 of 4, '(value: string | number): Date', gave the following error.
    Argument of type '{}' is not assignable to parameter of type 'string | number'.
src/hooks/useNetworkStatus.ts(61,7): error TS2722: Cannot invoke an object which is possibly 'undefined'.
src/hooks/useNetworkStatus.ts(72,9): error TS2722: Cannot invoke an object which is possibly 'undefined'.
src/hooks/usePersonalization.ts(77,73): error TS2339: Property 'insert' does not exist on type '{ select: (columns?: string | undefined) => { eq: (column: string, value: unknown) => { then: (callback: (result: { data: unknown[]; error: null; }) => void) => Promise<{ data: unknown[]; error: null; }>; not: (column: string, value: unknown) => { ...; }; single: () => Promise<...>; }; }; } | PostgrestQueryBuilder<....'.
  Property 'insert' does not exist on type '{ select: (columns?: string | undefined) => { eq: (column: string, value: unknown) => { then: (callback: (result: { data: unknown[]; error: null; }) => void) => Promise<{ data: unknown[]; error: null; }>; not: (column: string, value: unknown) => { ...; }; single: () => Promise<...>; }; }; }'.
src/hooks/usePersonalization.ts(106,10): error TS2339: Property 'update' does not exist on type '{ select: (columns?: string | undefined) => { eq: (column: string, value: unknown) => { then: (callback: (result: { data: unknown[]; error: null; }) => void) => Promise<{ data: unknown[]; error: null; }>; not: (column: string, value: unknown) => { ...; }; single: () => Promise<...>; }; }; } | PostgrestQueryBuilder<....'.
  Property 'update' does not exist on type '{ select: (columns?: string | undefined) => { eq: (column: string, value: unknown) => { then: (callback: (result: { data: unknown[]; error: null; }) => void) => Promise<{ data: unknown[]; error: null; }>; not: (column: string, value: unknown) => { ...; }; single: () => Promise<...>; }; }; }'.
src/hooks/useProfile.ts(29,10): error TS2339: Property 'maybeSingle' does not exist on type '{ then: (callback: (result: { data: unknown[]; error: null; }) => void) => Promise<{ data: unknown[]; error: null; }>; not: (column: string, value: unknown) => { then: (callback: (result: { data: unknown[]; error: null; }) => void) => Promise<...>; }; single: () => Promise<...>; } | PostgrestFilterBuilder<...>'.
  Property 'maybeSingle' does not exist on type '{ then: (callback: (result: { data: unknown[]; error: null; }) => void) => Promise<{ data: unknown[]; error: null; }>; not: (column: string, value: unknown) => { then: (callback: (result: { data: unknown[]; error: null; }) => void) => Promise<...>; }; single: () => Promise<...>; }'.
src/hooks/useProfile.ts(44,10): error TS2339: Property 'upsert' does not exist on type '{ select: (columns?: string | undefined) => { eq: (column: string, value: unknown) => { then: (callback: (result: { data: unknown[]; error: null; }) => void) => Promise<{ data: unknown[]; error: null; }>; not: (column: string, value: unknown) => { ...; }; single: () => Promise<...>; }; }; } | PostgrestQueryBuilder<....'.
  Property 'upsert' does not exist on type '{ select: (columns?: string | undefined) => { eq: (column: string, value: unknown) => { then: (callback: (result: { data: unknown[]; error: null; }) => void) => Promise<{ data: unknown[]; error: null; }>; not: (column: string, value: unknown) => { ...; }; single: () => Promise<...>; }; }; }'.
src/hooks/useProfileKMS.ts(3,10): error TS2614: Module '"@/services/api/profileApiKMS"' has no exported member 'profileServiceKMS'. Did you mean to use 'import profileServiceKMS from "@/services/api/profileApiKMS"' instead?
src/hooks/useProfileKMS.ts(3,29): error TS2614: Module '"@/services/api/profileApiKMS"' has no exported member 'UserProfile'. Did you mean to use 'import UserProfile from "@/services/api/profileApiKMS"' instead?
src/hooks/useTravelerProfile.ts(52,10): error TS2339: Property 'eq' does not exist on type '{ then: (callback: (result: { data: unknown[]; error: null; }) => void) => Promise<{ data: unknown[]; error: null; }>; not: (column: string, value: unknown) => { then: (callback: (result: { data: unknown[]; error: null; }) => void) => Promise<...>; }; single: () => Promise<...>; } | PostgrestFilterBuilder<...>'.
  Property 'eq' does not exist on type '{ then: (callback: (result: { data: unknown[]; error: null; }) => void) => Promise<{ data: unknown[]; error: null; }>; not: (column: string, value: unknown) => { then: (callback: (result: { data: unknown[]; error: null; }) => void) => Promise<...>; }; single: () => Promise<...>; }'.
src/hooks/useTravelerProfile.ts(71,10): error TS2339: Property 'maybeSingle' does not exist on type '{ then: (callback: (result: { data: unknown[]; error: null; }) => void) => Promise<{ data: unknown[]; error: null; }>; not: (column: string, value: unknown) => { then: (callback: (result: { data: unknown[]; error: null; }) => void) => Promise<...>; }; single: () => Promise<...>; } | PostgrestFilterBuilder<...>'.
  Property 'maybeSingle' does not exist on type '{ then: (callback: (result: { data: unknown[]; error: null; }) => void) => Promise<{ data: unknown[]; error: null; }>; not: (column: string, value: unknown) => { then: (callback: (result: { data: unknown[]; error: null; }) => void) => Promise<...>; }; single: () => Promise<...>; }'.
src/hooks/useTravelerProfile.ts(86,10): error TS2339: Property 'rpc' does not exist on type 'SupabaseClient<Database, "public", any> | MockSupabaseClient'.
  Property 'rpc' does not exist on type 'MockSupabaseClient'.
src/hooks/useTravelerProfile.ts(103,10): error TS2339: Property 'eq' does not exist on type '{ then: (callback: (result: { data: unknown[]; error: null; }) => void) => Promise<{ data: unknown[]; error: null; }>; not: (column: string, value: unknown) => { then: (callback: (result: { data: unknown[]; error: null; }) => void) => Promise<...>; }; single: () => Promise<...>; } | PostgrestFilterBuilder<...>'.
  Property 'eq' does not exist on type '{ then: (callback: (result: { data: unknown[]; error: null; }) => void) => Promise<{ data: unknown[]; error: null; }>; not: (column: string, value: unknown) => { then: (callback: (result: { data: unknown[]; error: null; }) => void) => Promise<...>; }; single: () => Promise<...>; }'.
src/hooks/useTravelerProfile.ts(110,12): error TS2339: Property 'update' does not exist on type '{ select: (columns?: string | undefined) => { eq: (column: string, value: unknown) => { then: (callback: (result: { data: unknown[]; error: null; }) => void) => Promise<{ data: unknown[]; error: null; }>; not: (column: string, value: unknown) => { ...; }; single: () => Promise<...>; }; }; } | PostgrestQueryBuilder<....'.
  Property 'update' does not exist on type '{ select: (columns?: string | undefined) => { eq: (column: string, value: unknown) => { then: (callback: (result: { data: unknown[]; error: null; }) => void) => Promise<{ data: unknown[]; error: null; }>; not: (column: string, value: unknown) => { ...; }; single: () => Promise<...>; }; }; }'.
src/hooks/useTravelerProfile.ts(121,12): error TS2339: Property 'insert' does not exist on type '{ select: (columns?: string | undefined) => { eq: (column: string, value: unknown) => { then: (callback: (result: { data: unknown[]; error: null; }) => void) => Promise<{ data: unknown[]; error: null; }>; not: (column: string, value: unknown) => { ...; }; single: () => Promise<...>; }; }; } | PostgrestQueryBuilder<....'.
  Property 'insert' does not exist on type '{ select: (columns?: string | undefined) => { eq: (column: string, value: unknown) => { then: (callback: (result: { data: unknown[]; error: null; }) => void) => Promise<{ data: unknown[]; error: null; }>; not: (column: string, value: unknown) => { ...; }; single: () => Promise<...>; }; }; }'.
src/hooks/useTripOffers.ts(182,16): error TS2345: Argument of type '{ pool1: ScoredOffer[]; pool2: ScoredOffer[]; pool3: ScoredOffer[]; }' is not assignable to parameter of type 'SetStateAction<{ pool1: ScoredOffer[]; pool2: ScoredOffer[]; pool3: ScoredOffer[]; }>'.
  Type '{ pool1: import("/Users/parkerbarnett/github-link-up-buddy/src/services/api/flightSearchApi").ScoredOffer[]; pool2: import("/Users/parkerbarnett/github-link-up-buddy/src/services/api/flightSearchApi").ScoredOffer[]; pool3: import("/Users/parkerbarnett/github-link-up-buddy/src/services/api/flightSearchApi").ScoredOff...' is not assignable to type '{ pool1: import("/Users/parkerbarnett/github-link-up-buddy/src/types/offer").ScoredOffer[]; pool2: import("/Users/parkerbarnett/github-link-up-buddy/src/types/offer").ScoredOffer[]; pool3: import("/Users/parkerbarnett/github-link-up-buddy/src/types/offer").ScoredOffer[]; }'.
    Types of property 'pool1' are incompatible.
      Type 'import("/Users/parkerbarnett/github-link-up-buddy/src/services/api/flightSearchApi").ScoredOffer[]' is not assignable to type 'import("/Users/parkerbarnett/github-link-up-buddy/src/types/offer").ScoredOffer[]'.
        Type 'ScoredOffer' is missing the following properties from type 'ScoredOffer': priceStructure, carryOnIncluded, reasons, pool, and 9 more.
src/hooks/useTripOffers.ts(187,9): error TS2322: Type '{ budget: number; pool1: ScoredOffer[]; pool2: ScoredOffer[]; pool3: ScoredOffer[]; }' is not assignable to type '{ pool1: ScoredOffer[]; pool2: ScoredOffer[]; pool3: ScoredOffer[]; budget: number; }'.
  Types of property 'pool1' are incompatible.
    Type 'import("/Users/parkerbarnett/github-link-up-buddy/src/services/api/flightSearchApi").ScoredOffer[]' is not assignable to type 'import("/Users/parkerbarnett/github-link-up-buddy/src/types/offer").ScoredOffer[]'.
      Type 'ScoredOffer' is missing the following properties from type 'ScoredOffer': priceStructure, carryOnIncluded, reasons, pool, and 9 more.
src/integrations/supabase/client.ts(107,25): error TS2589: Type instantiation is excessively deep and possibly infinite.
src/lib/business-rules/schema.ts(103,5): error TS2739: Type '{ forceRoundTrip: false; maxAdvanceBookingDays: number; allowedCabinClasses: ("economy" | "business" | "first")[]; }' is missing the following properties from type '{ forceRoundTrip: boolean; defaultNonstopRequired: boolean; maxAdvanceBookingDays: number; minAdvanceBookingDays: number; allowedCabinClasses: ("economy" | "premium_economy" | "business" | "first")[]; ... 5 more ...; allowedDestinationCountries?: string[] | undefined; }': defaultNonstopRequired, minAdvanceBookingDays, maxPriceUSD, minPriceUSD
src/lib/business-rules/schema.ts(108,5): error TS2740: Type '{ advancedFilters: true; }' is missing the following properties from type '{ destination: boolean; departure: boolean; dates: boolean; budget: boolean; advancedFilters: boolean; paymentMethod: boolean; travelerInfo: boolean; }': destination, departure, dates, budget, and 2 more.
src/lib/business-rules/schema.ts(111,5): error TS2739: Type '{ enabled: true; maxMonthlySpend: number; }' is missing the following properties from type '{ enabled: boolean; maxConcurrentCampaigns: number; cooldownPeriodHours: number; requiresPaymentMethodVerification: boolean; maxMonthlySpend: number; }': maxConcurrentCampaigns, cooldownPeriodHours, requiresPaymentMethodVerification
src/lib/business-rules/schema.ts(119,5): error TS2739: Type '{ forceRoundTrip: false; maxAdvanceBookingDays: number; }' is missing the following properties from type '{ forceRoundTrip: boolean; defaultNonstopRequired: boolean; maxAdvanceBookingDays: number; minAdvanceBookingDays: number; allowedCabinClasses: ("economy" | "premium_economy" | "business" | "first")[]; ... 5 more ...; allowedDestinationCountries?: string[] | undefined; }': defaultNonstopRequired, minAdvanceBookingDays, allowedCabinClasses, maxPriceUSD, minPriceUSD
src/lib/business-rules/schema.ts(123,5): error TS2740: Type '{ advancedFilters: true; }' is missing the following properties from type '{ destination: boolean; departure: boolean; dates: boolean; budget: boolean; advancedFilters: boolean; paymentMethod: boolean; travelerInfo: boolean; }': destination, departure, dates, budget, and 2 more.
src/lib/business-rules/schema.ts(130,5): error TS2739: Type '{ forceRoundTrip: true; maxAdvanceBookingDays: number; }' is missing the following properties from type '{ forceRoundTrip: boolean; defaultNonstopRequired: boolean; maxAdvanceBookingDays: number; minAdvanceBookingDays: number; allowedCabinClasses: ("economy" | "premium_economy" | "business" | "first")[]; ... 5 more ...; allowedDestinationCountries?: string[] | undefined; }': defaultNonstopRequired, minAdvanceBookingDays, allowedCabinClasses, maxPriceUSD, minPriceUSD
src/lib/business-rules/schema.ts(138,5): error TS2739: Type '{ forceRoundTrip: true; defaultNonstopRequired: true; maxAdvanceBookingDays: number; }' is missing the following properties from type '{ forceRoundTrip: boolean; defaultNonstopRequired: boolean; maxAdvanceBookingDays: number; minAdvanceBookingDays: number; allowedCabinClasses: ("economy" | "premium_economy" | "business" | "first")[]; ... 5 more ...; allowedDestinationCountries?: string[] | undefined; }': minAdvanceBookingDays, allowedCabinClasses, maxPriceUSD, minPriceUSD
src/lib/business-rules/schema.ts(143,5): error TS2740: Type '{ advancedFilters: false; }' is missing the following properties from type '{ destination: boolean; departure: boolean; dates: boolean; budget: boolean; advancedFilters: boolean; paymentMethod: boolean; travelerInfo: boolean; }': destination, departure, dates, budget, and 2 more.
src/lib/business-rules/schema.ts(146,5): error TS2739: Type '{ requiresPaymentMethodVerification: true; maxMonthlySpend: number; }' is missing the following properties from type '{ enabled: boolean; maxConcurrentCampaigns: number; cooldownPeriodHours: number; requiresPaymentMethodVerification: boolean; maxMonthlySpend: number; }': enabled, maxConcurrentCampaigns, cooldownPeriodHours
src/lib/errors/__tests__/handler.test.ts(134,16): error TS18046: 'error' is of type 'unknown'.
src/lib/errors/handler.ts(337,5): error TS2322: Type 'unknown' is not assignable to type 'boolean'.
src/lib/feature-flags/useFeatureFlag.ts(3,45): error TS2307: Cannot find module '@shared/featureFlag' or its corresponding type declarations.
src/lib/filtering/__tests__/AirlineFilter.test.ts(199,14): error TS2532: Object is possibly 'undefined'.
src/lib/filtering/__tests__/AirlineFilter.test.ts(199,14): error TS2571: Object is of type 'unknown'.
src/lib/filtering/__tests__/end-to-end-integration.test.ts(231,23): error TS18046: 'mockAmadeusOffer.itineraries' is of type 'unknown'.
src/lib/filtering/__tests__/end-to-end-integration.test.ts(340,14): error TS18048: 'dbOffer.rawData' is possibly 'undefined'.
src/lib/filtering/__tests__/integration-simple.test.ts(34,3): error TS2322: Type '{ id: string; provider: "Amadeus" | "Duffel"; totalBasePrice: number; currency: string; itineraries: unknown[]; carryOnIncluded: true; carryOnFee: number; totalPriceWithCarryOn: number; stopsCount: number; validatingAirlines: string[]; rawData: RawOffer; }[]' is not assignable to type 'FlightOffer[]'.
  Type '{ id: string; provider: "Amadeus" | "Duffel"; totalBasePrice: number; currency: string; itineraries: unknown[]; carryOnIncluded: true; carryOnFee: number; totalPriceWithCarryOn: number; stopsCount: number; validatingAirlines: string[]; rawData: RawOffer; }' is not assignable to type 'FlightOffer'.
    Types of property 'itineraries' are incompatible.
      Type 'unknown[]' is not assignable to type 'Itinerary[]'.
        Type 'unknown' is not assignable to type 'Itinerary'.
src/lib/filtering/adapters/ProviderAdapters.ts(149,7): error TS2322: Type 'AmadeusRawOffer' is not assignable to type 'Record<string, unknown>'.
  Index signature for type 'string' is missing in type 'AmadeusRawOffer'.
src/lib/filtering/adapters/ProviderAdapters.ts(260,5): error TS2322: Type '{ departure: Airport; arrival: Airport; carrierCode: string; flightNumber: string; aircraft: { code: string | undefined; } | undefined; duration: string; numberOfStops: number; }[]' is not assignable to type 'Segment[]'.
  Type '{ departure: Airport; arrival: Airport; carrierCode: string; flightNumber: string; aircraft: { code: string | undefined; } | undefined; duration: string; numberOfStops: number; }' is not assignable to type 'Segment'.
    Types of property 'aircraft' are incompatible.
      Type '{ code: string | undefined; } | undefined' is not assignable to type '{ code: string; } | undefined'.
        Type '{ code: string | undefined; }' is not assignable to type '{ code: string; }'.
          Types of property 'code' are incompatible.
            Type 'string | undefined' is not assignable to type 'string'.
              Type 'undefined' is not assignable to type 'string'.
src/lib/filtering/adapters/ProviderAdapters.ts(310,7): error TS2322: Type 'DuffelRawOffer' is not assignable to type 'Record<string, unknown>'.
  Index signature for type 'string' is missing in type 'DuffelRawOffer'.
src/lib/filtering/adapters/ProviderAdapters.ts(426,5): error TS2322: Type '{ departure: Airport; arrival: Airport; carrierCode: string; flightNumber: string; aircraft: { code: string | undefined; } | undefined; duration: string; numberOfStops: number; }[]' is not assignable to type 'Segment[]'.
  Type '{ departure: Airport; arrival: Airport; carrierCode: string; flightNumber: string; aircraft: { code: string | undefined; } | undefined; duration: string; numberOfStops: number; }' is not assignable to type 'Segment'.
    Types of property 'aircraft' are incompatible.
      Type '{ code: string | undefined; } | undefined' is not assignable to type '{ code: string; } | undefined'.
        Type '{ code: string | undefined; }' is not assignable to type '{ code: string; }'.
          Types of property 'code' are incompatible.
            Type 'string | undefined' is not assignable to type 'string'.
              Type 'undefined' is not assignable to type 'string'.
src/lib/filtering/FilterFactory.ts(259,32): error TS2769: No overload matches this call.
  Overload 1 of 4, '(value: string | number | Date): Date', gave the following error.
    Argument of type '{}' is not assignable to parameter of type 'string | number | Date'.
  Overload 2 of 4, '(value: string | number): Date', gave the following error.
    Argument of type '{}' is not assignable to parameter of type 'string | number'.
src/lib/filtering/FilterFactory.ts(260,32): error TS2769: No overload matches this call.
  Overload 1 of 4, '(value: string | number | Date): Date', gave the following error.
    Argument of type '{}' is not assignable to parameter of type 'string | number | Date'.
  Overload 2 of 4, '(value: string | number): Date', gave the following error.
    Argument of type '{}' is not assignable to parameter of type 'string | number'.
src/lib/filtering/FilterFactory.ts(286,32): error TS2365: Operator '<' cannot be applied to types '{}' and 'number'.
src/lib/filtering/FilterFactory.ts(342,43): error TS2345: Argument of type 'unknown[]' is not assignable to parameter of type 'FlightOffer[]'.
  Type 'unknown' is not assignable to type 'FlightOffer'.
src/lib/filtering/filters/RoundTripFilter.ts(198,43): error TS2339: Property 'length' does not exist on type '{}'.
src/lib/filtering/filters/RoundTripFilter.ts(199,101): error TS2339: Property 'length' does not exist on type '{}'.
src/lib/filtering/filters/RoundTripFilter.ts(285,7): error TS2322: Type 'boolean | undefined' is not assignable to type 'boolean'.
  Type 'undefined' is not assignable to type 'boolean'.
src/lib/form-validation.ts(183,37): error TS2339: Property 'min' does not exist on type 'ZodTypeAny'.
src/lib/form-validation.ts(189,37): error TS2339: Property 'max' does not exist on type 'ZodTypeAny'.
src/lib/form-validation.ts(197,39): error TS2339: Property 'regex' does not exist on type 'ZodTypeAny'.
src/lib/form-validation.ts(206,37): error TS2339: Property 'email' does not exist on type 'ZodTypeAny'.
src/lib/form-validation.ts(212,37): error TS2339: Property 'url' does not exist on type 'ZodTypeAny'.
src/lib/form-validation.ts(221,37): error TS2339: Property 'min' does not exist on type 'ZodTypeAny'.
src/lib/form-validation.ts(227,37): error TS2339: Property 'max' does not exist on type 'ZodTypeAny'.
src/lib/personalization/abTesting.ts(299,42): error TS7006: Parameter 'e' implicitly has an 'any' type.
src/lib/personalization/abTesting.ts(300,42): error TS7006: Parameter 'e' implicitly has an 'any' type.
src/lib/personalization/abTesting.ts(301,40): error TS7006: Parameter 'e' implicitly has an 'any' type.
src/lib/personalization/voiceAndTone.ts(149,28): error TS7053: Element implicitly has an 'any' type because expression of type 'GreetingContext' can't be used to index type '{ dashboard: { withFirstName: string[]; withFirstNameAndTrip: string[]; generic: string[]; }; bookingConfirmation: { withFirstName: string[]; withFirstNameAndTrip: string[]; generic: string[]; }; profile: { ...; }; error: { ...; }; }'.
  Property 'flightStatus' does not exist on type '{ dashboard: { withFirstName: string[]; withFirstNameAndTrip: string[]; generic: string[]; }; bookingConfirmation: { withFirstName: string[]; withFirstNameAndTrip: string[]; generic: string[]; }; profile: { ...; }; error: { ...; }; }'.
src/lib/privacy/consentService.ts(270,10): error TS2769: No overload matches this call.
  Overload 1 of 2, '(type: keyof WindowEventMap, listener: (this: Window, ev: ClipboardEvent | Event | CompositionEvent | UIEvent | FocusEvent | ... 24 more ... | StorageEvent) => any, options?: boolean | ... 1 more ... | undefined): void', gave the following error.
    Argument of type '"consentUpdated"' is not assignable to parameter of type 'keyof WindowEventMap'.
  Overload 2 of 2, '(type: string, listener: EventListenerOrEventListenerObject, options?: boolean | AddEventListenerOptions | undefined): void', gave the following error.
    Argument of type '(event: CustomEvent) => void' is not assignable to parameter of type 'EventListenerOrEventListenerObject'.
      Type '(event: CustomEvent) => void' is not assignable to type 'EventListener'.
        Types of parameters 'event' and 'evt' are incompatible.
          Type 'Event' is missing the following properties from type 'CustomEvent<any>': detail, initCustomEvent
src/lib/repositories/base.ts(14,10): error TS2305: Module '"@supabase/supabase-js"' has no exported member 'PostgrestFilterBuilder'.
src/lib/repositories/base.ts(14,34): error TS2305: Module '"@supabase/supabase-js"' has no exported member 'PostgrestQueryBuilder'.
src/lib/repositories/base.ts(14,57): error TS2305: Module '"@supabase/supabase-js"' has no exported member 'PostgrestTransformBuilder'.
src/lib/repositories/base.ts(213,13): error TS2769: No overload matches this call.
  Overload 1 of 2, '(relation: "profiles" | "trip_requests" | "flight_offers" | "booking_requests" | "bookings" | "flight_matches" | "auto_booking_requests" | "booking_attempts" | "feature_flags" | ... 4 more ... | "payments"): PostgrestQueryBuilder<...>', gave the following error.
    Argument of type 'string' is not assignable to parameter of type '"profiles" | "trip_requests" | "flight_offers" | "booking_requests" | "bookings" | "flight_matches" | "auto_booking_requests" | "booking_attempts" | "feature_flags" | "flight_offers_v2" | "notifications" | "orders" | "payment_methods" | "payments"'.
  Overload 2 of 2, '(relation: never): PostgrestQueryBuilder<{ Tables: { auto_booking_requests: { Row: { created_at: string | null; criteria: Json; id: string; latest_booking_request_id: string | null; price_history: Json; status: string; trip_request_id: string; updated_at: string | null; user_id: string; }; Insert: { ...; }; Update: { ...; }; Relationships: [...]; }; ... 12 more ...; trip_requests: { ...; }; }; Views: {}; Functions: { ...; }; Enums: { ...; }; CompositeTypes: {}; }, never, never, never>', gave the following error.
    Argument of type 'string' is not assignable to parameter of type 'never'.
src/lib/repositories/base.ts(219,15): error TS2739: Type 'PostgrestBuilder<GenericStringError | null, false>' is missing the following properties from type 'Promise<DatabaseResult>': catch, finally, [Symbol.toStringTag]
src/lib/repositories/base.ts(239,34): error TS2769: No overload matches this call.
  Overload 1 of 2, '(relation: "profiles" | "trip_requests" | "flight_offers" | "booking_requests" | "bookings" | "flight_matches" | "auto_booking_requests" | "booking_attempts" | "feature_flags" | ... 4 more ... | "payments"): PostgrestQueryBuilder<...>', gave the following error.
    Argument of type 'string' is not assignable to parameter of type '"profiles" | "trip_requests" | "flight_offers" | "booking_requests" | "bookings" | "flight_matches" | "auto_booking_requests" | "booking_attempts" | "feature_flags" | "flight_offers_v2" | "notifications" | "orders" | "payment_methods" | "payments"'.
  Overload 2 of 2, '(relation: never): PostgrestQueryBuilder<{ Tables: { auto_booking_requests: { Row: { created_at: string | null; criteria: Json; id: string; latest_booking_request_id: string | null; price_history: Json; status: string; trip_request_id: string; updated_at: string | null; user_id: string; }; Insert: { ...; }; Update: { ...; }; Relationships: [...]; }; ... 12 more ...; trip_requests: { ...; }; }; Views: {}; Functions: { ...; }; Enums: { ...; }; CompositeTypes: {}; }, never, never, never>', gave the following error.
    Argument of type 'string' is not assignable to parameter of type 'never'.
src/lib/repositories/base.ts(248,13): error TS2739: Type 'PostgrestQueryBuilder<{ Tables: { auto_booking_requests: { Row: { created_at: string | null; criteria: Json; id: string; latest_booking_request_id: string | null; price_history: Json; status: string; trip_request_id: string; updated_at: string | null; user_id: string; }; Insert: { ...; }; Update: { ...; }; Relations...' is missing the following properties from type 'Promise<DatabaseResult>': then, catch, finally, [Symbol.toStringTag]
src/lib/repositories/base.ts(274,13): error TS2769: No overload matches this call.
  Overload 1 of 2, '(relation: "profiles" | "trip_requests" | "flight_offers" | "booking_requests" | "bookings" | "flight_matches" | "auto_booking_requests" | "booking_attempts" | "feature_flags" | ... 4 more ... | "payments"): PostgrestQueryBuilder<...>', gave the following error.
    Argument of type 'string' is not assignable to parameter of type '"profiles" | "trip_requests" | "flight_offers" | "booking_requests" | "bookings" | "flight_matches" | "auto_booking_requests" | "booking_attempts" | "feature_flags" | "flight_offers_v2" | "notifications" | "orders" | "payment_methods" | "payments"'.
  Overload 2 of 2, '(relation: never): PostgrestQueryBuilder<{ Tables: { auto_booking_requests: { Row: { created_at: string | null; criteria: Json; id: string; latest_booking_request_id: string | null; price_history: Json; status: string; trip_request_id: string; updated_at: string | null; user_id: string; }; Insert: { ...; }; Update: { ...; }; Relationships: [...]; }; ... 12 more ...; trip_requests: { ...; }; }; Views: {}; Functions: { ...; }; Enums: { ...; }; CompositeTypes: {}; }, never, never, never>', gave the following error.
    Argument of type 'string' is not assignable to parameter of type 'never'.
src/lib/repositories/base.ts(275,15): error TS2769: No overload matches this call.
  Overload 1 of 2, '(values: { created_at?: string | null | undefined; criteria: Json; id?: string | undefined; latest_booking_request_id?: string | null | undefined; price_history?: Json | undefined; status?: string | undefined; trip_request_id: string; updated_at?: string | ... 1 more ... | undefined; user_id: string; } | ... 12 more ... | { ...; }, options?: { ...; } | undefined): PostgrestFilterBuilder<...>', gave the following error.
    Argument of type 'unknown' is not assignable to parameter of type '{ created_at?: string | null | undefined; criteria: Json; id?: string | undefined; latest_booking_request_id?: string | null | undefined; price_history?: Json | undefined; status?: string | undefined; trip_request_id: string; updated_at?: string | ... 1 more ... | undefined; user_id: string; } | ... 12 more ... | { ...'.
  Overload 2 of 2, '(values: ({ created_at?: string | null | undefined; criteria: Json; id?: string | undefined; latest_booking_request_id?: string | null | undefined; price_history?: Json | undefined; status?: string | undefined; trip_request_id: string; updated_at?: string | ... 1 more ... | undefined; user_id: string; } | ... 12 more ... | { ...; })[], options?: { ...; } | undefined): PostgrestFilterBuilder<...>', gave the following error.
    Argument of type 'unknown' is not assignable to parameter of type '({ created_at?: string | null | undefined; criteria: Json; id?: string | undefined; latest_booking_request_id?: string | null | undefined; price_history?: Json | undefined; status?: string | undefined; trip_request_id: string; updated_at?: string | ... 1 more ... | undefined; user_id: string; } | ... 12 more ... | {...'.
src/lib/repositories/base.ts(280,13): error TS2739: Type 'PostgrestBuilder<GenericStringError, false>' is missing the following properties from type 'Promise<DatabaseResult>': catch, finally, [Symbol.toStringTag]
src/lib/repositories/base.ts(302,13): error TS2769: No overload matches this call.
  Overload 1 of 2, '(relation: "profiles" | "trip_requests" | "flight_offers" | "booking_requests" | "bookings" | "flight_matches" | "auto_booking_requests" | "booking_attempts" | "feature_flags" | ... 4 more ... | "payments"): PostgrestQueryBuilder<...>', gave the following error.
    Argument of type 'string' is not assignable to parameter of type '"profiles" | "trip_requests" | "flight_offers" | "booking_requests" | "bookings" | "flight_matches" | "auto_booking_requests" | "booking_attempts" | "feature_flags" | "flight_offers_v2" | "notifications" | "orders" | "payment_methods" | "payments"'.
  Overload 2 of 2, '(relation: never): PostgrestQueryBuilder<{ Tables: { auto_booking_requests: { Row: { created_at: string | null; criteria: Json; id: string; latest_booking_request_id: string | null; price_history: Json; status: string; trip_request_id: string; updated_at: string | null; user_id: string; }; Insert: { ...; }; Update: { ...; }; Relationships: [...]; }; ... 12 more ...; trip_requests: { ...; }; }; Views: {}; Functions: { ...; }; Enums: { ...; }; CompositeTypes: {}; }, never, never, never>', gave the following error.
    Argument of type 'string' is not assignable to parameter of type 'never'.
src/lib/repositories/base.ts(303,15): error TS2769: No overload matches this call.
  Overload 1 of 2, '(values: { created_at?: string | null | undefined; criteria: Json; id?: string | undefined; latest_booking_request_id?: string | null | undefined; price_history?: Json | undefined; status?: string | undefined; trip_request_id: string; updated_at?: string | ... 1 more ... | undefined; user_id: string; } | ... 12 more ... | { ...; }, options?: { ...; } | undefined): PostgrestFilterBuilder<...>', gave the following error.
    Argument of type 'unknown' is not assignable to parameter of type '{ created_at?: string | null | undefined; criteria: Json; id?: string | undefined; latest_booking_request_id?: string | null | undefined; price_history?: Json | undefined; status?: string | undefined; trip_request_id: string; updated_at?: string | ... 1 more ... | undefined; user_id: string; } | ... 12 more ... | { ...'.
  Overload 2 of 2, '(values: ({ created_at?: string | null | undefined; criteria: Json; id?: string | undefined; latest_booking_request_id?: string | null | undefined; price_history?: Json | undefined; status?: string | undefined; trip_request_id: string; updated_at?: string | ... 1 more ... | undefined; user_id: string; } | ... 12 more ... | { ...; })[], options?: { ...; } | undefined): PostgrestFilterBuilder<...>', gave the following error.
    Argument of type 'unknown' is not assignable to parameter of type '({ created_at?: string | null | undefined; criteria: Json; id?: string | undefined; latest_booking_request_id?: string | null | undefined; price_history?: Json | undefined; status?: string | undefined; trip_request_id: string; updated_at?: string | ... 1 more ... | undefined; user_id: string; } | ... 12 more ... | {...'.
src/lib/repositories/base.ts(307,13): error TS2739: Type 'PostgrestTransformBuilder<{ Tables: { auto_booking_requests: { Row: { created_at: string | null; criteria: Json; id: string; latest_booking_request_id: string | null; price_history: Json; status: string; trip_request_id: string; updated_at: string | null; user_id: string; }; Insert: { ...; }; Update: { ...; }; Relat...' is missing the following properties from type 'Promise<DatabaseResult>': catch, finally, [Symbol.toStringTag]
src/lib/repositories/base.ts(323,13): error TS2558: Expected 2 type arguments, but got 1.
src/lib/repositories/base.ts(324,15): error TS2345: Argument of type 'unknown' is not assignable to parameter of type '{ auto_booking_requests: { Row: { created_at: string | null; criteria: Json; id: string; latest_booking_request_id: string | null; price_history: Json; status: string; trip_request_id: string; updated_at: string | null; user_id: string; }; Insert: { ...; }; Update: { ...; }; Relationships: [...]; }; ... 12 more ...;...'.
src/lib/repositories/base.ts(325,17): error TS2345: Argument of type 'string' is not assignable to parameter of type '("id" extends keyof { auto_booking_requests: { Row: { created_at: string | null; criteria: Json; id: string; latest_booking_request_id: string | null; price_history: Json; status: string; trip_request_id: string; updated_at: string | null; user_id: string; }; Insert: { ...; }; Update: { ...; }; Relationships: [...];...'.
src/lib/repositories/base.ts(330,13): error TS2739: Type 'PostgrestBuilder<({ auto_booking_requests: { Row: { created_at: string | null; criteria: Json; id: string; latest_booking_request_id: string | null; price_history: Json; status: string; trip_request_id: string; updated_at: string | null; user_id: string; }; Insert: { ...; }; Update: { ...; }; Relationships: [...]; }...' is missing the following properties from type 'Promise<DatabaseResult>': catch, finally, [Symbol.toStringTag]
src/lib/repositories/base.ts(353,13): error TS2558: Expected 2 type arguments, but got 1.
src/lib/repositories/base.ts(354,15): error TS2345: Argument of type 'unknown' is not assignable to parameter of type '{ auto_booking_requests: { Row: { created_at: string | null; criteria: Json; id: string; latest_booking_request_id: string | null; price_history: Json; status: string; trip_request_id: string; updated_at: string | null; user_id: string; }; Insert: { ...; }; Update: { ...; }; Relationships: [...]; }; ... 12 more ...;...'.
src/lib/repositories/base.ts(361,13): error TS2739: Type 'PostgrestTransformBuilder<{ Tables: { auto_booking_requests: { Row: { created_at: string | null; criteria: Json; id: string; latest_booking_request_id: string | null; price_history: Json; status: string; trip_request_id: string; updated_at: string | null; user_id: string; }; Insert: { ...; }; Update: { ...; }; Relat...' is missing the following properties from type 'Promise<DatabaseResult>': catch, finally, [Symbol.toStringTag]
src/lib/repositories/base.ts(376,13): error TS2558: Expected 2 type arguments, but got 1.
src/lib/repositories/base.ts(378,17): error TS2345: Argument of type 'string' is not assignable to parameter of type '("id" extends keyof { auto_booking_requests: { Row: { created_at: string | null; criteria: Json; id: string; latest_booking_request_id: string | null; price_history: Json; status: string; trip_request_id: string; updated_at: string | null; user_id: string; }; Insert: { ...; }; Update: { ...; }; Relationships: [...];...'.
src/lib/repositories/base.ts(381,13): error TS2739: Type 'PostgrestFilterBuilder<{ Tables: { auto_booking_requests: { Row: { created_at: string | null; criteria: Json; id: string; latest_booking_request_id: string | null; price_history: Json; status: string; trip_request_id: string; updated_at: string | null; user_id: string; }; Insert: { ...; }; Update: { ...; }; Relation...' is missing the following properties from type 'Promise<DatabaseResult>': catch, finally, [Symbol.toStringTag]
src/lib/repositories/base.ts(393,34): error TS2769: No overload matches this call.
  Overload 1 of 2, '(relation: "profiles" | "trip_requests" | "flight_offers" | "booking_requests" | "bookings" | "flight_matches" | "auto_booking_requests" | "booking_attempts" | "feature_flags" | ... 4 more ... | "payments"): PostgrestQueryBuilder<...>', gave the following error.
    Argument of type 'string' is not assignable to parameter of type '"profiles" | "trip_requests" | "flight_offers" | "booking_requests" | "bookings" | "flight_matches" | "auto_booking_requests" | "booking_attempts" | "feature_flags" | "flight_offers_v2" | "notifications" | "orders" | "payment_methods" | "payments"'.
  Overload 2 of 2, '(relation: never): PostgrestQueryBuilder<{ Tables: { auto_booking_requests: { Row: { created_at: string | null; criteria: Json; id: string; latest_booking_request_id: string | null; price_history: Json; status: string; trip_request_id: string; updated_at: string | null; user_id: string; }; Insert: { ...; }; Update: { ...; }; Relationships: [...]; }; ... 12 more ...; trip_requests: { ...; }; }; Views: {}; Functions: { ...; }; Enums: { ...; }; CompositeTypes: {}; }, never, never, never>', gave the following error.
    Argument of type 'string' is not assignable to parameter of type 'never'.
src/lib/repositories/base.ts(399,13): error TS2739: Type 'PostgrestFilterBuilder<{ Tables: { auto_booking_requests: { Row: { created_at: string | null; criteria: Json; id: string; latest_booking_request_id: string | null; price_history: Json; status: string; trip_request_id: string; updated_at: string | null; user_id: string; }; Insert: { ...; }; Update: { ...; }; Relation...' is missing the following properties from type 'Promise<DatabaseResult>': catch, finally, [Symbol.toStringTag]
src/lib/repositories/base.ts(412,13): error TS2769: No overload matches this call.
  Overload 1 of 2, '(relation: "profiles" | "trip_requests" | "flight_offers" | "booking_requests" | "bookings" | "flight_matches" | "auto_booking_requests" | "booking_attempts" | "feature_flags" | ... 4 more ... | "payments"): PostgrestQueryBuilder<...>', gave the following error.
    Argument of type 'string' is not assignable to parameter of type '"profiles" | "trip_requests" | "flight_offers" | "booking_requests" | "bookings" | "flight_matches" | "auto_booking_requests" | "booking_attempts" | "feature_flags" | "flight_offers_v2" | "notifications" | "orders" | "payment_methods" | "payments"'.
  Overload 2 of 2, '(relation: never): PostgrestQueryBuilder<{ Tables: { auto_booking_requests: { Row: { created_at: string | null; criteria: Json; id: string; latest_booking_request_id: string | null; price_history: Json; status: string; trip_request_id: string; updated_at: string | null; user_id: string; }; Insert: { ...; }; Update: { ...; }; Relationships: [...]; }; ... 12 more ...; trip_requests: { ...; }; }; Views: {}; Functions: { ...; }; Enums: { ...; }; CompositeTypes: {}; }, never, never, never>', gave the following error.
    Argument of type 'string' is not assignable to parameter of type 'never'.
src/lib/repositories/base.ts(419,13): error TS2739: Type 'PostgrestFilterBuilder<{ Tables: { auto_booking_requests: { Row: { created_at: string | null; criteria: Json; id: string; latest_booking_request_id: string | null; price_history: Json; status: string; trip_request_id: string; updated_at: string | null; user_id: string; }; Insert: { ...; }; Update: { ...; }; Relation...' is missing the following properties from type 'Promise<DatabaseResult>': catch, finally, [Symbol.toStringTag]
src/lib/repositories/base.ts(446,13): error TS2352: Conversion of type 'PostgrestFilterBuilder<{ Tables: { auto_booking_requests: { Row: { created_at: string | null; criteria: Json; id: string; latest_booking_request_id: string | null; price_history: Json; status: string; trip_request_id: string; updated_at: string | null; user_id: string; }; Insert: { ...; }; Update: { ...; }; Relation...' to type 'Promise<DatabaseResult>' may be a mistake because neither type sufficiently overlaps with the other. If this was intentional, convert the expression to 'unknown' first.
  Type 'PostgrestFilterBuilder<{ Tables: { auto_booking_requests: { Row: { created_at: string | null; criteria: Json; id: string; latest_booking_request_id: string | null; price_history: Json; status: string; trip_request_id: string; updated_at: string | null; user_id: string; }; Insert: { ...; }; Update: { ...; }; Relation...' is missing the following properties from type 'Promise<DatabaseResult>': catch, finally, [Symbol.toStringTag]
src/lib/repositories/base.ts(446,29): error TS2345: Argument of type 'string' is not assignable to parameter of type '"get_reminder_candidates" | "rpc_auto_book_match"'.
src/lib/repositories/tripRequestRepository.ts(146,90): error TS2345: Argument of type 'number | undefined' is not assignable to parameter of type 'number'.
  Type 'undefined' is not assignable to type 'number'.
src/main.tsx(45,33): error TS2345: Argument of type '() => JSX.Element' is not assignable to parameter of type '{ children: ReactNode; }'.
src/main.tsx(46,56): error TS2604: JSX element type 'WrappedApp' does not have any construct or call signatures.
src/main.tsx(46,56): error TS2786: 'WrappedApp' cannot be used as a JSX component.
  Its type 'Element' is not a valid JSX element type.
src/pages/Dashboard.tsx(55,31): error TS2339: Property 'signOut' does not exist on type '{ getUser: () => Promise<{ data: { user: null; }; error: null; }>; getSession: () => Promise<{ data: { session: null; }; error: null; }>; } | SupabaseAuthClient'.
  Property 'signOut' does not exist on type '{ getUser: () => Promise<{ data: { user: null; }; error: null; }>; getSession: () => Promise<{ data: { session: null; }; error: null; }>; }'.
src/pages/Dashboard.tsx(76,50): error TS2339: Property 'onAuthStateChange' does not exist on type '{ getUser: () => Promise<{ data: { user: null; }; error: null; }>; getSession: () => Promise<{ data: { session: null; }; error: null; }>; } | SupabaseAuthClient'.
  Property 'onAuthStateChange' does not exist on type '{ getUser: () => Promise<{ data: { user: null; }; error: null; }>; getSession: () => Promise<{ data: { session: null; }; error: null; }>; }'.
src/pages/Dashboard.tsx(76,69): error TS7006: Parameter 'event' implicitly has an 'any' type.
src/pages/Dashboard.tsx(76,76): error TS7006: Parameter 'session' implicitly has an 'any' type.
src/pages/Dashboard.tsx(102,8): error TS2339: Property 'channel' does not exist on type 'SupabaseClient<Database, "public", any> | MockSupabaseClient'.
  Property 'channel' does not exist on type 'MockSupabaseClient'.
src/pages/Dashboard.tsx(111,10): error TS7006: Parameter 'payload' implicitly has an 'any' type.
src/pages/Dashboard.tsx(166,16): error TS2339: Property 'removeChannel' does not exist on type 'SupabaseClient<Database, "public", any> | MockSupabaseClient'.
  Property 'removeChannel' does not exist on type 'MockSupabaseClient'.
src/pages/Dashboard.tsx(193,8): error TS2339: Property 'order' does not exist on type '{ then: (callback: (result: { data: unknown[]; error: null; }) => void) => Promise<{ data: unknown[]; error: null; }>; not: (column: string, value: unknown) => { then: (callback: (result: { data: unknown[]; error: null; }) => void) => Promise<...>; }; single: () => Promise<...>; } | PostgrestFilterBuilder<...>'.
  Property 'order' does not exist on type '{ then: (callback: (result: { data: unknown[]; error: null; }) => void) => Promise<{ data: unknown[]; error: null; }>; not: (column: string, value: unknown) => { then: (callback: (result: { data: unknown[]; error: null; }) => void) => Promise<...>; }; single: () => Promise<...>; }'.
src/pages/Dashboard.tsx(207,8): error TS2339: Property 'order' does not exist on type '{ then: (callback: (result: { data: unknown[]; error: null; }) => void) => Promise<{ data: unknown[]; error: null; }>; not: (column: string, value: unknown) => { then: (callback: (result: { data: unknown[]; error: null; }) => void) => Promise<...>; }; single: () => Promise<...>; } | PostgrestFilterBuilder<...>'.
  Property 'order' does not exist on type '{ then: (callback: (result: { data: unknown[]; error: null; }) => void) => Promise<{ data: unknown[]; error: null; }>; not: (column: string, value: unknown) => { then: (callback: (result: { data: unknown[]; error: null; }) => void) => Promise<...>; }; single: () => Promise<...>; }'.
src/pages/Dashboard.tsx(221,10): error TS2339: Property 'update' does not exist on type '{ select: (columns?: string | undefined) => { eq: (column: string, value: unknown) => { then: (callback: (result: { data: unknown[]; error: null; }) => void) => Promise<{ data: unknown[]; error: null; }>; not: (column: string, value: unknown) => { ...; }; single: () => Promise<...>; }; }; } | PostgrestQueryBuilder<....'.
  Property 'update' does not exist on type '{ select: (columns?: string | undefined) => { eq: (column: string, value: unknown) => { then: (callback: (result: { data: unknown[]; error: null; }) => void) => Promise<{ data: unknown[]; error: null; }>; not: (column: string, value: unknown) => { ...; }; single: () => Promise<...>; }; }; }'.
src/pages/Dashboard.tsx(255,27): error TS2339: Property 'signOut' does not exist on type '{ getUser: () => Promise<{ data: { user: null; }; error: null; }>; getSession: () => Promise<{ data: { session: null; }; error: null; }>; } | SupabaseAuthClient'.
  Property 'signOut' does not exist on type '{ getUser: () => Promise<{ data: { user: null; }; error: null; }>; getSession: () => Promise<{ data: { session: null; }; error: null; }>; }'.
src/pages/Dashboard.tsx(602,39): error TS2322: Type 'unknown' is not assignable to type 'ReactNode'.
src/pages/DuffelTest.tsx(12,52): error TS2300: Duplicate identifier 'User'.
src/pages/DuffelTest.tsx(21,15): error TS2300: Duplicate identifier 'User'.
src/pages/DuffelTest.tsx(25,32): error TS2749: 'User' refers to a value, but is being used as a type here. Did you mean 'typeof User'?
src/pages/DuffelTest.tsx(31,5): error TS2820: Type '"Mr"' is not assignable to type '"ms" | "mr" | "mrs" | "miss" | "dr"'. Did you mean '"mr"'?
src/pages/DuffelTest.tsx(50,54): error TS2339: Property 'onAuthStateChange' does not exist on type '{ getUser: () => Promise<{ data: { user: null; }; error: null; }>; getSession: () => Promise<{ data: { session: null; }; error: null; }>; } | SupabaseAuthClient'.
  Property 'onAuthStateChange' does not exist on type '{ getUser: () => Promise<{ data: { user: null; }; error: null; }>; getSession: () => Promise<{ data: { session: null; }; error: null; }>; }'.
src/pages/DuffelTest.tsx(50,73): error TS7006: Parameter '_event' implicitly has an 'any' type.
src/pages/DuffelTest.tsx(50,81): error TS7006: Parameter 'session' implicitly has an 'any' type.
src/pages/DuffelTest.tsx(62,45): error TS2339: Property 'signInWithPassword' does not exist on type '{ getUser: () => Promise<{ data: { user: null; }; error: null; }>; getSession: () => Promise<{ data: { session: null; }; error: null; }>; } | SupabaseAuthClient'.
  Property 'signInWithPassword' does not exist on type '{ getUser: () => Promise<{ data: { user: null; }; error: null; }>; getSession: () => Promise<{ data: { session: null; }; error: null; }>; }'.
src/pages/DuffelTest.tsx(82,25): error TS2339: Property 'signOut' does not exist on type '{ getUser: () => Promise<{ data: { user: null; }; error: null; }>; getSession: () => Promise<{ data: { session: null; }; error: null; }>; } | SupabaseAuthClient'.
  Property 'signOut' does not exist on type '{ getUser: () => Promise<{ data: { user: null; }; error: null; }>; getSession: () => Promise<{ data: { session: null; }; error: null; }>; }'.
src/pages/DuffelTest.tsx(89,5): error TS2339: Property '_isSearching' does not exist on type 'UseDuffelFlightsReturn'.
src/pages/Login.tsx(90,50): error TS2339: Property 'onAuthStateChange' does not exist on type '{ getUser: () => Promise<{ data: { user: null; }; error: null; }>; getSession: () => Promise<{ data: { session: null; }; error: null; }>; } | SupabaseAuthClient'.
  Property 'onAuthStateChange' does not exist on type '{ getUser: () => Promise<{ data: { user: null; }; error: null; }>; getSession: () => Promise<{ data: { session: null; }; error: null; }>; }'.
src/pages/Login.tsx(90,69): error TS7006: Parameter 'event' implicitly has an 'any' type.
src/pages/Login.tsx(90,76): error TS7006: Parameter 'session' implicitly has an 'any' type.
src/pages/Login.tsx(194,45): error TS2339: Property 'signInWithOAuth' does not exist on type '{ getUser: () => Promise<{ data: { user: null; }; error: null; }>; getSession: () => Promise<{ data: { session: null; }; error: null; }>; } | SupabaseAuthClient'.
  Property 'signInWithOAuth' does not exist on type '{ getUser: () => Promise<{ data: { user: null; }; error: null; }>; getSession: () => Promise<{ data: { session: null; }; error: null; }>; }'.
src/pages/Profile.tsx(87,9): error TS2322: Type 'ProfileCompletenessScore | { overall: number; categories: { basic_info: number; contact_info: number; travel_documents: number; preferences: number; verification: number; }; missing_fields: string[]; recommendations: Record<...>[]; }' is not assignable to type 'ProfileCompletenessScore'.
  Type '{ overall: number; categories: { basic_info: number; contact_info: number; travel_documents: number; preferences: number; verification: number; }; missing_fields: string[]; recommendations: Record<string, unknown>[]; }' is not assignable to type 'ProfileCompletenessScore'.
    Types of property 'recommendations' are incompatible.
      Type 'Record<string, unknown>[]' is not assignable to type 'ProfileRecommendation[]'.
        Type 'Record<string, unknown>' is missing the following properties from type 'ProfileRecommendation': category, priority, title, description, and 2 more.
src/pages/Profile.tsx(248,9): error TS2322: Type 'ProfileCompletenessScore | { overall: number; categories: { basic_info: number; contact_info: number; travel_documents: number; preferences: number; verification: number; }; missing_fields: string[]; recommendations: Record<...>[]; }' is not assignable to type 'ProfileCompletenessScore'.
  Type '{ overall: number; categories: { basic_info: number; contact_info: number; travel_documents: number; preferences: number; verification: number; }; missing_fields: string[]; recommendations: Record<string, unknown>[]; }' is not assignable to type 'ProfileCompletenessScore'.
    Types of property 'recommendations' are incompatible.
      Type 'Record<string, unknown>[]' is not assignable to type 'ProfileRecommendation[]'.
        Type 'Record<string, unknown>' is missing the following properties from type 'ProfileRecommendation': category, priority, title, description, and 2 more.
src/pages/TripConfirm.tsx(49,22): error TS2339: Property 'booking_url' does not exist on type '{}'.
src/pages/TripConfirm.tsx(52,48): error TS2339: Property 'airline' does not exist on type '{}'.
src/pages/TripConfirm.tsx(58,33): error TS2339: Property 'booking_url' does not exist on type '{}'.
src/pages/TripConfirm.tsx(157,48): error TS2339: Property 'trip_request_id' does not exist on type '{}'.
src/pages/TripConfirm.tsx(167,33): error TS2339: Property 'trip_request_id' does not exist on type '{}'.
src/pages/TripConfirm.tsx(174,49): error TS2339: Property 'auto_book_enabled' does not exist on type '{}'.
src/pages/TripConfirm.tsx(255,8): error TS2339: Property 'channel' does not exist on type 'SupabaseClient<Database, "public", any> | MockSupabaseClient'.
  Property 'channel' does not exist on type 'MockSupabaseClient'.
src/pages/TripConfirm.tsx(309,10): error TS2339: Property 'insert' does not exist on type '{ select: (columns?: string | undefined) => { eq: (column: string, value: unknown) => { then: (callback: (result: { data: unknown[]; error: null; }) => void) => Promise<{ data: unknown[]; error: null; }>; not: (column: string, value: unknown) => { ...; }; single: () => Promise<...>; }; }; } | PostgrestQueryBuilder<....'.
  Property 'insert' does not exist on type '{ select: (columns?: string | undefined) => { eq: (column: string, value: unknown) => { then: (callback: (result: { data: unknown[]; error: null; }) => void) => Promise<{ data: unknown[]; error: null; }>; not: (column: string, value: unknown) => { ...; }; single: () => Promise<...>; }; }; }'.
src/pages/TripOffersV2.tsx(179,21): error TS2345: Argument of type 'unknown' is not assignable to parameter of type 'string | URL | undefined'.
src/pages/TripOffersV2.tsx(190,22): error TS2345: Argument of type 'unknown' is not assignable to parameter of type 'string'.
src/pages/TripOffersV2.tsx(192,41): error TS18046: 'offer.id' is of type 'unknown'.
src/pages/TripOffersV2.tsx(193,25): error TS18046: 'offer.priceTotal' is of type 'unknown'.
src/pages/TripOffersV2.tsx(194,34): error TS18046: 'offer.departDt' is of type 'unknown'.
src/pages/TripOffersV2.tsx(195,43): error TS2769: No overload matches this call.
  Overload 1 of 4, '(value: string | number | Date): Date', gave the following error.
    Argument of type 'unknown' is not assignable to parameter of type 'string | number | Date'.
  Overload 2 of 4, '(value: string | number): Date', gave the following error.
    Argument of type 'unknown' is not assignable to parameter of type 'string | number'.
src/pages/TripOffersV2.tsx(196,63): error TS2339: Property 'split' does not exist on type '{}'.
src/pages/TripOffersV2.tsx(196,79): error TS18046: 'offer.departDt' is of type 'unknown'.
src/pages/TripOffersV2.tsx(197,57): error TS2769: No overload matches this call.
  Overload 1 of 4, '(value: string | number | Date): Date', gave the following error.
    Argument of type '{}' is not assignable to parameter of type 'string | number | Date'.
  Overload 2 of 4, '(value: string | number): Date', gave the following error.
    Argument of type '{}' is not assignable to parameter of type 'string | number'.
src/pages/TripOffersV2.tsx(197,105): error TS2769: No overload matches this call.
  Overload 1 of 4, '(value: string | number | Date): Date', gave the following error.
    Argument of type 'unknown' is not assignable to parameter of type 'string | number | Date'.
  Overload 2 of 4, '(value: string | number): Date', gave the following error.
    Argument of type 'unknown' is not assignable to parameter of type 'string | number'.
src/pages/TripOffersV2.tsx(199,27): error TS2769: No overload matches this call.
  Overload 1 of 4, '(value: string | number | Date): Date', gave the following error.
    Argument of type '{}' is not assignable to parameter of type 'string | number | Date'.
  Overload 2 of 4, '(value: string | number): Date', gave the following error.
    Argument of type '{}' is not assignable to parameter of type 'string | number'.
src/pages/TripOffersV2.tsx(199,64): error TS2769: No overload matches this call.
  Overload 1 of 4, '(value: string | number | Date): Date', gave the following error.
    Argument of type 'unknown' is not assignable to parameter of type 'string | number | Date'.
  Overload 2 of 4, '(value: string | number): Date', gave the following error.
    Argument of type 'unknown' is not assignable to parameter of type 'string | number'.
src/pages/TripOffersV2.tsx(299,54): error TS2345: Argument of type 'FlightOfferV2' is not assignable to parameter of type 'Record<string, unknown>'.
  Index signature for type 'string' is missing in type 'FlightOfferV2'.
src/pages/TripOffersV2Enhanced.tsx(295,56): error TS2345: Argument of type 'ScoredOffer' is not assignable to parameter of type 'Record<string, unknown>'.
  Index signature for type 'string' is missing in type 'ScoredOffer'.
src/pages/TripOffersWithPools.tsx(34,9): error TS2322: Type 'TripDetails | undefined' is not assignable to type 'TripDetails | null'.
  Type 'undefined' is not assignable to type 'TripDetails | null'.
src/pages/Wallet.tsx(166,26): error TS18048: 'pm.brand' is possibly 'undefined'.
src/serverActions/getFlightOffers.test.ts(47,41): error TS2339: Property 'mockClear' does not exist on type '((functionName: string, options?: unknown) => Promise<{ data: null; error: null; }>) | (<T = any>(functionName: string, options?: FunctionInvokeOptions | undefined) => Promise<...>)'.
  Property 'mockClear' does not exist on type '(functionName: string, options?: unknown) => Promise<{ data: null; error: null; }>'.
src/serverActions/getFlightOffers.test.ts(67,48): error TS2345: Argument of type '(tableName: string) => { select: Mock<Procedure>; }' is not assignable to parameter of type 'NormalizedProcedure<(table: string) => { select: (columns?: string | undefined) => { eq: (column: string, value: unknown) => { then: (callback: (result: { data: unknown[]; error: null; }) => void) => Promise<{ data: unknown[]; error: null; }>; not: (column: string, value: unknown) => { ...; }; single: () => Promise<...'.
  Type '(tableName: string) => { select: Mock<Procedure>; }' is not assignable to type 'NormalizedProcedure<{ <TableName extends string, Table extends any>(relation: TableName): PostgrestQueryBuilder<any, Table, TableName, Table extends { Relationships: infer R; } ? R : unknown>; <ViewName extends string, View extends any>(relation: ViewName): PostgrestQueryBuilder<...>; }>'.
    Type '{ select: Mock<Procedure>; }' is missing the following properties from type 'PostgrestQueryBuilder<any, any, string, unknown>': url, headers, insert, upsert, and 2 more.
src/serverActions/getFlightOffers.test.ts(107,48): error TS2345: Argument of type '(tableName: string) => { select: Mock<Procedure>; }' is not assignable to parameter of type 'NormalizedProcedure<(table: string) => { select: (columns?: string | undefined) => { eq: (column: string, value: unknown) => { then: (callback: (result: { data: unknown[]; error: null; }) => void) => Promise<{ data: unknown[]; error: null; }>; not: (column: string, value: unknown) => { ...; }; single: () => Promise<...'.
  Type '(tableName: string) => { select: Mock<Procedure>; }' is not assignable to type 'NormalizedProcedure<{ <TableName extends string, Table extends any>(relation: TableName): PostgrestQueryBuilder<any, Table, TableName, Table extends { Relationships: infer R; } ? R : unknown>; <ViewName extends string, View extends any>(relation: ViewName): PostgrestQueryBuilder<...>; }>'.
    Type '{ select: Mock<Procedure>; }' is missing the following properties from type 'PostgrestQueryBuilder<any, any, string, unknown>': url, headers, insert, upsert, and 2 more.
src/serverActions/getFlightOffers.test.ts(166,48): error TS2345: Argument of type '(tableName: string) => { select: Mock<Procedure>; }' is not assignable to parameter of type 'NormalizedProcedure<(table: string) => { select: (columns?: string | undefined) => { eq: (column: string, value: unknown) => { then: (callback: (result: { data: unknown[]; error: null; }) => void) => Promise<{ data: unknown[]; error: null; }>; not: (column: string, value: unknown) => { ...; }; single: () => Promise<...'.
  Type '(tableName: string) => { select: Mock<Procedure>; }' is not assignable to type 'NormalizedProcedure<{ <TableName extends string, Table extends any>(relation: TableName): PostgrestQueryBuilder<any, Table, TableName, Table extends { Relationships: infer R; } ? R : unknown>; <ViewName extends string, View extends any>(relation: ViewName): PostgrestQueryBuilder<...>; }>'.
    Type '{ select: Mock<Procedure>; }' is missing the following properties from type 'PostgrestQueryBuilder<any, any, string, unknown>': url, headers, insert, upsert, and 2 more.
src/serverActions/getFlightOffers.test.ts(250,48): error TS2345: Argument of type '(tableName: string) => { select: Mock<Procedure>; }' is not assignable to parameter of type 'NormalizedProcedure<(table: string) => { select: (columns?: string | undefined) => { eq: (column: string, value: unknown) => { then: (callback: (result: { data: unknown[]; error: null; }) => void) => Promise<{ data: unknown[]; error: null; }>; not: (column: string, value: unknown) => { ...; }; single: () => Promise<...'.
  Type '(tableName: string) => { select: Mock<Procedure>; }' is not assignable to type 'NormalizedProcedure<{ <TableName extends string, Table extends any>(relation: TableName): PostgrestQueryBuilder<any, Table, TableName, Table extends { Relationships: infer R; } ? R : unknown>; <ViewName extends string, View extends any>(relation: ViewName): PostgrestQueryBuilder<...>; }>'.
    Type '{ select: Mock<Procedure>; }' is missing the following properties from type 'PostgrestQueryBuilder<any, any, string, unknown>': url, headers, insert, upsert, and 2 more.
src/serverActions/getFlightOffers.test.ts(291,48): error TS2345: Argument of type '(tableName: string) => { select: Mock<Procedure>; }' is not assignable to parameter of type 'NormalizedProcedure<(table: string) => { select: (columns?: string | undefined) => { eq: (column: string, value: unknown) => { then: (callback: (result: { data: unknown[]; error: null; }) => void) => Promise<{ data: unknown[]; error: null; }>; not: (column: string, value: unknown) => { ...; }; single: () => Promise<...'.
  Type '(tableName: string) => { select: Mock<Procedure>; }' is not assignable to type 'NormalizedProcedure<{ <TableName extends string, Table extends any>(relation: TableName): PostgrestQueryBuilder<any, Table, TableName, Table extends { Relationships: infer R; } ? R : unknown>; <ViewName extends string, View extends any>(relation: ViewName): PostgrestQueryBuilder<...>; }>'.
    Type '{ select: Mock<Procedure>; }' is missing the following properties from type 'PostgrestQueryBuilder<any, any, string, unknown>': url, headers, insert, upsert, and 2 more.
src/serverActions/getFlightOffers.test.ts(332,48): error TS2345: Argument of type '(tableName: string) => { select: Mock<Procedure>; }' is not assignable to parameter of type 'NormalizedProcedure<(table: string) => { select: (columns?: string | undefined) => { eq: (column: string, value: unknown) => { then: (callback: (result: { data: unknown[]; error: null; }) => void) => Promise<{ data: unknown[]; error: null; }>; not: (column: string, value: unknown) => { ...; }; single: () => Promise<...'.
  Type '(tableName: string) => { select: Mock<Procedure>; }' is not assignable to type 'NormalizedProcedure<{ <TableName extends string, Table extends any>(relation: TableName): PostgrestQueryBuilder<any, Table, TableName, Table extends { Relationships: infer R; } ? R : unknown>; <ViewName extends string, View extends any>(relation: ViewName): PostgrestQueryBuilder<...>; }>'.
    Type '{ select: Mock<Procedure>; }' is missing the following properties from type 'PostgrestQueryBuilder<any, any, string, unknown>': url, headers, insert, upsert, and 2 more.
src/serverActions/getFlightOffers.ts(162,20): error TS2339: Property 'return_date' does not exist on type '{}'.
src/serverActions/getFlightOffers.ts(164,5): error TS2322: Type '{ then: (callback: (result: { data: unknown[]; error: null; }) => void) => Promise<{ data: unknown[]; error: null; }>; } | PostgrestFilterBuilder<any, any, any[], "flight_offers_v2", unknown>' is not assignable to type '{ then: (callback: (result: { data: unknown[]; error: null; }) => void) => Promise<{ data: unknown[]; error: null; }>; not: (column: string, value: unknown) => { then: (callback: (result: { data: unknown[]; error: null; }) => void) => Promise<...>; }; single: () => Promise<...>; } | PostgrestFilterBuilder<...>'.
  Type '{ then: (callback: (result: { data: unknown[]; error: null; }) => void) => Promise<{ data: unknown[]; error: null; }>; }' is not assignable to type '{ then: (callback: (result: { data: unknown[]; error: null; }) => void) => Promise<{ data: unknown[]; error: null; }>; not: (column: string, value: unknown) => { then: (callback: (result: { data: unknown[]; error: null; }) => void) => Promise<...>; }; single: () => Promise<...>; } | PostgrestFilterBuilder<...>'.
    Type '{ then: (callback: (result: { data: unknown[]; error: null; }) => void) => Promise<{ data: unknown[]; error: null; }>; }' is missing the following properties from type 'PostgrestFilterBuilder<any, any, any[], "flight_offers_v2", unknown>': eq, neq, gt, gte, and 44 more.
src/services/api/paymentMethodsApiKMS.ts(36,10): error TS2339: Property 'order' does not exist on type '{ eq: (column: string, value: unknown) => { then: (callback: (result: { data: unknown[]; error: null; }) => void) => Promise<{ data: unknown[]; error: null; }>; not: (column: string, value: unknown) => { then: (callback: (result: { data: unknown[]; error: null; }) => void) => Promise<...>; }; single: () => Promise<....'.
  Property 'order' does not exist on type '{ eq: (column: string, value: unknown) => { then: (callback: (result: { data: unknown[]; error: null; }) => void) => Promise<{ data: unknown[]; error: null; }>; not: (column: string, value: unknown) => { then: (callback: (result: { data: unknown[]; error: null; }) => void) => Promise<...>; }; single: () => Promise<....'.
src/services/api/paymentMethodsApiKMS.ts(88,10): error TS2339: Property 'update' does not exist on type '{ select: (columns?: string | undefined) => { eq: (column: string, value: unknown) => { then: (callback: (result: { data: unknown[]; error: null; }) => void) => Promise<{ data: unknown[]; error: null; }>; not: (column: string, value: unknown) => { ...; }; single: () => Promise<...>; }; }; } | PostgrestQueryBuilder<....'.
  Property 'update' does not exist on type '{ select: (columns?: string | undefined) => { eq: (column: string, value: unknown) => { then: (callback: (result: { data: unknown[]; error: null; }) => void) => Promise<{ data: unknown[]; error: null; }>; not: (column: string, value: unknown) => { ...; }; single: () => Promise<...>; }; }; }'.
src/services/api/paymentMethodsApiKMS.ts(114,10): error TS2339: Property 'delete' does not exist on type '{ select: (columns?: string | undefined) => { eq: (column: string, value: unknown) => { then: (callback: (result: { data: unknown[]; error: null; }) => void) => Promise<{ data: unknown[]; error: null; }>; not: (column: string, value: unknown) => { ...; }; single: () => Promise<...>; }; }; } | PostgrestQueryBuilder<....'.
  Property 'delete' does not exist on type '{ select: (columns?: string | undefined) => { eq: (column: string, value: unknown) => { then: (callback: (result: { data: unknown[]; error: null; }) => void) => Promise<{ data: unknown[]; error: null; }>; not: (column: string, value: unknown) => { ...; }; single: () => Promise<...>; }; }; }'.
src/services/campaignService.ts(13,8): error TS2339: Property 'order' does not exist on type '{ then: (callback: (result: { data: unknown[]; error: null; }) => void) => Promise<{ data: unknown[]; error: null; }>; not: (column: string, value: unknown) => { then: (callback: (result: { data: unknown[]; error: null; }) => void) => Promise<...>; }; single: () => Promise<...>; } | PostgrestFilterBuilder<...>'.
  Property 'order' does not exist on type '{ then: (callback: (result: { data: unknown[]; error: null; }) => void) => Promise<{ data: unknown[]; error: null; }>; not: (column: string, value: unknown) => { then: (callback: (result: { data: unknown[]; error: null; }) => void) => Promise<...>; }; single: () => Promise<...>; }'.
src/services/campaignService.ts(47,8): error TS2339: Property 'insert' does not exist on type '{ select: (columns?: string | undefined) => { eq: (column: string, value: unknown) => { then: (callback: (result: { data: unknown[]; error: null; }) => void) => Promise<{ data: unknown[]; error: null; }>; not: (column: string, value: unknown) => { ...; }; single: () => Promise<...>; }; }; } | PostgrestQueryBuilder<....'.
  Property 'insert' does not exist on type '{ select: (columns?: string | undefined) => { eq: (column: string, value: unknown) => { then: (callback: (result: { data: unknown[]; error: null; }) => void) => Promise<{ data: unknown[]; error: null; }>; not: (column: string, value: unknown) => { ...; }; single: () => Promise<...>; }; }; }'.
src/services/campaignService.ts(61,8): error TS2339: Property 'update' does not exist on type '{ select: (columns?: string | undefined) => { eq: (column: string, value: unknown) => { then: (callback: (result: { data: unknown[]; error: null; }) => void) => Promise<{ data: unknown[]; error: null; }>; not: (column: string, value: unknown) => { ...; }; single: () => Promise<...>; }; }; } | PostgrestQueryBuilder<....'.
  Property 'update' does not exist on type '{ select: (columns?: string | undefined) => { eq: (column: string, value: unknown) => { then: (callback: (result: { data: unknown[]; error: null; }) => void) => Promise<{ data: unknown[]; error: null; }>; not: (column: string, value: unknown) => { ...; }; single: () => Promise<...>; }; }; }'.
src/services/campaignService.ts(84,8): error TS2339: Property 'delete' does not exist on type '{ select: (columns?: string | undefined) => { eq: (column: string, value: unknown) => { then: (callback: (result: { data: unknown[]; error: null; }) => void) => Promise<{ data: unknown[]; error: null; }>; not: (column: string, value: unknown) => { ...; }; single: () => Promise<...>; }; }; } | PostgrestQueryBuilder<....'.
  Property 'delete' does not exist on type '{ select: (columns?: string | undefined) => { eq: (column: string, value: unknown) => { then: (callback: (result: { data: unknown[]; error: null; }) => void) => Promise<{ data: unknown[]; error: null; }>; not: (column: string, value: unknown) => { ...; }; single: () => Promise<...>; }; }; }'.
src/services/campaignService.ts(114,8): error TS2339: Property 'insert' does not exist on type '{ select: (columns?: string | undefined) => { eq: (column: string, value: unknown) => { then: (callback: (result: { data: unknown[]; error: null; }) => void) => Promise<{ data: unknown[]; error: null; }>; not: (column: string, value: unknown) => { ...; }; single: () => Promise<...>; }; }; } | PostgrestQueryBuilder<....'.
  Property 'insert' does not exist on type '{ select: (columns?: string | undefined) => { eq: (column: string, value: unknown) => { then: (callback: (result: { data: unknown[]; error: null; }) => void) => Promise<{ data: unknown[]; error: null; }>; not: (column: string, value: unknown) => { ...; }; single: () => Promise<...>; }; }; }'.
src/services/campaignService.ts(135,7): error TS2739: Type 'Record<string, unknown>' is missing the following properties from type 'CampaignCriteria': destination, departure_dates, max_price, direct_flights_only
src/services/campaignService.ts(136,7): error TS2322: Type 'Record<string, unknown>[]' is not assignable to type '{ timestamp: string; price: number; currency: string; offerId?: string | undefined; }[]'.
  Type 'Record<string, unknown>' is missing the following properties from type '{ timestamp: string; price: number; currency: string; offerId?: string | undefined; }': timestamp, price, currency
src/services/currencyService.ts(168,22): error TS2339: Property 'preferred_currency' does not exist on type '{}'.
src/services/currencyService.ts(169,26): error TS2339: Property 'preferred_currency' does not exist on type '{}'.
src/services/currencyService.ts(346,8): error TS2339: Property 'upsert' does not exist on type '{ select: (columns?: string | undefined) => { eq: (column: string, value: unknown) => { then: (callback: (result: { data: unknown[]; error: null; }) => void) => Promise<{ data: unknown[]; error: null; }>; not: (column: string, value: unknown) => { ...; }; single: () => Promise<...>; }; }; } | PostgrestQueryBuilder<....'.
  Property 'upsert' does not exist on type '{ select: (columns?: string | undefined) => { eq: (column: string, value: unknown) => { then: (callback: (result: { data: unknown[]; error: null; }) => void) => Promise<{ data: unknown[]; error: null; }>; not: (column: string, value: unknown) => { ...; }; single: () => Promise<...>; }; }; }'.
src/services/duffelService.ts(194,13): error TS18046: 'error' is of type 'unknown'.
src/services/duffelService.ts(213,21): error TS18046: 'error' is of type 'unknown'.
src/services/duffelService.ts(302,5): error TS2322: Type 'string' is not assignable to type '"ms" | "mr" | "mrs" | "miss" | "dr"'.
src/services/duffelService.ts(303,5): error TS2322: Type 'string' is not assignable to type '"male" | "female"'.
src/services/flightApi.client.ts(28,21): error TS7053: Element implicitly has an 'any' type because expression of type '0' can't be used to index type '{}'.
  Property '0' does not exist on type '{}'.
src/services/flightApi.client.ts(29,26): error TS7053: Element implicitly has an 'any' type because expression of type '1' can't be used to index type '{}'.
  Property '1' does not exist on type '{}'.
src/services/flightApi.client.ts(35,14): error TS7053: Element implicitly has an 'any' type because expression of type '0' can't be used to index type '{}'.
  Property '0' does not exist on type '{}'.
src/services/flightApi.client.ts(36,28): error TS2339: Property 'total' does not exist on type '{}'.
src/services/stripeService.ts(135,9): error TS2322: Type 'PaymentMethodParams' is not assignable to type 'string | Omit<CreatePaymentMethodCardData, "type"> | undefined'.
  Type 'PaymentMethodParams' is not assignable to type 'Omit<CreatePaymentMethodCardData, "type">'.
    Types of property 'card' are incompatible.
      Type 'unknown' is not assignable to type 'StripeCardElement | StripeCardNumberElement | { token: string; }'.
src/services/stripeService.ts(245,50): error TS18046: 'error' is of type 'unknown'.
src/services/stripeWalletService.ts(10,3): error TS2322: Type '"2024-06-20"' is not assignable to type '"2025-06-30.basil"'.
src/services/stripeWalletService.ts(280,35): error TS2339: Property 'id' does not exist on type 'never'.
src/services/tripOffersService.ts(129,58): error TS2339: Property 'order' does not exist on type '{ then: (callback: (result: { data: unknown[]; error: null; }) => void) => Promise<{ data: unknown[]; error: null; }>; not: (column: string, value: unknown) => { then: (callback: (result: { data: unknown[]; error: null; }) => void) => Promise<...>; }; single: () => Promise<...>; } | PostgrestFilterBuilder<...>'.
  Property 'order' does not exist on type '{ then: (callback: (result: { data: unknown[]; error: null; }) => void) => Promise<{ data: unknown[]; error: null; }>; not: (column: string, value: unknown) => { then: (callback: (result: { data: unknown[]; error: null; }) => void) => Promise<...>; }; single: () => Promise<...>; }'.
src/services/tripOffersService.ts(146,8): error TS2339: Property 'order' does not exist on type '{ then: (callback: (result: { data: unknown[]; error: null; }) => void) => Promise<{ data: unknown[]; error: null; }>; not: (column: string, value: unknown) => { then: (callback: (result: { data: unknown[]; error: null; }) => void) => Promise<...>; }; single: () => Promise<...>; } | PostgrestFilterBuilder<...>'.
  Property 'order' does not exist on type '{ then: (callback: (result: { data: unknown[]; error: null; }) => void) => Promise<{ data: unknown[]; error: null; }>; not: (column: string, value: unknown) => { then: (callback: (result: { data: unknown[]; error: null; }) => void) => Promise<...>; }; single: () => Promise<...>; }'.
src/services/tripOffersService.ts(387,6): error TS2339: Property 'insert' does not exist on type '{ select: (columns?: string | undefined) => { eq: (column: string, value: unknown) => { then: (callback: (result: { data: unknown[]; error: null; }) => void) => Promise<{ data: unknown[]; error: null; }>; not: (column: string, value: unknown) => { ...; }; single: () => Promise<...>; }; }; } | PostgrestQueryBuilder<....'.
  Property 'insert' does not exist on type '{ select: (columns?: string | undefined) => { eq: (column: string, value: unknown) => { then: (callback: (result: { data: unknown[]; error: null; }) => void) => Promise<{ data: unknown[]; error: null; }>; not: (column: string, value: unknown) => { ...; }; single: () => Promise<...>; }; }; }'.
src/services/tripService.ts(35,5): error TS2322: Type 'string | null' is not assignable to type 'string'.
  Type 'null' is not assignable to type 'string'.
src/services/tripService.ts(57,8): error TS2339: Property 'insert' does not exist on type '{ select: (columns?: string | undefined) => { eq: (column: string, value: unknown) => { then: (callback: (result: { data: unknown[]; error: null; }) => void) => Promise<{ data: unknown[]; error: null; }>; not: (column: string, value: unknown) => { ...; }; single: () => Promise<...>; }; }; } | PostgrestQueryBuilder<....'.
  Property 'insert' does not exist on type '{ select: (columns?: string | undefined) => { eq: (column: string, value: unknown) => { then: (callback: (result: { data: unknown[]; error: null; }) => void) => Promise<{ data: unknown[]; error: null; }>; not: (column: string, value: unknown) => { ...; }; single: () => Promise<...>; }; }; }'.
src/services/tripService.ts(122,5): error TS2322: Type '{ then: (callback: (result: { data: unknown[]; error: null; }) => void) => Promise<{ data: unknown[]; error: null; }>; } | PostgrestFilterBuilder<any, any, any[], "flight_offers_v2", unknown>' is not assignable to type '{ then: (callback: (result: { data: unknown[]; error: null; }) => void) => Promise<{ data: unknown[]; error: null; }>; not: (column: string, value: unknown) => { then: (callback: (result: { data: unknown[]; error: null; }) => void) => Promise<...>; }; single: () => Promise<...>; } | PostgrestFilterBuilder<...>'.
  Type '{ then: (callback: (result: { data: unknown[]; error: null; }) => void) => Promise<{ data: unknown[]; error: null; }>; }' is not assignable to type '{ then: (callback: (result: { data: unknown[]; error: null; }) => void) => Promise<{ data: unknown[]; error: null; }>; not: (column: string, value: unknown) => { then: (callback: (result: { data: unknown[]; error: null; }) => void) => Promise<...>; }; single: () => Promise<...>; } | PostgrestFilterBuilder<...>'.
    Type '{ then: (callback: (result: { data: unknown[]; error: null; }) => void) => Promise<{ data: unknown[]; error: null; }>; }' is missing the following properties from type 'PostgrestFilterBuilder<any, any, any[], "flight_offers_v2", unknown>': eq, neq, gt, gte, and 44 more.
src/services/tripService.ts(126,6): error TS2339: Property 'order' does not exist on type '{ then: (callback: (result: { data: unknown[]; error: null; }) => void) => Promise<{ data: unknown[]; error: null; }>; not: (column: string, value: unknown) => { then: (callback: (result: { data: unknown[]; error: null; }) => void) => Promise<...>; }; single: () => Promise<...>; } | PostgrestFilterBuilder<...>'.
  Property 'order' does not exist on type '{ then: (callback: (result: { data: unknown[]; error: null; }) => void) => Promise<{ data: unknown[]; error: null; }>; not: (column: string, value: unknown) => { then: (callback: (result: { data: unknown[]; error: null; }) => void) => Promise<...>; }; single: () => Promise<...>; }'.
src/services/typedSupabaseService.ts(85,8): error TS2339: Property 'insert' does not exist on type '{ select: (columns?: string | undefined) => { eq: (column: string, value: unknown) => { then: (callback: (result: { data: unknown[]; error: null; }) => void) => Promise<{ data: unknown[]; error: null; }>; not: (column: string, value: unknown) => { ...; }; single: () => Promise<...>; }; }; } | PostgrestQueryBuilder<....'.
  Property 'insert' does not exist on type '{ select: (columns?: string | undefined) => { eq: (column: string, value: unknown) => { then: (callback: (result: { data: unknown[]; error: null; }) => void) => Promise<{ data: unknown[]; error: null; }>; not: (column: string, value: unknown) => { ...; }; single: () => Promise<...>; }; }; }'.
src/services/typedSupabaseService.ts(112,8): error TS2339: Property 'update' does not exist on type '{ select: (columns?: string | undefined) => { eq: (column: string, value: unknown) => { then: (callback: (result: { data: unknown[]; error: null; }) => void) => Promise<{ data: unknown[]; error: null; }>; not: (column: string, value: unknown) => { ...; }; single: () => Promise<...>; }; }; } | PostgrestQueryBuilder<....'.
  Property 'update' does not exist on type '{ select: (columns?: string | undefined) => { eq: (column: string, value: unknown) => { then: (callback: (result: { data: unknown[]; error: null; }) => void) => Promise<{ data: unknown[]; error: null; }>; not: (column: string, value: unknown) => { ...; }; single: () => Promise<...>; }; }; }'.
src/services/typedSupabaseService.ts(164,8): error TS2339: Property 'update' does not exist on type '{ select: (columns?: string | undefined) => { eq: (column: string, value: unknown) => { then: (callback: (result: { data: unknown[]; error: null; }) => void) => Promise<{ data: unknown[]; error: null; }>; not: (column: string, value: unknown) => { ...; }; single: () => Promise<...>; }; }; } | PostgrestQueryBuilder<....'.
  Property 'update' does not exist on type '{ select: (columns?: string | undefined) => { eq: (column: string, value: unknown) => { then: (callback: (result: { data: unknown[]; error: null; }) => void) => Promise<{ data: unknown[]; error: null; }>; not: (column: string, value: unknown) => { ...; }; single: () => Promise<...>; }; }; }'.
src/services/typedSupabaseService.ts(228,8): error TS2339: Property 'insert' does not exist on type '{ select: (columns?: string | undefined) => { eq: (column: string, value: unknown) => { then: (callback: (result: { data: unknown[]; error: null; }) => void) => Promise<{ data: unknown[]; error: null; }>; not: (column: string, value: unknown) => { ...; }; single: () => Promise<...>; }; }; } | PostgrestQueryBuilder<....'.
  Property 'insert' does not exist on type '{ select: (columns?: string | undefined) => { eq: (column: string, value: unknown) => { then: (callback: (result: { data: unknown[]; error: null; }) => void) => Promise<{ data: unknown[]; error: null; }>; not: (column: string, value: unknown) => { ...; }; single: () => Promise<...>; }; }; }'.
src/services/typedSupabaseService.ts(253,8): error TS2339: Property 'update' does not exist on type '{ select: (columns?: string | undefined) => { eq: (column: string, value: unknown) => { then: (callback: (result: { data: unknown[]; error: null; }) => void) => Promise<{ data: unknown[]; error: null; }>; not: (column: string, value: unknown) => { ...; }; single: () => Promise<...>; }; }; } | PostgrestQueryBuilder<....'.
  Property 'update' does not exist on type '{ select: (columns?: string | undefined) => { eq: (column: string, value: unknown) => { then: (callback: (result: { data: unknown[]; error: null; }) => void) => Promise<{ data: unknown[]; error: null; }>; not: (column: string, value: unknown) => { ...; }; single: () => Promise<...>; }; }; }'.
src/services/typedSupabaseService.ts(309,8): error TS2339: Property 'limit' does not exist on type '{ eq: (column: string, value: unknown) => { then: (callback: (result: { data: unknown[]; error: null; }) => void) => Promise<{ data: unknown[]; error: null; }>; not: (column: string, value: unknown) => { then: (callback: (result: { data: unknown[]; error: null; }) => void) => Promise<...>; }; single: () => Promise<....'.
  Property 'limit' does not exist on type '{ eq: (column: string, value: unknown) => { then: (callback: (result: { data: unknown[]; error: null; }) => void) => Promise<{ data: unknown[]; error: null; }>; not: (column: string, value: unknown) => { then: (callback: (result: { data: unknown[]; error: null; }) => void) => Promise<...>; }; single: () => Promise<....'.
src/services/typedSupabaseService.ts(313,30): error TS7006: Parameter 'row' implicitly has an 'any' type.
src/stores/useFormStore.ts(18,10): error TS2614: Module '"@/services/form-config.service"' has no exported member 'formConfigService'. Did you mean to use 'import formConfigService from "@/services/form-config.service"' instead?
src/stores/useFormStore.ts(425,46): error TS2352: Conversion of type 'Map<string, FormConfiguration>' to type '[string, FormConfiguration][]' may be a mistake because neither type sufficiently overlaps with the other. If this was intentional, convert the expression to 'unknown' first.
  Type 'Map<string, FormConfiguration>' is missing the following properties from type '[string, FormConfiguration][]': length, pop, push, concat, and 24 more.
src/stores/useFormStore.ts(426,45): error TS2352: Conversion of type 'Map<string, { configId: string; values: Record<string, unknown>; errors: Record<string, string>; touched: Record<string, boolean>; isSubmitting: boolean; }>' to type '[string, { configId: string; values: Record<string, unknown>; errors: Record<string, string>; touched: Record<string, boolean>; isSubmitting: boolean; }][]' may be a mistake because neither type sufficiently overlaps with the other. If this was intentional, convert the expression to 'unknown' first.
  Type 'Map<string, { configId: string; values: Record<string, unknown>; errors: Record<string, string>; touched: Record<string, boolean>; isSubmitting: boolean; }>' is missing the following properties from type '[string, { configId: string; values: Record<string, unknown>; errors: Record<string, string>; touched: Record<string, boolean>; isSubmitting: boolean; }][]': length, pop, push, concat, and 24 more.
src/test/mocks/jest-axe.ts(2,20): error TS2304: Cannot find name 'vi'.
src/test/mocks/jest-axe.ts(3,35): error TS2304: Cannot find name 'expect'.
src/test/mocks/jest-axe.ts(4,22): error TS7006: Parameter 'received' implicitly has an 'any' type.
src/test/mocks/jest-axe.ts(21,29): error TS2304: Cannot find name 'vi'.
src/tests/components/dashboard/TripHistory.test.tsx(43,48): error TS2345: Argument of type '(tableName: string) => { select: ReturnType<typeof vi.fn>; eq: ReturnType<typeof vi.fn>; order: typeof mockOrder; }' is not assignable to parameter of type 'NormalizedProcedure<(table: string) => { select: (columns?: string | undefined) => { eq: (column: string, value: unknown) => { then: (callback: (result: { data: unknown[]; error: null; }) => void) => Promise<{ data: unknown[]; error: null; }>; not: (column: string, value: unknown) => { ...; }; single: () => Promise<...'.
  Type '(tableName: string) => { select: ReturnType<typeof vi.fn>; eq: ReturnType<typeof vi.fn>; order: typeof mockOrder; }' is not assignable to type 'NormalizedProcedure<{ <TableName extends string, Table extends any>(relation: TableName): PostgrestQueryBuilder<any, Table, TableName, Table extends { Relationships: infer R; } ? R : unknown>; <ViewName extends string, View extends any>(relation: ViewName): PostgrestQueryBuilder<...>; }>'.
    Type '{ select: Mock<Procedure>; eq: Mock<Procedure>; order: Mock<() => Promise<unknown>>; }' is missing the following properties from type 'PostgrestQueryBuilder<any, any, string, unknown>': url, headers, insert, upsert, and 2 more.
src/tests/components/dashboard/TripHistory.test.tsx(139,56): error TS2344: Type 'ComponentType<{ to: string; children: ReactNode; }>' does not satisfy the constraint 'Procedure'.
  Type 'ComponentClass<{ to: string; children: ReactNode; }, any>' is not assignable to type 'Procedure'.
    Type 'ComponentClass<{ to: string; children: ReactNode; }, any>' provides no match for the signature '(...args: any[]): any'.
src/tests/components/personalization/GreetingBanner.test.tsx(77,1): error TS2593: Cannot find name 'describe'. Do you need to install type definitions for a test runner? Try `npm i --save-dev @types/jest` or `npm i --save-dev @types/mocha` and then add 'jest' or 'mocha' to the types field in your tsconfig.
src/tests/components/personalization/GreetingBanner.test.tsx(89,3): error TS2304: Cannot find name 'beforeEach'.
src/tests/components/personalization/GreetingBanner.test.tsx(93,3): error TS2593: Cannot find name 'it'. Do you need to install type definitions for a test runner? Try `npm i --save-dev @types/jest` or `npm i --save-dev @types/mocha` and then add 'jest' or 'mocha' to the types field in your tsconfig.
src/tests/components/personalization/GreetingBanner.test.tsx(98,7): error TS2304: Cannot find name 'expect'.
src/tests/components/personalization/GreetingBanner.test.tsx(102,3): error TS2593: Cannot find name 'it'. Do you need to install type definitions for a test runner? Try `npm i --save-dev @types/jest` or `npm i --save-dev @types/mocha` and then add 'jest' or 'mocha' to the types field in your tsconfig.
src/tests/components/personalization/GreetingBanner.test.tsx(108,7): error TS2304: Cannot find name 'expect'.
src/tests/components/personalization/GreetingBanner.test.tsx(112,3): error TS2593: Cannot find name 'it'. Do you need to install type definitions for a test runner? Try `npm i --save-dev @types/jest` or `npm i --save-dev @types/mocha` and then add 'jest' or 'mocha' to the types field in your tsconfig.
src/tests/components/personalization/GreetingBanner.test.tsx(119,7): error TS2304: Cannot find name 'expect'.
src/tests/components/personalization/PersonalizedGreeting.test.tsx(5,34): error TS7016: Could not find a declaration file for module '@/components/personalization/PersonalizedGreeting'. '/Users/parkerbarnett/github-link-up-buddy/src/components/personalization/PersonalizedGreeting.jsx' implicitly has an 'any' type.
src/tests/components/personalization/PersonalizedGreeting.test.tsx(16,3): error TS2304: Cannot find name 'beforeEach'.
src/tests/components/personalization/PersonalizedGreeting.test.tsx(18,11): error TS2339: Property 'mockClear' does not exist on type '{ (input: URL | RequestInfo, init?: RequestInit | undefined): Promise<Response>; (input: string | URL | Request, init?: RequestInit | undefined): Promise<...>; }'.
src/tests/components/personalization/PersonalizedGreeting.test.tsx(40,11): error TS2339: Property 'mockResolvedValueOnce' does not exist on type '{ (input: URL | RequestInfo, init?: RequestInit | undefined): Promise<Response>; (input: string | URL | Request, init?: RequestInit | undefined): Promise<...>; }'.
src/tests/components/personalization/PersonalizedGreeting.test.tsx(60,11): error TS2339: Property 'mockResolvedValueOnce' does not exist on type '{ (input: URL | RequestInfo, init?: RequestInit | undefined): Promise<Response>; (input: string | URL | Request, init?: RequestInit | undefined): Promise<...>; }'.
src/tests/components/personalization/PersonalizedGreeting.test.tsx(73,11): error TS2339: Property 'mockRejectedValueOnce' does not exist on type '{ (input: URL | RequestInfo, init?: RequestInit | undefined): Promise<Response>; (input: string | URL | Request, init?: RequestInit | undefined): Promise<...>; }'.
src/tests/components/personalization/PersonalizedGreeting.test.tsx(88,11): error TS2339: Property 'mockResolvedValueOnce' does not exist on type '{ (input: URL | RequestInfo, init?: RequestInit | undefined): Promise<Response>; (input: string | URL | Request, init?: RequestInit | undefined): Promise<...>; }'.
src/tests/components/personalization/PersonalizedGreeting.test.tsx(101,51): error TS7016: Could not find a declaration file for module '@/scripts/analytics/personalization-tracking'. '/Users/parkerbarnett/github-link-up-buddy/src/scripts/analytics/personalization-tracking.js' implicitly has an 'any' type.
src/tests/components/personalization/PersonalizedGreeting.test.tsx(108,11): error TS2339: Property 'mockResolvedValueOnce' does not exist on type '{ (input: URL | RequestInfo, init?: RequestInit | undefined): Promise<Response>; (input: string | URL | Request, init?: RequestInit | undefined): Promise<...>; }'.
src/tests/components/personalization/PersonalizedGreeting.test.tsx(121,51): error TS7016: Could not find a declaration file for module '@/scripts/analytics/personalization-tracking'. '/Users/parkerbarnett/github-link-up-buddy/src/scripts/analytics/personalization-tracking.js' implicitly has an 'any' type.
src/tests/components/personalization/PersonalizedGreeting.test.tsx(128,11): error TS2339: Property 'mockResolvedValueOnce' does not exist on type '{ (input: URL | RequestInfo, init?: RequestInit | undefined): Promise<Response>; (input: string | URL | Request, init?: RequestInit | undefined): Promise<...>; }'.
src/tests/components/PoolOfferControls.test.tsx(39,28): error TS2503: Cannot find namespace 'vi'.
src/tests/components/PoolOfferControls.test.tsx(67,28): error TS2503: Cannot find namespace 'vi'.
src/tests/components/PoolOfferControls.test.tsx(79,28): error TS2503: Cannot find namespace 'vi'.
src/tests/components/PoolOfferControls.test.tsx(105,28): error TS2503: Cannot find namespace 'vi'.
src/tests/components/profile/SimpleProfileStatus.test.tsx(93,5): error TS2322: Type 'unknown[]' is not assignable to type 'ProfileRecommendation[]'.
  Type 'unknown' is not assignable to type 'ProfileRecommendation'.
src/tests/components/TripRequestForm.best-practices.test.tsx(268,32): error TS2345: Argument of type 'Mock<Procedure>' is not assignable to parameter of type '{ mock: { calls: [unknown[]][]; }; }'.
  The types of 'mock.calls' are incompatible between these types.
    Type 'any[][]' is not assignable to type '[unknown[]][]'.
      Type 'any[]' is not assignable to type '[unknown[]]'.
        Target requires 1 element(s) but source may have fewer.
src/tests/components/TripRequestForm.best-practices.test.tsx(356,34): error TS2554: Expected 0 arguments, but got 1.
src/tests/components/TripRequestForm.best-practices.test.tsx(361,49): error TS2339: Property 'checked' does not exist on type 'HTMLElement'.
src/tests/components/TripRequestForm.test.tsx(254,60): error TS2339: Property 'disabled' does not exist on type 'HTMLElement'.
src/tests/components/TripRequestForm.test.tsx(260,57): error TS2339: Property 'disabled' does not exist on type 'HTMLElement'.
src/tests/components/TripRequestForm.test.tsx(263,22): error TS2339: Property 'disabled' does not exist on type 'HTMLElement'.
src/tests/components/TripRequestForm.test.tsx(279,59): error TS2339: Property 'disabled' does not exist on type 'HTMLElement'.
src/tests/components/TripRequestForm.test.tsx(407,14): error TS2741: Property 'created_at' is missing in type '{ id: string; brand: string; last4: string; is_default: true; nickname: string; exp_month: number; exp_year: number; }' but required in type 'PaymentMethod'.
src/tests/components/TripRequestForm.test.tsx(474,57): error TS2339: Property 'disabled' does not exist on type 'HTMLElement'.
src/tests/components/TripRequestForm.test.tsx(538,57): error TS2339: Property 'disabled' does not exist on type 'HTMLElement'.
src/tests/components/TripRequestForm.test.tsx(618,28): error TS2339: Property 'checked' does not exist on type 'HTMLElement'.
src/tests/components/TripRequestForm.test.tsx(637,60): error TS2339: Property 'disabled' does not exist on type 'HTMLElement'.
src/tests/components/TripRequestForm.test.tsx(643,57): error TS2339: Property 'disabled' does not exist on type 'HTMLElement'.
src/tests/components/TripRequestForm.test.tsx(646,22): error TS2339: Property 'disabled' does not exist on type 'HTMLElement'.
src/tests/components/TripRequestForm.test.tsx(688,57): error TS2339: Property 'disabled' does not exist on type 'HTMLElement'.
src/tests/components/TripRequestForm.test.tsx(697,59): error TS2339: Property 'disabled' does not exist on type 'HTMLElement'.
src/tests/contexts/PersonalizationContext.test.tsx(95,1): error TS2593: Cannot find name 'describe'. Do you need to install type definitions for a test runner? Try `npm i --save-dev @types/jest` or `npm i --save-dev @types/mocha` and then add 'jest' or 'mocha' to the types field in your tsconfig.
src/tests/contexts/PersonalizationContext.test.tsx(96,3): error TS2304: Cannot find name 'beforeEach'.
src/tests/contexts/PersonalizationContext.test.tsx(100,3): error TS2593: Cannot find name 'it'. Do you need to install type definitions for a test runner? Try `npm i --save-dev @types/jest` or `npm i --save-dev @types/mocha` and then add 'jest' or 'mocha' to the types field in your tsconfig.
src/tests/contexts/PersonalizationContext.test.tsx(104,7): error TS2304: Cannot find name 'expect'.
src/tests/contexts/PersonalizationContext.test.tsx(108,7): error TS2304: Cannot find name 'expect'.
src/tests/contexts/PersonalizationContext.test.tsx(112,3): error TS2593: Cannot find name 'it'. Do you need to install type definitions for a test runner? Try `npm i --save-dev @types/jest` or `npm i --save-dev @types/mocha` and then add 'jest' or 'mocha' to the types field in your tsconfig.
src/tests/contexts/PersonalizationContext.test.tsx(114,5): error TS2304: Cannot find name 'expect'.
src/tests/contexts/PersonalizationContext.test.tsx(117,3): error TS2593: Cannot find name 'it'. Do you need to install type definitions for a test runner? Try `npm i --save-dev @types/jest` or `npm i --save-dev @types/mocha` and then add 'jest' or 'mocha' to the types field in your tsconfig.
src/tests/contexts/PersonalizationContext.test.tsx(130,5): error TS2304: Cannot find name 'expect'.
src/tests/contexts/PersonalizationContext.test.tsx(131,5): error TS2304: Cannot find name 'expect'.
src/tests/feature-flags/userInBucket.test.ts(1,45): error TS2307: Cannot find module '@shared/featureFlag' or its corresponding type declarations.
src/tests/hooks/usePoolsSafe.test.ts(23,23): error TS2503: Cannot find namespace 'vi'.
src/tests/hooks/usePoolsSafe.test.ts(24,22): error TS2503: Cannot find namespace 'vi'.
src/tests/hooks/usePoolsSafe.test.ts(27,18): error TS2503: Cannot find namespace 'vi'.
src/tests/hooks/usePoolsSafe.test.ts(29,28): error TS2503: Cannot find namespace 'vi'.
src/tests/hooks/useTripOffers.test.ts(46,31): error TS2352: Conversion of type 'typeof import("/Users/parkerbarnett/github-link-up-buddy/src/services/tripOffersService")' to type '{ fetchTripOffers: Mock<Procedure>; }' may be a mistake because neither type sufficiently overlaps with the other. If this was intentional, convert the expression to 'unknown' first.
  Types of property 'fetchTripOffers' are incompatible.
    Type '(tripRequestId: string, filterOptions?: { budget?: number | undefined; currency?: string | undefined; nonstop?: boolean | undefined; pipelineType?: "budget" | "standard" | "fast" | undefined; } | undefined) => Promise<...>' is missing the following properties from type 'Mock<Procedure>': getMockName, mockName, mock, mockClear, and 14 more.
src/tests/hooks/useTripOffers.test.ts(120,11): error TS2741: Property 'price' is missing in type '{ id: string; score: number; }' but required in type 'ScoredOffer'.
src/tests/hooks/useTripOffers.test.ts(128,11): error TS2741: Property 'price' is missing in type '{ id: string; score: number; }' but required in type 'ScoredOffer'.
src/tests/hooks/useTripOffers.test.ts(543,7): error TS2578: Unused '@ts-expect-error' directive.
src/tests/hooks/useTripOffersLegacy.helpers.test.ts(51,9): error TS2322: Type 'null' is not assignable to type 'string | undefined'.
src/tests/hooks/useTripOffersLegacy.helpers.test.ts(62,9): error TS2322: Type 'null' is not assignable to type 'string | undefined'.
src/tests/pages/Dashboard.test.tsx(101,15): error TS2739: Type '{ id: string; email: string; }' is missing the following properties from type 'User': app_metadata, user_metadata, aud, created_at
src/tests/pages/Dashboard.test.tsx(105,20): error TS2339: Property 'onAuthStateChange' does not exist on type '{ getUser: () => Promise<{ data: { user: null; }; error: null; }>; getSession: () => Promise<{ data: { session: null; }; error: null; }>; } | SupabaseAuthClient'.
  Property 'onAuthStateChange' does not exist on type '{ getUser: () => Promise<{ data: { user: null; }; error: null; }>; getSession: () => Promise<{ data: { session: null; }; error: null; }>; }'.
src/tests/pages/Dashboard.test.tsx(105,77): error TS2339: Property 'onAuthStateChange' does not exist on type '{ getUser: () => Promise<{ data: { user: null; }; error: null; }>; getSession: () => Promise<{ data: { session: null; }; error: null; }>; } | SupabaseAuthClient'.
  Property 'onAuthStateChange' does not exist on type '{ getUser: () => Promise<{ data: { user: null; }; error: null; }>; getSession: () => Promise<{ data: { session: null; }; error: null; }>; }'.
src/tests/pages/Dashboard.test.tsx(109,20): error TS2339: Property 'signOut' does not exist on type '{ getUser: () => Promise<{ data: { user: null; }; error: null; }>; getSession: () => Promise<{ data: { session: null; }; error: null; }>; } | SupabaseAuthClient'.
  Property 'signOut' does not exist on type '{ getUser: () => Promise<{ data: { user: null; }; error: null; }>; getSession: () => Promise<{ data: { session: null; }; error: null; }>; }'.
src/tests/pages/Dashboard.test.tsx(109,67): error TS2339: Property 'signOut' does not exist on type '{ getUser: () => Promise<{ data: { user: null; }; error: null; }>; getSession: () => Promise<{ data: { session: null; }; error: null; }>; } | SupabaseAuthClient'.
  Property 'signOut' does not exist on type '{ getUser: () => Promise<{ data: { user: null; }; error: null; }>; getSession: () => Promise<{ data: { session: null; }; error: null; }>; }'.
src/tests/pages/Dashboard.test.tsx(111,15): error TS2339: Property 'channel' does not exist on type 'SupabaseClient<Database, "public", any> | MockSupabaseClient'.
  Property 'channel' does not exist on type 'MockSupabaseClient'.
src/tests/pages/Dashboard.test.tsx(111,57): error TS2339: Property 'channel' does not exist on type 'SupabaseClient<Database, "public", any> | MockSupabaseClient'.
  Property 'channel' does not exist on type 'MockSupabaseClient'.
src/tests/pages/Dashboard.test.tsx(116,15): error TS2339: Property 'removeChannel' does not exist on type 'SupabaseClient<Database, "public", any> | MockSupabaseClient'.
  Property 'removeChannel' does not exist on type 'MockSupabaseClient'.
src/tests/pages/Dashboard.test.tsx(116,63): error TS2339: Property 'removeChannel' does not exist on type 'SupabaseClient<Database, "public", any> | MockSupabaseClient'.
  Property 'removeChannel' does not exist on type 'MockSupabaseClient'.
src/tests/pages/Dashboard.test.tsx(165,106): error TS2322: Type 'Promise<{ data: { user: null; }; error: null; } | UserResponse>' is not assignable to type 'Promise<{ data: { user: null; }; error: null; }> | Promise<UserResponse>'.
  Type 'Promise<{ data: { user: null; }; error: null; } | UserResponse>' is not assignable to type 'Promise<{ data: { user: null; }; error: null; }>'.
    Type '{ data: { user: null; }; error: null; } | UserResponse' is not assignable to type '{ data: { user: null; }; error: null; }'.
      Type '{ data: { user: User; }; error: null; }' is not assignable to type '{ data: { user: null; }; error: null; }'.
        The types of 'data.user' are incompatible between these types.
          Type 'User' is not assignable to type 'null'.
src/tests/pages/TripConfirm.test.tsx(46,55): error TS2345: Argument of type '(tableName: string) => { select: (columns?: string) => { eq: (column: string, value: unknown) => { then: (callback: (result: { data: unknown[]; error: null; }) => void) => Promise<{ data: unknown[]; error: null; }>; not: (column: string, value: unknown) => { then: (callback: (result: { data: unknown[]; error: null; ...' is not assignable to parameter of type 'NormalizedProcedure<{ <TableName extends string, Table extends any>(relation: TableName): PostgrestQueryBuilder<any, Table, TableName, Table extends { Relationships: infer R; } ? R : unknown>; <ViewName extends string, View extends any>(relation: ViewName): PostgrestQueryBuilder<...>; }> & NormalizedProcedure<...>'.
  Type '(tableName: string) => { select: (columns?: string) => { eq: (column: string, value: unknown) => { then: (callback: (result: { data: unknown[]; error: null; }) => void) => Promise<{ data: unknown[]; error: null; }>; not: (column: string, value: unknown) => { then: (callback: (result: { data: unknown[]; error: null; ...' is not assignable to type 'NormalizedProcedure<{ <TableName extends string, Table extends any>(relation: TableName): PostgrestQueryBuilder<any, Table, TableName, Table extends { Relationships: infer R; } ? R : unknown>; <ViewName extends string, View extends any>(relation: ViewName): PostgrestQueryBuilder<...>; }>'.
    Type '{ select: (columns?: string | undefined) => { eq: (column: string, value: unknown) => { then: (callback: (result: { data: unknown[]; error: null; }) => void) => Promise<{ data: unknown[]; error: null; }>; not: (column: string, value: unknown) => { ...; }; single: () => Promise<...>; }; }; } | PostgrestQueryBuilder<....' is not assignable to type 'PostgrestQueryBuilder<any, any, string, unknown>'.
      Type '{ select: (columns?: string | undefined) => { eq: (column: string, value: unknown) => { then: (callback: (result: { data: unknown[]; error: null; }) => void) => Promise<{ data: unknown[]; error: null; }>; not: (column: string, value: unknown) => { ...; }; single: () => Promise<...>; }; }; }' is missing the following properties from type 'PostgrestQueryBuilder<any, any, string, unknown>': url, headers, insert, upsert, and 2 more.
src/tests/pages/TripConfirm.test.tsx(84,55): error TS2345: Argument of type '(tableName: string) => { select: (columns?: string) => { eq: (column: string, value: unknown) => { then: (callback: (result: { data: unknown[]; error: null; }) => void) => Promise<{ data: unknown[]; error: null; }>; not: (column: string, value: unknown) => { then: (callback: (result: { data: unknown[]; error: null; ...' is not assignable to parameter of type 'NormalizedProcedure<{ <TableName extends string, Table extends any>(relation: TableName): PostgrestQueryBuilder<any, Table, TableName, Table extends { Relationships: infer R; } ? R : unknown>; <ViewName extends string, View extends any>(relation: ViewName): PostgrestQueryBuilder<...>; }> & NormalizedProcedure<...>'.
  Type '(tableName: string) => { select: (columns?: string) => { eq: (column: string, value: unknown) => { then: (callback: (result: { data: unknown[]; error: null; }) => void) => Promise<{ data: unknown[]; error: null; }>; not: (column: string, value: unknown) => { then: (callback: (result: { data: unknown[]; error: null; ...' is not assignable to type 'NormalizedProcedure<{ <TableName extends string, Table extends any>(relation: TableName): PostgrestQueryBuilder<any, Table, TableName, Table extends { Relationships: infer R; } ? R : unknown>; <ViewName extends string, View extends any>(relation: ViewName): PostgrestQueryBuilder<...>; }>'.
    Type '{ select: (columns?: string | undefined) => { eq: (column: string, value: unknown) => { then: (callback: (result: { data: unknown[]; error: null; }) => void) => Promise<{ data: unknown[]; error: null; }>; not: (column: string, value: unknown) => { ...; }; single: () => Promise<...>; }; }; } | PostgrestQueryBuilder<....' is not assignable to type 'PostgrestQueryBuilder<any, any, string, unknown>'.
      Type '{ select: (columns?: string | undefined) => { eq: (column: string, value: unknown) => { then: (callback: (result: { data: unknown[]; error: null; }) => void) => Promise<{ data: unknown[]; error: null; }>; not: (column: string, value: unknown) => { ...; }; single: () => Promise<...>; }; }; }' is missing the following properties from type 'PostgrestQueryBuilder<any, any, string, unknown>': url, headers, insert, upsert, and 2 more.
src/tests/pages/TripConfirm.test.tsx(138,30): error TS2339: Property 'channel' does not exist on type 'SupabaseClient<Database, "public", any> | MockSupabaseClient'.
  Property 'channel' does not exist on type 'MockSupabaseClient'.
src/tests/pages/TripConfirm.test.tsx(142,43): error TS2339: Property 'channel' does not exist on type 'SupabaseClient<Database, "public", any> | MockSupabaseClient'.
  Property 'channel' does not exist on type 'MockSupabaseClient'.
src/tests/pages/TripConfirm.test.tsx(158,17): error TS2339: Property 'mockClear' does not exist on type '({ ...props }: Toast) => { id: string; dismiss: () => void; update: (props: ToasterToast) => void; }'.
src/tests/payment-architecture.test.ts(193,79): error TS2322: Type 'string | undefined' is not assignable to type 'string'.
  Type 'undefined' is not assignable to type 'string'.
src/tests/serverActions/getFlightOffers.refactored.test.ts(19,7): error TS2322: Type 'MockSupabaseClient' is not assignable to type 'SupabaseClient<Database, "public", any> | MockSupabaseClient'.
  Property 'auth' is missing in type 'import("/Users/parkerbarnett/github-link-up-buddy/src/tests/__helpers/mockSupabase").MockSupabaseClient' but required in type 'MockSupabaseClient'.
src/tests/serverActions/getFlightOffers.refactored.test.ts(43,42): error TS2345: Argument of type 'Record<string, unknown>' is not assignable to parameter of type '{ airline: string; auto_book: boolean; baggage_included: boolean; booking_url: string | null; carrier_code: string | null; created_at: string; departure_date: string; departure_time: string; ... 11 more ...; trip_request_id: string; }'.
  Type 'Record<string, unknown>' is missing the following properties from type '{ airline: string; auto_book: boolean; baggage_included: boolean; booking_url: string | null; carrier_code: string | null; created_at: string; departure_date: string; departure_time: string; ... 11 more ...; trip_request_id: string; }': airline, auto_book, baggage_included, booking_url, and 16 more.
src/tests/serverActions/getFlightOffers.refactored.test.ts(72,44): error TS2345: Argument of type 'Record<string, unknown>[]' is not assignable to parameter of type '{ airline: string; auto_book: boolean; baggage_included: boolean; booking_url: string | null; carrier_code: string | null; created_at: string; departure_date: string; departure_time: string; ... 11 more ...; trip_request_id: string; }[]'.
  Type 'Record<string, unknown>' is missing the following properties from type '{ airline: string; auto_book: boolean; baggage_included: boolean; booking_url: string | null; carrier_code: string | null; created_at: string; departure_date: string; departure_time: string; ... 11 more ...; trip_request_id: string; }': airline, auto_book, baggage_included, booking_url, and 16 more.
src/tests/unit/database/profileCompleteness.trigger.test.ts(222,59): error TS7006: Parameter 'r' implicitly has an 'any' type.
src/tests/unit/database/profileCompleteness.trigger.test.ts(223,61): error TS7006: Parameter 'r' implicitly has an 'any' type.
src/tests/unit/database/profileCompleteness.trigger.test.ts(224,58): error TS7006: Parameter 'r' implicitly has an 'any' type.
src/tests/unit/services/profileCompletenessService.enhanced.test.ts(172,9): error TS2322: Type 'string | null' is not assignable to type 'string | undefined'.
  Type 'null' is not assignable to type 'string | undefined'.
src/tests/unit/services/profileCompletenessService.enhanced.test.ts(174,9): error TS2322: Type 'string | null' is not assignable to type 'string | undefined'.
  Type 'null' is not assignable to type 'string | undefined'.
src/tests/unit/services/profileCompletenessService.enhanced.test.ts(175,9): error TS2322: Type 'Record<string, unknown> | null' is not assignable to type 'Record<string, unknown> | undefined'.
  Type 'null' is not assignable to type 'Record<string, unknown> | undefined'.
src/tests/utils/formTestHelpers.tsx(315,24): error TS2345: Argument of type 'HTMLElement | null' is not assignable to parameter of type 'Element | Node | Window | Document'.
  Type 'null' is not assignable to type 'Element | Node | Window | Document'.
src/tests/utils/formTestHelpers.tsx(318,24): error TS2345: Argument of type 'HTMLElement | null' is not assignable to parameter of type 'Element | Node | Window | Document'.
  Type 'null' is not assignable to type 'Element | Node | Window | Document'.
src/tests/utils/formTestHelpers.tsx(323,22): error TS2345: Argument of type 'HTMLElement | null' is not assignable to parameter of type 'Element | Node | Window | Document'.
  Type 'null' is not assignable to type 'Element | Node | Window | Document'.
src/tests/utils/formTestHelpers.tsx(324,22): error TS2345: Argument of type 'HTMLElement | null' is not assignable to parameter of type 'Element | Node | Window | Document'.
  Type 'null' is not assignable to type 'Element | Node | Window | Document'.
src/tests/utils/formTestUtils.tsx(234,38): error TS2345: Argument of type '{}' is not assignable to parameter of type 'ZodType<any, any, any>'.
  Type '{}' is missing the following properties from type 'ZodType<any, any, any>': _type, _output, _input, _def, and 34 more.
src/tests/utils/formTestUtils.tsx(295,14): error TS18046: 'submittedPayload' is of type 'unknown'.
src/tests/utils/formTestUtils.tsx(297,14): error TS18046: 'submittedPayload' is of type 'unknown'.
src/tests/utils/supabaseMocks.ts(133,35): error TS7053: Element implicitly has an 'any' type because expression of type 'string' can't be used to index type '{ SUPABASE_URL: string; SUPABASE_ANON_KEY: string; SUPABASE_SERVICE_ROLE_KEY: string; AMADEUS_CLIENT_ID: string; AMADEUS_CLIENT_SECRET: string; AMADEUS_BASE_URL: string; RESEND_API_KEY: string; STRIPE_SECRET_KEY: string; TWILIO_ACCOUNT_SID: string; }'.
  No index signature with a parameter of type 'string' was found on type '{ SUPABASE_URL: string; SUPABASE_ANON_KEY: string; SUPABASE_SERVICE_ROLE_KEY: string; AMADEUS_CLIENT_ID: string; AMADEUS_CLIENT_SECRET: string; AMADEUS_BASE_URL: string; RESEND_API_KEY: string; STRIPE_SECRET_KEY: string; TWILIO_ACCOUNT_SID: string; }'.
src/tests/utils/test-wrapper.tsx(5,10): error TS2305: Module '"@/hooks/useFormAnalytics"' has no exported member 'FormAnalyticsProvider'.
src/tests/utils/test-wrapper.tsx(44,32): error TS2322: Type '{ children: Element; config: { environment: "test"; version: string; autoBookingEnabled: boolean; priceConstraints: { minimumPrice: number; maximumPrice: number; currency: string; }; allowedCabinClasses: string[]; features: { ...; }; }; }' is not assignable to type 'IntrinsicAttributes & { children: ReactNode; }'.
  Property 'config' does not exist on type 'IntrinsicAttributes & { children: ReactNode; }'.
src/utils/authTest.ts(9,74): error TS2339: Property 'getSettings' does not exist on type '{ getUser: () => Promise<{ data: { user: null; }; error: null; }>; getSession: () => Promise<{ data: { session: null; }; error: null; }>; } | SupabaseAuthClient'.
  Property 'getSettings' does not exist on type '{ getUser: () => Promise<{ data: { user: null; }; error: null; }>; getSession: () => Promise<{ data: { session: null; }; error: null; }>; }'.
src/utils/authTest.ts(55,4): error TS2352: Conversion of type 'Window & typeof globalThis' to type 'WindowWithTestAuth' may be a mistake because neither type sufficiently overlaps with the other. If this was intentional, convert the expression to 'unknown' first.
  Property 'testAuth' is missing in type 'Window & typeof globalThis' but required in type 'WindowWithTestAuth'.
src/utils/devAuth.ts(8,49): error TS2339: Property 'signInWithPassword' does not exist on type '{ getUser: () => Promise<{ data: { user: null; }; error: null; }>; getSession: () => Promise<{ data: { session: null; }; error: null; }>; } | SupabaseAuthClient'.
  Property 'signInWithPassword' does not exist on type '{ getUser: () => Promise<{ data: { user: null; }; error: null; }>; getSession: () => Promise<{ data: { session: null; }; error: null; }>; }'.
src/utils/devAuth.ts(28,25): error TS2339: Property 'signOut' does not exist on type '{ getUser: () => Promise<{ data: { user: null; }; error: null; }>; getSession: () => Promise<{ data: { session: null; }; error: null; }>; } | SupabaseAuthClient'.
  Property 'signOut' does not exist on type '{ getUser: () => Promise<{ data: { user: null; }; error: null; }>; getSession: () => Promise<{ data: { session: null; }; error: null; }>; }'.
src/utils/devAuth.ts(51,4): error TS2352: Conversion of type 'Window & typeof globalThis' to type 'Record<string, unknown>' may be a mistake because neither type sufficiently overlaps with the other. If this was intentional, convert the expression to 'unknown' first.
  Index signature for type 'string' is missing in type 'Window & typeof globalThis'.
