{"numTotalTestSuites":341,"numPassedTestSuites":331,"numFailedTestSuites":10,"numPendingTestSuites":0,"numTotalTests":761,"numPassedTests":721,"numFailedTests":10,"numPendingTests":30,"numTodoTests":0,"snapshot":{"added":0,"failure":false,"filesAdded":0,"filesRemoved":0,"filesRemovedList":[],"filesUnmatched":0,"filesUpdated":0,"matched":0,"total":0,"unchecked":0,"uncheckedKeysByFile":[],"unmatched":0,"updated":0,"didUpdate":false},"startTime":1755227544309,"success":false,"testResults":[{"assertionResults":[{"ancestorTitles":["useFlightOffers Hook"],"fullName":"useFlightOffers Hook should return initial state and featureEnabled: false if feature flag is off","status":"passed","title":"should return initial state and featureEnabled: false if feature flag is off","duration":81.46264000000019,"failureMessages":[],"meta":{}},{"ancestorTitles":["useFlightOffers Hook"],"fullName":"useFlightOffers Hook should set error if tripRequestId is invalid and feature is enabled","status":"passed","title":"should set error if tripRequestId is invalid and feature is enabled","duration":4.26738400000022,"failureMessages":[],"meta":{}},{"ancestorTitles":["useFlightOffers Hook"],"fullName":"useFlightOffers Hook should not fetch if opts.enabled is false, even if feature is enabled","status":"passed","title":"should not fetch if opts.enabled is false, even if feature is enabled","duration":19.995870000000195,"failureMessages":[],"meta":{}},{"ancestorTitles":["useFlightOffers Hook"],"fullName":"useFlightOffers Hook should fetch and map offers successfully when feature is enabled and hook is enabled","status":"passed","title":"should fetch and map offers successfully when feature is enabled and hook is enabled","duration":58.77658599999995,"failureMessages":[],"meta":{}},{"ancestorTitles":["useFlightOffers Hook"],"fullName":"useFlightOffers Hook should handle errors from getFlightOffers server action","status":"passed","title":"should handle errors from getFlightOffers server action","duration":56.72326000000021,"failureMessages":[],"meta":{}},{"ancestorTitles":["useFlightOffers Hook"],"fullName":"useFlightOffers Hook should handle AbortController signal on unmount","status":"passed","title":"should handle AbortController signal on unmount","duration":105.18788399999994,"failureMessages":[],"meta":{}},{"ancestorTitles":["useFlightOffers Hook"],"fullName":"useFlightOffers Hook refetch function should trigger a new fetch","status":"passed","title":"refetch function should trigger a new fetch","duration":110.24268700000039,"failureMessages":[],"meta":{}},{"ancestorTitles":["useFlightOffers Hook"],"fullName":"useFlightOffers Hook should return new data if tripRequestId changes","status":"passed","title":"should return new data if tripRequestId changes","duration":107.65701399999989,"failureMessages":[],"meta":{}}],"startTime":1755227563749,"endTime":1755227564293.657,"status":"passed","message":"","name":"/Users/parkerbarnett/github-link-up-buddy/src/flightSearchV2/useFlightOffers.test.ts"},{"assertionResults":[{"ancestorTitles":["Form Validation","generateFieldSchema"],"fullName":"Form Validation generateFieldSchema should generate text field schema","status":"passed","title":"should generate text field schema","duration":6.397940999999719,"failureMessages":[],"meta":{}},{"ancestorTitles":["Form Validation","generateFieldSchema"],"fullName":"Form Validation generateFieldSchema should generate email field schema","status":"passed","title":"should generate email field schema","duration":1.8931759999995847,"failureMessages":[],"meta":{}},{"ancestorTitles":["Form Validation","generateFieldSchema"],"fullName":"Form Validation generateFieldSchema should generate number field schema","status":"passed","title":"should generate number field schema","duration":14.034512000000177,"failureMessages":[],"meta":{}},{"ancestorTitles":["Form Validation","generateFieldSchema"],"fullName":"Form Validation generateFieldSchema should generate checkbox field schema","status":"passed","title":"should generate checkbox field schema","duration":2.598823999999695,"failureMessages":[],"meta":{}},{"ancestorTitles":["Form Validation","generateFieldSchema"],"fullName":"Form Validation generateFieldSchema should generate select field schema","status":"passed","title":"should generate select field schema","duration":1.418699000000288,"failureMessages":[],"meta":{}},{"ancestorTitles":["Form Validation","generateFieldSchema"],"fullName":"Form Validation generateFieldSchema should generate date field schema","status":"passed","title":"should generate date field schema","duration":1.0124489999998332,"failureMessages":[],"meta":{}},{"ancestorTitles":["Form Validation","generateFieldSchema"],"fullName":"Form Validation generateFieldSchema should generate airport autocomplete schema","status":"passed","title":"should generate airport autocomplete schema","duration":2.6031490000000304,"failureMessages":[],"meta":{}},{"ancestorTitles":["Form Validation","generateFieldSchema"],"fullName":"Form Validation generateFieldSchema should handle optional fields","status":"passed","title":"should handle optional fields","duration":0.5658910000001924,"failureMessages":[],"meta":{}},{"ancestorTitles":["Form Validation","generateFieldSchema"],"fullName":"Form Validation generateFieldSchema should return null for non-input field types","status":"passed","title":"should return null for non-input field types","duration":0.6325130000000172,"failureMessages":[],"meta":{}},{"ancestorTitles":["Form Validation","generateFieldSchema"],"fullName":"Form Validation generateFieldSchema should handle custom validation rules","status":"passed","title":"should handle custom validation rules","duration":1.3841529999999693,"failureMessages":[],"meta":{}},{"ancestorTitles":["Form Validation","generateZodSchema"],"fullName":"Form Validation generateZodSchema should generate schema for form configuration","status":"passed","title":"should generate schema for form configuration","duration":7.476444000000356,"failureMessages":[],"meta":{}},{"ancestorTitles":["Form Validation","generateZodSchema"],"fullName":"Form Validation generateZodSchema should handle multiple sections","status":"passed","title":"should handle multiple sections","duration":1.6565780000000814,"failureMessages":[],"meta":{}},{"ancestorTitles":["Form Validation","validateFieldValue"],"fullName":"Form Validation validateFieldValue should validate individual field values","status":"passed","title":"should validate individual field values","duration":0.7049719999999979,"failureMessages":[],"meta":{}},{"ancestorTitles":["Form Validation","validateFieldValue"],"fullName":"Form Validation validateFieldValue should handle validation errors gracefully","status":"passed","title":"should handle validation errors gracefully","duration":0.46989399999984016,"failureMessages":[],"meta":{}},{"ancestorTitles":["Form Validation","validateFormValues"],"fullName":"Form Validation validateFormValues should validate complete form data","status":"passed","title":"should validate complete form data","duration":2.110181999999895,"failureMessages":[],"meta":{}},{"ancestorTitles":["Form Validation","getDefaultValues"],"fullName":"Form Validation getDefaultValues should extract default values from configuration","status":"passed","title":"should extract default values from configuration","duration":0.4833770000000186,"failureMessages":[],"meta":{}},{"ancestorTitles":["Form Validation","getDefaultValues"],"fullName":"Form Validation getDefaultValues should provide type-appropriate defaults","status":"passed","title":"should provide type-appropriate defaults","duration":1.1010670000000573,"failureMessages":[],"meta":{}}],"startTime":1755227570448,"endTime":1755227570600.101,"status":"passed","message":"","name":"/Users/parkerbarnett/github-link-up-buddy/src/lib/form-validation.test.ts"},{"assertionResults":[{"ancestorTitles":["TripOffersV2 Component"],"fullName":"TripOffersV2 Component should display FlagDisabledPlaceholder when feature is not enabled","status":"passed","title":"should display FlagDisabledPlaceholder when feature is not enabled","duration":275.0953529999997,"failureMessages":[],"meta":{}},{"ancestorTitles":["TripOffersV2 Component"],"fullName":"TripOffersV2 Component should display loading skeleton when isLoading is true and feature is enabled","status":"passed","title":"should display loading skeleton when isLoading is true and feature is enabled","duration":6.958161999999902,"failureMessages":[],"meta":{}},{"ancestorTitles":["TripOffersV2 Component"],"fullName":"TripOffersV2 Component should display error message and retry button when error occurs and feature is enabled","status":"passed","title":"should display error message and retry button when error occurs and feature is enabled","duration":285.5511319999996,"failureMessages":[],"meta":{}},{"ancestorTitles":["TripOffersV2 Component"],"fullName":"TripOffersV2 Component should display \"No Offers Found Yet\" empty state card when no offers and not loading/error, and feature is enabled","status":"passed","title":"should display \"No Offers Found Yet\" empty state card when no offers and not loading/error, and feature is enabled","duration":23.641943999999967,"failureMessages":[],"meta":{}},{"ancestorTitles":["TripOffersV2 Component"],"fullName":"TripOffersV2 Component should display flight offers cards when offers are available and feature is enabled","status":"passed","title":"should display flight offers cards when offers are available and feature is enabled","duration":207.96214099999997,"failureMessages":[],"meta":{}},{"ancestorTitles":["TripOffersV2 Component"],"fullName":"TripOffersV2 Component should format currency correctly (e.g., EUR)","status":"passed","title":"should format currency correctly (e.g., EUR)","duration":34.23499400000037,"failureMessages":[],"meta":{}},{"ancestorTitles":["TripOffersV2 Component"],"fullName":"TripOffersV2 Component should format dates correctly, including return date if present, and handle invalid dates gracefully","status":"passed","title":"should format dates correctly, including return date if present, and handle invalid dates gracefully","duration":81.22845899999993,"failureMessages":[],"meta":{}},{"ancestorTitles":["TripOffersV2 Component"],"fullName":"TripOffersV2 Component should call refetch when the main \"Refresh Offers\" button (data state) is clicked","status":"passed","title":"should call refetch when the main \"Refresh Offers\" button (data state) is clicked","duration":71.69802699999946,"failureMessages":[],"meta":{}},{"ancestorTitles":["TripOffersV2 Component"],"fullName":"TripOffersV2 Component should call refetch when \"Refresh Offers\" button (empty state) is clicked","status":"passed","title":"should call refetch when \"Refresh Offers\" button (empty state) is clicked","duration":21.055601000000024,"failureMessages":[],"meta":{}},{"ancestorTitles":["TripOffersV2 Component"],"fullName":"TripOffersV2 Component should show loading skeleton, then data (simulating data fetch lifecycle)","status":"passed","title":"should show loading skeleton, then data (simulating data fetch lifecycle)","duration":89.69914200000039,"failureMessages":[],"meta":{}},{"ancestorTitles":["TripOffersV2 Component"],"fullName":"TripOffersV2 Component should show loading skeleton, then empty state (simulating empty data fetch lifecycle)","status":"passed","title":"should show loading skeleton, then empty state (simulating empty data fetch lifecycle)","duration":8.383644999999888,"failureMessages":[],"meta":{}}],"startTime":1755227559328,"endTime":1755227560434.3835,"status":"passed","message":"","name":"/Users/parkerbarnett/github-link-up-buddy/src/pages/TripOffersV2.test.tsx"},{"assertionResults":[{"ancestorTitles":["getFlightOffers server action"],"fullName":"getFlightOffers server action should fetch flight offers successfully from the table (cache miss)","status":"passed","title":"should fetch flight offers successfully from the table (cache miss)","duration":7.264256999999816,"failureMessages":[],"meta":{}},{"ancestorTitles":["getFlightOffers server action"],"fullName":"getFlightOffers server action should throw an error if fetching from table fails","status":"passed","title":"should throw an error if fetching from table fails","duration":42.84399799999983,"failureMessages":[],"meta":{}},{"ancestorTitles":["getFlightOffers server action"],"fullName":"getFlightOffers server action should use cached data for subsequent calls within cache duration","status":"passed","title":"should use cached data for subsequent calls within cache duration","duration":72.28827100000035,"failureMessages":[],"meta":{}},{"ancestorTitles":["getFlightOffers server action"],"fullName":"getFlightOffers server action should fetch new data from table if cache is expired","status":"passed","title":"should fetch new data from table if cache is expired","duration":8.114282000000003,"failureMessages":[],"meta":{}},{"ancestorTitles":["getFlightOffers server action","with refresh = true"],"fullName":"getFlightOffers server action with refresh = true should invoke flight-search-v2, invalidate cache, then fetch from table","status":"passed","title":"should invoke flight-search-v2, invalidate cache, then fetch from table","duration":2.6655660000001262,"failureMessages":[],"meta":{}},{"ancestorTitles":["getFlightOffers server action","with refresh = true"],"fullName":"getFlightOffers server action with refresh = true should throw error if flight-search-v2 invocation fails during refresh","status":"passed","title":"should throw error if flight-search-v2 invocation fails during refresh","duration":2.1682519999999386,"failureMessages":[],"meta":{}},{"ancestorTitles":["getFlightOffers server action","with refresh = true"],"fullName":"getFlightOffers server action with refresh = true refresh=true should still fetch from table if flight-search-v2 succeeds but finds no new offers (e.g. inserted: 0)","status":"passed","title":"refresh=true should still fetch from table if flight-search-v2 succeeds but finds no new offers (e.g. inserted: 0)","duration":3.147149000000354,"failureMessages":[],"meta":{}},{"ancestorTitles":["getFlightOffers server action"],"fullName":"getFlightOffers server action should use different cache entries for different tripRequestIds (table fetch)","status":"passed","title":"should use different cache entries for different tripRequestIds (table fetch)","duration":2.4611030000000937,"failureMessages":[],"meta":{}},{"ancestorTitles":["getFlightOffers server action"],"fullName":"getFlightOffers server action clearGetFlightOffersCache should clear the cache (table fetch)","status":"passed","title":"clearGetFlightOffersCache should clear the cache (table fetch)","duration":2.58539699999983,"failureMessages":[],"meta":{}},{"ancestorTitles":["getFlightOffers server action"],"fullName":"getFlightOffers server action should fallback to legacy flight_offers table when V2 table is empty","status":"passed","title":"should fallback to legacy flight_offers table when V2 table is empty","duration":13.616092000000208,"failureMessages":[],"meta":{}}],"startTime":1755227573586,"endTime":1755227573744.6162,"status":"passed","message":"","name":"/Users/parkerbarnett/github-link-up-buddy/src/serverActions/getFlightOffers.test.ts"},{"assertionResults":[{"ancestorTitles":["flightApi"],"fullName":"flightApi transformAmadeusToOffers maps correctly","status":"passed","title":"transformAmadeusToOffers maps correctly","duration":4.319427999999789,"failureMessages":[],"meta":{}},{"ancestorTitles":["flightApi"],"fullName":"flightApi transformAmadeusToOffers handles empty data","status":"passed","title":"transformAmadeusToOffers handles empty data","duration":0.7110379999999168,"failureMessages":[],"meta":{}},{"ancestorTitles":["flightApi"],"fullName":"flightApi transformAmadeusToOffers handles malformed data gracefully","status":"passed","title":"transformAmadeusToOffers handles malformed data gracefully","duration":1.045730000000276,"failureMessages":[],"meta":{}},{"ancestorTitles":["OAuth Token Management"],"fullName":"OAuth Token Management First call fetches a new token","status":"passed","title":"First call fetches a new token","duration":31.728371000000152,"failureMessages":[],"meta":{}},{"ancestorTitles":["OAuth Token Management"],"fullName":"OAuth Token Management Second call within expiry returns cached token","status":"passed","title":"Second call within expiry returns cached token","duration":3.5848110000001725,"failureMessages":[],"meta":{}},{"ancestorTitles":["OAuth Token Management"],"fullName":"OAuth Token Management Call after token expiry fetches a new token","status":"passed","title":"Call after token expiry fetches a new token","duration":1.4122829999996611,"failureMessages":[],"meta":{}},{"ancestorTitles":["Retry Logic"],"fullName":"Retry Logic Should succeed after retrying on 429 errors","status":"passed","title":"Should succeed after retrying on 429 errors","duration":21.665701999999783,"failureMessages":[],"meta":{}},{"ancestorTitles":["Retry Logic"],"fullName":"Retry Logic Should retry on network errors","status":"passed","title":"Should retry on network errors","duration":10.884921999999733,"failureMessages":[],"meta":{}},{"ancestorTitles":["Retry Logic"],"fullName":"Retry Logic Should retry on 500 errors","status":"passed","title":"Should retry on 500 errors","duration":11.59468199999992,"failureMessages":[],"meta":{}},{"ancestorTitles":["Retry Logic"],"fullName":"Retry Logic Should fail after max attempts","status":"passed","title":"Should fail after max attempts","duration":23.49812800000018,"failureMessages":[],"meta":{}},{"ancestorTitles":["Retry Logic"],"fullName":"Retry Logic Should not retry on non-retryable errors","status":"passed","title":"Should not retry on non-retryable errors","duration":0.4491010000001552,"failureMessages":[],"meta":{}}],"startTime":1755227567470,"endTime":1755227567584.4492,"status":"passed","message":"","name":"/Users/parkerbarnett/github-link-up-buddy/src/services/flightApi.test.ts"},{"assertionResults":[{"ancestorTitles":["Payment Architecture Core Logic","Setup Intent Creation"],"fullName":"Payment Architecture Core Logic Setup Intent Creation should create setup intent with correct parameters","status":"passed","title":"should create setup intent with correct parameters","duration":4.9171980000000985,"failureMessages":[],"meta":{}},{"ancestorTitles":["Payment Architecture Core Logic","Campaign Validation for Auto-Booking"],"fullName":"Payment Architecture Core Logic Campaign Validation for Auto-Booking should validate campaign successfully when all conditions are met","status":"passed","title":"should validate campaign successfully when all conditions are met","duration":0.8002839999999196,"failureMessages":[],"meta":{}},{"ancestorTitles":["Payment Architecture Core Logic","Campaign Validation for Auto-Booking"],"fullName":"Payment Architecture Core Logic Campaign Validation for Auto-Booking should reject when flight price exceeds budget","status":"passed","title":"should reject when flight price exceeds budget","duration":0.32063400000015463,"failureMessages":[],"meta":{}},{"ancestorTitles":["Payment Architecture Core Logic","Campaign Validation for Auto-Booking"],"fullName":"Payment Architecture Core Logic Campaign Validation for Auto-Booking should detect expired cards","status":"passed","title":"should detect expired cards","duration":0.6244459999998071,"failureMessages":[],"meta":{}},{"ancestorTitles":["Payment Architecture Core Logic","Auto-Booking Payment Intent Creation"],"fullName":"Payment Architecture Core Logic Auto-Booking Payment Intent Creation should create payment intent with correct off-session parameters","status":"passed","title":"should create payment intent with correct off-session parameters","duration":56.35180900000023,"failureMessages":[],"meta":{}},{"ancestorTitles":["Payment Architecture Core Logic","Card Expiry Detection"],"fullName":"Payment Architecture Core Logic Card Expiry Detection should detect non-expired cards correctly","status":"passed","title":"should detect non-expired cards correctly","duration":0.3499209999999948,"failureMessages":[],"meta":{}},{"ancestorTitles":["Payment Architecture Core Logic","Card Expiry Detection"],"fullName":"Payment Architecture Core Logic Card Expiry Detection should detect expired cards correctly","status":"passed","title":"should detect expired cards correctly","duration":0.4990199999997458,"failureMessages":[],"meta":{}},{"ancestorTitles":["Payment Architecture Core Logic","Card Expiry Detection"],"fullName":"Payment Architecture Core Logic Card Expiry Detection should handle missing expiry information","status":"passed","title":"should handle missing expiry information","duration":0.29401499999994485,"failureMessages":[],"meta":{}},{"ancestorTitles":["Payment Architecture Core Logic","Stripe Error Parsing"],"fullName":"Payment Architecture Core Logic Stripe Error Parsing should parse card declined error correctly","status":"passed","title":"should parse card declined error correctly","duration":0.7985690000000432,"failureMessages":[],"meta":{}},{"ancestorTitles":["Payment Architecture Core Logic","Stripe Error Parsing"],"fullName":"Payment Architecture Core Logic Stripe Error Parsing should parse insufficient funds error correctly","status":"passed","title":"should parse insufficient funds error correctly","duration":0.3037370000001829,"failureMessages":[],"meta":{}},{"ancestorTitles":["Payment Architecture Core Logic","Stripe Error Parsing"],"fullName":"Payment Architecture Core Logic Stripe Error Parsing should parse authentication required error correctly","status":"passed","title":"should parse authentication required error correctly","duration":0.3457889999999679,"failureMessages":[],"meta":{}},{"ancestorTitles":["Payment Architecture Core Logic","Stripe Error Parsing"],"fullName":"Payment Architecture Core Logic Stripe Error Parsing should handle unknown errors gracefully","status":"passed","title":"should handle unknown errors gracefully","duration":0.7543329999998605,"failureMessages":[],"meta":{}},{"ancestorTitles":["Payment Architecture Core Logic","Integration Scenarios"],"fullName":"Payment Architecture Core Logic Integration Scenarios should handle complete auto-booking flow validation","status":"passed","title":"should handle complete auto-booking flow validation","duration":0.3741420000001199,"failureMessages":[],"meta":{}},{"ancestorTitles":["Payment Architecture Core Logic","Integration Scenarios"],"fullName":"Payment Architecture Core Logic Integration Scenarios should fail validation and prevent payment for over-budget flights","status":"passed","title":"should fail validation and prevent payment for over-budget flights","duration":0.5373620000000301,"failureMessages":[],"meta":{}}],"startTime":1755227574606,"endTime":1755227574673.5374,"status":"passed","message":"","name":"/Users/parkerbarnett/github-link-up-buddy/src/tests/payment-architecture.test.ts"},{"assertionResults":[],"startTime":1755227544309,"endTime":1755227544309,"status":"failed","message":"createSupabaseMock is not a function","name":"/Users/parkerbarnett/github-link-up-buddy/tests/edge/getPersonalizationData.test.ts"},{"assertionResults":[{"ancestorTitles":["Feature Flag System","isEnabled"],"fullName":"Feature Flag System isEnabled returns false for disabled flags regardless of rollout percentage","status":"passed","title":"returns false for disabled flags regardless of rollout percentage","duration":2.856482000000142,"failureMessages":[],"meta":{}},{"ancestorTitles":["Feature Flag System","isEnabled"],"fullName":"Feature Flag System isEnabled returns true for 100% rollout when enabled","status":"passed","title":"returns true for 100% rollout when enabled","duration":0.35606300000017654,"failureMessages":[],"meta":{}},{"ancestorTitles":["Feature Flag System","isEnabled"],"fullName":"Feature Flag System isEnabled returns false for 0% rollout when enabled","status":"passed","title":"returns false for 0% rollout when enabled","duration":0.2514359999995577,"failureMessages":[],"meta":{}},{"ancestorTitles":["Feature Flag System","isEnabled"],"fullName":"Feature Flag System isEnabled handles null/undefined rollout percentage as 100%","status":"passed","title":"handles null/undefined rollout percentage as 100%","duration":0.33396700000002966,"failureMessages":[],"meta":{}},{"ancestorTitles":["Feature Flag System","isEnabled"],"fullName":"Feature Flag System isEnabled provides consistent results for the same user","status":"passed","title":"provides consistent results for the same user","duration":0.5498289999995905,"failureMessages":[],"meta":{}},{"ancestorTitles":["Feature Flag System","isEnabled"],"fullName":"Feature Flag System isEnabled distributes users approximately according to rollout percentage","status":"passed","title":"distributes users approximately according to rollout percentage","duration":1.7225510000002942,"failureMessages":[],"meta":{}},{"ancestorTitles":["Feature Flag System","userInBucket"],"fullName":"Feature Flag System userInBucket returns false for empty user ID","status":"passed","title":"returns false for empty user ID","duration":0.3304340000004231,"failureMessages":[],"meta":{}},{"ancestorTitles":["Feature Flag System","userInBucket"],"fullName":"Feature Flag System userInBucket returns false for 0% rollout","status":"passed","title":"returns false for 0% rollout","duration":0.2074390000002495,"failureMessages":[],"meta":{}},{"ancestorTitles":["Feature Flag System","userInBucket"],"fullName":"Feature Flag System userInBucket returns true for 100% rollout","status":"passed","title":"returns true for 100% rollout","duration":0.40280600000005506,"failureMessages":[],"meta":{}},{"ancestorTitles":["Feature Flag System","userInBucket"],"fullName":"Feature Flag System userInBucket returns true for rollout >= 100","status":"passed","title":"returns true for rollout >= 100","duration":0.2396990000002006,"failureMessages":[],"meta":{}},{"ancestorTitles":["Feature Flag System","userInBucket"],"fullName":"Feature Flag System userInBucket returns false for negative rollout","status":"passed","title":"returns false for negative rollout","duration":0.1672950000001947,"failureMessages":[],"meta":{}},{"ancestorTitles":["Feature Flag System","userInBucket"],"fullName":"Feature Flag System userInBucket provides deterministic results","status":"passed","title":"provides deterministic results","duration":0.1728240000002188,"failureMessages":[],"meta":{}},{"ancestorTitles":["Feature Flag System","getUserBucket"],"fullName":"Feature Flag System getUserBucket returns 0 for empty user ID","status":"passed","title":"returns 0 for empty user ID","duration":8.294412000000193,"failureMessages":[],"meta":{}},{"ancestorTitles":["Feature Flag System","getUserBucket"],"fullName":"Feature Flag System getUserBucket returns a number between 0 and 99","status":"passed","title":"returns a number between 0 and 99","duration":0.8913980000002084,"failureMessages":[],"meta":{}},{"ancestorTitles":["Feature Flag System","getUserBucket"],"fullName":"Feature Flag System getUserBucket returns consistent buckets for the same user","status":"passed","title":"returns consistent buckets for the same user","duration":0.19884000000001834,"failureMessages":[],"meta":{}},{"ancestorTitles":["Feature Flag System","getUserBucket"],"fullName":"Feature Flag System getUserBucket distributes users across all buckets","status":"passed","title":"distributes users across all buckets","duration":9.129969000000074,"failureMessages":[],"meta":{}},{"ancestorTitles":["Feature Flag System","getFeatureFlagHash"],"fullName":"Feature Flag System getFeatureFlagHash returns consistent hash for the same user","status":"passed","title":"returns consistent hash for the same user","duration":0.7058410000004187,"failureMessages":[],"meta":{}},{"ancestorTitles":["Feature Flag System","getFeatureFlagHash"],"fullName":"Feature Flag System getFeatureFlagHash returns different hashes for different users","status":"passed","title":"returns different hashes for different users","duration":1.599568999999974,"failureMessages":[],"meta":{}},{"ancestorTitles":["Feature Flag System","getFeatureFlagHash"],"fullName":"Feature Flag System getFeatureFlagHash returns values in expected range","status":"passed","title":"returns values in expected range","duration":13.605555999999979,"failureMessages":[],"meta":{}},{"ancestorTitles":["Feature Flag System","Edge Cases"],"fullName":"Feature Flag System Edge Cases handles special characters in user IDs","status":"passed","title":"handles special characters in user IDs","duration":0.4021450000000186,"failureMessages":[],"meta":{}},{"ancestorTitles":["Feature Flag System","Edge Cases"],"fullName":"Feature Flag System Edge Cases handles very long user IDs","status":"passed","title":"handles very long user IDs","duration":0.21052700000018376,"failureMessages":[],"meta":{}},{"ancestorTitles":["Feature Flag System","Edge Cases"],"fullName":"Feature Flag System Edge Cases handles unicode characters in user IDs","status":"passed","title":"handles unicode characters in user IDs","duration":0.2903419999997823,"failureMessages":[],"meta":{}},{"ancestorTitles":["Feature Flag System","5% Canary Rollout Simulation"],"fullName":"Feature Flag System 5% Canary Rollout Simulation correctly implements 5% canary rollout","status":"passed","title":"correctly implements 5% canary rollout","duration":4.007740999999896,"failureMessages":[],"meta":{}},{"ancestorTitles":["Feature Flag System","5% Canary Rollout Simulation"],"fullName":"Feature Flag System 5% Canary Rollout Simulation maintains consistency across multiple checks","status":"passed","title":"maintains consistency across multiple checks","duration":385.66232599999967,"failureMessages":[],"meta":{}}],"startTime":1755227563494,"endTime":1755227563927.6624,"status":"passed","message":"","name":"/Users/parkerbarnett/github-link-up-buddy/tests/unit/featureFlag.test.ts"},{"assertionResults":[{"ancestorTitles":["Payment Architecture Core Logic","Setup Intent Creation"],"fullName":"Payment Architecture Core Logic Setup Intent Creation should create setup intent with correct parameters","status":"passed","title":"should create setup intent with correct parameters","duration":5.081470999999965,"failureMessages":[],"meta":{}},{"ancestorTitles":["Payment Architecture Core Logic","Campaign Validation for Auto-Booking"],"fullName":"Payment Architecture Core Logic Campaign Validation for Auto-Booking should validate campaign successfully when all conditions are met","status":"passed","title":"should validate campaign successfully when all conditions are met","duration":0.7977259999997841,"failureMessages":[],"meta":{}},{"ancestorTitles":["Payment Architecture Core Logic","Campaign Validation for Auto-Booking"],"fullName":"Payment Architecture Core Logic Campaign Validation for Auto-Booking should reject when flight price exceeds budget","status":"passed","title":"should reject when flight price exceeds budget","duration":0.3245409999999538,"failureMessages":[],"meta":{}},{"ancestorTitles":["Payment Architecture Core Logic","Campaign Validation for Auto-Booking"],"fullName":"Payment Architecture Core Logic Campaign Validation for Auto-Booking should detect expired cards","status":"passed","title":"should detect expired cards","duration":0.6201900000000933,"failureMessages":[],"meta":{}},{"ancestorTitles":["Payment Architecture Core Logic","Auto-Booking Payment Intent Creation"],"fullName":"Payment Architecture Core Logic Auto-Booking Payment Intent Creation should create payment intent with correct off-session parameters","status":"passed","title":"should create payment intent with correct off-session parameters","duration":12.804043999999976,"failureMessages":[],"meta":{}},{"ancestorTitles":["Payment Architecture Core Logic","Card Expiry Detection"],"fullName":"Payment Architecture Core Logic Card Expiry Detection should detect non-expired cards correctly","status":"passed","title":"should detect non-expired cards correctly","duration":0.2949109999999564,"failureMessages":[],"meta":{}},{"ancestorTitles":["Payment Architecture Core Logic","Card Expiry Detection"],"fullName":"Payment Architecture Core Logic Card Expiry Detection should detect expired cards correctly","status":"passed","title":"should detect expired cards correctly","duration":0.5570240000001832,"failureMessages":[],"meta":{}},{"ancestorTitles":["Payment Architecture Core Logic","Card Expiry Detection"],"fullName":"Payment Architecture Core Logic Card Expiry Detection should handle missing expiry information","status":"passed","title":"should handle missing expiry information","duration":0.2987700000003315,"failureMessages":[],"meta":{}},{"ancestorTitles":["Payment Architecture Core Logic","Stripe Error Parsing"],"fullName":"Payment Architecture Core Logic Stripe Error Parsing should parse card declined error correctly","status":"passed","title":"should parse card declined error correctly","duration":0.5175030000000334,"failureMessages":[],"meta":{}},{"ancestorTitles":["Payment Architecture Core Logic","Stripe Error Parsing"],"fullName":"Payment Architecture Core Logic Stripe Error Parsing should parse insufficient funds error correctly","status":"passed","title":"should parse insufficient funds error correctly","duration":0.29113500000039494,"failureMessages":[],"meta":{}},{"ancestorTitles":["Payment Architecture Core Logic","Stripe Error Parsing"],"fullName":"Payment Architecture Core Logic Stripe Error Parsing should parse authentication required error correctly","status":"passed","title":"should parse authentication required error correctly","duration":0.40437999999994645,"failureMessages":[],"meta":{}},{"ancestorTitles":["Payment Architecture Core Logic","Stripe Error Parsing"],"fullName":"Payment Architecture Core Logic Stripe Error Parsing should handle unknown errors gracefully","status":"passed","title":"should handle unknown errors gracefully","duration":0.394792999999936,"failureMessages":[],"meta":{}},{"ancestorTitles":["Payment Architecture Core Logic","Integration Scenarios"],"fullName":"Payment Architecture Core Logic Integration Scenarios should handle complete auto-booking flow validation","status":"passed","title":"should handle complete auto-booking flow validation","duration":0.48923599999989165,"failureMessages":[],"meta":{}},{"ancestorTitles":["Payment Architecture Core Logic","Integration Scenarios"],"fullName":"Payment Architecture Core Logic Integration Scenarios should fail validation and prevent payment for over-budget flights","status":"passed","title":"should fail validation and prevent payment for over-budget flights","duration":0.5864000000001397,"failureMessages":[],"meta":{}}],"startTime":1755227579138,"endTime":1755227579162.5864,"status":"passed","message":"","name":"/Users/parkerbarnett/github-link-up-buddy/tests/unit/payment-architecture.test.ts"},{"assertionResults":[{"ancestorTitles":["Flight Offers v2 Edge Function"],"fullName":"Flight Offers v2 Edge Function should return 200 with empty array for valid tripRequestId","status":"passed","title":"should return 200 with empty array for valid tripRequestId","duration":40.98272799999995,"failureMessages":[],"meta":{}},{"ancestorTitles":["Flight Offers v2 Edge Function"],"fullName":"Flight Offers v2 Edge Function should return 400 for missing tripRequestId","status":"passed","title":"should return 400 for missing tripRequestId","duration":1.7572359999999208,"failureMessages":[],"meta":{}},{"ancestorTitles":["Flight Offers v2 Edge Function"],"fullName":"Flight Offers v2 Edge Function should return 400 for invalid tripRequestId type","status":"passed","title":"should return 400 for invalid tripRequestId type","duration":1.6511539999996785,"failureMessages":[],"meta":{}},{"ancestorTitles":["Flight Offers v2 Edge Function"],"fullName":"Flight Offers v2 Edge Function should handle OPTIONS request for CORS","status":"passed","title":"should handle OPTIONS request for CORS","duration":1.3688460000003033,"failureMessages":[],"meta":{}}],"startTime":1755227576219,"endTime":1755227576264.369,"status":"passed","message":"","name":"/Users/parkerbarnett/github-link-up-buddy/supabase/functions/flight-offers-v2/index.test.ts"},{"assertionResults":[{"ancestorTitles":["Edge Function: flight-search-v2"],"fullName":"Edge Function: flight-search-v2 OPTIONS request should return CORS headers","status":"passed","title":"OPTIONS request should return CORS headers","duration":2.369040000000041,"failureMessages":[],"meta":{}},{"ancestorTitles":["Edge Function: flight-search-v2"],"fullName":"Edge Function: flight-search-v2 POST with valid tripRequestId: Amadeus returns offers, Supabase insert succeeds","status":"passed","title":"POST with valid tripRequestId: Amadeus returns offers, Supabase insert succeeds","duration":0.6373059999996258,"failureMessages":[],"meta":{}},{"ancestorTitles":["Edge Function: flight-search-v2"],"fullName":"Edge Function: flight-search-v2 POST with valid tripRequestId: Amadeus returns NO offers","status":"passed","title":"POST with valid tripRequestId: Amadeus returns NO offers","duration":0.33153600000014194,"failureMessages":[],"meta":{}},{"ancestorTitles":["Edge Function: flight-search-v2"],"fullName":"Edge Function: flight-search-v2 POST with missing tripRequestId","status":"passed","title":"POST with missing tripRequestId","duration":0.35847599999988233,"failureMessages":[],"meta":{}},{"ancestorTitles":["Edge Function: flight-search-v2"],"fullName":"Edge Function: flight-search-v2 GET request should be Method Not Allowed","status":"passed","title":"GET request should be Method Not Allowed","duration":0.6791619999999057,"failureMessages":[],"meta":{}},{"ancestorTitles":["Edge Function: flight-search-v2"],"fullName":"Edge Function: flight-search-v2 Supabase insert fails","status":"passed","title":"Supabase insert fails","duration":0.2697570000000269,"failureMessages":[],"meta":{}}],"startTime":1755227582281,"endTime":1755227582286.2698,"status":"passed","message":"","name":"/Users/parkerbarnett/github-link-up-buddy/supabase/functions/flight-search-v2/index.test.ts"},{"assertionResults":[{"ancestorTitles":["fees helper"],"fullName":"fees helper derives threshold preferring max_price, falling back to budget","status":"passed","title":"derives threshold preferring max_price, falling back to budget","duration":3.1189300000000912,"failureMessages":[],"meta":{}},{"ancestorTitles":["fees helper"],"fullName":"fees helper computes zero fee when savings is zero or negative","status":"passed","title":"computes zero fee when savings is zero or negative","duration":1.0617640000000392,"failureMessages":[],"meta":{}},{"ancestorTitles":["fees helper"],"fullName":"fees helper applies default 5% fee when env not set","status":"passed","title":"applies default 5% fee when env not set","duration":0.8218940000001567,"failureMessages":[],"meta":{}},{"ancestorTitles":["fees helper"],"fullName":"fees helper applies custom fee pct when provided explicitly","status":"passed","title":"applies custom fee pct when provided explicitly","duration":0.6465250000001106,"failureMessages":[],"meta":{}},{"ancestorTitles":["fees helper"],"fullName":"fees helper respects minimum fee cap (SAVINGS_FEE_MIN_CENTS)","status":"passed","title":"respects minimum fee cap (SAVINGS_FEE_MIN_CENTS)","duration":0.6550280000001294,"failureMessages":[],"meta":{}},{"ancestorTitles":["fees helper"],"fullName":"fees helper respects maximum fee cap (SAVINGS_FEE_MAX_CENTS)","status":"passed","title":"respects maximum fee cap (SAVINGS_FEE_MAX_CENTS)","duration":0.5847880000001169,"failureMessages":[],"meta":{}}],"startTime":1755227577945,"endTime":1755227577951.655,"status":"passed","message":"","name":"/Users/parkerbarnett/github-link-up-buddy/supabase/functions/lib/fees.test.ts"},{"assertionResults":[{"ancestorTitles":["selectSeat"],"fullName":"selectSeat should return null if seatMap is null, undefined, or has no flightSegments property","status":"passed","title":"should return null if seatMap is null, undefined, or has no flightSegments property","duration":4.303973000000042,"failureMessages":[],"meta":{}},{"ancestorTitles":["selectSeat"],"fullName":"selectSeat should return null if seatMap.flightSegments is an empty array (no seats to process)","status":"passed","title":"should return null if seatMap.flightSegments is an empty array (no seats to process)","duration":2.373957000000246,"failureMessages":[],"meta":{}},{"ancestorTitles":["selectSeat"],"fullName":"selectSeat should return null if remainingBudget <= 0","status":"passed","title":"should return null if remainingBudget <= 0","duration":0.9510789999999361,"failureMessages":[],"meta":{}},{"ancestorTitles":["selectSeat"],"fullName":"selectSeat should pick the cheapest AISLE seat if available within budget","status":"passed","title":"should pick the cheapest AISLE seat if available within budget","duration":1.6756620000001021,"failureMessages":[],"meta":{}},{"ancestorTitles":["selectSeat"],"fullName":"selectSeat should pick the cheapest WINDOW seat if no AISLE available within budget","status":"passed","title":"should pick the cheapest WINDOW seat if no AISLE available within budget","duration":5.355160999999953,"failureMessages":[],"meta":{}},{"ancestorTitles":["selectSeat"],"fullName":"selectSeat should pick the cheapest MIDDLE seat if allowMiddle is true and only MIDDLE available in budget","status":"passed","title":"should pick the cheapest MIDDLE seat if allowMiddle is true and only MIDDLE available in budget","duration":1.5222450000001118,"failureMessages":[],"meta":{}},{"ancestorTitles":["selectSeat"],"fullName":"selectSeat should return null if allowMiddle is false and only MIDDLE seats are available under budget","status":"passed","title":"should return null if allowMiddle is false and only MIDDLE seats are available under budget","duration":0.9403769999998985,"failureMessages":[],"meta":{}},{"ancestorTitles":["selectSeat"],"fullName":"selectSeat should return null if no seats are available within budget","status":"passed","title":"should return null if no seats are available within budget","duration":0.49491900000020905,"failureMessages":[],"meta":{}},{"ancestorTitles":["selectSeat"],"fullName":"selectSeat should handle seats with price 0 correctly when remaining budget allows","status":"passed","title":"should handle seats with price 0 correctly when remaining budget allows","duration":0.9650800000003983,"failureMessages":[],"meta":{}},{"ancestorTitles":["selectSeat"],"fullName":"selectSeat should prioritize AISLE > WINDOW > MIDDLE when all are same priced and under budget","status":"passed","title":"should prioritize AISLE > WINDOW > MIDDLE when all are same priced and under budget","duration":0.5825700000000325,"failureMessages":[],"meta":{}},{"ancestorTitles":["selectSeat"],"fullName":"selectSeat should ignore unavailable seats","status":"passed","title":"should ignore unavailable seats","duration":0.3787649999999303,"failureMessages":[],"meta":{}},{"ancestorTitles":["selectSeat"],"fullName":"selectSeat should return null if all available seats are of disallowed types","status":"passed","title":"should return null if all available seats are of disallowed types","duration":0.328469000000041,"failureMessages":[],"meta":{}},{"ancestorTitles":["selectSeat"],"fullName":"selectSeat should correctly parse string prices from seat.pricing.total","status":"passed","title":"should correctly parse string prices from seat.pricing.total","duration":0.3978790000001027,"failureMessages":[],"meta":{}}],"startTime":1755227576221,"endTime":1755227576242.398,"status":"passed","message":"","name":"/Users/parkerbarnett/github-link-up-buddy/supabase/functions/lib/seatSelector.test.ts"},{"assertionResults":[{"ancestorTitles":["Amadeus Token Caching"],"fullName":"Amadeus Token Caching should cache tokens and reuse them","status":"passed","title":"should cache tokens and reuse them","duration":54.50445999999965,"failureMessages":[],"meta":{}},{"ancestorTitles":["Amadeus Token Caching"],"fullName":"Amadeus Token Caching should refresh expired tokens","status":"passed","title":"should refresh expired tokens","duration":1113.0103080000004,"failureMessages":[],"meta":{}},{"ancestorTitles":["Amadeus Token Caching"],"fullName":"Amadeus Token Caching should handle missing credentials","status":"passed","title":"should handle missing credentials","duration":3.691077999999834,"failureMessages":[],"meta":{}},{"ancestorTitles":["Amadeus Token Caching"],"fullName":"Amadeus Token Caching should handle API errors","status":"passed","title":"should handle API errors","duration":2.5614720000003217,"failureMessages":[],"meta":{}}],"startTime":1755227558088,"endTime":1755227559262.5615,"status":"passed","message":"","name":"/Users/parkerbarnett/github-link-up-buddy/supabase/functions/tests/amadeusToken.test.ts"},{"assertionResults":[{"ancestorTitles":["auto-book Integration Tests"],"fullName":"auto-book Integration Tests should successfully book a flight with seat selection and update database","status":"skipped","title":"should successfully book a flight with seat selection and update database","failureMessages":[],"meta":{}},{"ancestorTitles":["auto-book Integration Tests"],"fullName":"auto-book Integration Tests should attempt Amadeus cancellation and update statuses if Stripe payment fails","status":"skipped","title":"should attempt Amadeus cancellation and update statuses if Stripe payment fails","failureMessages":[],"meta":{}},{"ancestorTitles":["auto-book Integration Tests"],"fullName":"auto-book Integration Tests should proceed with booking if seat map fails, without seat selection","status":"skipped","title":"should proceed with booking if seat map fails, without seat selection","failureMessages":[],"meta":{}},{"ancestorTitles":["auto-book Integration Tests"],"fullName":"auto-book Integration Tests should return error if DB update fails after payment, without Amadeus rollback","status":"skipped","title":"should return error if DB update fails after payment, without Amadeus rollback","failureMessages":[],"meta":{}},{"ancestorTitles":["auto-book Integration Tests"],"fullName":"auto-book Integration Tests should return 200 if lock acquisition fails with unique constraint (idempotency)","status":"skipped","title":"should return 200 if lock acquisition fails with unique constraint (idempotency)","failureMessages":[],"meta":{}}],"startTime":1755227544309,"endTime":1755227544309,"status":"passed","message":"","name":"/Users/parkerbarnett/github-link-up-buddy/supabase/functions/tests/auto-book.test.ts"},{"assertionResults":[{"ancestorTitles":["cancel-booking Edge Function"],"fullName":"cancel-booking Edge Function 1. Successfully cancels a booking and issues refund","status":"passed","title":"1. Successfully cancels a booking and issues refund","duration":18.265768000000207,"failureMessages":[],"meta":{}},{"ancestorTitles":["cancel-booking Edge Function"],"fullName":"cancel-booking Edge Function 2a. Returns 400 if booking status is not \"ticketed\"","status":"passed","title":"2a. Returns 400 if booking status is not \"ticketed\"","duration":2.5636450000001787,"failureMessages":[],"meta":{}},{"ancestorTitles":["cancel-booking Edge Function"],"fullName":"cancel-booking Edge Function 2b. Returns 400 if booking is older than 24 hours","status":"passed","title":"2b. Returns 400 if booking is older than 24 hours","duration":2.869217999999819,"failureMessages":[],"meta":{}},{"ancestorTitles":["cancel-booking Edge Function"],"fullName":"cancel-booking Edge Function 3. Returns 403 for authorization failure (user_id mismatch)","status":"passed","title":"3. Returns 403 for authorization failure (user_id mismatch)","duration":4.100727000000006,"failureMessages":[],"meta":{}},{"ancestorTitles":["cancel-booking Edge Function"],"fullName":"cancel-booking Edge Function 4. Returns 404 if booking not found","status":"passed","title":"4. Returns 404 if booking not found","duration":2.2817399999998997,"failureMessages":[],"meta":{}},{"ancestorTitles":["cancel-booking Edge Function"],"fullName":"cancel-booking Edge Function 5. Returns 500 if getAmadeusAccessToken fails","status":"passed","title":"5. Returns 500 if getAmadeusAccessToken fails","duration":1.2463660000003074,"failureMessages":[],"meta":{}},{"ancestorTitles":["cancel-booking Edge Function"],"fullName":"cancel-booking Edge Function 6. Returns 500 if Amadeus cancelAmadeusOrder fails","status":"passed","title":"6. Returns 500 if Amadeus cancelAmadeusOrder fails","duration":2.4861970000001747,"failureMessages":[],"meta":{}},{"ancestorTitles":["cancel-booking Edge Function"],"fullName":"cancel-booking Edge Function 7. Returns 500 if Stripe PaymentIntent ID not found","status":"passed","title":"7. Returns 500 if Stripe PaymentIntent ID not found","duration":2.2815889999997125,"failureMessages":[],"meta":{}},{"ancestorTitles":["cancel-booking Edge Function"],"fullName":"cancel-booking Edge Function 8. Returns 500 if Stripe refunds.create fails","status":"passed","title":"8. Returns 500 if Stripe refunds.create fails","duration":3.151564000000235,"failureMessages":[],"meta":{}},{"ancestorTitles":["cancel-booking Edge Function"],"fullName":"cancel-booking Edge Function 9. Returns 500 if bookings table update fails","status":"passed","title":"9. Returns 500 if bookings table update fails","duration":2.2708590000002005,"failureMessages":[],"meta":{}},{"ancestorTitles":["cancel-booking Edge Function"],"fullName":"cancel-booking Edge Function 10. Returns 400 if booking_id is missing in request","status":"passed","title":"10. Returns 400 if booking_id is missing in request","duration":1.1075920000002952,"failureMessages":[],"meta":{}},{"ancestorTitles":["cancel-booking Edge Function"],"fullName":"cancel-booking Edge Function 11. Returns 401 for authentication failure","status":"passed","title":"11. Returns 401 for authentication failure","duration":90.97036500000013,"failureMessages":[],"meta":{}},{"ancestorTitles":["cancel-booking Edge Function"],"fullName":"cancel-booking Edge Function 12. send-notification is called on successful cancellation","status":"passed","title":"12. send-notification is called on successful cancellation","duration":4.057600000000093,"failureMessages":[],"meta":{}}],"startTime":1755227570191,"endTime":1755227570329.0576,"status":"passed","message":"","name":"/Users/parkerbarnett/github-link-up-buddy/supabase/functions/tests/cancel-booking.test.ts"},{"assertionResults":[{"ancestorTitles":["computeCarryOnFee"],"fullName":"computeCarryOnFee should handle malformed travelerPricings (null)","status":"passed","title":"should handle malformed travelerPricings (null)","duration":2.5042389999998704,"failureMessages":[],"meta":{}},{"ancestorTitles":["computeCarryOnFee"],"fullName":"computeCarryOnFee should handle malformed travelerPricings (undefined)","status":"passed","title":"should handle malformed travelerPricings (undefined)","duration":0.3802009999999427,"failureMessages":[],"meta":{}},{"ancestorTitles":["computeCarryOnFee"],"fullName":"computeCarryOnFee should handle empty travelerPricings array","status":"passed","title":"should handle empty travelerPricings array","duration":0.2618489999999838,"failureMessages":[],"meta":{}},{"ancestorTitles":["computeCarryOnFee"],"fullName":"computeCarryOnFee should handle travelerPricings with no fareDetailsBySegment","status":"passed","title":"should handle travelerPricings with no fareDetailsBySegment","duration":0.3343819999995503,"failureMessages":[],"meta":{}},{"ancestorTitles":["computeCarryOnFee"],"fullName":"computeCarryOnFee should handle travelerPricings with empty fareDetailsBySegment array","status":"passed","title":"should handle travelerPricings with empty fareDetailsBySegment array","duration":0.3370879999997669,"failureMessages":[],"meta":{}},{"ancestorTitles":["computeCarryOnFee"],"fullName":"computeCarryOnFee should handle no additionalServices array","status":"passed","title":"should handle no additionalServices array","duration":0.3188709999999446,"failureMessages":[],"meta":{}},{"ancestorTitles":["computeCarryOnFee"],"fullName":"computeCarryOnFee should handle additionalServices empty array","status":"passed","title":"should handle additionalServices empty array","duration":0.2624470000000656,"failureMessages":[],"meta":{}},{"ancestorTitles":["computeCarryOnFee"],"fullName":"computeCarryOnFee should handle BAGGAGE service present but no CARRY ON/CABIN BAG in description","status":"passed","title":"should handle BAGGAGE service present but no CARRY ON/CABIN BAG in description","duration":0.3635490000001482,"failureMessages":[],"meta":{}},{"ancestorTitles":["computeCarryOnFee"],"fullName":"computeCarryOnFee should handle CARRY ON service found with amount","status":"passed","title":"should handle CARRY ON service found with amount","duration":0.5795849999999518,"failureMessages":[],"meta":{}},{"ancestorTitles":["computeCarryOnFee"],"fullName":"computeCarryOnFee should handle CARRY ON service found, amount is zero (free)","status":"passed","title":"should handle CARRY ON service found, amount is zero (free)","duration":0.26833299999998417,"failureMessages":[],"meta":{}},{"ancestorTitles":["computeCarryOnFee"],"fullName":"computeCarryOnFee should handle CARRY ON service found, no amount","status":"passed","title":"should handle CARRY ON service found, no amount","duration":0.2533419999999751,"failureMessages":[],"meta":{}},{"ancestorTitles":["computeCarryOnFee"],"fullName":"computeCarryOnFee should handle Basic/Light fare, no explicit carry-on fee/inclusion info (opaque)","status":"passed","title":"should handle Basic/Light fare, no explicit carry-on fee/inclusion info (opaque)","duration":0.186678000000029,"failureMessages":[],"meta":{}},{"ancestorTitles":["computeCarryOnFee"],"fullName":"computeCarryOnFee should handle Basic/Light fare, but carry-on fee IS specified","status":"passed","title":"should handle Basic/Light fare, but carry-on fee IS specified","duration":0.18034399999987727,"failureMessages":[],"meta":{}},{"ancestorTitles":["computeCarryOnFee"],"fullName":"computeCarryOnFee should handle Basic/Light fare, includedCheckedBags sets infoFound","status":"passed","title":"should handle Basic/Light fare, includedCheckedBags sets infoFound","duration":0.17820800000026793,"failureMessages":[],"meta":{}},{"ancestorTitles":["computeCarryOnFee"],"fullName":"computeCarryOnFee should handle Multiple segments, one has fee, one is free","status":"passed","title":"should handle Multiple segments, one has fee, one is free","duration":0.16959899999983463,"failureMessages":[],"meta":{}},{"ancestorTitles":["computeCarryOnFee"],"fullName":"computeCarryOnFee should handle Multiple travelerPricings, uses first one with info","status":"passed","title":"should handle Multiple travelerPricings, uses first one with info","duration":0.1697529999996732,"failureMessages":[],"meta":{}},{"ancestorTitles":["computeCarryOnFee"],"fullName":"computeCarryOnFee should handle Rollback mechanism test - feature disabled","status":"passed","title":"should handle Rollback mechanism test - feature disabled","duration":1.2100460000001476,"failureMessages":[],"meta":{}}],"startTime":1755227580192,"endTime":1755227580200.21,"status":"passed","message":"","name":"/Users/parkerbarnett/github-link-up-buddy/supabase/functions/tests/carry-on-fee-standalone.test.ts"},{"assertionResults":[{"ancestorTitles":["computeCarryOnFee"],"fullName":"computeCarryOnFee should handle malformed travelerPricings (null)","status":"passed","title":"should handle malformed travelerPricings (null)","duration":2.5914160000002084,"failureMessages":[],"meta":{}},{"ancestorTitles":["computeCarryOnFee"],"fullName":"computeCarryOnFee should handle malformed travelerPricings (undefined)","status":"passed","title":"should handle malformed travelerPricings (undefined)","duration":0.45873900000015055,"failureMessages":[],"meta":{}},{"ancestorTitles":["computeCarryOnFee"],"fullName":"computeCarryOnFee should handle empty travelerPricings array","status":"passed","title":"should handle empty travelerPricings array","duration":0.3394260000000031,"failureMessages":[],"meta":{}},{"ancestorTitles":["computeCarryOnFee"],"fullName":"computeCarryOnFee should handle travelerPricings with no fareDetailsBySegment","status":"passed","title":"should handle travelerPricings with no fareDetailsBySegment","duration":0.35164499999973486,"failureMessages":[],"meta":{}},{"ancestorTitles":["computeCarryOnFee"],"fullName":"computeCarryOnFee should handle travelerPricings with empty fareDetailsBySegment array","status":"passed","title":"should handle travelerPricings with empty fareDetailsBySegment array","duration":0.33257099999991624,"failureMessages":[],"meta":{}},{"ancestorTitles":["computeCarryOnFee"],"fullName":"computeCarryOnFee should handle no additionalServices array","status":"passed","title":"should handle no additionalServices array","duration":0.32432599999992817,"failureMessages":[],"meta":{}},{"ancestorTitles":["computeCarryOnFee"],"fullName":"computeCarryOnFee should handle additionalServices empty array","status":"passed","title":"should handle additionalServices empty array","duration":0.26552899999978763,"failureMessages":[],"meta":{}},{"ancestorTitles":["computeCarryOnFee"],"fullName":"computeCarryOnFee should handle BAGGAGE service present but no CARRY ON/CABIN BAG in description","status":"passed","title":"should handle BAGGAGE service present but no CARRY ON/CABIN BAG in description","duration":0.41421900000023015,"failureMessages":[],"meta":{}},{"ancestorTitles":["computeCarryOnFee"],"fullName":"computeCarryOnFee should find CARRY ON service with amount","status":"passed","title":"should find CARRY ON service with amount","duration":0.5560850000001665,"failureMessages":[],"meta":{}},{"ancestorTitles":["computeCarryOnFee"],"fullName":"computeCarryOnFee should find CARRY ON service with zero amount (free)","status":"passed","title":"should find CARRY ON service with zero amount (free)","duration":0.28073500000027707,"failureMessages":[],"meta":{}},{"ancestorTitles":["computeCarryOnFee"],"fullName":"computeCarryOnFee should handle CARRY ON service found with no amount","status":"passed","title":"should handle CARRY ON service found with no amount","duration":0.2339870000000701,"failureMessages":[],"meta":{}},{"ancestorTitles":["computeCarryOnFee"],"fullName":"computeCarryOnFee should handle Basic/Light fare with no explicit carry-on fee/inclusion info (opaque)","status":"passed","title":"should handle Basic/Light fare with no explicit carry-on fee/inclusion info (opaque)","duration":0.1936390000000756,"failureMessages":[],"meta":{}},{"ancestorTitles":["computeCarryOnFee"],"fullName":"computeCarryOnFee should handle Basic/Light fare with specified carry-on fee","status":"passed","title":"should handle Basic/Light fare with specified carry-on fee","duration":0.196187000000009,"failureMessages":[],"meta":{}},{"ancestorTitles":["computeCarryOnFee"],"fullName":"computeCarryOnFee should handle Basic/Light fare with includedCheckedBags setting infoFound","status":"passed","title":"should handle Basic/Light fare with includedCheckedBags setting infoFound","duration":0.19811200000003737,"failureMessages":[],"meta":{}},{"ancestorTitles":["computeCarryOnFee"],"fullName":"computeCarryOnFee should handle multiple segments, one has fee, one is free (should sum)","status":"passed","title":"should handle multiple segments, one has fee, one is free (should sum)","duration":0.18895500000007814,"failureMessages":[],"meta":{}},{"ancestorTitles":["computeCarryOnFee"],"fullName":"computeCarryOnFee should use first travelerPricing with info","status":"passed","title":"should use first travelerPricing with info","duration":0.2523740000001453,"failureMessages":[],"meta":{}},{"ancestorTitles":["computeCarryOnFee"],"fullName":"computeCarryOnFee should handle complex offer with mixed info correctly","status":"passed","title":"should handle complex offer with mixed info correctly","duration":0.2685929999997825,"failureMessages":[],"meta":{}},{"ancestorTitles":["computeCarryOnFee"],"fullName":"computeCarryOnFee should handle Basic fare but included checked bags makes it not opaque","status":"passed","title":"should handle Basic fare but included checked bags makes it not opaque","duration":0.195875999999771,"failureMessages":[],"meta":{}},{"ancestorTitles":["computeCarryOnFee"],"fullName":"computeCarryOnFee should handle Basic fare with specific CARRY ON fee provided","status":"passed","title":"should handle Basic fare with specific CARRY ON fee provided","duration":0.21200099999987287,"failureMessages":[],"meta":{}}],"startTime":1755227577945,"endTime":1755227577953.212,"status":"passed","message":"","name":"/Users/parkerbarnett/github-link-up-buddy/supabase/functions/tests/carry-on-fee.test.ts"},{"assertionResults":[{"ancestorTitles":[],"fullName":"computeCarryOnFee: malformed travelerPricings handled (null)","status":"passed","title":"computeCarryOnFee: malformed travelerPricings handled (null)","duration":2.907807000000048,"failureMessages":[],"meta":{}},{"ancestorTitles":[],"fullName":"computeCarryOnFee: malformed travelerPricings handled (undefined)","status":"passed","title":"computeCarryOnFee: malformed travelerPricings handled (undefined)","duration":0.26575800000000527,"failureMessages":[],"meta":{}},{"ancestorTitles":[],"fullName":"computeCarryOnFee: empty travelerPricings array","status":"passed","title":"computeCarryOnFee: empty travelerPricings array","duration":0.24258800000006886,"failureMessages":[],"meta":{}},{"ancestorTitles":[],"fullName":"computeCarryOnFee: travelerPricings with no fareDetailsBySegment","status":"passed","title":"computeCarryOnFee: travelerPricings with no fareDetailsBySegment","duration":0.3268550000002506,"failureMessages":[],"meta":{}},{"ancestorTitles":[],"fullName":"computeCarryOnFee: travelerPricings with empty fareDetailsBySegment array","status":"passed","title":"computeCarryOnFee: travelerPricings with empty fareDetailsBySegment array","duration":0.3921250000003056,"failureMessages":[],"meta":{}},{"ancestorTitles":[],"fullName":"computeCarryOnFee: no additionalServices array","status":"passed","title":"computeCarryOnFee: no additionalServices array","duration":0.308556999999837,"failureMessages":[],"meta":{}},{"ancestorTitles":[],"fullName":"computeCarryOnFee: additionalServices empty array","status":"passed","title":"computeCarryOnFee: additionalServices empty array","duration":0.252994999999828,"failureMessages":[],"meta":{}},{"ancestorTitles":[],"fullName":"computeCarryOnFee: BAGGAGE service present but no CARRY ON/CABIN BAG in description","status":"passed","title":"computeCarryOnFee: BAGGAGE service present but no CARRY ON/CABIN BAG in description","duration":0.351383000000169,"failureMessages":[],"meta":{}},{"ancestorTitles":[],"fullName":"computeCarryOnFee: CARRY ON service found with amount","status":"passed","title":"computeCarryOnFee: CARRY ON service found with amount","duration":0.6403900000000249,"failureMessages":[],"meta":{}},{"ancestorTitles":[],"fullName":"computeCarryOnFee: CARRY ON service found, amount is zero (free)","status":"passed","title":"computeCarryOnFee: CARRY ON service found, amount is zero (free)","duration":0.28297599999996237,"failureMessages":[],"meta":{}},{"ancestorTitles":[],"fullName":"computeCarryOnFee: CARRY ON service found, no amount (should be treated carefully, implies free or included but not priced)","status":"passed","title":"computeCarryOnFee: CARRY ON service found, no amount (should be treated carefully, implies free or included but not priced)","duration":0.2694010000000162,"failureMessages":[],"meta":{}},{"ancestorTitles":[],"fullName":"computeCarryOnFee: Basic/Light fare, no explicit carry-on fee/inclusion info (opaque)","status":"passed","title":"computeCarryOnFee: Basic/Light fare, no explicit carry-on fee/inclusion info (opaque)","duration":0.20211300000028132,"failureMessages":[],"meta":{}},{"ancestorTitles":[],"fullName":"computeCarryOnFee: Basic/Light fare, but carry-on fee IS specified","status":"passed","title":"computeCarryOnFee: Basic/Light fare, but carry-on fee IS specified","duration":0.1854590000002645,"failureMessages":[],"meta":{}},{"ancestorTitles":[],"fullName":"computeCarryOnFee: Basic/Light fare, includedCheckedBags sets infoFound (implies not opaque for carry-on, defaults to 0 fee if no specific carry-on service)","status":"passed","title":"computeCarryOnFee: Basic/Light fare, includedCheckedBags sets infoFound (implies not opaque for carry-on, defaults to 0 fee if no specific carry-on service)","duration":0.17312500000025466,"failureMessages":[],"meta":{}},{"ancestorTitles":[],"fullName":"computeCarryOnFee: Multiple segments, one has fee, one is free (should sum or take first/max - current sums)","status":"passed","title":"computeCarryOnFee: Multiple segments, one has fee, one is free (should sum or take first/max - current sums)","duration":0.17005900000003749,"failureMessages":[],"meta":{}},{"ancestorTitles":[],"fullName":"computeCarryOnFee: Multiple travelerPricings, uses first one with info","status":"passed","title":"computeCarryOnFee: Multiple travelerPricings, uses first one with info","duration":0.16708600000038132,"failureMessages":[],"meta":{}},{"ancestorTitles":[],"fullName":"computeCarryOnFee: Complex offer with mixed info, ensure correct fee or null","status":"passed","title":"computeCarryOnFee: Complex offer with mixed info, ensure correct fee or null","duration":0.23470799999995506,"failureMessages":[],"meta":{}},{"ancestorTitles":[],"fullName":"computeCarryOnFee: Basic fare but included checked bags makes it not opaque","status":"passed","title":"computeCarryOnFee: Basic fare but included checked bags makes it not opaque","duration":0.1637660000001233,"failureMessages":[],"meta":{}},{"ancestorTitles":[],"fullName":"computeCarryOnFee: Basic fare, specific CARRY ON fee provided","status":"passed","title":"computeCarryOnFee: Basic fare, specific CARRY ON fee provided","duration":0.1784639999996216,"failureMessages":[],"meta":{}}],"startTime":1755227579144,"endTime":1755227579152.1785,"status":"passed","message":"","name":"/Users/parkerbarnett/github-link-up-buddy/supabase/functions/tests/carry-on-fee.vitest.test.ts"},{"assertionResults":[{"ancestorTitles":["create-booking-request fee disabled"],"fullName":"create-booking-request fee disabled charges actual price only and fee_amount_cents is 0 on PaymentIntent path when disabled","status":"skipped","title":"charges actual price only and fee_amount_cents is 0 on PaymentIntent path when disabled","failureMessages":[],"meta":{}}],"startTime":1755227544309,"endTime":1755227544309,"status":"passed","message":"","name":"/Users/parkerbarnett/github-link-up-buddy/supabase/functions/tests/create-booking-request.fee-disabled.test.ts"},{"assertionResults":[{"ancestorTitles":["create-booking-request fee integration"],"fullName":"create-booking-request fee integration computes total with fee and includes metadata on PaymentIntent path","status":"skipped","title":"computes total with fee and includes metadata on PaymentIntent path","failureMessages":[],"meta":{}},{"ancestorTitles":["create-booking-request fee integration"],"fullName":"create-booking-request fee integration computes total with fee and includes metadata on Checkout Session path","status":"skipped","title":"computes total with fee and includes metadata on Checkout Session path","failureMessages":[],"meta":{}},{"ancestorTitles":["create-booking-request fee integration"],"fullName":"create-booking-request fee integration returns 500 and does not call Stripe when offer is missing","status":"skipped","title":"returns 500 and does not call Stripe when offer is missing","failureMessages":[],"meta":{}},{"ancestorTitles":["create-booking-request fee integration"],"fullName":"create-booking-request fee integration returns 500 when Stripe PaymentIntent creation fails and no DB update persists","status":"skipped","title":"returns 500 when Stripe PaymentIntent creation fails and no DB update persists","failureMessages":[],"meta":{}},{"ancestorTitles":["create-booking-request fee integration"],"fullName":"create-booking-request fee integration returns 500 when Stripe Checkout Session creation fails and no DB update persists","status":"skipped","title":"returns 500 when Stripe Checkout Session creation fails and no DB update persists","failureMessages":[],"meta":{}}],"startTime":1755227544309,"endTime":1755227544309,"status":"passed","message":"","name":"/Users/parkerbarnett/github-link-up-buddy/supabase/functions/tests/create-booking-request.fee.test.ts"},{"assertionResults":[{"ancestorTitles":["create-payment-session fee disabled"],"fullName":"create-payment-session fee disabled creates checkout session with unit_amount equal to actual price and fee_amount_cents 0","status":"skipped","title":"creates checkout session with unit_amount equal to actual price and fee_amount_cents 0","failureMessages":[],"meta":{}}],"startTime":1755227544309,"endTime":1755227544309,"status":"passed","message":"","name":"/Users/parkerbarnett/github-link-up-buddy/supabase/functions/tests/create-payment-session.fee-disabled.test.ts"},{"assertionResults":[{"ancestorTitles":["create-payment-session fee integration"],"fullName":"create-payment-session fee integration creates checkout session with total including savings fee and metadata","status":"skipped","title":"creates checkout session with total including savings fee and metadata","failureMessages":[],"meta":{}},{"ancestorTitles":["create-payment-session fee integration"],"fullName":"create-payment-session fee integration returns 500 and does not call Stripe when trip or offer not found","status":"skipped","title":"returns 500 and does not call Stripe when trip or offer not found","failureMessages":[],"meta":{}},{"ancestorTitles":["create-payment-session fee integration"],"fullName":"create-payment-session fee integration returns 500 and avoids DB writes when offer is not found","status":"skipped","title":"returns 500 and avoids DB writes when offer is not found","failureMessages":[],"meta":{}}],"startTime":1755227544309,"endTime":1755227544309,"status":"passed","message":"","name":"/Users/parkerbarnett/github-link-up-buddy/supabase/functions/tests/create-payment-session.fee.test.ts"},{"assertionResults":[{"ancestorTitles":["create-payment-session US-only gate"],"fullName":"create-payment-session US-only gate rejects non-US requests with 403 when cf-ipcountry is not US","status":"passed","title":"rejects non-US requests with 403 when cf-ipcountry is not US","duration":63.9216279999996,"failureMessages":[],"meta":{}},{"ancestorTitles":["create-payment-session US-only gate"],"fullName":"create-payment-session US-only gate allows US requests (cf-ipcountry=US) and proceeds to create session","status":"passed","title":"allows US requests (cf-ipcountry=US) and proceeds to create session","duration":23.69467500000019,"failureMessages":[],"meta":{}},{"ancestorTitles":["create-payment-session US-only gate"],"fullName":"create-payment-session US-only gate allows when no geo header is present (dev/local) and proceeds","status":"passed","title":"allows when no geo header is present (dev/local) and proceeds","duration":6.477088999999978,"failureMessages":[],"meta":{}}],"startTime":1755227576568,"endTime":1755227576661.477,"status":"passed","message":"","name":"/Users/parkerbarnett/github-link-up-buddy/supabase/functions/tests/create-payment-session.us-only.test.ts"},{"assertionResults":[{"ancestorTitles":["DuffelEdgeAdapter"],"fullName":"DuffelEdgeAdapter flags carry-on included and keeps totalPriceWithCarryOn equal to base","status":"skipped","title":"flags carry-on included and keeps totalPriceWithCarryOn equal to base","failureMessages":[],"meta":{}},{"ancestorTitles":["DuffelEdgeAdapter"],"fullName":"DuffelEdgeAdapter applies carry-on add-on fee when not included","status":"skipped","title":"applies carry-on add-on fee when not included","failureMessages":[],"meta":{}},{"ancestorTitles":["DuffelEdgeAdapter"],"fullName":"DuffelEdgeAdapter scales carry-on fee by passenger count","status":"skipped","title":"scales carry-on fee by passenger count","failureMessages":[],"meta":{}}],"startTime":1755227544309,"endTime":1755227544309,"status":"passed","message":"","name":"/Users/parkerbarnett/github-link-up-buddy/supabase/functions/tests/duffel-adapter.test.ts"},{"assertionResults":[{"ancestorTitles":["EdgeFilterPipeline core rules"],"fullName":"EdgeFilterPipeline core rules enforces nonstop when required","status":"passed","title":"enforces nonstop when required","duration":5.6264320000000225,"failureMessages":[],"meta":{}},{"ancestorTitles":["EdgeFilterPipeline core rules"],"fullName":"EdgeFilterPipeline core rules uses totalPriceWithCarryOn for budget comparisons","status":"passed","title":"uses totalPriceWithCarryOn for budget comparisons","duration":1.0278260000000046,"failureMessages":[],"meta":{}},{"ancestorTitles":["EdgeFilterPipeline core rules"],"fullName":"EdgeFilterPipeline core rules filters to round-trip offers by context returnDate","status":"passed","title":"filters to round-trip offers by context returnDate","duration":1.0178059999998368,"failureMessages":[],"meta":{}}],"startTime":1755227580738,"endTime":1755227580745.0178,"status":"passed","message":"","name":"/Users/parkerbarnett/github-link-up-buddy/supabase/functions/tests/filtering-pipeline.test.ts"},{"assertionResults":[{"ancestorTitles":["Payment Architecture End-to-End Integration"],"fullName":"Payment Architecture End-to-End Integration should complete full payment architecture flow successfully","status":"skipped","title":"should complete full payment architecture flow successfully","failureMessages":[],"meta":{}},{"ancestorTitles":["Payment Architecture End-to-End Integration"],"fullName":"Payment Architecture End-to-End Integration should handle payment failure gracefully in auto-booking flow","status":"skipped","title":"should handle payment failure gracefully in auto-booking flow","failureMessages":[],"meta":{}},{"ancestorTitles":["Payment Architecture End-to-End Integration"],"fullName":"Payment Architecture End-to-End Integration should handle expired card detection","status":"skipped","title":"should handle expired card detection","failureMessages":[],"meta":{}}],"startTime":1755227544309,"endTime":1755227544309,"status":"passed","message":"","name":"/Users/parkerbarnett/github-link-up-buddy/supabase/functions/tests/payment-architecture-e2e.test.ts"},{"assertionResults":[{"ancestorTitles":["Payment Flow Integration Tests","create-booking-request/index.ts"],"fullName":"Payment Flow Integration Tests create-booking-request/index.ts MANUAL CAPTURE: should create PaymentIntent and return client_secret","status":"skipped","title":"MANUAL CAPTURE: should create PaymentIntent and return client_secret","failureMessages":[],"meta":{}},{"ancestorTitles":["Payment Flow Integration Tests","create-booking-request/index.ts"],"fullName":"Payment Flow Integration Tests create-booking-request/index.ts MANUAL CAPTURE: should cancel PI if DB update fails after PI creation","status":"skipped","title":"MANUAL CAPTURE: should cancel PI if DB update fails after PI creation","failureMessages":[],"meta":{}},{"ancestorTitles":["Payment Flow Integration Tests","create-booking-request/index.ts"],"fullName":"Payment Flow Integration Tests create-booking-request/index.ts CHECKOUT SESSION: should create Checkout Session if USE_MANUAL_CAPTURE is false","status":"skipped","title":"CHECKOUT SESSION: should create Checkout Session if USE_MANUAL_CAPTURE is false","failureMessages":[],"meta":{}},{"ancestorTitles":["Payment Flow Integration Tests","process-booking/index.ts"],"fullName":"Payment Flow Integration Tests process-booking/index.ts MANUAL CAPTURE: should capture payment and update statuses on success","status":"skipped","title":"MANUAL CAPTURE: should capture payment and update statuses on success","failureMessages":[],"meta":{}},{"ancestorTitles":["Payment Flow Integration Tests","process-booking/index.ts"],"fullName":"Payment Flow Integration Tests process-booking/index.ts MANUAL CAPTURE: should cancel Amadeus order if Stripe capture fails","status":"skipped","title":"MANUAL CAPTURE: should cancel Amadeus order if Stripe capture fails","failureMessages":[],"meta":{}},{"ancestorTitles":["Payment Flow Integration Tests","process-booking/index.ts"],"fullName":"Payment Flow Integration Tests process-booking/index.ts CHECKOUT SESSION: should NOT call Stripe capture and succeed if old flow","status":"skipped","title":"CHECKOUT SESSION: should NOT call Stripe capture and succeed if old flow","failureMessages":[],"meta":{}}],"startTime":1755227544309,"endTime":1755227544309,"status":"passed","message":"","name":"/Users/parkerbarnett/github-link-up-buddy/supabase/functions/tests/payment-flow.test.ts"},{"assertionResults":[{"ancestorTitles":["Payment Methods KMS Integration"],"fullName":"Payment Methods KMS Integration should pass health check","status":"passed","title":"should pass health check","duration":2.4475130000000718,"failureMessages":[],"meta":{}},{"ancestorTitles":["Payment Methods KMS Integration"],"fullName":"Payment Methods KMS Integration should validate payment methods schema","status":"passed","title":"should validate payment methods schema","duration":1.9248670000001766,"failureMessages":[],"meta":{}},{"ancestorTitles":["Payment Methods KMS Integration"],"fullName":"Payment Methods KMS Integration should validate KMS audit log schema","status":"passed","title":"should validate KMS audit log schema","duration":0.6556869999999435,"failureMessages":[],"meta":{}},{"ancestorTitles":["Payment Methods KMS Integration"],"fullName":"Payment Methods KMS Integration should have wallet UI feature flag","status":"passed","title":"should have wallet UI feature flag","duration":0.6082010000000082,"failureMessages":[],"meta":{}},{"ancestorTitles":["Payment Methods KMS Integration"],"fullName":"Payment Methods KMS Integration should have required database functions","status":"passed","title":"should have required database functions","duration":0.39723499999990963,"failureMessages":[],"meta":{}}],"startTime":1755227581937,"endTime":1755227581943.3972,"status":"passed","message":"","name":"/Users/parkerbarnett/github-link-up-buddy/supabase/functions/tests/payment-methods-kms.test.ts"},{"assertionResults":[{"ancestorTitles":["Edge pipeline selection with Duffel offers"],"fullName":"Edge pipeline selection with Duffel offers prefers cheapest effective total with carry-on cost within budget and enforces nonstop","status":"passed","title":"prefers cheapest effective total with carry-on cost within budget and enforces nonstop","duration":6.387957999999799,"failureMessages":[],"meta":{}}],"startTime":1755227581802,"endTime":1755227581808.388,"status":"passed","message":"","name":"/Users/parkerbarnett/github-link-up-buddy/supabase/functions/tests/pipeline-duffel-selection.test.ts"},{"assertionResults":[{"ancestorTitles":["prepare-auto-booking-charge"],"fullName":"prepare-auto-booking-charge should successfully create PaymentIntent and booking request for valid campaign","status":"passed","title":"should successfully create PaymentIntent and booking request for valid campaign","duration":31.200478999999632,"failureMessages":[],"meta":{}},{"ancestorTitles":["prepare-auto-booking-charge"],"fullName":"prepare-auto-booking-charge should reject payment when flight price exceeds campaign budget","status":"passed","title":"should reject payment when flight price exceeds campaign budget","duration":1.9390430000003107,"failureMessages":[],"meta":{}},{"ancestorTitles":["prepare-auto-booking-charge"],"fullName":"prepare-auto-booking-charge should
[...]
calculate_profile_completeness_enhanced function should handle empty profile data","status":"passed","title":"should handle empty profile data","duration":0.5876180000000204,"failureMessages":[],"meta":{}},{"ancestorTitles":["Database Profile Completeness Trigger Tests","calculate_profile_completeness_enhanced function"],"fullName":"Database Profile Completeness Trigger Tests calculate_profile_completeness_enhanced function should detect expired passport and recommend update","status":"passed","title":"should detect expired passport and recommend update","duration":1.112945000000309,"failureMessages":[],"meta":{}},{"ancestorTitles":["Database Profile Completeness Trigger Tests","calculate_profile_completeness_enhanced function"],"fullName":"Database Profile Completeness Trigger Tests calculate_profile_completeness_enhanced function should prioritize recommendations by importance","status":"passed","title":"should prioritize recommendations by importance","duration":0.492207000000235,"failureMessages":[],"meta":{}},{"ancestorTitles":["Database Profile Completeness Trigger Tests","calculate_profile_completeness_enhanced function"],"fullName":"Database Profile Completeness Trigger Tests calculate_profile_completeness_enhanced function should handle database errors gracefully","status":"passed","title":"should handle database errors gracefully","duration":0.47773700000016106,"failureMessages":[],"meta":{}},{"ancestorTitles":["Database Profile Completeness Trigger Tests","validate_profile_fields function"],"fullName":"Database Profile Completeness Trigger Tests validate_profile_fields function should validate correct profile fields","status":"passed","title":"should validate correct profile fields","duration":39.48934899999995,"failureMessages":[],"meta":{}},{"ancestorTitles":["Database Profile Completeness Trigger Tests","validate_profile_fields function"],"fullName":"Database Profile Completeness Trigger Tests validate_profile_fields function should detect invalid email format","status":"passed","title":"should detect invalid email format","duration":3.6243349999999737,"failureMessages":[],"meta":{}},{"ancestorTitles":["Database Profile Completeness Trigger Tests","validate_profile_fields function"],"fullName":"Database Profile Completeness Trigger Tests validate_profile_fields function should detect invalid phone number format","status":"passed","title":"should detect invalid phone number format","duration":0.41915199999994,"failureMessages":[],"meta":{}},{"ancestorTitles":["Database Profile Completeness Trigger Tests","validate_profile_fields function"],"fullName":"Database Profile Completeness Trigger Tests validate_profile_fields function should validate date formats","status":"passed","title":"should validate date formats","duration":0.7919369999999617,"failureMessages":[],"meta":{}},{"ancestorTitles":["Database Profile Completeness Trigger Tests","log_ai_activity function"],"fullName":"Database Profile Completeness Trigger Tests log_ai_activity function should log profile completeness calculations","status":"passed","title":"should log profile completeness calculations","duration":1.591895999999906,"failureMessages":[],"meta":{}},{"ancestorTitles":["Database Profile Completeness Trigger Tests","log_ai_activity function"],"fullName":"Database Profile Completeness Trigger Tests log_ai_activity function should handle logging errors gracefully","status":"passed","title":"should handle logging errors gracefully","duration":0.2968150000001515,"failureMessages":[],"meta":{}},{"ancestorTitles":["Database Profile Completeness Trigger Tests","Trigger Integration Tests"],"fullName":"Database Profile Completeness Trigger Tests Trigger Integration Tests should execute complete trigger workflow","status":"passed","title":"should execute complete trigger workflow","duration":0.4673739999998361,"failureMessages":[],"meta":{}},{"ancestorTitles":["Database Profile Completeness Trigger Tests","Trigger Integration Tests"],"fullName":"Database Profile Completeness Trigger Tests Trigger Integration Tests should handle cascade failures in trigger workflow","status":"passed","title":"should handle cascade failures in trigger workflow","duration":0.35061199999972814,"failureMessages":[],"meta":{}},{"ancestorTitles":["Database Profile Completeness Trigger Tests","Performance and Edge Cases"],"fullName":"Database Profile Completeness Trigger Tests Performance and Edge Cases should handle large profile objects efficiently","status":"passed","title":"should handle large profile objects efficiently","duration":0.4716990000001715,"failureMessages":[],"meta":{}},{"ancestorTitles":["Database Profile Completeness Trigger Tests","Performance and Edge Cases"],"fullName":"Database Profile Completeness Trigger Tests Performance and Edge Cases should handle concurrent calculations","status":"passed","title":"should handle concurrent calculations","duration":1.0030940000001465,"failureMessages":[],"meta":{}},{"ancestorTitles":["Database Profile Completeness Trigger Tests","Performance and Edge Cases"],"fullName":"Database Profile Completeness Trigger Tests Performance and Edge Cases should handle null and undefined values in database","status":"passed","title":"should handle null and undefined values in database","duration":0.656840000000102,"failureMessages":[],"meta":{}}],"startTime":1755227573482,"endTime":1755227573537.6567,"status":"passed","message":"","name":"/Users/parkerbarnett/github-link-up-buddy/src/tests/unit/database/profileCompleteness.trigger.test.ts"},{"assertionResults":[{"ancestorTitles":["ProfileCompletenessService Enhanced Tests","calculateCompleteness"],"fullName":"ProfileCompletenessService Enhanced Tests calculateCompleteness should return 0% for empty profile","status":"passed","title":"should return 0% for empty profile","duration":6.131163000000015,"failureMessages":[],"meta":{}},{"ancestorTitles":["ProfileCompletenessService Enhanced Tests","calculateCompleteness"],"fullName":"ProfileCompletenessService Enhanced Tests calculateCompleteness should calculate 100% for complete profile","status":"passed","title":"should calculate 100% for complete profile","duration":1.404442999999901,"failureMessages":[],"meta":{}},{"ancestorTitles":["ProfileCompletenessService Enhanced Tests","calculateCompleteness"],"fullName":"ProfileCompletenessService Enhanced Tests calculateCompleteness should handle partial profile completion correctly","status":"passed","title":"should handle partial profile completion correctly","duration":1.3663659999997435,"failureMessages":[],"meta":{}},{"ancestorTitles":["ProfileCompletenessService Enhanced Tests","calculateCompleteness"],"fullName":"ProfileCompletenessService Enhanced Tests calculateCompleteness should handle passport expiry logic","status":"passed","title":"should handle passport expiry logic","duration":0.7233729999998104,"failureMessages":[],"meta":{}},{"ancestorTitles":["ProfileCompletenessService Enhanced Tests","calculateCompleteness"],"fullName":"ProfileCompletenessService Enhanced Tests calculateCompleteness should validate email format correctly","status":"passed","title":"should validate email format correctly","duration":12.764807999999903,"failureMessages":[],"meta":{}},{"ancestorTitles":["ProfileCompletenessService Enhanced Tests","calculateCompleteness"],"fullName":"ProfileCompletenessService Enhanced Tests calculateCompleteness should prioritize recommendations correctly","status":"passed","title":"should prioritize recommendations correctly","duration":0.46277199999985896,"failureMessages":[],"meta":{}},{"ancestorTitles":["ProfileCompletenessService Enhanced Tests","calculateCompleteness"],"fullName":"ProfileCompletenessService Enhanced Tests calculateCompleteness should handle null and undefined values gracefully","status":"passed","title":"should handle null and undefined values gracefully","duration":1.1550109999998313,"failureMessages":[],"meta":{}},{"ancestorTitles":["ProfileCompletenessService Enhanced Tests","meetsBookingRequirements"],"fullName":"ProfileCompletenessService Enhanced Tests meetsBookingRequirements should return true for profile with all required fields","status":"passed","title":"should return true for profile with all required fields","duration":0.5861859999999979,"failureMessages":[],"meta":{}},{"ancestorTitles":["ProfileCompletenessService Enhanced Tests","meetsBookingRequirements"],"fullName":"ProfileCompletenessService Enhanced Tests meetsBookingRequirements should return false for profile missing required fields","status":"passed","title":"should return false for profile missing required fields","duration":0.4997769999999946,"failureMessages":[],"meta":{}},{"ancestorTitles":["ProfileCompletenessService Enhanced Tests","getNextAction"],"fullName":"ProfileCompletenessService Enhanced Tests getNextAction should return highest priority recommendation","status":"passed","title":"should return highest priority recommendation","duration":0.4145180000000437,"failureMessages":[],"meta":{}},{"ancestorTitles":["ProfileCompletenessService Enhanced Tests","getNextAction"],"fullName":"ProfileCompletenessService Enhanced Tests getNextAction should return null for complete profile","status":"passed","title":"should return null for complete profile","duration":0.32826199999999517,"failureMessages":[],"meta":{}},{"ancestorTitles":["ProfileCompletenessService Enhanced Tests","Error Handling"],"fullName":"ProfileCompletenessService Enhanced Tests Error Handling should handle corrupted profile data gracefully","status":"passed","title":"should handle corrupted profile data gracefully","duration":0.41151700000000346,"failureMessages":[],"meta":{}},{"ancestorTitles":["ProfileCompletenessService Enhanced Tests","Error Handling"],"fullName":"ProfileCompletenessService Enhanced Tests Error Handling should handle extremely large preference objects","status":"passed","title":"should handle extremely large preference objects","duration":1.2979180000002088,"failureMessages":[],"meta":{}},{"ancestorTitles":["ProfileCompletenessService Enhanced Tests","Performance Tests"],"fullName":"ProfileCompletenessService Enhanced Tests Performance Tests should calculate completeness quickly for normal profiles","status":"passed","title":"should calculate completeness quickly for normal profiles","duration":1.1355619999999362,"failureMessages":[],"meta":{}},{"ancestorTitles":["ProfileCompletenessService Enhanced Tests","Edge Cases"],"fullName":"ProfileCompletenessService Enhanced Tests Edge Cases should handle profile with future birth date","status":"passed","title":"should handle profile with future birth date","duration":0.398377999999866,"failureMessages":[],"meta":{}},{"ancestorTitles":["ProfileCompletenessService Enhanced Tests","Edge Cases"],"fullName":"ProfileCompletenessService Enhanced Tests Edge Cases should handle extremely old birth dates","status":"passed","title":"should handle extremely old birth dates","duration":0.2572780000000421,"failureMessages":[],"meta":{}},{"ancestorTitles":["ProfileCompletenessService Enhanced Tests","Edge Cases"],"fullName":"ProfileCompletenessService Enhanced Tests Edge Cases should handle very long names and fields","status":"passed","title":"should handle very long names and fields","duration":0.4645880000002762,"failureMessages":[],"meta":{}},{"ancestorTitles":["ProfileCompletenessService Enhanced Tests","Integration with AI Activity Logging"],"fullName":"ProfileCompletenessService Enhanced Tests Integration with AI Activity Logging should log completion calculation attempts","status":"passed","title":"should log completion calculation attempts","duration":0.31643300000041563,"failureMessages":[],"meta":{}}],"startTime":1755227573797,"endTime":1755227573828.3164,"status":"passed","message":"","name":"/Users/parkerbarnett/github-link-up-buddy/src/tests/unit/services/profileCompletenessService.enhanced.test.ts"},{"assertionResults":[{"ancestorTitles":["SimpleProfileStatus","Profile completion status display"],"fullName":"SimpleProfileStatus Profile completion status display renders completion percentage correctly","status":"passed","title":"renders completion percentage correctly","duration":180.85611000000017,"failureMessages":[],"meta":{}},{"ancestorTitles":["SimpleProfileStatus","Profile completion status display"],"fullName":"SimpleProfileStatus Profile completion status display shows \"Complete!\" when profile is 100% complete","status":"passed","title":"shows \"Complete!\" when profile is 100% complete","duration":11.476248999999825,"failureMessages":[],"meta":{}},{"ancestorTitles":["SimpleProfileStatus","Profile completion status display"],"fullName":"SimpleProfileStatus Profile completion status display displays appropriate status message based on completion level","status":"passed","title":"displays appropriate status message based on completion level","duration":116.91729699999996,"failureMessages":[],"meta":{}},{"ancestorTitles":["SimpleProfileStatus","Missing fields display"],"fullName":"SimpleProfileStatus Missing fields display shows missing fields when profile is incomplete","status":"passed","title":"shows missing fields when profile is incomplete","duration":6.905267000000094,"failureMessages":[],"meta":{}},{"ancestorTitles":["SimpleProfileStatus","Missing fields display"],"fullName":"SimpleProfileStatus Missing fields display limits displayed missing fields to 4 and shows \"more\" indicator","status":"passed","title":"limits displayed missing fields to 4 and shows \"more\" indicator","duration":14.842003000000204,"failureMessages":[],"meta":{}},{"ancestorTitles":["SimpleProfileStatus","Recommendations and actions"],"fullName":"SimpleProfileStatus Recommendations and actions displays next step recommendation when available","status":"passed","title":"displays next step recommendation when available","duration":8.776337999999669,"failureMessages":[],"meta":{}},{"ancestorTitles":["SimpleProfileStatus","Recommendations and actions"],"fullName":"SimpleProfileStatus Recommendations and actions calls onActionClick when recommendation action button is clicked","status":"passed","title":"calls onActionClick when recommendation action button is clicked","duration":45.2406390000001,"failureMessages":[],"meta":{}},{"ancestorTitles":["SimpleProfileStatus","Recommendations and actions"],"fullName":"SimpleProfileStatus Recommendations and actions shows main action button for incomplete profiles","status":"passed","title":"shows main action button for incomplete profiles","duration":27.019808000000012,"failureMessages":[],"meta":{}},{"ancestorTitles":["SimpleProfileStatus","Recommendations and actions"],"fullName":"SimpleProfileStatus Recommendations and actions shows \"Start Completing Profile\" for very incomplete profiles","status":"passed","title":"shows \"Start Completing Profile\" for very incomplete profiles","duration":136.78036100000008,"failureMessages":[],"meta":{}},{"ancestorTitles":["SimpleProfileStatus","CompactProfileStatus"],"fullName":"SimpleProfileStatus CompactProfileStatus renders compact version correctly","status":"passed","title":"renders compact version correctly","duration":14.011481999999887,"failureMessages":[],"meta":{}},{"ancestorTitles":["SimpleProfileStatus","CompactProfileStatus"],"fullName":"SimpleProfileStatus CompactProfileStatus shows \"Complete\" status for 100% profiles","status":"passed","title":"shows \"Complete\" status for 100% profiles","duration":27.917005999999674,"failureMessages":[],"meta":{}},{"ancestorTitles":["SimpleProfileStatus","CompactProfileStatus"],"fullName":"SimpleProfileStatus CompactProfileStatus shows next step title when available","status":"passed","title":"shows next step title when available","duration":2.6885119999997187,"failureMessages":[],"meta":{}}],"startTime":1755227567162,"endTime":1755227567756.6885,"status":"passed","message":"","name":"/Users/parkerbarnett/github-link-up-buddy/tests/unit/components/profile/SimpleProfileStatus.test.tsx"},{"assertionResults":[{"ancestorTitles":["TripHistory Component"],"fullName":"TripHistory Component 1. Shows loading state initially","status":"passed","title":"1. Shows loading state initially","duration":132.61939000000075,"failureMessages":[],"meta":{}},{"ancestorTitles":["TripHistory Component"],"fullName":"TripHistory Component 2. Shows error message if data fetching fails","status":"passed","title":"2. Shows error message if data fetching fails","duration":64.33845800000017,"failureMessages":[],"meta":{}},{"ancestorTitles":["TripHistory Component"],"fullName":"TripHistory Component 3. Shows \"No past bookings found\" if history is empty","status":"passed","title":"3. Shows \"No past bookings found\" if history is empty","duration":21.88802399999986,"failureMessages":[],"meta":{}},{"ancestorTitles":["TripHistory Component"],"fullName":"TripHistory Component 4. Renders booking history in a table with correct data and links","status":"passed","title":"4. Renders booking history in a table with correct data and links","duration":993.7753830000001,"failureMessages":[],"meta":{}},{"ancestorTitles":["TripHistory Component"],"fullName":"TripHistory Component 5. Verifies link construction for \"View Details\"","status":"passed","title":"5. Verifies link construction for \"View Details\"","duration":16.710886000000755,"failureMessages":[],"meta":{}}],"startTime":1755227559459,"endTime":1755227560687.711,"status":"passed","message":"","name":"/Users/parkerbarnett/github-link-up-buddy/tests/unit/components/dashboard/TripHistory.test.tsx"},{"assertionResults":[{"ancestorTitles":["PoolHeader"],"fullName":"PoolHeader renders pool name and count","status":"passed","title":"renders pool name and count","duration":99.38981700000022,"failureMessages":[],"meta":{}},{"ancestorTitles":["PoolHeader"],"fullName":"PoolHeader handles zero count","status":"passed","title":"handles zero count","duration":83.55953599999975,"failureMessages":[],"meta":{}}],"startTime":1755227574053,"endTime":1755227574240.5596,"status":"passed","message":"","name":"/Users/parkerbarnett/github-link-up-buddy/src/components/trip/Pools/__tests__/PoolHeader.test.tsx"},{"assertionResults":[{"ancestorTitles":["PoolLayout"],"fullName":"PoolLayout renders three pool sections","status":"passed","title":"renders three pool sections","duration":350.9420180000002,"failureMessages":[],"meta":{}},{"ancestorTitles":["PoolLayout"],"fullName":"PoolLayout shows loading skeleton when loading","status":"passed","title":"shows loading skeleton when loading","duration":27.655961999999818,"failureMessages":[],"meta":{}},{"ancestorTitles":["PoolLayout"],"fullName":"PoolLayout shows error message when there is an error","status":"passed","title":"shows error message when there is an error","duration":2.904105999999956,"failureMessages":[],"meta":{}}],"startTime":1755227567163,"endTime":1755227567543.904,"status":"passed","message":"","name":"/Users/parkerbarnett/github-link-up-buddy/src/components/trip/Pools/__tests__/PoolLayout.test.tsx"},{"assertionResults":[{"ancestorTitles":["PoolSection"],"fullName":"PoolSection renders children when count > 0 and section is expanded","status":"passed","title":"renders children when count > 0 and section is expanded","duration":290.7359670000001,"failureMessages":[],"meta":{}},{"ancestorTitles":["PoolSection"],"fullName":"PoolSection shows no options message when count is 0 and section is expanded","status":"passed","title":"shows no options message when count is 0 and section is expanded","duration":16.94580900000028,"failureMessages":[],"meta":{}},{"ancestorTitles":["PoolSection"],"fullName":"PoolSection toggles content when trigger is clicked","status":"passed","title":"toggles content when trigger is clicked","duration":193.59549900000002,"failureMessages":[],"meta":{}}],"startTime":1755227563362,"endTime":1755227563863.5955,"status":"passed","message":"","name":"/Users/parkerbarnett/github-link-up-buddy/src/components/trip/Pools/__tests__/PoolSection.test.tsx"}]}
