{"numTotalTestSuites":272,"numPassedTestSuites":257,"numFailedTestSuites":15,"numPendingTestSuites":0,"numTotalTests":592,"numPassedTests":572,"numFailedTests":18,"numPendingTests":2,"numTodoTests":0,"snapshot":{"added":0,"failure":false,"filesAdded":0,"filesRemoved":0,"filesRemovedList":[],"filesUnmatched":0,"filesUpdated":0,"matched":0,"total":0,"unchecked":0,"uncheckedKeysByFile":[],"unmatched":0,"updated":0,"didUpdate":false},"startTime":1754363549984,"success":false,"testResults":[{"assertionResults":[{"ancestorTitles":["useFlightOffers Hook"],"fullName":"useFlightOffers Hook should return initial state and featureEnabled: false if feature flag is off","status":"passed","title":"should return initial state and featureEnabled: false if feature flag is off","duration":123.40348299999982,"failureMessages":[],"meta":{}},{"ancestorTitles":["useFlightOffers Hook"],"fullName":"useFlightOffers Hook should set error if tripRequestId is invalid and feature is enabled","status":"passed","title":"should set error if tripRequestId is invalid and feature is enabled","duration":3.5202509999999165,"failureMessages":[],"meta":{}},{"ancestorTitles":["useFlightOffers Hook"],"fullName":"useFlightOffers Hook should not fetch if opts.enabled is false, even if feature is enabled","status":"passed","title":"should not fetch if opts.enabled is false, even if feature is enabled","duration":3.4868249999999534,"failureMessages":[],"meta":{}},{"ancestorTitles":["useFlightOffers Hook"],"fullName":"useFlightOffers Hook should fetch and map offers successfully when feature is enabled and hook is enabled","status":"passed","title":"should fetch and map offers successfully when feature is enabled and hook is enabled","duration":70.21145099999967,"failureMessages":[],"meta":{}},{"ancestorTitles":["useFlightOffers Hook"],"fullName":"useFlightOffers Hook should handle errors from getFlightOffers server action","status":"passed","title":"should handle errors from getFlightOffers server action","duration":54.930526999999984,"failureMessages":[],"meta":{}},{"ancestorTitles":["useFlightOffers Hook"],"fullName":"useFlightOffers Hook should handle AbortController signal on unmount","status":"passed","title":"should handle AbortController signal on unmount","duration":103.0096779999999,"failureMessages":[],"meta":{}},{"ancestorTitles":["useFlightOffers Hook"],"fullName":"useFlightOffers Hook refetch function should trigger a new fetch","status":"passed","title":"refetch function should trigger a new fetch","duration":109.189484,"failureMessages":[],"meta":{}},{"ancestorTitles":["useFlightOffers Hook"],"fullName":"useFlightOffers Hook should return new data if tripRequestId changes","status":"passed","title":"should return new data if tripRequestId changes","duration":108.99377400000003,"failureMessages":[],"meta":{}}],"startTime":1754363561868,"endTime":1754363562444.9937,"status":"passed","message":"","name":"/Users/parkerbarnett/github-link-up-buddy/src/flightSearchV2/useFlightOffers.test.ts"},{"assertionResults":[{"ancestorTitles":["Form Validation","generateFieldSchema"],"fullName":"Form Validation generateFieldSchema should generate text field schema","status":"passed","title":"should generate text field schema","duration":5.1782120000000305,"failureMessages":[],"meta":{}},{"ancestorTitles":["Form Validation","generateFieldSchema"],"fullName":"Form Validation generateFieldSchema should generate email field schema","status":"passed","title":"should generate email field schema","duration":1.2425060000000485,"failureMessages":[],"meta":{}},{"ancestorTitles":["Form Validation","generateFieldSchema"],"fullName":"Form Validation generateFieldSchema should generate number field schema","status":"passed","title":"should generate number field schema","duration":1.847545000000082,"failureMessages":[],"meta":{}},{"ancestorTitles":["Form Validation","generateFieldSchema"],"fullName":"Form Validation generateFieldSchema should generate checkbox field schema","status":"passed","title":"should generate checkbox field schema","duration":20.26141799999982,"failureMessages":[],"meta":{}},{"ancestorTitles":["Form Validation","generateFieldSchema"],"fullName":"Form Validation generateFieldSchema should generate select field schema","status":"passed","title":"should generate select field schema","duration":1.5218790000001263,"failureMessages":[],"meta":{}},{"ancestorTitles":["Form Validation","generateFieldSchema"],"fullName":"Form Validation generateFieldSchema should generate date field schema","status":"passed","title":"should generate date field schema","duration":1.26576799999998,"failureMessages":[],"meta":{}},{"ancestorTitles":["Form Validation","generateFieldSchema"],"fullName":"Form Validation generateFieldSchema should generate airport autocomplete schema","status":"passed","title":"should generate airport autocomplete schema","duration":1.4596930000000157,"failureMessages":[],"meta":{}},{"ancestorTitles":["Form Validation","generateFieldSchema"],"fullName":"Form Validation generateFieldSchema should handle optional fields","status":"passed","title":"should handle optional fields","duration":0.3876040000000103,"failureMessages":[],"meta":{}},{"ancestorTitles":["Form Validation","generateFieldSchema"],"fullName":"Form Validation generateFieldSchema should return null for non-input field types","status":"passed","title":"should return null for non-input field types","duration":0.7247190000000501,"failureMessages":[],"meta":{}},{"ancestorTitles":["Form Validation","generateFieldSchema"],"fullName":"Form Validation generateFieldSchema should handle custom validation rules","status":"passed","title":"should handle custom validation rules","duration":1.3102769999998145,"failureMessages":[],"meta":{}},{"ancestorTitles":["Form Validation","generateZodSchema"],"fullName":"Form Validation generateZodSchema should generate schema for form configuration","status":"passed","title":"should generate schema for form configuration","duration":1.6687160000001313,"failureMessages":[],"meta":{}},{"ancestorTitles":["Form Validation","generateZodSchema"],"fullName":"Form Validation generateZodSchema should handle multiple sections","status":"passed","title":"should handle multiple sections","duration":0.3642059999999674,"failureMessages":[],"meta":{}},{"ancestorTitles":["Form Validation","validateFieldValue"],"fullName":"Form Validation validateFieldValue should validate individual field values","status":"passed","title":"should validate individual field values","duration":0.5060040000000754,"failureMessages":[],"meta":{}},{"ancestorTitles":["Form Validation","validateFieldValue"],"fullName":"Form Validation validateFieldValue should handle validation errors gracefully","status":"passed","title":"should handle validation errors gracefully","duration":0.18202999999994063,"failureMessages":[],"meta":{}},{"ancestorTitles":["Form Validation","validateFormValues"],"fullName":"Form Validation validateFormValues should validate complete form data","status":"passed","title":"should validate complete form data","duration":3.8345499999998083,"failureMessages":[],"meta":{}},{"ancestorTitles":["Form Validation","getDefaultValues"],"fullName":"Form Validation getDefaultValues should extract default values from configuration","status":"passed","title":"should extract default values from configuration","duration":0.4276919999999791,"failureMessages":[],"meta":{}},{"ancestorTitles":["Form Validation","getDefaultValues"],"fullName":"Form Validation getDefaultValues should provide type-appropriate defaults","status":"passed","title":"should provide type-appropriate defaults","duration":1.5228779999999915,"failureMessages":[],"meta":{}}],"startTime":1754363567533,"endTime":1754363567577.523,"status":"passed","message":"","name":"/Users/parkerbarnett/github-link-up-buddy/src/lib/form-validation.test.ts"},{"assertionResults":[{"ancestorTitles":["TripOffersV2 Component"],"fullName":"TripOffersV2 Component should display FlagDisabledPlaceholder when feature is not enabled","status":"passed","title":"should display FlagDisabledPlaceholder when feature is not enabled","duration":95.82972900000004,"failureMessages":[],"meta":{}},{"ancestorTitles":["TripOffersV2 Component"],"fullName":"TripOffersV2 Component should display loading skeleton when isLoading is true and feature is enabled","status":"passed","title":"should display loading skeleton when isLoading is true and feature is enabled","duration":8.046833000000333,"failureMessages":[],"meta":{}},{"ancestorTitles":["TripOffersV2 Component"],"fullName":"TripOffersV2 Component should display error message and retry button when error occurs and feature is enabled","status":"passed","title":"should display error message and retry button when error occurs and feature is enabled","duration":255.0084499999998,"failureMessages":[],"meta":{}},{"ancestorTitles":["TripOffersV2 Component"],"fullName":"TripOffersV2 Component should display \"No Offers Found Yet\" empty state card when no offers and not loading/error, and feature is enabled","status":"passed","title":"should display \"No Offers Found Yet\" empty state card when no offers and not loading/error, and feature is enabled","duration":8.445481999999629,"failureMessages":[],"meta":{}},{"ancestorTitles":["TripOffersV2 Component"],"fullName":"TripOffersV2 Component should display flight offers cards when offers are available and feature is enabled","status":"passed","title":"should display flight offers cards when offers are available and feature is enabled","duration":110.829295,"failureMessages":[],"meta":{}},{"ancestorTitles":["TripOffersV2 Component"],"fullName":"TripOffersV2 Component should format currency correctly (e.g., EUR)","status":"passed","title":"should format currency correctly (e.g., EUR)","duration":35.93200200000001,"failureMessages":[],"meta":{}},{"ancestorTitles":["TripOffersV2 Component"],"fullName":"TripOffersV2 Component should format dates correctly, including return date if present, and handle invalid dates gracefully","status":"passed","title":"should format dates correctly, including return date if present, and handle invalid dates gracefully","duration":76.664804,"failureMessages":[],"meta":{}},{"ancestorTitles":["TripOffersV2 Component"],"fullName":"TripOffersV2 Component should call refetch when the main \"Refresh Offers\" button (data state) is clicked","status":"passed","title":"should call refetch when the main \"Refresh Offers\" button (data state) is clicked","duration":22.03883500000029,"failureMessages":[],"meta":{}},{"ancestorTitles":["TripOffersV2 Component"],"fullName":"TripOffersV2 Component should call refetch when \"Refresh Offers\" button (empty state) is clicked","status":"passed","title":"should call refetch when \"Refresh Offers\" button (empty state) is clicked","duration":19.017861000000266,"failureMessages":[],"meta":{}},{"ancestorTitles":["TripOffersV2 Component"],"fullName":"TripOffersV2 Component should show loading skeleton, then data (simulating data fetch lifecycle)","status":"passed","title":"should show loading skeleton, then data (simulating data fetch lifecycle)","duration":13.897911999999906,"failureMessages":[],"meta":{}},{"ancestorTitles":["TripOffersV2 Component"],"fullName":"TripOffersV2 Component should show loading skeleton, then empty state (simulating empty data fetch lifecycle)","status":"passed","title":"should show loading skeleton, then empty state (simulating empty data fetch lifecycle)","duration":34.29189399999996,"failureMessages":[],"meta":{}}],"startTime":1754363561560,"endTime":1754363562240.292,"status":"passed","message":"","name":"/Users/parkerbarnett/github-link-up-buddy/src/pages/TripOffersV2.test.tsx"},{"assertionResults":[{"ancestorTitles":["getFlightOffers server action"],"fullName":"getFlightOffers server action should fetch flight offers successfully from the table (cache miss)","status":"passed","title":"should fetch flight offers successfully from the table (cache miss)","duration":16.143581999999924,"failureMessages":[],"meta":{}},{"ancestorTitles":["getFlightOffers server action"],"fullName":"getFlightOffers server action should throw an error if fetching from table fails","status":"passed","title":"should throw an error if fetching from table fails","duration":49.85333200000014,"failureMessages":[],"meta":{}},{"ancestorTitles":["getFlightOffers server action"],"fullName":"getFlightOffers server action should use cached data for subsequent calls within cache duration","status":"passed","title":"should use cached data for subsequent calls within cache duration","duration":1.6088090000000648,"failureMessages":[],"meta":{}},{"ancestorTitles":["getFlightOffers server action"],"fullName":"getFlightOffers server action should fetch new data from table if cache is expired","status":"passed","title":"should fetch new data from table if cache is expired","duration":2.2276260000001002,"failureMessages":[],"meta":{}},{"ancestorTitles":["getFlightOffers server action","with refresh = true"],"fullName":"getFlightOffers server action with refresh = true should invoke flight-search-v2, invalidate cache, then fetch from table","status":"passed","title":"should invoke flight-search-v2, invalidate cache, then fetch from table","duration":5.703457999999955,"failureMessages":[],"meta":{}},{"ancestorTitles":["getFlightOffers server action","with refresh = true"],"fullName":"getFlightOffers server action with refresh = true should throw error if flight-search-v2 invocation fails during refresh","status":"passed","title":"should throw error if flight-search-v2 invocation fails during refresh","duration":1.5177649999998266,"failureMessages":[],"meta":{}},{"ancestorTitles":["getFlightOffers server action","with refresh = true"],"fullName":"getFlightOffers server action with refresh = true refresh=true should still fetch from table if flight-search-v2 succeeds but finds no new offers (e.g. inserted: 0)","status":"passed","title":"refresh=true should still fetch from table if flight-search-v2 succeeds but finds no new offers (e.g. inserted: 0)","duration":2.1278379999998833,"failureMessages":[],"meta":{}},{"ancestorTitles":["getFlightOffers server action"],"fullName":"getFlightOffers server action should use different cache entries for different tripRequestIds (table fetch)","status":"passed","title":"should use different cache entries for different tripRequestIds (table fetch)","duration":4.010201000000052,"failureMessages":[],"meta":{}},{"ancestorTitles":["getFlightOffers server action"],"fullName":"getFlightOffers server action clearGetFlightOffersCache should clear the cache (table fetch)","status":"passed","title":"clearGetFlightOffersCache should clear the cache (table fetch)","duration":2.084489000000076,"failureMessages":[],"meta":{}},{"ancestorTitles":["getFlightOffers server action"],"fullName":"getFlightOffers server action should fallback to legacy flight_offers table when V2 table is empty","status":"passed","title":"should fallback to legacy flight_offers table when V2 table is empty","duration":11.983480999999983,"failureMessages":[],"meta":{}}],"startTime":1754363565671,"endTime":1754363565768.9834,"status":"passed","message":"","name":"/Users/parkerbarnett/github-link-up-buddy/src/serverActions/getFlightOffers.test.ts"},{"assertionResults":[{"ancestorTitles":["flightApi"],"fullName":"flightApi transformAmadeusToOffers maps correctly","status":"passed","title":"transformAmadeusToOffers maps correctly","duration":3.7380070000001524,"failureMessages":[],"meta":{}},{"ancestorTitles":["flightApi"],"fullName":"flightApi transformAmadeusToOffers handles empty data","status":"passed","title":"transformAmadeusToOffers handles empty data","duration":0.5284249999999702,"failureMessages":[],"meta":{}},{"ancestorTitles":["flightApi"],"fullName":"flightApi transformAmadeusToOffers handles malformed data gracefully","status":"passed","title":"transformAmadeusToOffers handles malformed data gracefully","duration":0.8444419999998445,"failureMessages":[],"meta":{}},{"ancestorTitles":["OAuth Token Management"],"fullName":"OAuth Token Management First call fetches a new token","status":"passed","title":"First call fetches a new token","duration":2.0025859999998374,"failureMessages":[],"meta":{}},{"ancestorTitles":["OAuth Token Management"],"fullName":"OAuth Token Management Second call within expiry returns cached token","status":"passed","title":"Second call within expiry returns cached token","duration":0.6571040000001176,"failureMessages":[],"meta":{}},{"ancestorTitles":["OAuth Token Management"],"fullName":"OAuth Token Management Call after token expiry fetches a new token","status":"passed","title":"Call after token expiry fetches a new token","duration":16.279665999999906,"failureMessages":[],"meta":{}},{"ancestorTitles":["Retry Logic"],"fullName":"Retry Logic Should succeed after retrying on 429 errors","status":"passed","title":"Should succeed after retrying on 429 errors","duration":25.358226999999943,"failureMessages":[],"meta":{}},{"ancestorTitles":["Retry Logic"],"fullName":"Retry Logic Should retry on network errors","status":"passed","title":"Should retry on network errors","duration":11.761312999999973,"failureMessages":[],"meta":{}},{"ancestorTitles":["Retry Logic"],"fullName":"Retry Logic Should retry on 500 errors","status":"passed","title":"Should retry on 500 errors","duration":11.300746000000117,"failureMessages":[],"meta":{}},{"ancestorTitles":["Retry Logic"],"fullName":"Retry Logic Should fail after max attempts","status":"passed","title":"Should fail after max attempts","duration":23.476116000000047,"failureMessages":[],"meta":{}},{"ancestorTitles":["Retry Logic"],"fullName":"Retry Logic Should not retry on non-retryable errors","status":"passed","title":"Should not retry on non-retryable errors","duration":0.3353750000001128,"failureMessages":[],"meta":{}}],"startTime":1754363566338,"endTime":1754363566435.3354,"status":"passed","message":"","name":"/Users/parkerbarnett/github-link-up-buddy/src/services/flightApi.test.ts"},{"assertionResults":[{"ancestorTitles":["useFormAnalytics"],"fullName":"useFormAnalytics should generate a unique session ID","status":"passed","title":"should generate a unique session ID","duration":62.25479700000005,"failureMessages":[],"meta":{}},{"ancestorTitles":["useFormAnalytics"],"fullName":"useFormAnalytics should track form submission with correct payload","status":"passed","title":"should track form submission with correct payload","duration":50.7668900000001,"failureMessages":[],"meta":{}},{"ancestorTitles":["useFormAnalytics"],"fullName":"useFormAnalytics should track field interaction","status":"passed","title":"should track field interaction","duration":23.805233999999928,"failureMessages":[],"meta":{}},{"ancestorTitles":["useFormAnalytics"],"fullName":"useFormAnalytics should track field errors","status":"passed","title":"should track field errors","duration":8.442859000000226,"failureMessages":[],"meta":{}},{"ancestorTitles":["useFormAnalytics"],"fullName":"useFormAnalytics should retry on 500 error and eventually succeed","status":"passed","title":"should retry on 500 error and eventually succeed","duration":14.584879,"failureMessages":[],"meta":{}},{"ancestorTitles":["useFormAnalytics"],"fullName":"useFormAnalytics should queue events locally after max retries exceeded","status":"passed","title":"should queue events locally after max retries exceeded","duration":2.891610000000128,"failureMessages":[],"meta":{}},{"ancestorTitles":["useFormAnalytics"],"fullName":"useFormAnalytics should handle localStorage errors gracefully","status":"passed","title":"should handle localStorage errors gracefully","duration":10.78651600000012,"failureMessages":[],"meta":{}},{"ancestorTitles":["useFormAnalytics"],"fullName":"useFormAnalytics should not track events when formConfig is missing","status":"passed","title":"should not track events when formConfig is missing","duration":2.8244009999998525,"failureMessages":[],"meta":{}}],"startTime":1754363566637,"endTime":1754363566812.8245,"status":"passed","message":"","name":"/Users/parkerbarnett/github-link-up-buddy/src/hooks/__tests__/useFormAnalytics.test.ts"},{"assertionResults":[{"ancestorTitles":["AWSCLIParameterValidator","validateKeyId"],"fullName":"AWSCLIParameterValidator validateKeyId should validate UUID format key IDs","status":"passed","title":"should validate UUID format key IDs","duration":1.860687999999982,"failureMessages":[],"meta":{}},{"ancestorTitles":["AWSCLIParameterValidator","validateKeyId"],"fullName":"AWSCLIParameterValidator validateKeyId should validate alias format key IDs","status":"passed","title":"should validate alias format key IDs","duration":0.3349949999999353,"failureMessages":[],"meta":{}},{"ancestorTitles":["AWSCLIParameterValidator","validateKeyId"],"fullName":"AWSCLIParameterValidator validateKeyId should validate ARN format key IDs and extract metadata","status":"passed","title":"should validate ARN format key IDs and extract metadata","duration":0.3957660000000942,"failureMessages":[],"meta":{}},{"ancestorTitles":["AWSCLIParameterValidator","validateKeyId"],"fullName":"AWSCLIParameterValidator validateKeyId should validate alias ARN format","status":"passed","title":"should validate alias ARN format","duration":0.22254900000007183,"failureMessages":[],"meta":{}},{"ancestorTitles":["AWSCLIParameterValidator","validateKeyId"],"fullName":"AWSCLIParameterValidator validateKeyId should reject empty or invalid key IDs","status":"passed","title":"should reject empty or invalid key IDs","duration":0.5228870000000825,"failureMessages":[],"meta":{}},{"ancestorTitles":["AWSCLIParameterValidator","validateKeyId"],"fullName":"AWSCLIParameterValidator validateKeyId should handle null and undefined key IDs","status":"passed","title":"should handle null and undefined key IDs","duration":0.19361499999990883,"failureMessages":[],"meta":{}},{"ancestorTitles":["AWSCLIParameterValidator","validateEncryptionContext"],"fullName":"AWSCLIParameterValidator validateEncryptionContext should accept valid encryption contexts","status":"passed","title":"should accept valid encryption contexts","duration":0.7825980000000072,"failureMessages":[],"meta":{}},{"ancestorTitles":["AWSCLIParameterValidator","validateEncryptionContext"],"fullName":"AWSCLIParameterValidator validateEncryptionContext should accept empty or undefined contexts","status":"passed","title":"should accept empty or undefined contexts","duration":0.22824100000002545,"failureMessages":[],"meta":{}},{"ancestorTitles":["AWSCLIParameterValidator","validateEncryptionContext"],"fullName":"AWSCLIParameterValidator validateEncryptionContext should reject contexts with too many key-value pairs","status":"passed","title":"should reject contexts with too many key-value pairs","duration":0.5499929999998585,"failureMessages":[],"meta":{}},{"ancestorTitles":["AWSCLIParameterValidator","validateEncryptionContext"],"fullName":"AWSCLIParameterValidator validateEncryptionContext should reject keys or values exceeding 256 characters","status":"passed","title":"should reject keys or values exceeding 256 characters","duration":0.3055380000000696,"failureMessages":[],"meta":{}},{"ancestorTitles":["AWSCLIParameterValidator","validateEncryptionContext"],"fullName":"AWSCLIParameterValidator validateEncryptionContext should detect sensitive data in context keys and values","status":"passed","title":"should detect sensitive data in context keys and values","duration":0.37280699999996614,"failureMessages":[],"meta":{}},{"ancestorTitles":["AWSCLIParameterValidator","validateEncryptionContext"],"fullName":"AWSCLIParameterValidator validateEncryptionContext should reject control characters","status":"passed","title":"should reject control characters","duration":0.26236999999991895,"failureMessages":[],"meta":{}},{"ancestorTitles":["AWSCLIParameterValidator","validateEncryptionAlgorithm"],"fullName":"AWSCLIParameterValidator validateEncryptionAlgorithm should accept valid encryption algorithms","status":"passed","title":"should accept valid encryption algorithms","duration":0.21201799999994364,"failureMessages":[],"meta":{}},{"ancestorTitles":["AWSCLIParameterValidator","validateEncryptionAlgorithm"],"fullName":"AWSCLIParameterValidator validateEncryptionAlgorithm should accept undefined algorithm","status":"passed","title":"should accept undefined algorithm","duration":0.09880500000008396,"failureMessages":[],"meta":{}},{"ancestorTitles":["AWSCLIParameterValidator","validateEncryptionAlgorithm"],"fullName":"AWSCLIParameterValidator validateEncryptionAlgorithm should reject invalid algorithms","status":"passed","title":"should reject invalid algorithms","duration":0.14335600000003978,"failureMessages":[],"meta":{}},{"ancestorTitles":["AWSCLIParameterValidator","validateSigningAlgorithm"],"fullName":"AWSCLIParameterValidator validateSigningAlgorithm should accept valid signing algorithms","status":"passed","title":"should accept valid signing algorithms","duration":0.20591699999999946,"failureMessages":[],"meta":{}},{"ancestorTitles":["AWSCLIParameterValidator","validateSigningAlgorithm"],"fullName":"AWSCLIParameterValidator validateSigningAlgorithm should reject invalid signing algorithms","status":"passed","title":"should reject invalid signing algorithms","duration":0.11500300000011521,"failureMessages":[],"meta":{}},{"ancestorTitles":["AWSCLIParameterValidator","validatePlaintextSize"],"fullName":"AWSCLIParameterValidator validatePlaintextSize should accept valid plaintext sizes","status":"passed","title":"should accept valid plaintext sizes","duration":0.18906199999992168,"failureMessages":[],"meta":{}},{"ancestorTitles":["AWSCLIParameterValidator","validatePlaintextSize"],"fullName":"AWSCLIParameterValidator validatePlaintextSize should reject empty plaintext","status":"passed","title":"should reject empty plaintext","duration":0.16244299999993927,"failureMessages":[],"meta":{}},{"ancestorTitles":["AWSCLIParameterValidator","validatePlaintextSize"],"fullName":"AWSCLIParameterValidator validatePlaintextSize should reject oversized plaintext","status":"passed","title":"should reject oversized plaintext","duration":0.1989579999999478,"failureMessages":[],"meta":{}},{"ancestorTitles":["AWSCLIParameterValidator","validateGrantTokens"],"fullName":"AWSCLIParameterValidator validateGrantTokens should accept valid grant tokens","status":"passed","title":"should accept valid grant tokens","duration":0.13489500000014232,"failureMessages":[],"meta":{}},{"ancestorTitles":["AWSCLIParameterValidator","validateGrantTokens"],"fullName":"AWSCLIParameterValidator validateGrantTokens should accept undefined grant tokens","status":"passed","title":"should accept undefined grant tokens","duration":0.1080939999999373,"failureMessages":[],"meta":{}},{"ancestorTitles":["AWSCLIParameterValidator","validateGrantTokens"],"fullName":"AWSCLIParameterValidator validateGrantTokens should reject too many grant tokens","status":"passed","title":"should reject too many grant tokens","duration":0.14931799999999384,"failureMessages":[],"meta":{}},{"ancestorTitles":["AWSCLIParameterValidator","validateGrantTokens"],"fullName":"AWSCLIParameterValidator validateGrantTokens should reject empty grant tokens","status":"passed","title":"should reject empty grant tokens","duration":0.12158299999987321,"failureMessages":[],"meta":{}},{"ancestorTitles":["AWSCLIParameterValidator","validateGrantTokens"],"fullName":"AWSCLIParameterValidator validateGrantTokens should reject oversized grant tokens","status":"passed","title":"should reject oversized grant tokens","duration":0.11683500000003733,"failureMessages":[],"meta":{}},{"ancestorTitles":["AWSCLIParameterValidator","validateKeySpec"],"fullName":"AWSCLIParameterValidator validateKeySpec should accept valid key specs","status":"passed","title":"should accept valid key specs","duration":0.26387099999988095,"failureMessages":[],"meta":{}},{"ancestorTitles":["AWSCLIParameterValidator","validateKeySpec"],"fullName":"AWSCLIParameterValidator validateKeySpec should reject invalid key specs","status":"passed","title":"should reject invalid key specs","duration":0.15108199999986027,"failureMessages":[],"meta":{}},{"ancestorTitles":["AWSCLIParameterValidator","validateKeyUsage"],"fullName":"AWSCLIParameterValidator validateKeyUsage should accept valid key usages","status":"passed","title":"should accept valid key usages","duration":0.202342999999928,"failureMessages":[],"meta":{}},{"ancestorTitles":["AWSCLIParameterValidator","validateKeyUsage"],"fullName":"AWSCLIParameterValidator validateKeyUsage should reject invalid key usage","status":"passed","title":"should reject invalid key usage","duration":0.15735399999994115,"failureMessages":[],"meta":{}},{"ancestorTitles":["AWSCLIParameterValidator","validateEncryptParams"],"fullName":"AWSCLIParameterValidator validateEncryptParams should accept valid encrypt parameters","status":"passed","title":"should accept valid encrypt parameters","duration":0.20141699999999219,"failureMessages":[],"meta":{}},{"ancestorTitles":["AWSCLIParameterValidator","validateEncryptParams"],"fullName":"AWSCLIParameterValidator validateEncryptParams should reject encrypt params with invalid key ID","status":"passed","title":"should reject encrypt params with invalid key ID","duration":0.25086499999997613,"failureMessages":[],"meta":{}},{"ancestorTitles":["AWSCLIParameterValidator","validateEncryptParams"],"fullName":"AWSCLIParameterValidator validateEncryptParams should reject encrypt params with oversized plaintext","status":"passed","title":"should reject encrypt params with oversized plaintext","duration":0.14323400000012043,"failureMessages":[],"meta":{}},{"ancestorTitles":["AWSCLIParameterValidator","validateDecryptParams"],"fullName":"AWSCLIParameterValidator validateDecryptParams should accept valid decrypt parameters","status":"passed","title":"should accept valid decrypt parameters","duration":0.18091899999990346,"failureMessages":[],"meta":{}},{"ancestorTitles":["AWSCLIParameterValidator","validateDecryptParams"],"fullName":"AWSCLIParameterValidator validateDecryptParams should reject decrypt params with empty ciphertext","status":"passed","title":"should reject decrypt params with empty ciphertext","duration":0.1226200000000972,"failureMessages":[],"meta":{}},{"ancestorTitles":["AWSCLIParameterValidator","validateDecryptParams"],"fullName":"AWSCLIParameterValidator validateDecryptParams should reject decrypt params with oversized ciphertext","status":"passed","title":"should reject decrypt params with oversized ciphertext","duration":0.13779599999998027,"failureMessages":[],"meta":{}},{"ancestorTitles":["AWSCLIParameterValidator","validateDecryptParams"],"fullName":"AWSCLIParameterValidator validateDecryptParams should accept decrypt params without keyId (optional)","status":"passed","title":"should accept decrypt params without keyId (optional)","duration":0.10036200000013196,"failureMessages":[],"meta":{}},{"ancestorTitles":["AWSCLIParameterValidator","edge cases and error handling"],"fullName":"AWSCLIParameterValidator edge cases and error handling should handle unicode characters in encryption context properly","status":"passed","title":"should handle unicode characters in encryption context properly","duration":0.10254399999985253,"failureMessages":[],"meta":{}},{"ancestorTitles":["AWSCLIParameterValidator","edge cases and error handling"],"fullName":"AWSCLIParameterValidator edge cases and error handling should handle mixed case UUIDs","status":"passed","title":"should handle mixed case UUIDs","duration":0.11498299999993833,"failureMessages":[],"meta":{}},{"ancestorTitles":["AWSCLIParameterValidator","edge cases and error handling"],"fullName":"AWSCLIParameterValidator edge cases and error handling should trim whitespace from key IDs","status":"passed","title":"should trim whitespace from key IDs","duration":0.10525699999993776,"failureMessages":[],"meta":{}},{"ancestorTitles":["AWSCLIParameterValidator","edge cases and error handling"],"fullName":"AWSCLIParameterValidator edge cases and error handling should handle binary data correctly in plaintext size validation","status":"passed","title":"should handle binary data correctly in plaintext size validation","duration":0.15639499999997497,"failureMessages":[],"meta":{}}],"startTime":1754363569515,"endTime":1754363569526.1565,"status":"passed","message":"","name":"/Users/parkerbarnett/github-link-up-buddy/src/lib/aws-cli-compatibility/parameter-validator.test.ts"},{"assertionResults":[{"ancestorTitles":["Enhanced Error Formatting"],"fullName":"Enhanced Error Formatting should treeify errors into nested structure","status":"passed","title":"should treeify errors into nested structure","duration":4.862321999999949,"failureMessages":[],"meta":{}},{"ancestorTitles":["Enhanced Error Formatting"],"fullName":"Enhanced Error Formatting should flatten errors for simple forms","status":"passed","title":"should flatten errors for simple forms","duration":1.0467469999998684,"failureMessages":[],"meta":{}},{"ancestorTitles":["Enhanced Error Formatting"],"fullName":"Enhanced Error Formatting should prettify errors with visual indicators","status":"passed","title":"should prettify errors with visual indicators","duration":0.5911610000000564,"failureMessages":[],"meta":{}},{"ancestorTitles":["Enhanced Error Formatting"],"fullName":"Enhanced Error Formatting should create localized error maps","status":"passed","title":"should create localized error maps","duration":0.41488300000014533,"failureMessages":[],"meta":{}},{"ancestorTitles":["Schema Registry"],"fullName":"Schema Registry should add and retrieve schemas with metadata","status":"passed","title":"should add and retrieve schemas with metadata","duration":0.7807499999998981,"failureMessages":[],"meta":{}},{"ancestorTitles":["Schema Registry"],"fullName":"Schema Registry should prevent duplicate IDs","status":"passed","title":"should prevent duplicate IDs","duration":22.165851000000202,"failureMessages":[],"meta":{}},{"ancestorTitles":["Schema Registry"],"fullName":"Schema Registry should filter schemas by category and tags","status":"passed","title":"should filter schemas by category and tags","duration":1.568922000000157,"failureMessages":[],"meta":{}},{"ancestorTitles":["Schema Registry"],"fullName":"Schema Registry should generate documentation","status":"passed","title":"should generate documentation","duration":0.850257000000056,"failureMessages":[],"meta":{}},{"ancestorTitles":["Enhanced Schema Features"],"fullName":"Enhanced Schema Features should create enhanced schemas with metadata","status":"passed","title":"should create enhanced schemas with metadata","duration":0.6540109999998549,"failureMessages":[],"meta":{}},{"ancestorTitles":["Enhanced Schema Features"],"fullName":"Enhanced Schema Features should validate with enhanced error formatting","status":"passed","title":"should validate with enhanced error formatting","duration":1.2307329999998728,"failureMessages":[],"meta":{}},{"ancestorTitles":["String Format Validators"],"fullName":"String Format Validators should validate email format","status":"passed","title":"should validate email format","duration":0.2573099999999613,"failureMessages":[],"meta":{}},{"ancestorTitles":["String Format Validators"],"fullName":"String Format Validators should validate URL format","status":"passed","title":"should validate URL format","duration":1.400026999999909,"failureMessages":[],"meta":{}},{"ancestorTitles":["String Format Validators"],"fullName":"String Format Validators should validate strong password","status":"passed","title":"should validate strong password","duration":1.1423500000000786,"failureMessages":[],"meta":{}},{"ancestorTitles":["String Format Validators"],"fullName":"String Format Validators should validate phone numbers","status":"passed","title":"should validate phone numbers","duration":0.2778840000000855,"failureMessages":[],"meta":{}},{"ancestorTitles":["Conditional Validation"],"fullName":"Conditional Validation should apply conditional validation based on data","status":"passed","title":"should apply conditional validation based on data","duration":1.1078119999999672,"failureMessages":[],"meta":{}},{"ancestorTitles":["Common Schema Registration"],"fullName":"Common Schema Registration should register common schemas in global registry","status":"passed","title":"should register common schemas in global registry","duration":1.5652420000001257,"failureMessages":[],"meta":{}},{"ancestorTitles":["Enhanced Validation Performance"],"fullName":"Enhanced Validation Performance should validate large datasets efficiently","status":"passed","title":"should validate large datasets efficiently","duration":30.865667000000258,"failureMessages":[],"meta":{}},{"ancestorTitles":["Enhanced Validation Performance"],"fullName":"Enhanced Validation Performance should handle complex nested validation efficiently","status":"passed","title":"should handle complex nested validation efficiently","duration":13.535240000000158,"failureMessages":[],"meta":{}}],"startTime":1754363568488,"endTime":1754363568573.5352,"status":"passed","message":"","name":"/Users/parkerbarnett/github-link-up-buddy/src/lib/validation/enhanced-validation.test.ts"},{"assertionResults":[{"ancestorTitles":["ModernGoogleAuthService","initialization"],"fullName":"ModernGoogleAuthService initialization should initialize Google Identity Services","status":"passed","title":"should initialize Google Identity Services","duration":6.544561000000158,"failureMessages":[],"meta":{}},{"ancestorTitles":["ModernGoogleAuthService","initialization"],"fullName":"ModernGoogleAuthService initialization should load Google Identity Services script if not available","status":"passed","title":"should load Google Identity Services script if not available","duration":16.134851000000026,"failureMessages":[],"meta":{}},{"ancestorTitles":["ModernGoogleAuthService","initialization"],"fullName":"ModernGoogleAuthService initialization should not reinitialize if already initialized","status":"passed","title":"should not reinitialize if already initialized","duration":1.7636489999999867,"failureMessages":[],"meta":{}},{"ancestorTitles":["ModernGoogleAuthService","initialization"],"fullName":"ModernGoogleAuthService initialization should throw error in non-browser environment","status":"passed","title":"should throw error in non-browser environment","duration":3.617422000000033,"failureMessages":[],"meta":{}},{"ancestorTitles":["ModernGoogleAuthService","token validation"],"fullName":"ModernGoogleAuthService token validation should validate JWT token claims correctly","status":"passed","title":"should validate JWT token claims correctly","duration":1.8463449999999284,"failureMessages":[],"meta":{}},{"ancestorTitles":["ModernGoogleAuthService","token validation"],"fullName":"ModernGoogleAuthService token validation should reject expired tokens","status":"passed","title":"should reject expired tokens","duration":1.1308579999999893,"failureMessages":[],"meta":{}},{"ancestorTitles":["ModernGoogleAuthService","token validation"],"fullName":"ModernGoogleAuthService token validation should reject tokens with invalid issuer","status":"passed","title":"should reject tokens with invalid issuer","duration":1.3995230000000447,"failureMessages":[],"meta":{}},{"ancestorTitles":["ModernGoogleAuthService","token validation"],"fullName":"ModernGoogleAuthService token validation should reject tokens with unverified email","status":"passed","title":"should reject tokens with unverified email","duration":1.241700000000037,"failureMessages":[],"meta":{}},{"ancestorTitles":["ModernGoogleAuthService","One Tap authentication"],"fullName":"ModernGoogleAuthService One Tap authentication should display One Tap prompt","status":"passed","title":"should display One Tap prompt","duration":1.646944000000076,"failureMessages":[],"meta":{}},{"ancestorTitles":["ModernGoogleAuthService","One Tap authentication"],"fullName":"ModernGoogleAuthService One Tap authentication should not display One Tap twice","status":"passed","title":"should not display One Tap twice","duration":3.1220280000000002,"failureMessages":[],"meta":{}},{"ancestorTitles":["ModernGoogleAuthService","One Tap authentication"],"fullName":"ModernGoogleAuthService One Tap authentication should handle One Tap failure gracefully","status":"passed","title":"should handle One Tap failure gracefully","duration":1.7308899999998175,"failureMessages":[],"meta":{}},{"ancestorTitles":["ModernGoogleAuthService","popup authentication"],"fullName":"ModernGoogleAuthService popup authentication should detect popup blockers","status":"passed","title":"should detect popup blockers","duration":14.851051000000098,"failureMessages":[],"meta":{}},{"ancestorTitles":["ModernGoogleAuthService","popup authentication"],"fullName":"ModernGoogleAuthService popup authentication should detect popup blockers when window.open returns a closed popup","status":"passed","title":"should detect popup blockers when window.open returns a closed popup","duration":3.2474589999999353,"failureMessages":[],"meta":{}},{"ancestorTitles":["ModernGoogleAuthService","popup authentication"],"fullName":"ModernGoogleAuthService popup authentication should handle popup closed by user","status":"passed","title":"should handle popup closed by user","duration":52.239110999999866,"failureMessages":[],"meta":{}},{"ancestorTitles":["ModernGoogleAuthService","popup authentication"],"fullName":"ModernGoogleAuthService popup authentication should handle successful popup flow","status":"passed","title":"should handle successful popup flow","duration":102.34691399999997,"failureMessages":[],"meta":{}},{"ancestorTitles":["ModernGoogleAuthService","popup authentication"],"fullName":"ModernGoogleAuthService popup authentication should handle popup authentication errors","status":"passed","title":"should handle popup authentication errors","duration":103.62595699999997,"failureMessages":[],"meta":{}},{"ancestorTitles":["ModernGoogleAuthService","privacy settings detection"],"fullName":"ModernGoogleAuthService privacy settings detection should detect FedCM availability","status":"passed","title":"should detect FedCM availability","duration":1.4294019999997545,"failureMessages":[],"meta":{}},{"ancestorTitles":["ModernGoogleAuthService","privacy settings detection"],"fullName":"ModernGoogleAuthService privacy settings detection should detect third-party cookie blocking","status":"passed","title":"should detect third-party cookie blocking","duration":3.0105899999998655,"failureMessages":[],"meta":{}},{"ancestorTitles":["ModernGoogleAuthService","privacy settings detection"],"fullName":"ModernGoogleAuthService privacy settings detection should default to standard mode when cookies work","status":"passed","title":"should default to standard mode when cookies work","duration":3.084614000000329,"failureMessages":[],"meta":{}},{"ancestorTitles":["ModernGoogleAuthService","sign out"],"fullName":"ModernGoogleAuthService sign out should sign out successfully","status":"passed","title":"should sign out successfully","duration":2.3373639999999796,"failureMessages":[],"meta":{}},{"ancestorTitles":["ModernGoogleAuthService","sign out"],"fullName":"ModernGoogleAuthService sign out should handle sign out errors","status":"passed","title":"should handle sign out errors","duration":6.884415999999874,"failureMessages":[],"meta":{}},{"ancestorTitles":["ModernGoogleAuthService","session management"],"fullName":"ModernGoogleAuthService session management should check sign in status","status":"passed","title":"should check sign in status","duration":1.7862640000003012,"failureMessages":[],"meta":{}},{"ancestorTitles":["ModernGoogleAuthService","session management"],"fullName":"ModernGoogleAuthService session management should return false when no session","status":"passed","title":"should return false when no session","duration":1.4850899999996727,"failureMessages":[],"meta":{}},{"ancestorTitles":["ModernGoogleAuthService","session management"],"fullName":"ModernGoogleAuthService session management should get current user","status":"passed","title":"should get current user","duration":1.6300030000002153,"failureMessages":[],"meta":{}},{"ancestorTitles":["ModernGoogleAuthService","button rendering"],"fullName":"ModernGoogleAuthService button rendering should render sign in button","status":"passed","title":"should render sign in button","duration":2.8061360000001514,"failureMessages":[],"meta":{}},{"ancestorTitles":["ModernGoogleAuthService","button rendering"],"fullName":"ModernGoogleAuthService button rendering should handle custom button options","status":"passed","title":"should handle custom button options","duration":2.0353769999996985,"failureMessages":[],"meta":{}},{"ancestorTitles":["ModernGoogleAuthService","button rendering"],"fullName":"ModernGoogleAuthService button rendering should handle missing container","status":"passed","title":"should handle missing container","duration":2.0544099999997343,"failureMessages":[],"meta":{}}],"startTime":1754363563375,"endTime":1754363563722.0544,"status":"passed","message":"","name":"/Users/parkerbarnett/github-link-up-buddy/src/tests/auth/modernGoogleAuth.test.ts"},{"assertionResults":[],"startTime":1754363549984,"endTime":1754363549984,"status":"failed","message":"Transform failed with 1 error:\n/Users/parkerbarnett/github-link-up-buddy/src/tests/testcontainers/setup.ts:48:3: ERROR: Expected identifier but found \",\"","name":"/Users/parkerbarnett/github-link-up-buddy/src/tests/integration/database.test.ts"},{"assertionResults":[{"ancestorTitles":["LaunchDarkly Integration Tests","Service Initialization"],"fullName":"LaunchDarkly Integration Tests Service Initialization should initialize successfully with valid configuration","status":"passed","title":"should initialize successfully with valid configuration","duration":5.721050999999989,"failureMessages":[],"meta":{}},{"ancestorTitles":["LaunchDarkly Integration Tests","Service Initialization"],"fullName":"LaunchDarkly Integration Tests Service Initialization should handle initialization timeout gracefully","status":"passed","title":"should handle initialization timeout gracefully","duration":63.83672999999999,"failureMessages":[],"meta":{}},{"ancestorTitles":["LaunchDarkly Integration Tests","Service Initialization"],"fullName":"LaunchDarkly Integration Tests Service Initialization should handle network connectivity issues","status":"passed","title":"should handle network connectivity issues","duration":1.869024999999965,"failureMessages":[],"meta":{}},{"ancestorTitles":["LaunchDarkly Integration Tests","Feature Flag Evaluation"],"fullName":"LaunchDarkly Integration Tests Feature Flag Evaluation should return correct flag values when online","status":"passed","title":"should return correct flag values when online","duration":0.9709149999998772,"failureMessages":[],"meta":{}},{"ancestorTitles":["LaunchDarkly Integration Tests","Feature Flag Evaluation"],"fullName":"LaunchDarkly Integration Tests Feature Flag Evaluation should use fallback values when offline","status":"passed","title":"should use fallback values when offline","duration":1.2633820000000924,"failureMessages":[],"meta":{}},{"ancestorTitles":["LaunchDarkly Integration Tests","Feature Flag Evaluation"],"fullName":"LaunchDarkly Integration Tests Feature Flag Evaluation should handle circuit breaker activation","status":"passed","title":"should handle circuit breaker activation","duration":1.4123340000001008,"failureMessages":[],"meta":{}},{"ancestorTitles":["LaunchDarkly Integration Tests","Context Management"],"fullName":"LaunchDarkly Integration Tests Context Management should create valid anonymous context","status":"passed","title":"should create valid anonymous context","duration":0.6519530000000486,"failureMessages":[],"meta":{}},{"ancestorTitles":["LaunchDarkly Integration Tests","Context Management"],"fullName":"LaunchDarkly Integration Tests Context Management should create valid user context from attributes","status":"passed","title":"should create valid user context from attributes","duration":0.3273250000002008,"failureMessages":[],"meta":{}},{"ancestorTitles":["LaunchDarkly Integration Tests","Context Management"],"fullName":"LaunchDarkly Integration Tests Context Management should update context on authentication","status":"passed","title":"should update context on authentication","duration":0.7639949999997953,"failureMessages":[],"meta":{}},{"ancestorTitles":["LaunchDarkly Integration Tests","Context Management"],"fullName":"LaunchDarkly Integration Tests Context Management should sanitize sensitive information from context","status":"passed","title":"should sanitize sensitive information from context","duration":4.20504899999969,"failureMessages":[],"meta":{}},{"ancestorTitles":["LaunchDarkly Integration Tests","Resilience Features"],"fullName":"LaunchDarkly Integration Tests Resilience Features should retry failed operations with exponential backoff","status":"passed","title":"should retry failed operations with exponential backoff","duration":5.652415999999903,"failureMessages":[],"meta":{}},{"ancestorTitles":["LaunchDarkly Integration Tests","Resilience Features"],"fullName":"LaunchDarkly Integration Tests Resilience Features should track performance metrics","status":"passed","title":"should track performance metrics","duration":1.7579639999999017,"failureMessages":[],"meta":{}},{"ancestorTitles":["LaunchDarkly Integration Tests","Resilience Features"],"fullName":"LaunchDarkly Integration Tests Resilience Features should handle flag evaluation timeout","status":"passed","title":"should handle flag evaluation timeout","duration":0.36578800000006595,"failureMessages":[],"meta":{}},{"ancestorTitles":["LaunchDarkly Integration Tests","Developer Experience"],"fullName":"LaunchDarkly Integration Tests Developer Experience should support localStorage overrides in development","status":"passed","title":"should support localStorage overrides in development","duration":3.384100000000217,"failureMessages":[],"meta":{}},{"ancestorTitles":["LaunchDarkly Integration Tests","Developer Experience"],"fullName":"LaunchDarkly Integration Tests Developer Experience should provide developer override utilities","status":"passed","title":"should provide developer override utilities","duration":1.0780759999997827,"failureMessages":[],"meta":{}},{"ancestorTitles":["LaunchDarkly Integration Tests","Known Feature Flags Integration"],"fullName":"LaunchDarkly Integration Tests Known Feature Flags Integration should have proper fallback values for all known flags","status":"passed","title":"should have proper fallback values for all known flags","duration":7.869483999999829,"failureMessages":[],"meta":{}},{"ancestorTitles":["LaunchDarkly Integration Tests","Known Feature Flags Integration"],"fullName":"LaunchDarkly Integration Tests Known Feature Flags Integration should evaluate all known flags without errors","status":"passed","title":"should evaluate all known flags without errors","duration":3.539338999999927,"failureMessages":[],"meta":{}},{"ancestorTitles":["LaunchDarkly Integration Tests","Known Feature Flags Integration"],"fullName":"LaunchDarkly Integration Tests Known Feature Flags Integration should handle flag changes for known flags","status":"passed","title":"should handle flag changes for known flags","duration":1.0950050000001283,"failureMessages":[],"meta":{}},{"ancestorTitles":["LaunchDarkly Integration Tests","Error Recovery"],"fullName":"LaunchDarkly Integration Tests Error Recovery should recover from temporary network issues","status":"passed","title":"should recover from temporary network issues","duration":11.793008999999984,"failureMessages":[],"meta":{}},{"ancestorTitles":["LaunchDarkly Integration Tests","Error Recovery"],"fullName":"LaunchDarkly Integration Tests Error Recovery should provide comprehensive error reporting","status":"passed","title":"should provide comprehensive error reporting","duration":0.6882570000002488,"failureMessages":[],"meta":{}}],"startTime":1754363568712,"endTime":1754363568831.6882,"status":"passed","message":"","name":"/Users/parkerbarnett/github-link-up-buddy/src/tests/integration/launchdarkly-integration.test.ts"},{"assertionResults":[{"ancestorTitles":["LaunchDarkly Network Resilience Tests","Network Timeout Scenarios"],"fullName":"LaunchDarkly Network Resilience Tests Network Timeout Scenarios should handle initialization timeout gracefully","status":"passed","title":"should handle initialization timeout gracefully","duration":9.629187999999886,"failureMessages":[],"meta":{}},{"ancestorTitles":["LaunchDarkly Network Resilience Tests","Network Timeout Scenarios"],"fullName":"LaunchDarkly Network Resilience Tests Network Timeout Scenarios should handle network request failures during flag evaluation","status":"passed","title":"should handle network request failures during flag evaluation","duration":1.492080999999871,"failureMessages":[],"meta":{}},{"ancestorTitles":["LaunchDarkly Network Resilience Tests","Network Timeout Scenarios"],"fullName":"LaunchDarkly Network Resilience Tests Network Timeout Scenarios should simulate network issues using environment flag","status":"passed","title":"should simulate network issues using environment flag","duration":1.7131979999999203,"failureMessages":[],"meta":{}},{"ancestorTitles":["LaunchDarkly Network Resilience Tests","Connection Recovery Tests"],"fullName":"LaunchDarkly Network Resilience Tests Connection Recovery Tests should recover from temporary network issues","status":"passed","title":"should recover from temporary network issues","duration":0.8002360000000408,"failureMessages":[],"meta":{}},{"ancestorTitles":["LaunchDarkly Network Resilience Tests","Connection Recovery Tests"],"fullName":"LaunchDarkly Network Resilience Tests Connection Recovery Tests should handle intermittent connection issues","status":"passed","title":"should handle intermittent connection issues","duration":1.4367429999997512,"failureMessages":[],"meta":{}},{"ancestorTitles":["LaunchDarkly Network Resilience Tests","Circuit Breaker Tests"],"fullName":"LaunchDarkly Network Resilience Tests Circuit Breaker Tests should open circuit breaker after consecutive failures","status":"passed","title":"should open circuit breaker after consecutive failures","duration":6006.0169049999995,"failureMessages":[],"meta":{}},{"ancestorTitles":["LaunchDarkly Network Resilience Tests","Circuit Breaker Tests"],"fullName":"LaunchDarkly Network Resilience Tests Circuit Breaker Tests should reset circuit breaker after timeout period","status":"passed","title":"should reset circuit breaker after timeout period","duration":0.5702200000005178,"failureMessages":[],"meta":{}},{"ancestorTitles":["LaunchDarkly Network Resilience Tests","Fallback Configuration Tests"],"fullName":"LaunchDarkly Network Resilience Tests Fallback Configuration Tests should use configured fallback values for known flags","status":"passed","title":"should use configured fallback values for known flags","duration":0.9758879999999408,"failureMessages":[],"meta":{}},{"ancestorTitles":["LaunchDarkly Network Resilience Tests","Fallback Configuration Tests"],"fullName":"LaunchDarkly Network Resilience Tests Fallback Configuration Tests should provide type-specific defaults for unknown flags","status":"passed","title":"should provide type-specific defaults for unknown flags","duration":0.7606219999997847,"failureMessages":[],"meta":{}},{"ancestorTitles":["LaunchDarkly Network Resilience Tests","Fallback Configuration Tests"],"fullName":"LaunchDarkly Network Resilience Tests Fallback Configuration Tests should track fallback usage for monitoring","status":"passed","title":"should track fallback usage for monitoring","duration":1.4453640000001542,"failureMessages":[],"meta":{}},{"ancestorTitles":["LaunchDarkly Network Resilience Tests","Error Reporting Tests"],"fullName":"LaunchDarkly Network Resilience Tests Error Reporting Tests should create comprehensive error reports","status":"passed","title":"should create comprehensive error reports","duration":1.005236999999397,"failureMessages":[],"meta":{}},{"ancestorTitles":["LaunchDarkly Network Resilience Tests","Error Reporting Tests"],"fullName":"LaunchDarkly Network Resilience Tests Error Reporting Tests should limit error history to prevent memory leaks","status":"passed","title":"should limit error history to prevent memory leaks","duration":0.9068559999996069,"failureMessages":[],"meta":{}},{"ancestorTitles":["LaunchDarkly Network Resilience Tests","Performance Metrics Tests"],"fullName":"LaunchDarkly Network Resilience Tests Performance Metrics Tests should track initialization time","status":"passed","title":"should track initialization time","duration":61.98478299999897,"failureMessages":[],"meta":{}},{"ancestorTitles":["LaunchDarkly Network Resilience Tests","Performance Metrics Tests"],"fullName":"LaunchDarkly Network Resilience Tests Performance Metrics Tests should track flag evaluation performance","status":"passed","title":"should track flag evaluation performance","duration":44.71221799999876,"failureMessages":[],"meta":{}}],"startTime":1754363552203,"endTime":1754363558337.7122,"status":"passed","message":"","name":"/Users/parkerbarnett/github-link-up-buddy/src/tests/integration/launchdarkly-network-resilience.test.ts"},{"assertionResults":[{"ancestorTitles":["LaunchDarkly Integration Tests","Client-side Feature Flags"],"fullName":"LaunchDarkly Integration Tests Client-side Feature Flags should initialize client-side LaunchDarkly SDK successfully","status":"passed","title":"should initialize client-side LaunchDarkly SDK successfully","duration":3.319925000000012,"failureMessages":[],"meta":{}},{"ancestorTitles":["LaunchDarkly Integration Tests","Client-side Feature Flags"],"fullName":"LaunchDarkly Integration Tests Client-side Feature Flags should get boolean feature flag values with fallback","status":"passed","title":"should get boolean feature flag values with fallback","duration":0.8345509999999194,"failureMessages":[],"meta":{}},{"ancestorTitles":["LaunchDarkly Integration Tests","Client-side Feature Flags"],"fullName":"LaunchDarkly Integration Tests Client-side Feature Flags should get string feature flag values with fallback","status":"passed","title":"should get string feature flag values with fallback","duration":0.9980430000000524,"failureMessages":[],"meta":{}},{"ancestorTitles":["LaunchDarkly Integration Tests","Client-side Feature Flags"],"fullName":"LaunchDarkly Integration Tests Client-side Feature Flags should get numeric feature flag values with fallback","status":"passed","title":"should get numeric feature flag values with fallback","duration":0.624768000000131,"failureMessages":[],"meta":{}},{"ancestorTitles":["LaunchDarkly Integration Tests","Client-side Feature Flags"],"fullName":"LaunchDarkly Integration Tests Client-side Feature Flags should get JSON feature flag values with fallback","status":"passed","title":"should get JSON feature flag values with fallback","duration":1.399452999999994,"failureMessages":[],"meta":{}},{"ancestorTitles":["LaunchDarkly Integration Tests","Client-side Feature Flags"],"fullName":"LaunchDarkly Integration Tests Client-side Feature Flags should update user context when user changes","status":"passed","title":"should update user context when user changes","duration":1.2768980000000738,"failureMessages":[],"meta":{}},{"ancestorTitles":["LaunchDarkly Integration Tests","Server-side Feature Flags"],"fullName":"LaunchDarkly Integration Tests Server-side Feature Flags should initialize server-side LaunchDarkly SDK successfully","status":"passed","title":"should initialize server-side LaunchDarkly SDK successfully","duration":0.7736070000000836,"failureMessages":[],"meta":{}},{"ancestorTitles":["LaunchDarkly Integration Tests","Server-side Feature Flags"],"fullName":"LaunchDarkly Integration Tests Server-side Feature Flags should get server-side feature flag values with user context","status":"passed","title":"should get server-side feature flag values with user context","duration":0.5976029999999355,"failureMessages":[],"meta":{}},{"ancestorTitles":["LaunchDarkly Integration Tests","Server-side Feature Flags"],"fullName":"LaunchDarkly Integration Tests Server-side Feature Flags should get all feature flags for a user","status":"passed","title":"should get all feature flags for a user","duration":0.7436420000001362,"failureMessages":[],"meta":{}},{"ancestorTitles":["LaunchDarkly Integration Tests","Error Handling and Fallbacks"],"fullName":"LaunchDarkly Integration Tests Error Handling and Fallbacks should use fallback values when LaunchDarkly is completely unavailable","status":"passed","title":"should use fallback values when LaunchDarkly is completely unavailable","duration":0.6624990000000253,"failureMessages":[],"meta":{}},{"ancestorTitles":["LaunchDarkly Integration Tests","Error Handling and Fallbacks"],"fullName":"LaunchDarkly Integration Tests Error Handling and Fallbacks should handle client not being initialized","status":"passed","title":"should handle client not being initialized","duration":0.31274199999984376,"failureMessages":[],"meta":{}},{"ancestorTitles":["LaunchDarkly Integration Tests","Feature Flag Types"],"fullName":"LaunchDarkly Integration Tests Feature Flag Types should support boolean flags","status":"passed","title":"should support boolean flags","duration":0.4946230000000469,"failureMessages":[],"meta":{}},{"ancestorTitles":["LaunchDarkly Integration Tests","Feature Flag Types"],"fullName":"LaunchDarkly Integration Tests Feature Flag Types should support string flags","status":"passed","title":"should support string flags","duration":0.34089700000004086,"failureMessages":[],"meta":{}},{"ancestorTitles":["LaunchDarkly Integration Tests","Feature Flag Types"],"fullName":"LaunchDarkly Integration Tests Feature Flag Types should support number flags","status":"passed","title":"should support number flags","duration":0.3086950000001707,"failureMessages":[],"meta":{}},{"ancestorTitles":["LaunchDarkly Integration Tests","Cleanup and Resource Management"],"fullName":"LaunchDarkly Integration Tests Cleanup and Resource Management should properly clean up resources on shutdown","status":"passed","title":"should properly clean up resources on shutdown","duration":0.4059910000000855,"failureMessages":[],"meta":{}}],"startTime":1754363568642,"endTime":1754363568656.406,"status":"passed","message":"","name":"/Users/parkerbarnett/github-link-up-buddy/src/tests/integration/launchdarkly.test.ts"},{"assertionResults":[{"ancestorTitles":["Profile Completeness Integration"],"fullName":"Profile Completeness Integration renders ProfileCompletenessIndicator in enhanced profile","status":"passed","title":"renders ProfileCompletenessIndicator in enhanced profile","duration":310.3989770000003,"failureMessages":[],"meta":{}},{"ancestorTitles":["Profile Completeness Integration"],"fullName":"Profile Completeness Integration shows profile completion benefits when score is high","status":"passed","title":"shows profile completion benefits when score is high","duration":60.49694600000021,"failureMessages":[],"meta":{}},{"ancestorTitles":["Profile Completeness Integration"],"fullName":"Profile Completeness Integration displays field categories correctly","status":"passed","title":"displays field categories correctly","duration":97.39017100000001,"failureMessages":[],"meta":{}},{"ancestorTitles":["Profile Completeness Integration"],"fullName":"Profile Completeness Integration handles field clicks correctly","status":"passed","title":"handles field clicks correctly","duration":126.84659599999986,"failureMessages":[],"meta":{}},{"ancestorTitles":["Profile Completeness Integration"],"fullName":"Profile Completeness Integration shows next action button when profile is incomplete","status":"passed","title":"shows next action button when profile is incomplete","duration":43.74608399999988,"failureMessages":[],"meta":{}},{"ancestorTitles":["Profile Completeness Integration"],"fullName":"Profile Completeness Integration displays completion statistics correctly","status":"passed","title":"displays completion statistics correctly","duration":54.895644000000175,"failureMessages":[],"meta":{}},{"ancestorTitles":["Profile Completeness Integration"],"fullName":"Profile Completeness Integration shows completed fields with green indicators","status":"passed","title":"shows completed fields with green indicators","duration":38.50945199999978,"failureMessages":[],"meta":{}},{"ancestorTitles":["Profile Completeness Integration"],"fullName":"Profile Completeness Integration integrates with profile form layout correctly","status":"passed","title":"integrates with profile form layout correctly","duration":92.42371300000013,"failureMessages":[],"meta":{}}],"startTime":1754363557967,"endTime":1754363558791.4238,"status":"passed","message":"","name":"/Users/parkerbarnett/github-link-up-buddy/src/tests/integration/profile-completeness-integration.test.ts"},{"assertionResults":[{"ancestorTitles":["Wallet Page Integration Test"],"fullName":"Wallet Page Integration Test renders wallet page with payment methods and shows default card","status":"passed","title":"renders wallet page with payment methods and shows default card","duration":126.72197099999994,"failureMessages":[],"meta":{}},{"ancestorTitles":["Wallet Page Integration Test"],"fullName":"Wallet Page Integration Test opens add card modal and cancels it","status":"passed","title":"opens add card modal and cancels it","duration":36.50837700000011,"failureMessages":[],"meta":{}}],"startTime":1754363565376,"endTime":1754363565539.5083,"status":"passed","message":"","name":"/Users/parkerbarnett/github-link-up-buddy/src/tests/integration/wallet-integration.test.tsx"},{"assertionResults":[{"ancestorTitles":["ConstraintChips (Refactored)","Pure helper function"],"fullName":"ConstraintChips (Refactored) Pure helper function formatDateRange should format dates correctly","status":"passed","title":"formatDateRange should format dates correctly","duration":46.66201899999987,"failureMessages":[],"meta":{}},{"ancestorTitles":["ConstraintChips (Refactored)","Pure helper function"],"fullName":"ConstraintChips (Refactored) Pure helper function formatDateRange should handle different months","status":"passed","title":"formatDateRange should handle different months","duration":0.7657170000002225,"failureMessages":[],"meta":{}},{"ancestorTitles":["ConstraintChips (Refactored)","Pure helper function"],"fullName":"ConstraintChips (Refactored) Pure helper function formatDateRange should handle timezone parameter","status":"passed","title":"formatDateRange should handle timezone parameter","duration":0.48846899999989546,"failureMessages":[],"meta":{}},{"ancestorTitles":["ConstraintChips (Refactored)","Component rendering with semantic elements"],"fullName":"ConstraintChips (Refactored) Component rendering with semantic elements should render all chips with proper accessibility roles","status":"passed","title":"should render all chips with proper accessibility roles","duration":124.50177699999995,"failureMessages":[],"meta":{}},{"ancestorTitles":["ConstraintChips (Refactored)","Component rendering with semantic elements"],"fullName":"ConstraintChips (Refactored) Component rendering with semantic elements should render formatted date range","status":"passed","title":"should render formatted date range","duration":13.420608000000357,"failureMessages":[],"meta":{}},{"ancestorTitles":["ConstraintChips (Refactored)","Component rendering with semantic elements"],"fullName":"ConstraintChips (Refactored) Component rendering with semantic elements should show non-stop toggle as disabled by default","status":"passed","title":"should show non-stop toggle as disabled by default","duration":27.438020999999935,"failureMessages":[],"meta":{}},{"ancestorTitles":["ConstraintChips (Refactored)","Component rendering with semantic elements"],"fullName":"ConstraintChips (Refactored) Component rendering with semantic elements should show non-stop toggle as enabled when nonStopOnly is true","status":"passed","title":"should show non-stop toggle as enabled when nonStopOnly is true","duration":9.221911000000091,"failureMessages":[],"meta":{}},{"ancestorTitles":["ConstraintChips (Refactored)","User interactions"],"fullName":"ConstraintChips (Refactored) User interactions should call onToggleNonStop when non-stop button is clicked","status":"passed","title":"should call onToggleNonStop when non-stop button is clicked","duration":153.2735200000002,"failureMessages":[],"meta":{}},{"ancestorTitles":["ConstraintChips (Refactored)","User interactions"],"fullName":"ConstraintChips (Refactored) User interactions should toggle non-stop using getByRole for accessibility testing","status":"passed","title":"should toggle non-stop using getByRole for accessibility testing","duration":41.947981000000254,"failureMessages":[],"meta":{}},{"ancestorTitles":["ConstraintChips (Refactored)","User interactions"],"fullName":"ConstraintChips (Refactored) User interactions should handle keyboard interactions","status":"passed","title":"should handle keyboard interactions","duration":22.960512000000108,"failureMessages":[],"meta":{}},{"ancestorTitles":["ConstraintChips (Refactored)","Visual states"],"fullName":"ConstraintChips (Refactored) Visual states should render different states for non-stop toggle","status":"passed","title":"should render different states for non-stop toggle","duration":9.918662999999924,"failureMessages":[],"meta":{}},{"ancestorTitles":["ConstraintChips (Refactored)","Visual states"],"fullName":"ConstraintChips (Refactored) Visual states should have proper accessibility labels for each state","status":"passed","title":"should have proper accessibility labels for each state","duration":74.58464999999978,"failureMessages":[],"meta":{}}],"startTime":1754363561259,"endTime":1754363561785.5847,"status":"passed","message":"","name":"/Users/parkerbarnett/github-link-up-buddy/src/tests/components/ConstraintChips.refactored.test.tsx"},{"assertionResults":[{"ancestorTitles":["ConstraintChips"],"fullName":"ConstraintChips renders carry-on included chip","status":"passed","title":"renders carry-on included chip","duration":172.95490900000004,"failureMessages":[],"meta":{}},{"ancestorTitles":["ConstraintChips"],"fullName":"ConstraintChips renders date range chip with formatted dates","status":"passed","title":"renders date range chip with formatted dates","duration":32.082568000000265,"failureMessages":[],"meta":{}},{"ancestorTitles":["ConstraintChips"],"fullName":"ConstraintChips renders non-stop only chip","status":"passed","title":"renders non-stop only chip","duration":6.050195000000258,"failureMessages":[],"meta":{}},{"ancestorTitles":["ConstraintChips"],"fullName":"ConstraintChips calls onToggleNonStop when non-stop chip is clicked","status":"passed","title":"calls onToggleNonStop when non-stop chip is clicked","duration":9.578170000000227,"failureMessages":[],"meta":{}},{"ancestorTitles":["ConstraintChips"],"fullName":"ConstraintChips shows different styling when nonStopOnly is true","status":"passed","title":"shows different styling when nonStopOnly is true","duration":208.60150300000032,"failureMessages":[],"meta":{}}],"startTime":1754363563796,"endTime":1754363564225.6016,"status":"passed","message":"","name":"/Users/parkerbarnett/github-link-up-buddy/src/tests/components/ConstraintChips.test.tsx"},{"assertionResults":[{"ancestorTitles":["PoolOfferControls"],"fullName":"PoolOfferControls renders ConstraintChips with correct dateRange","status":"passed","title":"renders ConstraintChips with correct dateRange","duration":266.2562049999999,"failureMessages":[],"meta":{}},{"ancestorTitles":["PoolOfferControls"],"fullName":"PoolOfferControls displays budget information correctly","status":"passed","title":"displays budget information correctly","duration":15.320388999999977,"failureMessages":[],"meta":{}},{"ancestorTitles":["PoolOfferControls"],"fullName":"PoolOfferControls enables budget button when bumps < 3 and budget < maxBudget","status":"passed","title":"enables budget button when bumps < 3 and budget < maxBudget","duration":21.800201000000015,"failureMessages":[],"meta":{}},{"ancestorTitles":["PoolOfferControls"],"fullName":"PoolOfferControls disables budget button when bumpsUsed >= 3","status":"passed","title":"disables budget button when bumpsUsed >= 3","duration":39.19576899999993,"failureMessages":[],"meta":{}},{"ancestorTitles":["PoolOfferControls"],"fullName":"PoolOfferControls disables budget button when budget >= maxBudget","status":"passed","title":"disables budget button when budget >= maxBudget","duration":14.679825000000164,"failureMessages":[],"meta":{}},{"ancestorTitles":["PoolOfferControls"],"fullName":"PoolOfferControls calls bumpBudget and shows toast when budget button is clicked","status":"passed","title":"calls bumpBudget and shows toast when budget button is clicked","duration":69.97058100000004,"failureMessages":[],"meta":{}},{"ancestorTitles":["PoolOfferControls"],"fullName":"PoolOfferControls shows bumps used indicator when bumpsUsed > 0","status":"passed","title":"shows bumps used indicator when bumpsUsed > 0","duration":5.600930000000062,"failureMessages":[],"meta":{}}],"startTime":1754363563942,"endTime":1754363564374.6008,"status":"passed","message":"","name":"/Users/parkerbarnett/github-link-up-buddy/src/tests/components/PoolOfferControls.test.tsx"},{"assertionResults":[{"ancestorTitles":[],"fullName":"renders flight search form correctly","status":"passed","title":"renders flight search form correctly","duration":371.2931839999999,"failureMessages":[],"meta":{}}],"startTime":1754363562072,"endTime":1754363562443.2932,"status":"passed","message":"","name":"/Users/parkerbarnett/github-link-up-buddy/src/tests/components/SecureFlightSearch.test.tsx"},{"assertionResults":[{"ancestorTitles":["TripRequestForm - Best Practices Implementation","Form Validation Logic (Recommended Focus)"],"fullName":"TripRequestForm - Best Practices Implementation Form Validation Logic (Recommended Focus) should validate that required date fields enable form submission","status":"passed","title":"should validate that required date fields enable form submission","duration":613.6019930000002,"failureMessages":[],"meta":{}},{"ancestorTitles":["TripRequestForm - Best Practices Implementation","Form Validation Logic (Recommended Focus)"],"fullName":"TripRequestForm - Best Practices Implementation Form Validation Logic (Recommended Focus) should prevent submission when dates are missing","status":"passed","title":"should prevent submission when dates are missing","duration":701.7245589999998,"failureMessages":[],"meta":{}},{"ancestorTitles":["TripRequestForm - Best Practices Implementation","Form Submission with Mocked Dates (Best Practice)"],"fullName":"TripRequestForm - Best Practices Implementation Form Submission with Mocked Dates (Best Practice) should validate form inputs and business logic correctly","status":"passed","title":"should validate form inputs and business logic correctly","duration":790.5840779999999,"failureMessages":[],"meta":{}},{"ancestorTitles":["TripRequestForm - Best Practices Implementation","Auto-booking Validation (Business Logic Focus)"],"fullName":"TripRequestForm - Best Practices Implementation Auto-booking Validation (Business Logic Focus) should validate auto-booking requires payment method","status":"passed","title":"should validate auto-booking requires payment method","duration":1087.6465129999997,"failureMessages":[],"meta":{}},{"ancestorTitles":["TripRequestForm - Best Practices Implementation","Auto-booking Validation (Business Logic Focus)"],"fullName":"TripRequestForm - Best Practices Implementation Auto-booking Validation (Business Logic Focus) should demonstrate auto-booking setup and configuration works","status":"passed","title":"should demonstrate auto-booking setup and configuration works","duration":1305.2038700000003,"failureMessages":[],"meta":{}},{"ancestorTitles":["TripRequestForm - Best Practices Implementation","Date Range Validation (Programmatic Testing)"],"fullName":"TripRequestForm - Best Practices Implementation Date Range Validation (Programmatic Testing) should accept valid future date ranges","status":"passed","title":"should accept valid future date ranges","duration":1016.6741429999993,"failureMessages":[],"meta":{}},{"ancestorTitles":["TripRequestForm - Best Practices Implementation","Filter Toggle Logic (UI State Testing)"],"fullName":"TripRequestForm - Best Practices Implementation Filter Toggle Logic (UI State Testing) should toggle nonstop flights filter","status":"passed","title":"should toggle nonstop flights filter","duration":712.426981999999,"failureMessages":[],"meta":{}},{"ancestorTitles":["TripRequestForm - Best Practices Implementation","Filter Toggle Logic (UI State Testing)"],"fullName":"TripRequestForm - Best Practices Implementation Filter Toggle Logic (UI State Testing) should toggle baggage filter","status":"passed","title":"should toggle baggage filter","duration":608.6512380000004,"failureMessages":[],"meta":{}},{"ancestorTitles":["Migration Notes for Existing Tests"],"fullName":"Migration Notes for Existing Tests should serve as a migration example","status":"passed","title":"should serve as a migration example","duration":2.608083999999508,"failureMessages":[],"meta":{}}],"startTime":1754363553212,"endTime":1754363560052.6082,"status":"passed","message":"","name":"/Users/parkerbarnett/github-link-up-buddy/src/tests/components/TripRequestForm.best-practices.test.tsx"},{"assertionResults":[{"ancestorTitles":["TripRequestForm - Comprehensive Test Suite","Component Rendering"],"fullName":"TripRequestForm - Comprehensive Test Suite Component Rendering should render manual mode correctly","status":"passed","title":"should render manual mode correctly","duration":182.41203600000017,"failureMessages":[],"meta":{}},{"ancestorTitles":["TripRequestForm - Comprehensive Test Suite","Component Rendering"],"fullName":"TripRequestForm - Comprehensive Test Suite Component Rendering should render auto mode correctly","status":"failed","title":"should render auto mode correctly","duration":31.011219999999867,"failureMessages":["TestingLibraryElementError: Found multiple elements with the text: /trip basics/i\n\nHere are the matching elements:\n\nIgnored nodes: comments, script, style\n\u001b[36m<h1\u001b[39m\n  \u001b[33mclass\u001b[39m=\u001b[32m\"text-4xl font-bold text-gray-900 mb-3\"\u001b[39m\n\u001b[36m>\u001b[39m\n  \u001b[0mTrip Basics\u001b[0m\n\u001b[36m</h1>\u001b[39m\n\nIgnored nodes: comments, script, style\n\u001b[36m<div\u001b[39m\n  \u001b[33mclass\u001b[39m=\u001b[32m\"text-sm text-gray-500\"\u001b[39m\n\u001b[36m>\u001b[39m\n  \u001b[0mTrip Basics\u001b[0m\n\u001b[36m</div>\u001b[39m\n\n(If this is intentional, then use the `*AllBy*` variant of the query (like `queryAllByText`, `getAllByText`, or `findAllByText`)).\n\nIgnored nodes: comments, script, style\n\u001b[36m<body>\u001b[39m\n  \u001b[36m<div>\u001b[39m\n    \u001b[36m<div\u001b[39m\n      \u001b[33mclass\u001b[39m=\u001b[32m\"min-h-screen bg-gray-50 p-4\"\u001b[39m\n    \u001b[36m>\u001b[39m\n      \u001b[36m<div\u001b[39m\n        \u001b[33mclass\u001b[39m=\u001b[32m\"container mx-auto py-8 space-y-6\"\u001b[39m\n      \u001b[36m>\u001b[39m\n        \u001b[36m<div\u001b[39m\n          \u001b[33mclass\u001b[39m=\u001b[32m\"mb-8\"\u001b[39m\n        \u001b[36m>\u001b[39m\n          \u001b[36m<div\u001b[39m\n            \u001b[33mclass\u001b[39m=\u001b[32m\"text-center max-w-2xl mx-auto\"\u001b[39m\n          \u001b[36m>\u001b[39m\n            \u001b[36m<h1\u001b[39m\n              \u0
[...]
ompletenessIndicator handles edge cases for completion percentage","status":"passed","title":"handles edge cases for completion percentage","duration":31.764824999999746,"failureMessages":[],"meta":{}},{"ancestorTitles":["ProfileCompletenessIndicator"],"fullName":"ProfileCompletenessIndicator renders field categories in correct order","status":"passed","title":"renders field categories in correct order","duration":4.026244000000133,"failureMessages":[],"meta":{}},{"ancestorTitles":["ProfileCompletenessIndicator"],"fullName":"ProfileCompletenessIndicator handles profile verification status correctly","status":"passed","title":"handles profile verification status correctly","duration":15.553309000000354,"failureMessages":[],"meta":{}}],"startTime":1754363562777,"endTime":1754363563131.5532,"status":"passed","message":"","name":"/Users/parkerbarnett/github-link-up-buddy/src/tests/components/profile/ProfileCompletenessIndicator.test.tsx"},{"assertionResults":[{"ancestorTitles":["SimpleProfileStatus","Profile completion status display"],"fullName":"SimpleProfileStatus Profile completion status display renders completion percentage correctly","status":"passed","title":"renders completion percentage correctly","duration":74.17161699999997,"failureMessages":[],"meta":{}},{"ancestorTitles":["SimpleProfileStatus","Profile completion status display"],"fullName":"SimpleProfileStatus Profile completion status display shows \"Complete!\" when profile is 100% complete","status":"passed","title":"shows \"Complete!\" when profile is 100% complete","duration":27.926977999999963,"failureMessages":[],"meta":{}},{"ancestorTitles":["SimpleProfileStatus","Profile completion status display"],"fullName":"SimpleProfileStatus Profile completion status display displays appropriate status message based on completion level","status":"passed","title":"displays appropriate status message based on completion level","duration":19.35688200000004,"failureMessages":[],"meta":{}},{"ancestorTitles":["SimpleProfileStatus","Missing fields display"],"fullName":"SimpleProfileStatus Missing fields display shows missing fields when profile is incomplete","status":"passed","title":"shows missing fields when profile is incomplete","duration":28.589357999999947,"failureMessages":[],"meta":{}},{"ancestorTitles":["SimpleProfileStatus","Missing fields display"],"fullName":"SimpleProfileStatus Missing fields display limits displayed missing fields to 4 and shows \"more\" indicator","status":"passed","title":"limits displayed missing fields to 4 and shows \"more\" indicator","duration":11.876921999999922,"failureMessages":[],"meta":{}},{"ancestorTitles":["SimpleProfileStatus","Recommendations and actions"],"fullName":"SimpleProfileStatus Recommendations and actions displays next step recommendation when available","status":"passed","title":"displays next step recommendation when available","duration":18.696189999999888,"failureMessages":[],"meta":{}},{"ancestorTitles":["SimpleProfileStatus","Recommendations and actions"],"fullName":"SimpleProfileStatus Recommendations and actions calls onActionClick when recommendation action button is clicked","status":"passed","title":"calls onActionClick when recommendation action button is clicked","duration":12.4469959999999,"failureMessages":[],"meta":{}},{"ancestorTitles":["SimpleProfileStatus","Recommendations and actions"],"fullName":"SimpleProfileStatus Recommendations and actions shows main action button for incomplete profiles","status":"passed","title":"shows main action button for incomplete profiles","duration":36.01682000000028,"failureMessages":[],"meta":{}},{"ancestorTitles":["SimpleProfileStatus","Recommendations and actions"],"fullName":"SimpleProfileStatus Recommendations and actions shows \"Start Completing Profile\" for very incomplete profiles","status":"passed","title":"shows \"Start Completing Profile\" for very incomplete profiles","duration":4.208960999999817,"failureMessages":[],"meta":{}},{"ancestorTitles":["SimpleProfileStatus","CompactProfileStatus"],"fullName":"SimpleProfileStatus CompactProfileStatus renders compact version correctly","status":"passed","title":"renders compact version correctly","duration":3.238180999999713,"failureMessages":[],"meta":{}},{"ancestorTitles":["SimpleProfileStatus","CompactProfileStatus"],"fullName":"SimpleProfileStatus CompactProfileStatus shows \"Complete\" status for 100% profiles","status":"passed","title":"shows \"Complete\" status for 100% profiles","duration":2.1400730000000294,"failureMessages":[],"meta":{}},{"ancestorTitles":["SimpleProfileStatus","CompactProfileStatus"],"fullName":"SimpleProfileStatus CompactProfileStatus shows next step title when available","status":"passed","title":"shows next step title when available","duration":11.884376999999859,"failureMessages":[],"meta":{}}],"startTime":1754363563713,"endTime":1754363563964.8843,"status":"passed","message":"","name":"/Users/parkerbarnett/github-link-up-buddy/src/tests/components/profile/SimpleProfileStatus.test.tsx"},{"assertionResults":[{"ancestorTitles":["Database Profile Completeness Trigger Tests","calculate_profile_completeness_enhanced function"],"fullName":"Database Profile Completeness Trigger Tests calculate_profile_completeness_enhanced function should calculate completeness scores correctly","status":"passed","title":"should calculate completeness scores correctly","duration":8.682141000000229,"failureMessages":[],"meta":{}},{"ancestorTitles":["Database Profile Completeness Trigger Tests","calculate_profile_completeness_enhanced function"],"fullName":"Database Profile Completeness Trigger Tests calculate_profile_completeness_enhanced function should handle empty profile data","status":"passed","title":"should handle empty profile data","duration":0.5881660000000011,"failureMessages":[],"meta":{}},{"ancestorTitles":["Database Profile Completeness Trigger Tests","calculate_profile_completeness_enhanced function"],"fullName":"Database Profile Completeness Trigger Tests calculate_profile_completeness_enhanced function should detect expired passport and recommend update","status":"passed","title":"should detect expired passport and recommend update","duration":0.9809059999997771,"failureMessages":[],"meta":{}},{"ancestorTitles":["Database Profile Completeness Trigger Tests","calculate_profile_completeness_enhanced function"],"fullName":"Database Profile Completeness Trigger Tests calculate_profile_completeness_enhanced function should prioritize recommendations by importance","status":"passed","title":"should prioritize recommendations by importance","duration":0.38790500000004613,"failureMessages":[],"meta":{}},{"ancestorTitles":["Database Profile Completeness Trigger Tests","calculate_profile_completeness_enhanced function"],"fullName":"Database Profile Completeness Trigger Tests calculate_profile_completeness_enhanced function should handle database errors gracefully","status":"passed","title":"should handle database errors gracefully","duration":0.3663050000000112,"failureMessages":[],"meta":{}},{"ancestorTitles":["Database Profile Completeness Trigger Tests","validate_profile_fields function"],"fullName":"Database Profile Completeness Trigger Tests validate_profile_fields function should validate correct profile fields","status":"passed","title":"should validate correct profile fields","duration":1.2063180000000102,"failureMessages":[],"meta":{}},{"ancestorTitles":["Database Profile Completeness Trigger Tests","validate_profile_fields function"],"fullName":"Database Profile Completeness Trigger Tests validate_profile_fields function should detect invalid email format","status":"passed","title":"should detect invalid email format","duration":0.35530100000005405,"failureMessages":[],"meta":{}},{"ancestorTitles":["Database Profile Completeness Trigger Tests","validate_profile_fields function"],"fullName":"Database Profile Completeness Trigger Tests validate_profile_fields function should detect invalid phone number format","status":"passed","title":"should detect invalid phone number format","duration":0.25046500000007654,"failureMessages":[],"meta":{}},{"ancestorTitles":["Database Profile Completeness Trigger Tests","validate_profile_fields function"],"fullName":"Database Profile Completeness Trigger Tests validate_profile_fields function should validate date formats","status":"passed","title":"should validate date formats","duration":32.60777300000018,"failureMessages":[],"meta":{}},{"ancestorTitles":["Database Profile Completeness Trigger Tests","log_ai_activity function"],"fullName":"Database Profile Completeness Trigger Tests log_ai_activity function should log profile completeness calculations","status":"passed","title":"should log profile completeness calculations","duration":1.4616499999997359,"failureMessages":[],"meta":{}},{"ancestorTitles":["Database Profile Completeness Trigger Tests","log_ai_activity function"],"fullName":"Database Profile Completeness Trigger Tests log_ai_activity function should handle logging errors gracefully","status":"passed","title":"should handle logging errors gracefully","duration":6.317837999999938,"failureMessages":[],"meta":{}},{"ancestorTitles":["Database Profile Completeness Trigger Tests","Trigger Integration Tests"],"fullName":"Database Profile Completeness Trigger Tests Trigger Integration Tests should execute complete trigger workflow","status":"passed","title":"should execute complete trigger workflow","duration":0.770520999999917,"failureMessages":[],"meta":{}},{"ancestorTitles":["Database Profile Completeness Trigger Tests","Trigger Integration Tests"],"fullName":"Database Profile Completeness Trigger Tests Trigger Integration Tests should handle cascade failures in trigger workflow","status":"passed","title":"should handle cascade failures in trigger workflow","duration":0.23989399999982197,"failureMessages":[],"meta":{}},{"ancestorTitles":["Database Profile Completeness Trigger Tests","Performance and Edge Cases"],"fullName":"Database Profile Completeness Trigger Tests Performance and Edge Cases should handle large profile objects efficiently","status":"passed","title":"should handle large profile objects efficiently","duration":0.373866999999791,"failureMessages":[],"meta":{}},{"ancestorTitles":["Database Profile Completeness Trigger Tests","Performance and Edge Cases"],"fullName":"Database Profile Completeness Trigger Tests Performance and Edge Cases should handle concurrent calculations","status":"passed","title":"should handle concurrent calculations","duration":2.4986629999998513,"failureMessages":[],"meta":{}},{"ancestorTitles":["Database Profile Completeness Trigger Tests","Performance and Edge Cases"],"fullName":"Database Profile Completeness Trigger Tests Performance and Edge Cases should handle null and undefined values in database","status":"passed","title":"should handle null and undefined values in database","duration":0.5973899999999048,"failureMessages":[],"meta":{}}],"startTime":1754363568939,"endTime":1754363568997.5974,"status":"passed","message":"","name":"/Users/parkerbarnett/github-link-up-buddy/src/tests/unit/database/profileCompleteness.trigger.test.ts"},{"assertionResults":[{"ancestorTitles":["ProfileCompletenessService Enhanced Tests","calculateCompleteness"],"fullName":"ProfileCompletenessService Enhanced Tests calculateCompleteness should return 0% for empty profile","status":"passed","title":"should return 0% for empty profile","duration":3.222453000000087,"failureMessages":[],"meta":{}},{"ancestorTitles":["ProfileCompletenessService Enhanced Tests","calculateCompleteness"],"fullName":"ProfileCompletenessService Enhanced Tests calculateCompleteness should calculate 100% for complete profile","status":"passed","title":"should calculate 100% for complete profile","duration":0.9920130000000427,"failureMessages":[],"meta":{}},{"ancestorTitles":["ProfileCompletenessService Enhanced Tests","calculateCompleteness"],"fullName":"ProfileCompletenessService Enhanced Tests calculateCompleteness should handle partial profile completion correctly","status":"passed","title":"should handle partial profile completion correctly","duration":0.8968509999999696,"failureMessages":[],"meta":{}},{"ancestorTitles":["ProfileCompletenessService Enhanced Tests","calculateCompleteness"],"fullName":"ProfileCompletenessService Enhanced Tests calculateCompleteness should handle passport expiry logic","status":"passed","title":"should handle passport expiry logic","duration":0.4887949999999819,"failureMessages":[],"meta":{}},{"ancestorTitles":["ProfileCompletenessService Enhanced Tests","calculateCompleteness"],"fullName":"ProfileCompletenessService Enhanced Tests calculateCompleteness should validate email format correctly","status":"passed","title":"should validate email format correctly","duration":0.22155999999995402,"failureMessages":[],"meta":{}},{"ancestorTitles":["ProfileCompletenessService Enhanced Tests","calculateCompleteness"],"fullName":"ProfileCompletenessService Enhanced Tests calculateCompleteness should prioritize recommendations correctly","status":"passed","title":"should prioritize recommendations correctly","duration":0.34268999999994776,"failureMessages":[],"meta":{}},{"ancestorTitles":["ProfileCompletenessService Enhanced Tests","calculateCompleteness"],"fullName":"ProfileCompletenessService Enhanced Tests calculateCompleteness should handle null and undefined values gracefully","status":"passed","title":"should handle null and undefined values gracefully","duration":1.0831969999999274,"failureMessages":[],"meta":{}},{"ancestorTitles":["ProfileCompletenessService Enhanced Tests","meetsBookingRequirements"],"fullName":"ProfileCompletenessService Enhanced Tests meetsBookingRequirements should return true for profile with all required fields","status":"passed","title":"should return true for profile with all required fields","duration":0.37687000000005355,"failureMessages":[],"meta":{}},{"ancestorTitles":["ProfileCompletenessService Enhanced Tests","meetsBookingRequirements"],"fullName":"ProfileCompletenessService Enhanced Tests meetsBookingRequirements should return false for profile missing required fields","status":"passed","title":"should return false for profile missing required fields","duration":0.39572499999985666,"failureMessages":[],"meta":{}},{"ancestorTitles":["ProfileCompletenessService Enhanced Tests","getNextAction"],"fullName":"ProfileCompletenessService Enhanced Tests getNextAction should return highest priority recommendation","status":"passed","title":"should return highest priority recommendation","duration":0.32676900000001297,"failureMessages":[],"meta":{}},{"ancestorTitles":["ProfileCompletenessService Enhanced Tests","getNextAction"],"fullName":"ProfileCompletenessService Enhanced Tests getNextAction should return null for complete profile","status":"passed","title":"should return null for complete profile","duration":0.3610150000001795,"failureMessages":[],"meta":{}},{"ancestorTitles":["ProfileCompletenessService Enhanced Tests","Error Handling"],"fullName":"ProfileCompletenessService Enhanced Tests Error Handling should handle corrupted profile data gracefully","status":"passed","title":"should handle corrupted profile data gracefully","duration":0.3242970000001151,"failureMessages":[],"meta":{}},{"ancestorTitles":["ProfileCompletenessService Enhanced Tests","Error Handling"],"fullName":"ProfileCompletenessService Enhanced Tests Error Handling should handle extremely large preference objects","status":"passed","title":"should handle extremely large preference objects","duration":1.0517139999999472,"failureMessages":[],"meta":{}},{"ancestorTitles":["ProfileCompletenessService Enhanced Tests","Performance Tests"],"fullName":"ProfileCompletenessService Enhanced Tests Performance Tests should calculate completeness quickly for normal profiles","status":"passed","title":"should calculate completeness quickly for normal profiles","duration":0.4012480000001233,"failureMessages":[],"meta":{}},{"ancestorTitles":["ProfileCompletenessService Enhanced Tests","Edge Cases"],"fullName":"ProfileCompletenessService Enhanced Tests Edge Cases should handle profile with future birth date","status":"passed","title":"should handle profile with future birth date","duration":0.15194199999996272,"failureMessages":[],"meta":{}},{"ancestorTitles":["ProfileCompletenessService Enhanced Tests","Edge Cases"],"fullName":"ProfileCompletenessService Enhanced Tests Edge Cases should handle extremely old birth dates","status":"passed","title":"should handle extremely old birth dates","duration":0.13862999999992098,"failureMessages":[],"meta":{}},{"ancestorTitles":["ProfileCompletenessService Enhanced Tests","Edge Cases"],"fullName":"ProfileCompletenessService Enhanced Tests Edge Cases should handle very long names and fields","status":"passed","title":"should handle very long names and fields","duration":0.28409099999998944,"failureMessages":[],"meta":{}},{"ancestorTitles":["ProfileCompletenessService Enhanced Tests","Integration with AI Activity Logging"],"fullName":"ProfileCompletenessService Enhanced Tests Integration with AI Activity Logging should log completion calculation attempts","status":"passed","title":"should log completion calculation attempts","duration":0.2180670000000191,"failureMessages":[],"meta":{}}],"startTime":1754363569473,"endTime":1754363569485.218,"status":"passed","message":"","name":"/Users/parkerbarnett/github-link-up-buddy/src/tests/unit/services/profileCompletenessService.enhanced.test.ts"},{"assertionResults":[{"ancestorTitles":["PoolHeader"],"fullName":"PoolHeader renders pool name and count","status":"passed","title":"renders pool name and count","duration":124.77231299999994,"failureMessages":[],"meta":{}},{"ancestorTitles":["PoolHeader"],"fullName":"PoolHeader handles zero count","status":"passed","title":"handles zero count","duration":7.061300000000301,"failureMessages":[],"meta":{}}],"startTime":1754363566398,"endTime":1754363566530.0613,"status":"passed","message":"","name":"/Users/parkerbarnett/github-link-up-buddy/src/components/trip/Pools/__tests__/PoolHeader.test.tsx"},{"assertionResults":[{"ancestorTitles":["PoolLayout"],"fullName":"PoolLayout renders three pool sections","status":"passed","title":"renders three pool sections","duration":266.5793219999998,"failureMessages":[],"meta":{}},{"ancestorTitles":["PoolLayout"],"fullName":"PoolLayout shows loading skeleton when loading","status":"passed","title":"shows loading skeleton when loading","duration":76.32931599999984,"failureMessages":[],"meta":{}},{"ancestorTitles":["PoolLayout"],"fullName":"PoolLayout shows error message when there is an error","status":"passed","title":"shows error message when there is an error","duration":14.099431000000095,"failureMessages":[],"meta":{}}],"startTime":1754363564396,"endTime":1754363564753.0994,"status":"passed","message":"","name":"/Users/parkerbarnett/github-link-up-buddy/src/components/trip/Pools/__tests__/PoolLayout.test.tsx"},{"assertionResults":[{"ancestorTitles":["PoolSection"],"fullName":"PoolSection renders children when count > 0 and section is expanded","status":"passed","title":"renders children when count > 0 and section is expanded","duration":241.42385200000012,"failureMessages":[],"meta":{}},{"ancestorTitles":["PoolSection"],"fullName":"PoolSection shows no options message when count is 0 and section is expanded","status":"passed","title":"shows no options message when count is 0 and section is expanded","duration":60.099733000000015,"failureMessages":[],"meta":{}},{"ancestorTitles":["PoolSection"],"fullName":"PoolSection toggles content when trigger is clicked","status":"passed","title":"toggles content when trigger is clicked","duration":119.81375399999979,"failureMessages":[],"meta":{}}],"startTime":1754363561414,"endTime":1754363561835.8137,"status":"passed","message":"","name":"/Users/parkerbarnett/github-link-up-buddy/src/components/trip/Pools/__tests__/PoolSection.test.tsx"}]}