{
  "timestamp": "2025-07-04T03:37:16.549Z",
  "totalTime": 13464,
  "results": {
    "infrastructure": {
      "success": true,
      "output": ""
    },
    "database": {
      "success": false,
      "skipped": true,
      "reason": "Missing VITE_SUPABASE_ANON_KEY"
    },
    "frontend": {
      "success": true,
      "output": "src/components/forms/FlightRuleForm.stories.tsx(1,37): error TS2307: Cannot find module '@storybook/react' or its corresponding type declarations.\nsrc/components/forms/FlightRuleForm.stories.tsx(2,24): error TS2307: Cannot find module '@storybook/addon-actions' or its corresponding type declarations.\nsrc/components/forms/FlightRuleForm.test.tsx(5,10): error TS2305: Module '\"@/types/form\"' has no exported member 'UnifiedFlightRuleForm'.\nsrc/components/forms/FlightRuleForm.test.tsx(22,3): error TS2304: Cannot find name 'beforeEach'.\nsrc/components/IdentityVerification.tsx(2,44): error TS2307: Cannot find module '@supabase/auth-helpers-react' or its corresponding type declarations.\nsrc/components/ProfileForm.tsx(18,61): error TS2552: Cannot find name 'useProfile'. Did you mean 'profile'?\nsrc/components/trip/LiveBookingSummary.tsx(88,51): error TS2339: Property 'last4' does not exist on type 'PaymentMethod'.\nsrc/components/trip/sections/AutoBookingSection.tsx(139,45): error TS2339: Property 'last4' does not exist on type 'PaymentMethod'.\nsrc/components/trip/sections/AutoBookingSection.tsx(143,37): error TS2339: Property 'nickname' does not exist on type 'PaymentMethod'.\nsrc/components/trip/sections/AutoBookingSection.tsx(144,80): error TS2339: Property 'nickname' does not exist on type 'PaymentMethod'.\nsrc/components/trip/sections/TripSummaryChips.tsx(145,54): error TS2339: Property 'current' does not exist on type 'Subjects<any>'.\nsrc/hooks/useTravelerProfile.ts(199,61): error TS2345: Argument of type 'import(\"/Users/parkerbarnett/github-link-up-buddy/src/hooks/useTravelerProfile\").TravelerProfile' is not assignable to parameter of type 'import(\"/Users/parkerbarnett/github-link-up-buddy/src/services/travelerProfileService\").TravelerProfile'.\n  Type 'TravelerProfile' is missing the following properties from type 'TravelerProfile': fullName, dateOfBirth\nsrc/hooks/useTripOffers.ts(126,72): error TS2347: Untyped function calls may not accept type arguments.\nsrc/hooks/useTripOffersLegacy.ts(108,72): error TS2347: Untyped function calls may not accept type arguments.\nsrc/lib/config/index.ts(208,10): error TS2484: Export declaration conflicts with exported declaration of 'Config'.\nsrc/lib/repositories/base.ts(202,15): error TS2769: No overload matches this call.\n  Overload 1 of 2, '(relation: \"profiles\" | \"trip_requests\" | \"flight_offers\" | \"booking_requests\" | \"bookings\" | \"flight_matches\" | \"auto_booking_requests\" | \"booking_attempts\" | \"feature_flags\" | ... 4 more ... | \"payments\"): PostgrestQueryBuilder<...>', gave the following error.\n    Argument of type 'string' is not assignable to parameter of type '\"profiles\" | \"trip_requests\" | \"flight_offers\" | \"booking_requests\" | \"bookings\" | \"flight_matches\" | \"auto_booking_requests\" | \"booking_attempts\" | \"feature_flags\" | \"flight_offers_v2\" | \"notifications\" | \"orders\" | \"payment_methods\" | \"payments\"'.\n  Overload 2 of 2, '(relation: never): PostgrestQueryBuilder<{ Tables: { auto_booking_requests: { Row: { created_at: string; criteria: Json; id: string; latest_booking_request_id: string; price_history: Json; status: string; trip_request_id: string; updated_at: string; user_id: string; }; Insert: { ...; }; Update: { ...; }; Relationships: [...]; }; ... 12 more ...; trip_requests: { ...; }; }; Views: {}; Functions: { ...; }; Enums: { ...; }; CompositeTypes: {}; }, never, never, never>', gave the following error.\n    Argument of type 'string' is not assignable to parameter of type 'never'.\nsrc/lib/repositories/base.ts(208,15): error TS2739: Type 'PostgrestBuilder<GenericStringError, false>' is missing the following properties from type 'Promise<{ data: unknown; error: any; }>': catch, finally, [Symbol.toStringTag]\nsrc/lib/repositories/base.ts(228,34): error TS2769: No overload matches this call.\n  Overload 1 of 2, '(relation: \"profiles\" | \"trip_requests\" | \"flight_offers\" | \"booking_requests\" | \"bookings\" | \"flight_matches\" | \"auto_booking_requests\" | \"booking_attempts\" | \"feature_flags\" | ... 4 more ... | \"payments\"): PostgrestQueryBuilder<...>', gave the following error.\n    Argument of type 'string' is not assignable to parameter of type '\"profiles\" | \"trip_requests\" | \"flight_offers\" | \"booking_requests\" | \"bookings\" | \"flight_matches\" | \"auto_booking_requests\" | \"booking_attempts\" | \"feature_flags\" | \"flight_offers_v2\" | \"notifications\" | \"orders\" | \"payment_methods\" | \"payments\"'.\n  Overload 2 of 2, '(relation: never): PostgrestQueryBuilder<{ Tables: { auto_booking_requests: { Row: { created_at: string; criteria: Json; id: string; latest_booking_request_id: string; price_history: Json; status: string; trip_request_id: string; updated_at: string; user_id: string; }; Insert: { ...; }; Update: { ...; }; Relationships: [...]; }; ... 12 more ...; trip_requests: { ...; }; }; Views: {}; Functions: { ...; }; Enums: { ...; }; CompositeTypes: {}; }, never, never, never>', gave the following error.\n    Argument of type 'string' is not assignable to parameter of type 'never'.\nsrc/lib/repositories/base.ts(237,13): error TS2739: Type 'PostgrestQueryBuilder<{ Tables: { auto_booking_requests: { Row: { created_at: string; criteria: Json; id: string; latest_booking_request_id: string; price_history: Json; status: string; trip_request_id: string; updated_at: string; user_id: string; }; Insert: { ...; }; Update: { ...; }; Relationships: [...]; }; ... 1...' is missing the following properties from type 'Promise<{ data: unknown; error: any; }>': then, catch, finally, [Symbol.toStringTag]\nsrc/lib/repositories/base.ts(263,13): error TS2769: No overload matches this call.\n  Overload 1 of 2, '(relation: \"profiles\" | \"trip_requests\" | \"flight_offers\" | \"booking_requests\" | \"bookings\" | \"flight_matches\" | \"auto_booking_requests\" | \"booking_attempts\" | \"feature_flags\" | ... 4 more ... | \"payments\"): PostgrestQueryBuilder<...>', gave the following error.\n    Argument of type 'string' is not assignable to parameter of type '\"profiles\" | \"trip_requests\" | \"flight_offers\" | \"booking_requests\" | \"bookings\" | \"flight_matches\" | \"auto_booking_requests\" | \"booking_attempts\" | \"feature_flags\" | \"flight_offers_v2\" | \"notifications\" | \"orders\" | \"payment_methods\" | \"payments\"'.\n  Overload 2 of 2, '(relation: never): PostgrestQueryBuilder<{ Tables: { auto_booking_requests: { Row: { created_at: string; criteria: Json; id: string; latest_booking_request_id: string; price_history: Json; status: string; trip_request_id: string; updated_at: string; user_id: string; }; Insert: { ...; }; Update: { ...; }; Relationships: [...]; }; ... 12 more ...; trip_requests: { ...; }; }; Views: {}; Functions: { ...; }; Enums: { ...; }; CompositeTypes: {}; }, never, never, never>', gave the following error.\n    Argument of type 'string' is not assignable to parameter of type 'never'.\nsrc/lib/repositories/base.ts(269,13): error TS2739: Type 'PostgrestBuilder<GenericStringError, false>' is missing the following properties from type 'Promise<{ data: unknown; error: any; }>': catch, finally, [Symbol.toStringTag]\nsrc/lib/repositories/base.ts(291,13): error TS2769: No overload matches this call.\n  Overload 1 of 2, '(relation: \"profiles\" | \"trip_requests\" | \"flight_offers\" | \"booking_requests\" | \"bookings\" | \"flight_matches\" | \"auto_booking_requests\" | \"booking_attempts\" | \"feature_flags\" | ... 4 more ... | \"payments\"): PostgrestQueryBuilder<...>', gave the following error.\n    Argument of type 'string' is not assignable to parameter of type '\"profiles\" | \"trip_requests\" | \"flight_offers\" | \"booking_requests\" | \"bookings\" | \"flight_matches\" | \"auto_booking_requests\" | \"booking_attempts\" | \"feature_flags\" | \"flight_offers_v2\" | \"notifications\" | \"orders\" | \"payment_methods\" | \"payments\"'.\n  Overload 2 of 2, '(relation: never): PostgrestQueryBuilder<{ Tables: { auto_booking_requests: { Row: { created_at: string; criteria: Json; id: string; latest_booking_request_id: string; price_history: Json; status: string; trip_request_id: string; updated_at: string; user_id: string; }; Insert: { ...; }; Update: { ...; }; Relationships: [...]; }; ... 12 more ...; trip_requests: { ...; }; }; Views: {}; Functions: { ...; }; Enums: { ...; }; CompositeTypes: {}; }, never, never, never>', gave the following error.\n    Argument of type 'string' is not assignable to parameter of type 'never'.\nsrc/lib/repositories/base.ts(296,13): error TS2739: Type 'PostgrestTransformBuilder<{ Tables: { auto_booking_requests: { Row: { created_at: string; criteria: Json; id: string; latest_booking_request_id: string; price_history: Json; status: string; trip_request_id: string; updated_at: string; user_id: string; }; Insert: { ...; }; Update: { ...; }; Relationships: [...]; }; ....' is missing the following properties from type 'Promise<{ data: unknown; error: any; }>': catch, finally, [Symbol.toStringTag]\nsrc/lib/repositories/base.ts(312,13): error TS2769: No overload matches this call.\n  Overload 1 of 2, '(relation: \"profiles\" | \"trip_requests\" | \"flight_offers\" | \"booking_requests\" | \"bookings\" | \"flight_matches\" | \"auto_booking_requests\" | \"booking_attempts\" | \"feature_flags\" | ... 4 more ... | \"payments\"): PostgrestQueryBuilder<...>', gave the following error.\n    Argument of type 'string' is not assignable to parameter of type '\"profiles\" | \"trip_requests\" | \"flight_offers\" | \"booking_requests\" | \"bookings\" | \"flight_matches\" | \"auto_booking_requests\" | \"booking_attempts\" | \"feature_flags\" | \"flight_offers_v2\" | \"notifications\" | \"orders\" | \"payment_methods\" | \"payments\"'.\n  Overload 2 of 2, '(relation: never): PostgrestQueryBuilder<{ Tables: { auto_booking_requests: { Row: { created_at: string; criteria: Json; id: string; latest_booking_request_id: string; price_history: Json; status: string; trip_request_id: string; updated_at: string; user_id: string; }; Insert: { ...; }; Update: { ...; }; Relationships: [...]; }; ... 12 more ...; trip_requests: { ...; }; }; Views: {}; Functions: { ...; }; Enums: { ...; }; CompositeTypes: {}; }, never, never, never>', gave the following error.\n    Argument of type 'string' is not assignable to parameter of type 'never'.\nsrc/lib/repositories/base.ts(319,13): error TS2739: Type 'PostgrestBuilder<GenericStringError, false>' is missing the following properties from type 'Promise<{ data: unknown; error: any; }>': catch, finally, [Symbol.toStringTag]\nsrc/lib/repositories/base.ts(342,13): error TS2769: No overload matches this call.\n  Overload 1 of 2, '(relation: \"profiles\" | \"trip_requests\" | \"flight_offers\" | \"booking_requests\" | \"bookings\" | \"flight_matches\" | \"auto_booking_requests\" | \"booking_attempts\" | \"feature_flags\" | ... 4 more ... | \"payments\"): PostgrestQueryBuilder<...>', gave the following error.\n    Argument of type 'string' is not assignable to parameter of type '\"profiles\" | \"trip_requests\" | \"flight_offers\" | \"booking_requests\" | \"bookings\" | \"flight_matches\" | \"auto_booking_requests\" | \"booking_attempts\" | \"feature_flags\" | \"flight_offers_v2\" | \"notifications\" | \"orders\" | \"payment_methods\" | \"payments\"'.\n  Overload 2 of 2, '(relation: never): PostgrestQueryBuilder<{ Tables: { auto_booking_requests: { Row: { created_at: string; criteria: Json; id: string; latest_booking_request_id: string; price_history: Json; status: string; trip_request_id: string; updated_at: string; user_id: string; }; Insert: { ...; }; Update: { ...; }; Relationships: [...]; }; ... 12 more ...; trip_requests: { ...; }; }; Views: {}; Functions: { ...; }; Enums: { ...; }; CompositeTypes: {}; }, never, never, never>', gave the following error.\n    Argument of type 'string' is not assignable to parameter of type 'never'.\nsrc/lib/repositories/base.ts(350,13): error TS2739: Type 'PostgrestTransformBuilder<{ Tables: { auto_booking_requests: { Row: { created_at: string; criteria: Json; id: string; latest_booking_request_id: string; price_history: Json; status: string; trip_request_id: string; updated_at: string; user_id: string; }; Insert: { ...; }; Update: { ...; }; Relationships: [...]; }; ....' is missing the following properties from type 'Promise<{ data: unknown; error: any; }>': catch, finally, [Symbol.toStringTag]\nsrc/lib/repositories/base.ts(365,13): error TS2769: No overload matches this call.\n  Overload 1 of 2, '(relation: \"profiles\" | \"trip_requests\" | \"flight_offers\" | \"booking_requests\" | \"bookings\" | \"flight_matches\" | \"auto_booking_requests\" | \"booking_attempts\" | \"feature_flags\" | ... 4 more ... | \"payments\"): PostgrestQueryBuilder<...>', gave the following error.\n    Argument of type 'string' is not assignable to parameter of type '\"profiles\" | \"trip_requests\" | \"flight_offers\" | \"booking_requests\" | \"bookings\" | \"flight_matches\" | \"auto_booking_requests\" | \"booking_attempts\" | \"feature_flags\" | \"flight_offers_v2\" | \"notifications\" | \"orders\" | \"payment_methods\" | \"payments\"'.\n  Overload 2 of 2, '(relation: never): PostgrestQueryBuilder<{ Tables: { auto_booking_requests: { Row: { created_at: string; criteria: Json; id: string; latest_booking_request_id: string; price_history: Json; status: string; trip_request_id: string; updated_at: string; user_id: string; }; Insert: { ...; }; Update: { ...; }; Relationships: [...]; }; ... 12 more ...; trip_requests: { ...; }; }; Views: {}; Functions: { ...; }; Enums: { ...; }; CompositeTypes: {}; }, never, never, never>', gave the following error.\n    Argument of type 'string' is not assignable to parameter of type 'never'.\nsrc/lib/repositories/base.ts(370,13): error TS2739: Type 'PostgrestFilterBuilder<{ Tables: { auto_booking_requests: { Row: { created_at: string; criteria: Json; id: string; latest_booking_request_id: string; price_history: Json; status: string; trip_request_id: string; updated_at: string; user_id: string; }; Insert: { ...; }; Update: { ...; }; Relationships: [...]; }; ... ...' is missing the following properties from type 'Promise<{ data: unknown; error: any; }>': catch, finally, [Symbol.toStringTag]\nsrc/lib/repositories/base.ts(382,34): error TS2769: No overload matches this call.\n  Overload 1 of 2, '(relation: \"profiles\" | \"trip_requests\" | \"flight_offers\" | \"booking_requests\" | \"bookings\" | \"flight_matches\" | \"auto_booking_requests\" | \"booking_attempts\" | \"feature_flags\" | ... 4 more ... | \"payments\"): PostgrestQueryBuilder<...>', gave the following error.\n    Argument of type 'string' is not assignable to parameter of type '\"profiles\" | \"trip_requests\" | \"flight_offers\" | \"booking_requests\" | \"bookings\" | \"flight_matches\" | \"auto_booking_requests\" | \"booking_attempts\" | \"feature_flags\" | \"flight_offers_v2\" | \"notifications\" | \"orders\" | \"payment_methods\" | \"payments\"'.\n  Overload 2 of 2, '(relation: never): PostgrestQueryBuilder<{ Tables: { auto_booking_requests: { Row: { created_at: string; criteria: Json; id: string; latest_booking_request_id: string; price_history: Json; status: string; trip_request_id: string; updated_at: string; user_id: string; }; Insert: { ...; }; Update: { ...; }; Relationships: [...]; }; ... 12 more ...; trip_requests: { ...; }; }; Views: {}; Functions: { ...; }; Enums: { ...; }; CompositeTypes: {}; }, never, never, never>', gave the following error.\n    Argument of type 'string' is not assignable to parameter of type 'never'.\nsrc/lib/repositories/base.ts(388,13): error TS2739: Type 'PostgrestFilterBuilder<{ Tables: { auto_booking_requests: { Row: { created_at: string; criteria: Json; id: string; latest_booking_request_id: string; price_history: Json; status: string; trip_request_id: string; updated_at: string; user_id: string; }; Insert: { ...; }; Update: { ...; }; Relationships: [...]; }; ... ...' is missing the following properties from type 'Promise<{ data: unknown; error: any; }>': catch, finally, [Symbol.toStringTag]\nsrc/lib/repositories/base.ts(401,13): error TS2769: No overload matches this call.\n  Overload 1 of 2, '(relation: \"profiles\" | \"trip_requests\" | \"flight_offers\" | \"booking_requests\" | \"bookings\" | \"flight_matches\" | \"auto_booking_requests\" | \"booking_attempts\" | \"feature_flags\" | ... 4 more ... | \"payments\"): PostgrestQueryBuilder<...>', gave the following error.\n    Argument of type 'string' is not assignable to parameter of type '\"profiles\" | \"trip_requests\" | \"flight_offers\" | \"booking_requests\" | \"bookings\" | \"flight_matches\" | \"auto_booking_requests\" | \"booking_attempts\" | \"feature_flags\" | \"flight_offers_v2\" | \"notifications\" | \"orders\" | \"payment_methods\" | \"payments\"'.\n  Overload 2 of 2, '(relation: never): PostgrestQueryBuilder<{ Tables: { auto_booking_requests: { Row: { created_at: string; criteria: Json; id: string; latest_booking_request_id: string; price_history: Json; status: string; trip_request_id: string; updated_at: string; user_id: string; }; Insert: { ...; }; Update: { ...; }; Relationships: [...]; }; ... 12 more ...; trip_requests: { ...; }; }; Views: {}; Functions: { ...; }; Enums: { ...; }; CompositeTypes: {}; }, never, never, never>', gave the following error.\n    Argument of type 'string' is not assignable to parameter of type 'never'.\nsrc/lib/repositories/base.ts(408,13): error TS2739: Type 'PostgrestFilterBuilder<{ Tables: { auto_booking_requests: { Row: { created_at: string; criteria: Json; id: string; latest_booking_request_id: string; price_history: Json; status: string; trip_request_id: string; updated_at: string; user_id: string; }; Insert: { ...; }; Update: { ...; }; Relationships: [...]; }; ... ...' is missing the following properties from type 'Promise<{ data: unknown; error: any; }>': catch, finally, [Symbol.toStringTag]\nsrc/lib/repositories/base.ts(412,20): error TS2339: Property 'length' does not exist on type 'unknown'.\nsrc/lib/repositories/base.ts(435,13): error TS2739: Type 'PostgrestFilterBuilder<{ Tables: { auto_booking_requests: { Row: { created_at: string; criteria: Json; id: string; latest_booking_request_id: string; price_history: Json; status: string; trip_request_id: string; updated_at: string; user_id: string; }; Insert: { ...; }; Update: { ...; }; Relationships: [...]; }; ... ...' is missing the following properties from type 'Promise<{ data: unknown; error: any; }>': catch, finally, [Symbol.toStringTag]\nsrc/lib/repositories/base.ts(435,29): error TS2345: Argument of type 'string' is not assignable to parameter of type '\"get_reminder_candidates\" | \"rpc_auto_book_match\"'.\nsrc/pages/api/send-verification-sms.ts(1,49): error TS2307: Cannot find module 'next' or its corresponding type declarations.\nsrc/pages/Profile.tsx(43,17): error TS2322: Type '{ overall: number; recommendations: any[]; } | { overall: number; missing_fields: string[]; recommendations: any[]; }' is not assignable to type 'ProfileCompletenessScore'.\n  Type '{ overall: number; recommendations: any[]; }' is missing the following properties from type 'ProfileCompletenessScore': categories, missing_fields\nsrc/pages/TripNew.tsx(81,32): error TS2322: Type '{ children: string; as: string; className: string; }' is not assignable to type 'IntrinsicAttributes & HTMLAttributes<HTMLHeadingElement> & RefAttributes<HTMLParagraphElement>'.\n  Property 'as' does not exist on type 'IntrinsicAttributes & HTMLAttributes<HTMLHeadingElement> & RefAttributes<HTMLParagraphElement>'.\nsrc/pages/TripNew.tsx(138,30): error TS2322: Type '{ children: string; as: string; className: string; }' is not assignable to type 'IntrinsicAttributes & HTMLAttributes<HTMLHeadingElement> & RefAttributes<HTMLParagraphElement>'.\n  Property 'as' does not exist on type 'IntrinsicAttributes & HTMLAttributes<HTMLHeadingElement> & RefAttributes<HTMLParagraphElement>'.\nsrc/pages/Wallet.tsx(168,64): error TS2339: Property 'last4' does not exist on type 'PaymentMethod'.\nsrc/services/profileCompletenessService.ts(172,19): error TS2339: Property 'phone_verified' does not exist on type 'TravelerProfile'.\nsrc/services/profileCompletenessService.ts(184,17): error TS2551: Property 'passport_number' does not exist on type 'TravelerProfile'. Did you mean 'passportNumber'?\nsrc/services/profileCompletenessService.ts(187,17): error TS2551: Property 'passport_country' does not exist on type 'TravelerProfile'. Did you mean 'passportCountry'?\nsrc/services/profileCompletenessService.ts(190,17): error TS2551: Property 'passport_expiry' does not exist on type 'TravelerProfile'. Did you mean 'passportExpiry'?\nsrc/services/profileCompletenessService.ts(191,39): error TS2551: Property 'passport_expiry' does not exist on type 'TravelerProfile'. Did you mean 'passportExpiry'?\nsrc/services/profileCompletenessService.ts(203,17): error TS2551: Property 'known_traveler_number' does not exist on type 'TravelerProfile'. Did you mean 'knownTravelerNumber'?\nsrc/services/profileCompletenessService.ts(214,17): error TS2339: Property 'notification_preferences' does not exist on type 'TravelerProfile'.\nsrc/services/profileCompletenessService.ts(219,17): error TS2339: Property 'travel_preferences' does not exist on type 'TravelerProfile'.\nsrc/services/profileCompletenessService.ts(232,17): error TS2339: Property 'is_verified' does not exist on type 'TravelerProfile'.\nsrc/services/profileCompletenessService.ts(236,19): error TS2551: Property 'passport_number' does not exist on type 'TravelerProfile'. Did you mean 'passportNumber'?\nsrc/services/profileCompletenessService.ts(236,46): error TS2551: Property 'passport_country' does not exist on type 'TravelerProfile'. Did you mean 'passportCountry'?\nsrc/services/profileCompletenessService.ts(239,19): error TS2339: Property 'phone_verified' does not exist on type 'TravelerProfile'.\nsrc/services/profileCompletenessService.ts(251,18): error TS2551: Property 'full_name' does not exist on type 'TravelerProfile'. Did you mean 'fullName'?\nsrc/services/profileCompletenessService.ts(252,18): error TS2551: Property 'date_of_birth' does not exist on type 'TravelerProfile'. Did you mean 'dateOfBirth'?\nsrc/services/profileCompletenessService.ts(258,18): error TS2551: Property 'passport_number' does not exist on type 'TravelerProfile'. Did you mean 'passportNumber'?\nsrc/services/profileCompletenessService.ts(259,18): error TS2551: Property 'passport_country' does not exist on type 'TravelerProfile'. Did you mean 'passportCountry'?\nsrc/services/profileCompletenessService.ts(260,18): error TS2551: Property 'passport_expiry' does not exist on type 'TravelerProfile'. Did you mean 'passportExpiry'?\nsrc/services/profileCompletenessService.ts(272,35): error TS2339: Property 'phone_verified' does not exist on type 'TravelerProfile'.\nsrc/services/profileCompletenessService.ts(296,18): error TS2551: Property 'passport_number' does not exist on type 'TravelerProfile'. Did you mean 'passportNumber'?\nsrc/services/profileCompletenessService.ts(308,18): error TS2339: Property 'is_verified' does not exist on type 'TravelerProfile'.\nsrc/services/profileCompletenessService.ts(308,41): error TS2551: Property 'passport_number' does not exist on type 'TravelerProfile'. Did you mean 'passportNumber'?\nsrc/services/profileCompletenessService.ts(320,17): error TS2551: Property 'passport_expiry' does not exist on type 'TravelerProfile'. Did you mean 'passportExpiry'?\nsrc/services/profileCompletenessService.ts(321,39): error TS2551: Property 'passport_expiry' does not exist on type 'TravelerProfile'. Did you mean 'passportExpiry'?\nsrc/services/tripService.ts(82,52): error TS2347: Untyped function calls may not accept type arguments.\nsrc/tests/__helpers/mockSupabase.ts(35,24): error TS2339: Property 'mockClear' does not exist on type 'Function'.\nsrc/tests/components/TripRequestForm.fixed.test.tsx(321,60): error TS2339: Property 'disabled' does not exist on type 'HTMLElement'.\nsrc/tests/components/TripRequestForm.fixed.test.tsx(327,57): error TS2339: Property 'disabled' does not exist on type 'HTMLElement'.\nsrc/tests/components/TripRequestForm.fixed.test.tsx(389,60): error TS2339: Property 'disabled' does not exist on type 'HTMLElement'.\nsrc/tests/components/TripRequestForm.fixed.test.tsx(394,57): error TS2339: Property 'disabled' does not exist on type 'HTMLElement'.\nsrc/tests/components/TripRequestForm.fixed.test.tsx(412,50): error TS2339: Property 'disabled' does not exist on type 'HTMLElement'.\nsrc/tests/components/TripRequestForm.fixed.test.tsx(420,60): error TS2339: Property 'disabled' does not exist on type 'HTMLElement'.\nsrc/tests/components/TripRequestForm.fixed.test.tsx(428,63): error TS2339: Property 'disabled' does not exist on type 'HTMLElement'.\nsrc/tests/components/TripRequestForm.test.tsx(189,60): error TS2339: Property 'disabled' does not exist on type 'HTMLElement'.\nsrc/tests/components/TripRequestForm.test.tsx(195,57): error TS2339: Property 'disabled' does not exist on type 'HTMLElement'.\nsrc/tests/components/TripRequestForm.test.tsx(198,22): error TS2339: Property 'disabled' does not exist on type 'HTMLElement'.\nsrc/tests/components/TripRequestForm.test.tsx(330,45): error TS2353: Object literal may only specify known properties, and 'last4' does not exist in type 'PaymentMethod'.\nsrc/tests/components/TripRequestForm.test.tsx(397,57): error TS2339: Property 'disabled' does not exist on type 'HTMLElement'.\nsrc/tests/components/TripRequestForm.test.tsx(461,57): error TS2339: Property 'disabled' does not exist on type 'HTMLElement'.\nsrc/tests/components/TripRequestForm.test.tsx(541,28): error TS2339: Property 'checked' does not exist on type 'HTMLElement'.\nsrc/tests/components/TripRequestForm.test.tsx(560,60): error TS2339: Property 'disabled' does not exist on type 'HTMLElement'.\nsrc/tests/components/TripRequestForm.test.tsx(566,57): error TS2339: Property 'disabled' does not exist on type 'HTMLElement'.\nsrc/tests/components/TripRequestForm.test.tsx(569,22): error TS2339: Property 'disabled' does not exist on type 'HTMLElement'.\nsrc/tests/components/TripRequestForm.test.tsx(611,57): error TS2339: Property 'disabled' does not exist on type 'HTMLElement'.\nsrc/tests/mocks/stripe.ts(4,13): error TS2304: Cannot find name 'vi'.\nsrc/tests/mocks/stripe.ts(5,15): error TS2304: Cannot find name 'vi'.\nsrc/tests/mocks/stripe.ts(9,13): error TS2304: Cannot find name 'vi'.\nsrc/tests/mocks/stripe.ts(10,15): error TS2304: Cannot find name 'vi'.\nsrc/tests/mocks/stripe.ts(14,15): error TS2304: Cannot find name 'vi'.\nsrc/tests/mocks/stripe.ts(15,13): error TS2304: Cannot find name 'vi'.\nsrc/tests/mocks/stripe.ts(19,13): error TS2304: Cannot find name 'vi'.\nsrc/tests/mocks/stripe.ts(20,14): error TS2304: Cannot find name 'vi'.\nsrc/tests/mocks/stripe.ts(21,13): error TS2304: Cannot find name 'vi'.\nsrc/tests/mocks/stripe.ts(25,21): error TS2304: Cannot find name 'vi'.\nsrc/tests/pages/TripConfirm.test.tsx(169,41): error TS2345: Argument of type '{ toast: Mock<Procedure>; }' is not assignable to parameter of type '{ toast: ({ ...props }: Toast) => { id: string; dismiss: () => void; update: (props: ToasterToast) => void; }; dismiss: (toastId?: string) => void; toasts: ToasterToast[]; }'.\n  Type '{ toast: Mock<Procedure>; }' is missing the following properties from type '{ toast: ({ ...props }: Toast) => { id: string; dismiss: () => void; update: (props: ToasterToast) => void; }; dismiss: (toastId?: string) => void; toasts: ToasterToast[]; }': dismiss, toasts\nsrc/tests/services/profileCompletenessService.test.ts(4,1): error TS2593: Cannot find name 'describe'. Do you need to install type definitions for a test runner? Try `npm i --save-dev @types/jest` or `npm i --save-dev @types/mocha` and then add 'jest' or 'mocha' to the types field in your tsconfig.\nsrc/tests/services/profileCompletenessService.test.ts(18,3): error TS2593: Cannot find name 'describe'. Do you need to install type definitions for a test runner? Try `npm i --save-dev @types/jest` or `npm i --save-dev @types/mocha` and then add 'jest' or 'mocha' to the types field in your tsconfig.\nsrc/tests/services/profileCompletenessService.test.ts(19,5): error TS2593: Cannot find name 'it'. Do you need to install type definitions for a test runner? Try `npm i --save-dev @types/jest` or `npm i --save-dev @types/mocha` and then add 'jest' or 'mocha' to the types field in your tsconfig.\nsrc/tests/services/profileCompletenessService.test.ts(27,71): error TS2345: Argument of type 'import(\"/Users/parkerbarnett/github-link-up-buddy/src/hooks/useTravelerProfile\").TravelerProfile' is not assignable to parameter of type 'import(\"/Users/parkerbarnett/github-link-up-buddy/src/services/travelerProfileService\").TravelerProfile'.\n  Type 'TravelerProfile' is missing the following properties from type 'TravelerProfile': fullName, dateOfBirth\nsrc/tests/services/profileCompletenessService.test.ts(28,7): error TS2304: Cannot find name 'expect'.\nsrc/tests/services/profileCompletenessService.test.ts(29,7): error TS2304: Cannot find name 'expect'.\nsrc/tests/services/profileCompletenessService.test.ts(32,5): error TS2593: Cannot find name 'it'. Do you need to install type definitions for a test runner? Try `npm i --save-dev @types/jest` or `npm i --save-dev @types/mocha` and then add 'jest' or 'mocha' to the types field in your tsconfig.\nsrc/tests/services/profileCompletenessService.test.ts(34,71): error TS2345: Argument of type 'import(\"/Users/parkerbarnett/github-link-up-buddy/src/hooks/useTravelerProfile\").TravelerProfile' is not assignable to parameter of type 'import(\"/Users/parkerbarnett/github-link-up-buddy/src/services/travelerProfileService\").TravelerProfile'.\n  Type 'TravelerProfile' is missing the following properties from type 'TravelerProfile': fullName, dateOfBirth\nsrc/tests/services/profileCompletenessService.test.ts(37,7): error TS2304: Cannot find name 'expect'.\nsrc/tests/services/profileCompletenessService.test.ts(38,7): error TS2304: Cannot find name 'expect'.\nsrc/tests/services/profileCompletenessService.test.ts(39,7): error TS2304: Cannot find name 'expect'.\nsrc/tests/services/profileCompletenessService.test.ts(42,5): error TS2593: Cannot find name 'it'. Do you need to install type definitions for a test runner? Try `npm i --save-dev @types/jest` or `npm i --save-dev @types/mocha` and then add 'jest' or 'mocha' to the types field in your tsconfig.\nsrc/tests/services/profileCompletenessService.test.ts(55,71): error TS2345: Argument of type 'import(\"/Users/parkerbarnett/github-link-up-buddy/src/hooks/useTravelerProfile\").TravelerProfile' is not assignable to parameter of type 'import(\"/Users/parkerbarnett/github-link-up-buddy/src/services/travelerProfileService\").TravelerProfile'.\n  Type 'TravelerProfile' is missing the following properties from type 'TravelerProfile': fullName, dateOfBirth\nsrc/tests/services/profileCompletenessService.test.ts(56,7): error TS2304: Cannot find name 'expect'.\nsrc/tests/services/profileCompletenessService.test.ts(59,5): error TS2593: Cannot find name 'it'. Do you need to install type definitions for a test runner? Try `npm i --save-dev @types/jest` or `npm i --save-dev @types/mocha` and then add 'jest' or 'mocha' to the types field in your tsconfig.\nsrc/tests/services/profileCompletenessService.test.ts(61,71): error TS2345: Argument of type 'import(\"/Users/parkerbarnett/github-link-up-buddy/src/hooks/useTravelerProfile\").TravelerProfile' is not assignable to parameter of type 'import(\"/Users/parkerbarnett/github-link-up-buddy/src/services/travelerProfileService\").TravelerProfile'.\n  Type 'TravelerProfile' is missing the following properties from type 'TravelerProfile': fullName, dateOfBirth\nsrc/tests/services/profileCompletenessService.test.ts(63,7): error TS2304: Cannot find name 'expect'.\nsrc/tests/services/profileCompletenessService.test.ts(64,7): error TS2304: Cannot find name 'expect'.\nsrc/tests/services/profileCompletenessService.test.ts(65,7): error TS2304: Cannot find name 'expect'.\nsrc/tests/services/profileCompletenessService.test.ts(66,7): error TS2304: Cannot find name 'expect'.\nsrc/tests/services/profileCompletenessService.test.ts(69,5): error TS2593: Cannot find name 'it'. Do you need to install type definitions for a test runner? Try `npm i --save-dev @types/jest` or `npm i --save-dev @types/mocha` and then add 'jest' or 'mocha' to the types field in your tsconfig.\nsrc/tests/services/profileCompletenessService.test.ts(71,71): error TS2345: Argument of type 'import(\"/Users/parkerbarnett/github-link-up-buddy/src/hooks/useTravelerProfile\").TravelerProfile' is not assignable to parameter of type 'import(\"/Users/parkerbarnett/github-link-up-buddy/src/services/travelerProfileService\").TravelerProfile'.\n  Type 'TravelerProfile' is missing the following properties from type 'TravelerProfile': fullName, dateOfBirth\nsrc/tests/services/profileCompletenessService.test.ts(74,7): error TS2304: Cannot find name 'expect'.\nsrc/tests/services/profileCompletenessService.test.ts(75,7): error TS2304: Cannot find name 'expect'.\nsrc/tests/services/profileCompletenessService.test.ts(76,7): error TS2304: Cannot find name 'expect'.\nsrc/tests/services/profileCompletenessService.test.ts(79,5): error TS2593: Cannot find name 'it'. Do you need to install type definitions for a test runner? Try `npm i --save-dev @types/jest` or `npm i --save-dev @types/mocha` and then add 'jest' or 'mocha' to the types field in your tsconfig.\nsrc/tests/services/profileCompletenessService.test.ts(85,71): error TS2345: Argument of type 'import(\"/Users/parkerbarnett/github-link-up-buddy/src/hooks/useTravelerProfile\").TravelerProfile' is not assignable to parameter of type 'import(\"/Users/parkerbarnett/github-link-up-buddy/src/services/travelerProfileService\").TravelerProfile'.\n  Type 'TravelerProfile' is missing the following properties from type 'TravelerProfile': fullName, dateOfBirth\nsrc/tests/services/profileCompletenessService.test.ts(88,7): error TS2304: Cannot find name 'expect'.\nsrc/tests/services/profileCompletenessService.test.ts(89,7): error TS2304: Cannot find name 'expect'.\nsrc/tests/services/profileCompletenessService.test.ts(92,5): error TS2593: Cannot find name 'it'. Do you need to install type definitions for a test runner? Try `npm i --save-dev @types/jest` or `npm i --save-dev @types/mocha` and then add 'jest' or 'mocha' to the types field in your tsconfig.\nsrc/tests/services/profileCompletenessService.test.ts(102,71): error TS2345: Argument of type 'import(\"/Users/parkerbarnett/github-link-up-buddy/src/hooks/useTravelerProfile\").TravelerProfile' is not assignable to parameter of type 'import(\"/Users/parkerbarnett/github-link-up-buddy/src/services/travelerProfileService\").TravelerProfile'.\n  Type 'TravelerProfile' is missing the following properties from type 'TravelerProfile': fullName, dateOfBirth\nsrc/tests/services/profileCompletenessService.test.ts(105,7): error TS2304: Cannot find name 'expect'.\nsrc/tests/services/profileCompletenessService.test.ts(106,7): error TS2304: Cannot find name 'expect'.\nsrc/tests/services/profileCompletenessService.test.ts(109,5): error TS2593: Cannot find name 'it'. Do you need to install type definitions for a test runner? Try `npm i --save-dev @types/jest` or `npm i --save-dev @types/mocha` and then add 'jest' or 'mocha' to the types field in your tsconfig.\nsrc/tests/services/profileCompletenessService.test.ts(117,71): error TS2345: Argument of type 'import(\"/Users/parkerbarnett/github-link-up-buddy/src/hooks/useTravelerProfile\").TravelerProfile' is not assignable to parameter of type 'import(\"/Users/parkerbarnett/github-link-up-buddy/src/services/travelerProfileService\").TravelerProfile'.\n  Type 'TravelerProfile' is missing the following properties from type 'TravelerProfile': fullName, dateOfBirth\nsrc/tests/services/profileCompletenessService.test.ts(120,7): error TS2304: Cannot find name 'expect'.\nsrc/tests/services/profileCompletenessService.test.ts(121,7): error TS2304: Cannot find name 'expect'.\nsrc/tests/services/profileCompletenessService.test.ts(125,3): error TS2593: Cannot find name 'describe'. Do you need to install type definitions for a test runner? Try `npm i --save-dev @types/jest` or `npm i --save-dev @types/mocha` and then add 'jest' or 'mocha' to the types field in your tsconfig.\nsrc/tests/services/profileCompletenessService.test.ts(126,5): error TS2593: Cannot find name 'it'. Do you need to install type definitions for a test runner? Try `npm i --save-dev @types/jest` or `npm i --save-dev @types/mocha` and then add 'jest' or 'mocha' to the types field in your tsconfig.\nsrc/tests/services/profileCompletenessService.test.ts(128,77): error TS2345: Argument of type 'import(\"/Users/parkerbarnett/github-link-up-buddy/src/hooks/useTravelerProfile\").TravelerProfile' is not assignable to parameter of type 'import(\"/Users/parkerbarnett/github-link-up-buddy/src/services/travelerProfileService\").TravelerProfile'.\n  Type 'TravelerProfile' is missing the following properties from type 'TravelerProfile': fullName, dateOfBirth\nsrc/tests/services/profileCompletenessService.test.ts(130,7): error TS2304: Cannot find name 'expect'.\nsrc/tests/services/profileCompletenessService.test.ts(131,7): error TS2304: Cannot find name 'expect'.\nsrc/tests/services/profileCompletenessService.test.ts(132,7): error TS2304: Cannot find name 'expect'.\nsrc/tests/services/profileCompletenessService.test.ts(136,3): error TS2593: Cannot find name 'describe'. Do you need to install type definitions for a test runner? Try `npm i --save-dev @types/jest` or `npm i --save-dev @types/mocha` and then add 'jest' or 'mocha' to the types field in your tsconfig.\nsrc/tests/services/profileCompletenessService.test.ts(137,5): error TS2593: Cannot find name 'it'. Do you need to install type definitions for a test runner? Try `npm i --save-dev @types/jest` or `npm i --save-dev @types/mocha` and then add 'jest' or 'mocha' to the types field in your tsconfig.\nsrc/tests/services/profileCompletenessService.test.ts(143,67): error TS2345: Argument of type 'import(\"/Users/parkerbarnett/github-link-up-buddy/src/hooks/useTravelerProfile\").TravelerProfile' is not assignable to parameter of type 'import(\"/Users/parkerbarnett/github-link-up-buddy/src/services/travelerProfileService\").TravelerProfile'.\n  Type 'TravelerProfile' is missing the following properties from type 'TravelerProfile': fullName, dateOfBirth\nsrc/tests/services/profileCompletenessService.test.ts(145,7): error TS2304: Cannot find name 'expect'.\nsrc/tests/services/profileCompletenessService.test.ts(146,7): error TS2304: Cannot find name 'expect'.\nsrc/tests/services/profileCompletenessService.test.ts(147,7): error TS2304: Cannot find name 'expect'.\nsrc/tests/services/profileCompletenessService.test.ts(150,5): error TS2593: Cannot find name 'it'. Do you need to install type definitions for a test runner? Try `npm i --save-dev @types/jest` or `npm i --save-dev @types/mocha` and then add 'jest' or 'mocha' to the types field in your tsconfig.\nsrc/tests/services/profileCompletenessService.test.ts(163,67): error TS2345: Argument of type 'import(\"/Users/parkerbarnett/github-link-up-buddy/src/hooks/useTravelerProfile\").TravelerProfile' is not assignable to parameter of type 'import(\"/Users/parkerbarnett/github-link-up-buddy/src/services/travelerProfileService\").TravelerProfile'.\n  Type 'TravelerProfile' is missing the following properties from type 'TravelerProfile': fullName, dateOfBirth\nsrc/tests/services/profileCompletenessService.test.ts(166,7): error TS2304: Cannot find name 'expect'.\nsrc/tests/services/profileCompletenessService.test.ts(170,3): error TS2593: Cannot find name 'describe'. Do you need to install type definitions for a test runner? Try `npm i --save-dev @types/jest` or `npm i --save-dev @types/mocha` and then add 'jest' or 'mocha' to the types field in your tsconfig.\nsrc/tests/services/profileCompletenessService.test.ts(171,5): error TS2593: Cannot find name 'it'. Do you need to install type definitions for a test runner? Try `npm i --save-dev @types/jest` or `npm i --save-dev @types/mocha` and then add 'jest' or 'mocha' to the types field in your tsconfig.\nsrc/tests/services/profileCompletenessService.test.ts(173,74): error TS2345: Argument of type 'import(\"/Users/parkerbarnett/github-link-up-buddy/src/hooks/useTravelerProfile\").TravelerProfile' is not assignable to parameter of type 'import(\"/Users/parkerbarnett/github-link-up-buddy/src/services/travelerProfileService\").TravelerProfile'.\n  Type 'TravelerProfile' is missing the following properties from type 'TravelerProfile': fullName, dateOfBirth\nsrc/tests/services/profileCompletenessService.test.ts(175,7): error TS2304: Cannot find name 'expect'.\nsrc/tests/services/profileCompletenessService.test.ts(176,7): error TS2304: Cannot find name 'expect'.\nsrc/tests/services/profileCompletenessService.test.ts(179,5): error TS2593: Cannot find name 'it'. Do you need to install type definitions for a test runner? Try `npm i --save-dev @types/jest` or `npm i --save-dev @types/mocha` and then add 'jest' or 'mocha' to the types field in your tsconfig.\nsrc/tests/services/profileCompletenessService.test.ts(185,74): error TS2345: Argument of type 'import(\"/Users/parkerbarnett/github-link-up-buddy/src/hooks/useTravelerProfile\").TravelerProfile' is not assignable to parameter of type 'import(\"/Users/parkerbarnett/github-link-up-buddy/src/services/travelerProfileService\").TravelerProfile'.\n  Type 'TravelerProfile' is missing the following properties from type 'TravelerProfile': fullName, dateOfBirth\nsrc/tests/services/profileCompletenessService.test.ts(187,7): error TS2304: Cannot find name 'expect'.\nsrc/tests/services/profileCompletenessService.test.ts(188,7): error TS2304: Cannot find name 'expect'.\nsrc/tests/services/profileCompletenessService.test.ts(189,7): error TS2304: Cannot find name 'expect'.\nsrc/tests/services/profileCompletenessService.test.ts(193,3): error TS2593: Cannot find name 'describe'. Do you need to install type definitions for a test runner? Try `npm i --save-dev @types/jest` or `npm i --save-dev @types/mocha` and then add 'jest' or 'mocha' to the types field in your tsconfig.\nsrc/tests/services/profileCompletenessService.test.ts(194,5): error TS2593: Cannot find name 'it'. Do you need to install type definitions for a test runner? Try `npm i --save-dev @types/jest` or `npm i --save-dev @types/mocha` and then add 'jest' or 'mocha' to the types field in your tsconfig.\nsrc/tests/services/profileCompletenessService.test.ts(200,71): error TS2345: Argument of type 'import(\"/Users/parkerbarnett/github-link-up-buddy/src/hooks/useTravelerProfile\").TravelerProfile' is not assignable to parameter of type 'import(\"/Users/parkerbarnett/github-link-up-buddy/src/services/travelerProfileService\").TravelerProfile'.\n  Type 'TravelerProfile' is missing the following properties from type 'TravelerProfile': fullName, dateOfBirth\nsrc/tests/services/profileCompletenessService.test.ts(202,7): error TS2304: Cannot find name 'expect'.\nsrc/tests/services/profileCompletenessService.test.ts(205,5): error TS2593: Cannot find name 'it'. Do you need to install type definitions for a test runner? Try `npm i --save-dev @types/jest` or `npm i --save-dev @types/mocha` and then add 'jest' or 'mocha' to the types field in your tsconfig.\nsrc/tests/services/profileCompletenessService.test.ts(213,71): error TS2345: Argument of type 'import(\"/Users/parkerbarnett/github-link-up-buddy/src/hooks/useTravelerProfile\").TravelerProfile' is not assignable to parameter of type 'import(\"/Users/parkerbarnett/github-link-up-buddy/src/services/travelerProfileService\").TravelerProfile'.\n  Type 'TravelerProfile' is missing the following properties from type 'TravelerProfile': fullName, dateOfBirth\nsrc/tests/services/profileCompletenessService.test.ts(215,7): error TS2304: Cannot find name 'expect'.\nsrc/tests/services/profileCompletenessService.test.ts(218,5): error TS2593: Cannot find name 'it'. Do you need to install type definitions for a test runner? Try `npm i --save-dev @types/jest` or `npm i --save-dev @types/mocha` and then add 'jest' or 'mocha' to the types field in your tsconfig.\nsrc/tests/services/profileCompletenessService.test.ts(223,71): error TS2345: Argument of type 'import(\"/Users/parkerbarnett/github-link-up-buddy/src/hooks/useTravelerProfile\").TravelerProfile' is not assignable to parameter of type 'import(\"/Users/parkerbarnett/github-link-up-buddy/src/services/travelerProfileService\").TravelerProfile'.\n  Type 'TravelerProfile' is missing the following properties from type 'TravelerProfile': fullName, dateOfBirth\nsrc/tests/services/profileCompletenessService.test.ts(225,7): error TS2304: Cannot find name 'expect'.\nsrc/tests/services/profileCompletenessService.test.ts(228,5): error TS2593: Cannot find name 'it'. Do you need to install type definitions for a test runner? Try `npm i --save-dev @types/jest` or `npm i --save-dev @types/mocha` and then add 'jest' or 'mocha' to the types field in your tsconfig.\nsrc/tests/services/profileCompletenessService.test.ts(241,71): error TS2345: Argument of type 'import(\"/Users/parkerbarnett/github-link-up-buddy/src/hooks/useTravelerProfile\").TravelerProfile' is not assignable to parameter of type 'import(\"/Users/parkerbarnett/github-link-up-buddy/src/services/travelerProfileService\").TravelerProfile'.\n  Type 'TravelerProfile' is missing the following properties from type 'TravelerProfile': fullName, dateOfBirth\nsrc/tests/services/profileCompletenessService.test.ts(243,7): error TS2304: Cannot find name 'expect'.\nsrc/tests/setupEdgeFunctions.ts(157,7): error TS2416: Property 'delete' in type 'MockHeaders' is not assignable to the same property in base type 'Map<any, any>'.\n  Type '(name: string) => void' is not assignable to type '(key: any) => boolean'.\n    Type 'void' is not assignable to type 'boolean'.\nsrc/tests/setupEdgeFunctions.ts(169,7): error TS2416: Property 'set' in type 'MockHeaders' is not assignable to the same property in base type 'Map<any, any>'.\n  Type '(name: string, value: string) => void' is not assignable to type '(key: any, value: any) => this'.\n    Type 'void' is not assignable to type 'this'.\n      'this' could be instantiated with an arbitrary type which could be unrelated to 'void'.\nsrc/tests/utils/formTestHelpers.tsx(109,11): error TS2367: This comparison appears to be unintentional because the types '\"ui\"' and '\"fallback\"' have no overlap.\nsrc/tests/utils/reactTestUtils.tsx(244,23): error TS2339: Property 'userEvent' does not exist on type '{ default: typeof import(\"/Users/parkerbarnett/github-link-up-buddy/node_modules/@testing-library/react/types/index\"); configure(configDelta: ConfigFn | Partial<Config>): void; ... 75 more ...; getSuggestedQuery(element: HTMLElement, variant?: Variant, method?: Method): Suggestion; }'.\nsrc/tests/utils/reactTestUtils.tsx(251,23): error TS2339: Property 'userEvent' does not exist on type '{ default: typeof import(\"/Users/parkerbarnett/github-link-up-buddy/node_modules/@testing-library/react/types/index\"); configure(configDelta: ConfigFn | Partial<Config>): void; ... 75 more ...; getSuggestedQuery(element: HTMLElement, variant?: Variant, method?: Method): Suggestion; }'.\nsrc/tests/utils/reactTestUtils.tsx(275,23): error TS2339: Property 'userEvent' does not exist on type '{ default: typeof import(\"/Users/parkerbarnett/github-link-up-buddy/node_modules/@testing-library/react/types/index\"); configure(configDelta: ConfigFn | Partial<Config>): void; ... 75 more ...; getSuggestedQuery(element: HTMLElement, variant?: Variant, method?: Method): Suggestion; }'.\nsrc/types/form.ts(101,11): error TS2769: No overload matches this call.\n  Overload 1 of 2, '(check: (arg: { earliestDeparture?: Date; latestDeparture?: Date; min_duration?: number; max_duration?: number; max_price?: number; nyc_airports?: string[]; other_departure_airport?: string; ... 6 more ...; auto_book_consent?: boolean; }) => arg is { ...; }, message?: string | ... 1 more ... | ((arg: { ...; }) => Partial<...>)): ZodEffects<...>', gave the following error.\n    Argument of type '(data: any, ctx: any) => boolean' is not assignable to parameter of type '(arg: { earliestDeparture?: Date; latestDeparture?: Date; min_duration?: number; max_duration?: number; max_price?: number; nyc_airports?: string[]; other_departure_airport?: string; destination_airport?: string; ... 5 more ...; auto_book_consent?: boolean; }) => arg is { ...; }'.\n      Target signature provides too few arguments. Expected 2 or more, but got 1.\n  Overload 2 of 2, '(check: (arg: { earliestDeparture?: Date; latestDeparture?: Date; min_duration?: number; max_duration?: number; max_price?: number; nyc_airports?: string[]; other_departure_airport?: string; ... 6 more ...; auto_book_consent?: boolean; }) => unknown, message?: string | ... 1 more ... | ((arg: { ...; }) => Partial<...>)): ZodEffects<...>', gave the following error.\n    Argument of type '(data: any, ctx: any) => boolean' is not assignable to parameter of type '(arg: { earliestDeparture?: Date; latestDeparture?: Date; min_duration?: number; max_duration?: number; max_price?: number; nyc_airports?: string[]; other_departure_airport?: string; destination_airport?: string; ... 5 more ...; auto_book_consent?: boolean; }) => unknown'.\n      Target signature provides too few arguments. Expected 2 or more, but got 1.\nTypeScript check completed with warnings\n"
    },
    "summary": null
  },
  "status": "FAILED",
  "summary": {
    "infrastructurePassed": true,
    "databasePassed": true,
    "frontendPassed": true,
    "overallPassed": false
  }
}